Log file open, 09/12/22 16:50:56
LogWindows: Failed to load 'aqProf.dll' (GetLastError=126)
LogWindows: File 'aqProf.dll' does not exist
LogWindows: Failed to load 'VtuneApi.dll' (GetLastError=126)
LogWindows: File 'VtuneApi.dll' does not exist
LogWindows: Failed to load 'VtuneApi32e.dll' (GetLastError=126)
LogWindows: File 'VtuneApi32e.dll' does not exist
LogConsoleResponse: Display: Failed to find resolution value strings in scalability ini. Falling back to default.
LogConsoleResponse: Display: Failed to find resolution value strings in scalability ini. Falling back to default.
LogInit: Display: Running engine for game: ProjectEX2
LogPlatformFile: Not using cached read wrapper
LogTaskGraph: Started task graph with 5 named threads and 17 total threads with 3 sets of task threads.
LogStats: Stats thread started at 0.259258
LogICUInternationalization: ICU TimeZone Detection - Raw Offset: +9:00, Platform Override: ''
LogInit: Display: Loading text-based GConfig....
LogPluginManager: Mounting plugin MeshPainting
LogPluginManager: Mounting plugin XGEController
LogPluginManager: Mounting plugin Paper2D
LogPluginManager: Mounting plugin AISupport
LogPluginManager: Mounting plugin EnvironmentQueryEditor
LogPluginManager: Mounting plugin LiveLink
LogPluginManager: Mounting plugin LightPropagationVolume
LogPluginManager: Mounting plugin CameraShakePreviewer
LogPluginManager: Mounting plugin GameplayCameras
LogPluginManager: Mounting plugin OodleData
LogPluginManager: Mounting plugin OodleNetwork
LogPluginManager: Mounting plugin AnimationSharing
LogPluginManager: Mounting plugin CLionSourceCodeAccess
LogPluginManager: Mounting plugin CodeLiteSourceCodeAccess
LogPluginManager: Mounting plugin GitSourceControl
LogPluginManager: Mounting plugin KDevelopSourceCodeAccess
LogPluginManager: Mounting plugin NullSourceCodeAccess
LogPluginManager: Mounting plugin PerforceSourceControl
LogPluginManager: Mounting plugin PixWinPlugin
LogPluginManager: Mounting plugin PlasticSourceControl
LogPluginManager: Mounting plugin PluginUtils
LogPluginManager: Mounting plugin PropertyAccessNode
LogPluginManager: Mounting plugin RiderSourceCodeAccess
LogPluginManager: Mounting plugin SubversionSourceControl
LogPluginManager: Mounting plugin TextureFormatOodle
LogPluginManager: Mounting plugin UObjectPlugin
LogPluginManager: Mounting plugin VisualStudioCodeSourceCodeAccess
LogPluginManager: Mounting plugin VisualStudioSourceCodeAccess
LogPluginManager: Mounting plugin XCodeSourceCodeAccess
LogPluginManager: Mounting plugin AssetManagerEditor
LogPluginManager: Mounting plugin CryptoKeys
LogPluginManager: Mounting plugin CurveEditorTools
LogPluginManager: Mounting plugin DataValidation
LogPluginManager: Mounting plugin FacialAnimation
LogPluginManager: Mounting plugin GameplayTagsEditor
LogPluginManager: Mounting plugin GeometryMode
LogPluginManager: Mounting plugin MacGraphicsSwitching
LogPluginManager: Mounting plugin MaterialAnalyzer
LogPluginManager: Mounting plugin MobileLauncherProfileWizard
LogPluginManager: Mounting plugin PluginBrowser
LogPluginManager: Mounting plugin SpeedTreeImporter
LogPluginManager: Mounting plugin DatasmithContent
LogPluginManager: Mounting plugin VariantManagerContent
LogPluginManager: Mounting plugin AlembicImporter
LogPluginManager: Mounting plugin AutomationUtils
LogPluginManager: Mounting plugin BackChannel
LogPluginManager: Mounting plugin ChaosCloth
LogPluginManager: Mounting plugin ChaosClothEditor
LogPluginManager: Mounting plugin ChaosEditor
LogPluginManager: Mounting plugin ChaosNiagara
LogPluginManager: Mounting plugin ChaosSolverPlugin
LogPluginManager: Mounting plugin CharacterAI
LogPluginManager: Mounting plugin GeometryCache
LogPluginManager: Mounting plugin GeometryCollectionPlugin
LogPluginManager: Mounting plugin GeometryProcessing
LogPluginManager: Mounting plugin MotoSynth
LogPluginManager: Mounting plugin OpenImageDenoise
LogPluginManager: Mounting plugin PlanarCut
LogPluginManager: Mounting plugin PlatformCrypto
LogPluginManager: Mounting plugin ProxyLODPlugin
LogPluginManager: Mounting plugin PythonScriptPlugin
LogPluginManager: Mounting plugin SkeletalReduction
LogPluginManager: Mounting plugin Niagara
LogPluginManager: Mounting plugin LuminPlatformFeatures
LogPluginManager: Mounting plugin MagicLeap
LogPluginManager: Mounting plugin MagicLeapLightEstimation
LogPluginManager: Mounting plugin MagicLeapMedia
LogPluginManager: Mounting plugin MagicLeapPassableWorld
LogPluginManager: Mounting plugin MLSDK
LogPluginManager: Mounting plugin AndroidMedia
LogPluginManager: Mounting plugin AvfMedia
LogPluginManager: Mounting plugin ImgMedia
LogPluginManager: Mounting plugin MediaCompositing
LogPluginManager: Mounting plugin MediaPlayerEditor
LogPluginManager: Mounting plugin WebMMedia
LogPluginManager: Mounting plugin WmfMedia
LogPluginManager: Mounting plugin TcpMessaging
LogPluginManager: Mounting plugin UdpMessaging
LogPluginManager: Mounting plugin ActorSequence
LogPluginManager: Mounting plugin LevelSequenceEditor
LogPluginManager: Mounting plugin MatineeToLevelSequence
LogPluginManager: Mounting plugin TemplateSequence
LogPluginManager: Mounting plugin OnlineSubsystem
LogPluginManager: Mounting plugin OnlineSubsystemNull
LogPluginManager: Mounting plugin OnlineSubsystemUtils
LogPluginManager: Mounting plugin LauncherChunkInstaller
LogPluginManager: Mounting plugin ActorLayerUtilities
LogPluginManager: Mounting plugin AndroidDeviceProfileSelector
LogPluginManager: Mounting plugin AndroidMoviePlayer
LogPluginManager: Mounting plugin AndroidPermission
LogPluginManager: Mounting plugin AppleImageUtils
LogPluginManager: Mounting plugin AppleMoviePlayer
LogPluginManager: Mounting plugin ArchVisCharacter
LogPluginManager: Mounting plugin AssetTags
LogPluginManager: Mounting plugin AudioCapture
LogPluginManager: Mounting plugin AudioSynesthesia
LogPluginManager: Mounting plugin CableComponent
LogPluginManager: Mounting plugin ChunkDownloader
LogPluginManager: Mounting plugin CustomMeshComponent
LogPluginManager: Mounting plugin EditableMesh
LogPluginManager: Mounting plugin ExampleDeviceProfileSelector
LogPluginManager: Mounting plugin GoogleCloudMessaging
LogPluginManager: Mounting plugin GooglePAD
LogPluginManager: Mounting plugin IOSDeviceProfileSelector
LogPluginManager: Mounting plugin LinuxDeviceProfileSelector
LogPluginManager: Mounting plugin LocationServicesBPLibrary
LogPluginManager: Mounting plugin MobilePatchingUtils
LogPluginManager: Mounting plugin OpenXR
LogPluginManager: Mounting plugin OpenXREyeTracker
LogPluginManager: Mounting plugin OpenXRHandTracking
LogPluginManager: Mounting plugin PhysXVehicles
LogPluginManager: Mounting plugin PostSplashScreen
LogPluginManager: Mounting plugin ProceduralMeshComponent
LogPluginManager: Mounting plugin PropertyAccessEditor
LogPluginManager: Mounting plugin RuntimePhysXCooking
LogPluginManager: Mounting plugin SignificanceManager
LogPluginManager: Mounting plugin SoundFields
LogPluginManager: Mounting plugin Synthesis
LogPluginManager: Mounting plugin WebMMoviePlayer
LogPluginManager: Mounting plugin WindowsMoviePlayer
LogPluginManager: Mounting plugin ScreenshotTools
LogPluginManager: Mounting plugin Takes
LogPluginManager: Mounting plugin ContentBrowserAssetDataSource
LogPluginManager: Mounting plugin ContentBrowserClassDataSource
LogPluginManager: Mounting plugin ContentBrowserFileDataSource
LogPluginManager: Mounting plugin OnlineSubsystemGooglePlay
LogPluginManager: Mounting plugin OnlineSubsystemIOS
LogPluginManager: Mounting plugin OculusVR
LogPluginManager: Mounting plugin SteamVR
PixWinPlugin: PIX capture plugin failed to initialize! Check that the process is launched from PIX.
LogInit: Using libcurl 7.55.1-DEV
LogInit:  - built for x86_64-pc-win32
LogInit:  - supports SSL with OpenSSL/1.1.1
LogInit:  - supports HTTP deflate (compression) using libz 1.2.8
LogInit:  - other features:
LogInit:      CURL_VERSION_SSL
LogInit:      CURL_VERSION_LIBZ
LogInit:      CURL_VERSION_IPV6
LogInit:      CURL_VERSION_ASYNCHDNS
LogInit:      CURL_VERSION_LARGEFILE
LogInit:      CURL_VERSION_IDN
LogInit:  CurlRequestOptions (configurable via config and command line):
LogInit:  - bVerifyPeer = true  - Libcurl will verify peer certificate
LogInit:  - bUseHttpProxy = false  - Libcurl will NOT use HTTP proxy
LogInit:  - bDontReuseConnections = false  - Libcurl will reuse connections
LogInit:  - MaxHostConnections = 16  - Libcurl will limit the number of connections to a host
LogInit:  - LocalHostAddr = Default
LogInit:  - BufferSize = 65536
LogOnline: OSS: Creating online subsystem instance for: NULL
LogInit: WinSock: version 1.1 (2.2), MaxSocks=32767, MaxUdp=65467
LogOnline: OSS: TryLoadSubsystemAndSetDefault: Loaded subsystem for module [NULL]
LogInit: Build: ++UE4+Release-4.27-CL-18319896
LogInit: Engine Version: 4.27.2-18319896+++UE4+Release-4.27
LogInit: Compatible Engine Version: 4.27.0-17155196+++UE4+Release-4.27
LogInit: Net CL: 17155196
LogInit: OS: Windows 10 (Release 2009) (), CPU: AMD Ryzen 5 3500 6-Core Processor              , GPU: NVIDIA GeForce GTX 1660 SUPER
LogInit: Compiled (64-bit): Nov 30 2021 07:12:08
LogInit: Compiled with Visual C++: 19.24.28315.00
LogInit: Build Configuration: Development
LogInit: Branch Name: ++UE4+Release-4.27
LogInit: Command Line:  /Game/ThirdPersonCPP/Maps/ThirdPersonExampleMap -server -log
LogInit: Base Directory: C:/Program Files/Epic Games/UE_4.27/Engine/Binaries/Win64/
LogInit: Allocator: TBB
LogInit: Installed Engine Build: 1
LogDevObjectVersion: Number of dev versions registered: 29
LogDevObjectVersion:   Dev-Blueprints (B0D832E4-1F89-4F0D-ACCF-7EB736FD4AA2): 10
LogDevObjectVersion:   Dev-Build (E1C64328-A22C-4D53-A36C-8E866417BD8C): 0
LogDevObjectVersion:   Dev-Core (375EC13C-06E4-48FB-B500-84F0262A717E): 4
LogDevObjectVersion:   Dev-Editor (E4B068ED-F494-42E9-A231-DA0B2E46BB41): 40
LogDevObjectVersion:   Dev-Framework (CFFC743F-43B0-4480-9391-14DF171D2073): 37
LogDevObjectVersion:   Dev-Mobile (B02B49B5-BB20-44E9-A304-32B752E40360): 3
LogDevObjectVersion:   Dev-Networking (A4E4105C-59A1-49B5-A7C5-40C4547EDFEE): 0
LogDevObjectVersion:   Dev-Online (39C831C9-5AE6-47DC-9A44-9C173E1C8E7C): 0
LogDevObjectVersion:   Dev-Physics (78F01B33-EBEA-4F98-B9B4-84EACCB95AA2): 14
LogDevObjectVersion:   Dev-Platform (6631380F-2D4D-43E0-8009-CF276956A95A): 0
LogDevObjectVersion:   Dev-Rendering (12F88B9F-8875-4AFC-A67C-D90C383ABD29): 45
LogDevObjectVersion:   Dev-Sequencer (7B5AE74C-D270-4C10-A958-57980B212A5A): 13
LogDevObjectVersion:   Dev-VR (D7296918-1DD6-4BDD-9DE2-64A83CC13884): 3
LogDevObjectVersion:   Dev-LoadTimes (C2A15278-BFE7-4AFE-6C17-90FF531DF755): 1
LogDevObjectVersion:   Private-Geometry (6EACA3D4-40EC-4CC1-B786-8BED09428FC5): 3
LogDevObjectVersion:   Dev-AnimPhys (29E575DD-E0A3-4627-9D10-D276232CDCEA): 17
LogDevObjectVersion:   Dev-Anim (AF43A65D-7FD3-4947-9873-3E8ED9C1BB05): 15
LogDevObjectVersion:   Dev-ReflectionCapture (6B266CEC-1EC7-4B8F-A30B-E4D90942FC07): 1
LogDevObjectVersion:   Dev-Automation (0DF73D61-A23F-47EA-B727-89E90C41499A): 1
LogDevObjectVersion:   FortniteMain (601D1886-AC64-4F84-AA16-D3DE0DEAC7D6): 47
LogDevObjectVersion:   FortniteRelease (E7086368-6B23-4C58-8439-1B7016265E91): 1
LogDevObjectVersion:   Dev-Enterprise (9DFFBCD6-494F-0158-E221-12823C92A888): 10
LogDevObjectVersion:   Dev-Niagara (F2AED0AC-9AFE-416F-8664-AA7FFA26D6FC): 1
LogDevObjectVersion:   Dev-Destruction (174F1F0B-B4C6-45A5-B13F-2EE8D0FB917D): 10
LogDevObjectVersion:   Dev-Physics-Ext (35F94A83-E258-406C-A318-09F59610247C): 41
LogDevObjectVersion:   Dev-PhysicsMaterial-Chaos (B68FC16E-8B1B-42E2-B453-215C058844FE): 1
LogDevObjectVersion:   Dev-CineCamera (B2E18506-4273-CFC2-A54E-F4BB758BBA07): 1
LogDevObjectVersion:   Dev-VirtualProduction (64F58936-FD1B-42BA-BA96-7289D5D0FA4E): 1
LogDevObjectVersion:   Dev-MediaFramework (6F0ED827-A609-4895-9C91-998D90180EA4): 2
LogInit: Presizing for max 25165824 objects, including 0 objects not considered by GC, pre-allocating 0 bytes for permanent pool.
LogConfig: Applying CVar settings from Section [/Script/Engine.StreamingSettings] File [C:/Users/User/Desktop/ProjectEX2/Saved/Config/Windows/Engine.ini]
LogConfig: Setting CVar [[s.MinBulkDataSizeForAsyncLoading:131072]]
LogConfig: Setting CVar [[s.AsyncLoadingThreadEnabled:0]]
LogConfig: Setting CVar [[s.EventDrivenLoaderEnabled:1]]
LogConfig: Setting CVar [[s.WarnIfTimeLimitExceeded:0]]
LogConfig: Setting CVar [[s.TimeLimitExceededMultiplier:1.5]]
LogConfig: Setting CVar [[s.TimeLimitExceededMinTime:0.005]]
LogConfig: Setting CVar [[s.UseBackgroundLevelStreaming:1]]
LogConfig: Setting CVar [[s.PriorityAsyncLoadingExtraTime:15.0]]
LogConfig: Setting CVar [[s.LevelStreamingActorsUpdateTimeLimit:5.0]]
LogConfig: Setting CVar [[s.PriorityLevelStreamingActorsUpdateExtraTime:5.0]]
LogConfig: Setting CVar [[s.LevelStreamingComponentsRegistrationGranularity:10]]
LogConfig: Setting CVar [[s.UnregisterComponentsTimeLimit:1.0]]
LogConfig: Setting CVar [[s.LevelStreamingComponentsUnregistrationGranularity:5]]
LogConfig: Setting CVar [[s.FlushStreamingOnExit:1]]
LogInit: Object subsystem initialized
LogConfig: Setting CVar [[con.DebugEarlyDefault:1]]
LogConfig: Setting CVar [[r.setres:1280x720]]
[2022.09.12-07.50.57:277][  0]LogConfig: Setting CVar [[con.DebugEarlyDefault:1]]
[2022.09.12-07.50.57:277][  0]LogConfig: Setting CVar [[r.setres:1280x720]]
[2022.09.12-07.50.57:278][  0]LogConfig: Applying CVar settings from Section [/Script/Engine.RendererSettings] File [C:/Users/User/Desktop/ProjectEX2/Saved/Config/Windows/Engine.ini]
[2022.09.12-07.50.57:279][  0]LogConfig: Setting CVar [[r.GPUCrashDebugging:0]]
[2022.09.12-07.50.57:279][  0]LogConfig: Applying CVar settings from Section [/Script/Engine.RendererOverrideSettings] File [C:/Users/User/Desktop/ProjectEX2/Saved/Config/Windows/Engine.ini]
[2022.09.12-07.50.57:280][  0]LogConfig: Applying CVar settings from Section [/Script/Engine.StreamingSettings] File [C:/Users/User/Desktop/ProjectEX2/Saved/Config/Windows/Engine.ini]
[2022.09.12-07.50.57:280][  0]LogConfig: Setting CVar [[s.MinBulkDataSizeForAsyncLoading:131072]]
[2022.09.12-07.50.57:281][  0]LogConfig: Setting CVar [[s.AsyncLoadingThreadEnabled:0]]
[2022.09.12-07.50.57:283][  0]LogConfig: Setting CVar [[s.EventDrivenLoaderEnabled:1]]
[2022.09.12-07.50.57:285][  0]LogConfig: Setting CVar [[s.WarnIfTimeLimitExceeded:0]]
[2022.09.12-07.50.57:286][  0]LogConfig: Setting CVar [[s.TimeLimitExceededMultiplier:1.5]]
[2022.09.12-07.50.57:287][  0]LogConfig: Setting CVar [[s.TimeLimitExceededMinTime:0.005]]
[2022.09.12-07.50.57:288][  0]LogConfig: Setting CVar [[s.UseBackgroundLevelStreaming:1]]
[2022.09.12-07.50.57:288][  0]LogConfig: Setting CVar [[s.PriorityAsyncLoadingExtraTime:15.0]]
[2022.09.12-07.50.57:289][  0]LogConfig: Setting CVar [[s.LevelStreamingActorsUpdateTimeLimit:5.0]]
[2022.09.12-07.50.57:289][  0]LogConfig: Setting CVar [[s.PriorityLevelStreamingActorsUpdateExtraTime:5.0]]
[2022.09.12-07.50.57:290][  0]LogConfig: Setting CVar [[s.LevelStreamingComponentsRegistrationGranularity:10]]
[2022.09.12-07.50.57:290][  0]LogConfig: Setting CVar [[s.UnregisterComponentsTimeLimit:1.0]]
[2022.09.12-07.50.57:291][  0]LogConfig: Setting CVar [[s.LevelStreamingComponentsUnregistrationGranularity:5]]
[2022.09.12-07.50.57:292][  0]LogConfig: Setting CVar [[s.FlushStreamingOnExit:1]]
[2022.09.12-07.50.57:292][  0]LogConfig: Applying CVar settings from Section [/Script/Engine.GarbageCollectionSettings] File [C:/Users/User/Desktop/ProjectEX2/Saved/Config/Windows/Engine.ini]
[2022.09.12-07.50.57:293][  0]LogConfig: Setting CVar [[gc.MaxObjectsNotConsideredByGC:1]]
[2022.09.12-07.50.57:293][  0]LogConfig: Setting CVar [[gc.SizeOfPermanentObjectPool:0]]
[2022.09.12-07.50.57:294][  0]LogConfig: Setting CVar [[gc.FlushStreamingOnGC:0]]
[2022.09.12-07.50.57:294][  0]LogConfig: Setting CVar [[gc.NumRetriesBeforeForcingGC:10]]
[2022.09.12-07.50.57:294][  0]LogConfig: Setting CVar [[gc.AllowParallelGC:1]]
[2022.09.12-07.50.57:295][  0]LogConfig: Setting CVar [[gc.TimeBetweenPurgingPendingKillObjects:61.1]]
[2022.09.12-07.50.57:295][  0]LogConfig: Setting CVar [[gc.MaxObjectsInEditor:25165824]]
[2022.09.12-07.50.57:296][  0]LogConfig: Setting CVar [[gc.IncrementalBeginDestroyEnabled:1]]
[2022.09.12-07.50.57:297][  0]LogConfig: Setting CVar [[gc.CreateGCClusters:1]]
[2022.09.12-07.50.57:298][  0]LogConfig: Setting CVar [[gc.MinGCClusterSize:5]]
[2022.09.12-07.50.57:299][  0]LogConfig: Setting CVar [[gc.ActorClusteringEnabled:0]]
[2022.09.12-07.50.57:299][  0]LogConfig: Setting CVar [[gc.BlueprintClusteringEnabled:0]]
[2022.09.12-07.50.57:299][  0]LogConfig: Setting CVar [[gc.UseDisregardForGCOnDedicatedServers:0]]
[2022.09.12-07.50.57:300][  0]LogConfig: Setting CVar [[gc.MultithreadedDestructionEnabled:1]]
[2022.09.12-07.50.57:300][  0]LogConfig: Applying CVar settings from Section [/Script/Engine.NetworkSettings] File [C:/Users/User/Desktop/ProjectEX2/Saved/Config/Windows/Engine.ini]
[2022.09.12-07.50.57:301][  0]LogConfig: Applying CVar settings from Section [/Script/UnrealEd.CookerSettings] File [C:/Users/User/Desktop/ProjectEX2/Saved/Config/Windows/Engine.ini]
[2022.09.12-07.50.57:301][  0]LogConfig: Applying CVar settings from Section [ViewDistanceQuality@3] File [C:/Users/User/Desktop/ProjectEX2/Saved/Config/Windows/Scalability.ini]
[2022.09.12-07.50.57:302][  0]LogConfig: Setting CVar [[r.SkeletalMeshLODBias:0]]
[2022.09.12-07.50.57:302][  0]LogConfig: Setting CVar [[r.ViewDistanceScale:1.0]]
[2022.09.12-07.50.57:302][  0]LogConfig: Applying CVar settings from Section [AntiAliasingQuality@3] File [C:/Users/User/Desktop/ProjectEX2/Saved/Config/Windows/Scalability.ini]
[2022.09.12-07.50.57:303][  0]LogConfig: Setting CVar [[r.PostProcessAAQuality:4]]
[2022.09.12-07.50.57:304][  0]LogConfig: Applying CVar settings from Section [ShadowQuality@3] File [C:/Users/User/Desktop/ProjectEX2/Saved/Config/Windows/Scalability.ini]
[2022.09.12-07.50.57:304][  0]LogConfig: Setting CVar [[r.LightFunctionQuality:1]]
[2022.09.12-07.50.57:305][  0]LogConfig: Setting CVar [[r.ShadowQuality:5]]
[2022.09.12-07.50.57:305][  0]LogConfig: Setting CVar [[r.Shadow.CSM.MaxCascades:10]]
[2022.09.12-07.50.57:306][  0]LogConfig: Setting CVar [[r.Shadow.MaxResolution:2048]]
[2022.09.12-07.50.57:306][  0]LogConfig: Setting CVar [[r.Shadow.MaxCSMResolution:2048]]
[2022.09.12-07.50.57:306][  0]LogConfig: Setting CVar [[r.Shadow.RadiusThreshold:0.01]]
[2022.09.12-07.50.57:307][  0]LogConfig: Setting CVar [[r.Shadow.DistanceScale:1.0]]
[2022.09.12-07.50.57:307][  0]LogConfig: Setting CVar [[r.Shadow.CSM.TransitionScale:1.0]]
[2022.09.12-07.50.57:307][  0]LogConfig: Setting CVar [[r.Shadow.PreShadowResolutionFactor:1.0]]
[2022.09.12-07.50.57:308][  0]LogConfig: Setting CVar [[r.DistanceFieldShadowing:1]]
[2022.09.12-07.50.57:308][  0]LogConfig: Setting CVar [[r.DistanceFieldAO:1]]
[2022.09.12-07.50.57:308][  0]LogConfig: Setting CVar [[r.AOQuality:2]]
[2022.09.12-07.50.57:309][  0]LogConfig: Setting CVar [[r.VolumetricFog:1]]
[2022.09.12-07.50.57:309][  0]LogConfig: Setting CVar [[r.VolumetricFog.GridPixelSize:8]]
[2022.09.12-07.50.57:309][  0]LogConfig: Setting CVar [[r.VolumetricFog.GridSizeZ:128]]
[2022.09.12-07.50.57:310][  0]LogConfig: Setting CVar [[r.VolumetricFog.HistoryMissSupersampleCount:4]]
[2022.09.12-07.50.57:310][  0]LogConfig: Setting CVar [[r.LightMaxDrawDistanceScale:1]]
[2022.09.12-07.50.57:311][  0]LogConfig: Setting CVar [[r.CapsuleShadows:1]]
[2022.09.12-07.50.57:314][  0]LogConfig: Applying CVar settings from Section [PostProcessQuality@3] File [C:/Users/User/Desktop/ProjectEX2/Saved/Config/Windows/Scalability.ini]
[2022.09.12-07.50.57:314][  0]LogConfig: Setting CVar [[r.MotionBlurQuality:4]]
[2022.09.12-07.50.57:315][  0]LogConfig: Setting CVar [[r.AmbientOcclusionMipLevelFactor:0.4]]
[2022.09.12-07.50.57:316][  0]LogConfig: Setting CVar [[r.AmbientOcclusionMaxQuality:100]]
[2022.09.12-07.50.57:316][  0]LogConfig: Setting CVar [[r.AmbientOcclusionLevels:-1]]
[2022.09.12-07.50.57:316][  0]LogConfig: Setting CVar [[r.AmbientOcclusionRadiusScale:1.0]]
[2022.09.12-07.50.57:317][  0]LogConfig: Setting CVar [[r.DepthOfFieldQuality:2]]
[2022.09.12-07.50.57:317][  0]LogConfig: Setting CVar [[r.RenderTargetPoolMin:400]]
[2022.09.12-07.50.57:317][  0]LogConfig: Setting CVar [[r.LensFlareQuality:2]]
[2022.09.12-07.50.57:317][  0]LogConfig: Setting CVar [[r.SceneColorFringeQuality:1]]
[2022.09.12-07.50.57:318][  0]LogConfig: Setting CVar [[r.EyeAdaptationQuality:2]]
[2022.09.12-07.50.57:318][  0]LogConfig: Setting CVar [[r.BloomQuality:5]]
[2022.09.12-07.50.57:319][  0]LogConfig: Setting CVar [[r.FastBlurThreshold:100]]
[2022.09.12-07.50.57:319][  0]LogConfig: Setting CVar [[r.Upscale.Quality:3]]
[2022.09.12-07.50.57:320][  0]LogConfig: Setting CVar [[r.Tonemapper.GrainQuantization:1]]
[2022.09.12-07.50.57:320][  0]LogConfig: Setting CVar [[r.LightShaftQuality:1]]
[2022.09.12-07.50.57:320][  0]LogConfig: Setting CVar [[r.Filter.SizeScale:1]]
[2022.09.12-07.50.57:320][  0]LogConfig: Setting CVar [[r.Tonemapper.Quality:5]]
[2022.09.12-07.50.57:321][  0]LogConfig: Setting CVar [[r.DOF.Gather.AccumulatorQuality:1        ; higher gathering accumulator quality]]
[2022.09.12-07.50.57:321][  0]LogConfig: Setting CVar [[r.DOF.Gather.PostfilterMethod:1          ; Median3x3 postfilering method]]
[2022.09.12-07.50.57:322][  0]LogConfig: Setting CVar [[r.DOF.Gather.EnableBokehSettings:0       ; no bokeh simulation when gathering]]
[2022.09.12-07.50.57:323][  0]LogConfig: Setting CVar [[r.DOF.Gather.RingCount:4                 ; medium number of samples when gathering]]
[2022.09.12-07.50.57:323][  0]LogConfig: Setting CVar [[r.DOF.Scatter.ForegroundCompositing:1    ; additive foreground scattering]]
[2022.09.12-07.50.57:325][  0]LogConfig: Setting CVar [[r.DOF.Scatter.BackgroundCompositing:2    ; additive background scattering]]
[2022.09.12-07.50.57:326][  0]LogConfig: Setting CVar [[r.DOF.Scatter.EnableBokehSettings:1      ; bokeh simulation when scattering]]
[2022.09.12-07.50.57:328][  0]LogConfig: Setting CVar [[r.DOF.Scatter.MaxSpriteRatio:0.1         ; only a maximum of 10% of scattered bokeh]]
[2022.09.12-07.50.57:328][  0]LogConfig: Setting CVar [[r.DOF.Recombine.Quality:1                ; cheap slight out of focus]]
[2022.09.12-07.50.57:329][  0]LogConfig: Setting CVar [[r.DOF.Recombine.EnableBokehSettings:0    ; no bokeh simulation on slight out of focus]]
[2022.09.12-07.50.57:330][  0]LogConfig: Setting CVar [[r.DOF.TemporalAAQuality:1                ; more stable temporal accumulation]]
[2022.09.12-07.50.57:330][  0]LogConfig: Setting CVar [[r.DOF.Kernel.MaxForegroundRadius:0.025]]
[2022.09.12-07.50.57:331][  0]LogConfig: Setting CVar [[r.DOF.Kernel.MaxBackgroundRadius:0.025]]
[2022.09.12-07.50.57:331][  0]LogConfig: Applying CVar settings from Section [TextureQuality@3] File [C:/Users/User/Desktop/ProjectEX2/Saved/Config/Windows/Scalability.ini]
[2022.09.12-07.50.57:332][  0]LogConfig: Setting CVar [[r.Streaming.MipBias:0]]
[2022.09.12-07.50.57:333][  0]LogConfig: Setting CVar [[r.Streaming.AmortizeCPUToGPUCopy:0]]
[2022.09.12-07.50.57:334][  0]LogConfig: Setting CVar [[r.Streaming.MaxNumTexturesToStreamPerFrame:0]]
[2022.09.12-07.50.57:334][  0]LogConfig: Setting CVar [[r.Streaming.Boost:1]]
[2022.09.12-07.50.57:335][  0]LogConfig: Setting CVar [[r.MaxAnisotropy:8]]
[2022.09.12-07.50.57:335][  0]LogConfig: Setting CVar [[r.VT.MaxAnisotropy:8]]
[2022.09.12-07.50.57:335][  0]LogConfig: Setting CVar [[r.Streaming.LimitPoolSizeToVRAM:0]]
[2022.09.12-07.50.57:336][  0]LogConfig: Setting CVar [[r.Streaming.PoolSize:1000]]
[2022.09.12-07.50.57:336][  0]LogConfig: Setting CVar [[r.Streaming.MaxEffectiveScreenSize:0]]
[2022.09.12-07.50.57:337][  0]LogConfig: Applying CVar settings from Section [EffectsQuality@3] File [C:/Users/User/Desktop/ProjectEX2/Saved/Config/Windows/Scalability.ini]
[2022.09.12-07.50.57:338][  0]LogConfig: Setting CVar [[r.TranslucencyLightingVolumeDim:64]]
[2022.09.12-07.50.57:338][  0]LogConfig: Setting CVar [[r.RefractionQuality:2]]
[2022.09.12-07.50.57:339][  0]LogConfig: Setting CVar [[r.SSR.Quality:3]]
[2022.09.12-07.50.57:339][  0]LogConfig: Setting CVar [[r.SSR.HalfResSceneColor:0]]
[2022.09.12-07.50.57:340][  0]LogConfig: Setting CVar [[r.SceneColorFormat:4]]
[2022.09.12-07.50.57:340][  0]LogConfig: Setting CVar [[r.DetailMode:2]]
[2022.09.12-07.50.57:341][  0]LogConfig: Setting CVar [[r.TranslucencyVolumeBlur:1]]
[2022.09.12-07.50.57:343][  0]LogConfig: Setting CVar [[r.MaterialQualityLevel:1 ; High quality]]
[2022.09.12-07.50.57:344][  0]LogConfig: Setting CVar [[r.AnisotropicMaterials:1]]
[2022.09.12-07.50.57:344][  0]LogConfig: Setting CVar [[r.SSS.Scale:1]]
[2022.09.12-07.50.57:345][  0]LogConfig: Setting CVar [[r.SSS.SampleSet:2]]
[2022.09.12-07.50.57:345][  0]LogConfig: Setting CVar [[r.SSS.Quality:1]]
[2022.09.12-07.50.57:346][  0]LogConfig: Setting CVar [[r.SSS.HalfRes:0]]
[2022.09.12-07.50.57:346][  0]LogConfig: Setting CVar [[r.SSGI.Quality:3]]
[2022.09.12-07.50.57:347][  0]LogConfig: Setting CVar [[r.EmitterSpawnRateScale:1.0]]
[2022.09.12-07.50.57:348][  0]LogConfig: Setting CVar [[r.ParticleLightQuality:2]]
[2022.09.12-07.50.57:348][  0]LogConfig: Setting CVar [[r.SkyAtmosphere.AerialPerspectiveLUT.FastApplyOnOpaque:1 ; Always have FastSkyLUT 1 in this case to avoid wrong sky]]
[2022.09.12-07.50.57:349][  0]LogConfig: Setting CVar [[r.SkyAtmosphere.AerialPerspectiveLUT.SampleCountMaxPerSlice:4]]
[2022.09.12-07.50.57:349][  0]LogConfig: Setting CVar [[r.SkyAtmosphere.AerialPerspectiveLUT.DepthResolution:16.0]]
[2022.09.12-07.50.57:350][  0]LogConfig: Setting CVar [[r.SkyAtmosphere.FastSkyLUT:1]]
[2022.09.12-07.50.57:351][  0]LogConfig: Setting CVar [[r.SkyAtmosphere.FastSkyLUT.SampleCountMin:4.0]]
[2022.09.12-07.50.57:351][  0]LogConfig: Setting CVar [[r.SkyAtmosphere.FastSkyLUT.SampleCountMax:128.0]]
[2022.09.12-07.50.57:352][  0]LogConfig: Setting CVar [[r.SkyAtmosphere.SampleCountMin:4.0]]
[2022.09.12-07.50.57:353][  0]LogConfig: Setting CVar [[r.SkyAtmosphere.SampleCountMax:128.0]]
[2022.09.12-07.50.57:353][  0]LogConfig: Setting CVar [[r.SkyAtmosphere.TransmittanceLUT.UseSmallFormat:0]]
[2022.09.12-07.50.57:353][  0]LogConfig: Setting CVar [[r.SkyAtmosphere.TransmittanceLUT.SampleCount:10.0]]
[2022.09.12-07.50.57:354][  0]LogConfig: Setting CVar [[r.SkyAtmosphere.MultiScatteringLUT.SampleCount:15.0]]
[2022.09.12-07.50.57:354][  0]LogConfig: Setting CVar [[r.SkyLight.RealTimeReflectionCapture:1]]
[2022.09.12-07.50.57:355][  0]LogConfig: Applying CVar settings from Section [FoliageQuality@3] File [C:/Users/User/Desktop/ProjectEX2/Saved/Config/Windows/Scalability.ini]
[2022.09.12-07.50.57:356][  0]LogConfig: Setting CVar [[foliage.DensityScale:1.0]]
[2022.09.12-07.50.57:358][  0]LogConfig: Setting CVar [[grass.DensityScale:1.0]]
[2022.09.12-07.50.57:358][  0]LogConfig: Applying CVar settings from Section [ShadingQuality@3] File [C:/Users/User/Desktop/ProjectEX2/Saved/Config/Windows/Scalability.ini]
[2022.09.12-07.50.57:359][  0]LogConfig: Setting CVar [[r.HairStrands.SkyLighting.IntegrationType:2]]
[2022.09.12-07.50.57:360][  0]LogConfig: Setting CVar [[r.HairStrands.SkyAO.SampleCount:4]]
[2022.09.12-07.50.57:360][  0]LogConfig: Setting CVar [[r.HairStrands.Visibility.MSAA.SamplePerPixel:4]]
[2022.09.12-07.50.57:361][  0]LogInit: Selected Device Profile: [Windows]
[2022.09.12-07.50.57:361][  0]LogInit: Applying CVar settings loaded from the selected device profile: [Windows]
[2022.09.12-07.50.57:362][  0]LogHAL: Display: Platform has ~ 16 GB [17110814720 / 17179869184 / 16], which maps to Larger [LargestMinGB=32, LargerMinGB=12, DefaultMinGB=8, SmallerMinGB=6, SmallestMinGB=0)
[2022.09.12-07.50.57:362][  0]LogInit: Going up to parent DeviceProfile []
[2022.09.12-07.50.57:363][  0]LogConfig: Applying CVar settings from Section [ViewDistanceQuality@3] File [C:/Users/User/Desktop/ProjectEX2/Saved/Config/Windows/Scalability.ini]
[2022.09.12-07.50.57:365][  0]LogConfig: Setting CVar [[r.SkeletalMeshLODBias:0]]
[2022.09.12-07.50.57:366][  0]LogConfig: Setting CVar [[r.ViewDistanceScale:1.0]]
[2022.09.12-07.50.57:366][  0]LogConfig: Applying CVar settings from Section [AntiAliasingQuality@3] File [C:/Users/User/Desktop/ProjectEX2/Saved/Config/Windows/Scalability.ini]
[2022.09.12-07.50.57:367][  0]LogConfig: Setting CVar [[r.PostProcessAAQuality:4]]
[2022.09.12-07.50.57:368][  0]LogConfig: Applying CVar settings from Section [ShadowQuality@3] File [C:/Users/User/Desktop/ProjectEX2/Saved/Config/Windows/Scalability.ini]
[2022.09.12-07.50.57:368][  0]LogConfig: Setting CVar [[r.LightFunctionQuality:1]]
[2022.09.12-07.50.57:369][  0]LogConfig: Setting CVar [[r.ShadowQuality:5]]
[2022.09.12-07.50.57:369][  0]LogConfig: Setting CVar [[r.Shadow.CSM.MaxCascades:10]]
[2022.09.12-07.50.57:370][  0]LogConfig: Setting CVar [[r.Shadow.MaxResolution:2048]]
[2022.09.12-07.50.57:370][  0]LogConfig: Setting CVar [[r.Shadow.MaxCSMResolution:2048]]
[2022.09.12-07.50.57:371][  0]LogConfig: Setting CVar [[r.Shadow.RadiusThreshold:0.01]]
[2022.09.12-07.50.57:373][  0]LogConfig: Setting CVar [[r.Shadow.DistanceScale:1.0]]
[2022.09.12-07.50.57:374][  0]LogConfig: Setting CVar [[r.Shadow.CSM.TransitionScale:1.0]]
[2022.09.12-07.50.57:375][  0]LogConfig: Setting CVar [[r.Shadow.PreShadowResolutionFactor:1.0]]
[2022.09.12-07.50.57:375][  0]LogConfig: Setting CVar [[r.DistanceFieldShadowing:1]]
[2022.09.12-07.50.57:376][  0]LogConfig: Setting CVar [[r.DistanceFieldAO:1]]
[2022.09.12-07.50.57:376][  0]LogConfig: Setting CVar [[r.AOQuality:2]]
[2022.09.12-07.50.57:377][  0]LogConfig: Setting CVar [[r.VolumetricFog:1]]
[2022.09.12-07.50.57:378][  0]LogConfig: Setting CVar [[r.VolumetricFog.GridPixelSize:8]]
[2022.09.12-07.50.57:378][  0]LogConfig: Setting CVar [[r.VolumetricFog.GridSizeZ:128]]
[2022.09.12-07.50.57:379][  0]LogConfig: Setting CVar [[r.VolumetricFog.HistoryMissSupersampleCount:4]]
[2022.09.12-07.50.57:380][  0]LogConfig: Setting CVar [[r.LightMaxDrawDistanceScale:1]]
[2022.09.12-07.50.57:380][  0]LogConfig: Setting CVar [[r.CapsuleShadows:1]]
[2022.09.12-07.50.57:381][  0]LogConfig: Applying CVar settings from Section [PostProcessQuality@3] File [C:/Users/User/Desktop/ProjectEX2/Saved/Config/Windows/Scalability.ini]
[2022.09.12-07.50.57:382][  0]LogConfig: Setting CVar [[r.MotionBlurQuality:4]]
[2022.09.12-07.50.57:382][  0]LogConfig: Setting CVar [[r.AmbientOcclusionMipLevelFactor:0.4]]
[2022.09.12-07.50.57:383][  0]LogConfig: Setting CVar [[r.AmbientOcclusionMaxQuality:100]]
[2022.09.12-07.50.57:383][  0]LogConfig: Setting CVar [[r.AmbientOcclusionLevels:-1]]
[2022.09.12-07.50.57:384][  0]LogConfig: Setting CVar [[r.AmbientOcclusionRadiusScale:1.0]]
[2022.09.12-07.50.57:385][  0]LogConfig: Setting CVar [[r.DepthOfFieldQuality:2]]
[2022.09.12-07.50.57:385][  0]LogConfig: Setting CVar [[r.RenderTargetPoolMin:400]]
[2022.09.12-07.50.57:386][  0]LogConfig: Setting CVar [[r.LensFlareQuality:2]]
[2022.09.12-07.50.57:388][  0]LogConfig: Setting CVar [[r.SceneColorFringeQuality:1]]
[2022.09.12-07.50.57:389][  0]LogConfig: Setting CVar [[r.EyeAdaptationQuality:2]]
[2022.09.12-07.50.57:389][  0]LogConfig: Setting CVar [[r.BloomQuality:5]]
[2022.09.12-07.50.57:390][  0]LogConfig: Setting CVar [[r.FastBlurThreshold:100]]
[2022.09.12-07.50.57:391][  0]LogConfig: Setting CVar [[r.Upscale.Quality:3]]
[2022.09.12-07.50.57:392][  0]LogConfig: Setting CVar [[r.Tonemapper.GrainQuantization:1]]
[2022.09.12-07.50.57:393][  0]LogConfig: Setting CVar [[r.LightShaftQuality:1]]
[2022.09.12-07.50.57:393][  0]LogConfig: Setting CVar [[r.Filter.SizeScale:1]]
[2022.09.12-07.50.57:394][  0]LogConfig: Setting CVar [[r.Tonemapper.Quality:5]]
[2022.09.12-07.50.57:395][  0]LogConfig: Setting CVar [[r.DOF.Gather.AccumulatorQuality:1        ; higher gathering accumulator quality]]
[2022.09.12-07.50.57:395][  0]LogConfig: Setting CVar [[r.DOF.Gather.PostfilterMethod:1          ; Median3x3 postfilering method]]
[2022.09.12-07.50.57:396][  0]LogConfig: Setting CVar [[r.DOF.Gather.EnableBokehSettings:0       ; no bokeh simulation when gathering]]
[2022.09.12-07.50.57:396][  0]LogConfig: Setting CVar [[r.DOF.Gather.RingCount:4                 ; medium number of samples when gathering]]
[2022.09.12-07.50.57:397][  0]LogConfig: Setting CVar [[r.DOF.Scatter.ForegroundCompositing:1    ; additive foreground scattering]]
[2022.09.12-07.50.57:398][  0]LogConfig: Setting CVar [[r.DOF.Scatter.BackgroundCompositing:2    ; additive background scattering]]
[2022.09.12-07.50.57:399][  0]LogConfig: Setting CVar [[r.DOF.Scatter.EnableBokehSettings:1      ; bokeh simulation when scattering]]
[2022.09.12-07.50.57:399][  0]LogConfig: Setting CVar [[r.DOF.Scatter.MaxSpriteRatio:0.1         ; only a maximum of 10% of scattered bokeh]]
[2022.09.12-07.50.57:400][  0]LogConfig: Setting CVar [[r.DOF.Recombine.Quality:1                ; cheap slight out of focus]]
[2022.09.12-07.50.57:400][  0]LogConfig: Setting CVar [[r.DOF.Recombine.EnableBokehSettings:0    ; no bokeh simulation on slight out of focus]]
[2022.09.12-07.50.57:401][  0]LogConfig: Setting CVar [[r.DOF.TemporalAAQuality:1                ; more stable temporal accumulation]]
[2022.09.12-07.50.57:403][  0]LogConfig: Setting CVar [[r.DOF.Kernel.MaxForegroundRadius:0.025]]
[2022.09.12-07.50.57:404][  0]LogConfig: Setting CVar [[r.DOF.Kernel.MaxBackgroundRadius:0.025]]
[2022.09.12-07.50.57:405][  0]LogConfig: Applying CVar settings from Section [TextureQuality@3] File [C:/Users/User/Desktop/ProjectEX2/Saved/Config/Windows/Scalability.ini]
[2022.09.12-07.50.57:406][  0]LogConfig: Setting CVar [[r.Streaming.MipBias:0]]
[2022.09.12-07.50.57:406][  0]LogConfig: Setting CVar [[r.Streaming.AmortizeCPUToGPUCopy:0]]
[2022.09.12-07.50.57:407][  0]LogConfig: Setting CVar [[r.Streaming.MaxNumTexturesToStreamPerFrame:0]]
[2022.09.12-07.50.57:407][  0]LogConfig: Setting CVar [[r.Streaming.Boost:1]]
[2022.09.12-07.50.57:408][  0]LogConfig: Setting CVar [[r.MaxAnisotropy:8]]
[2022.09.12-07.50.57:409][  0]LogConfig: Setting CVar [[r.VT.MaxAnisotropy:8]]
[2022.09.12-07.50.57:409][  0]LogConfig: Setting CVar [[r.Streaming.LimitPoolSizeToVRAM:0]]
[2022.09.12-07.50.57:409][  0]LogConfig: Setting CVar [[r.Streaming.PoolSize:1000]]
[2022.09.12-07.50.57:410][  0]LogConfig: Setting CVar [[r.Streaming.MaxEffectiveScreenSize:0]]
[2022.09.12-07.50.57:410][  0]LogConfig: Applying CVar settings from Section [EffectsQuality@3] File [C:/Users/User/Desktop/ProjectEX2/Saved/Config/Windows/Scalability.ini]
[2022.09.12-07.50.57:410][  0]LogConfig: Setting CVar [[r.TranslucencyLightingVolumeDim:64]]
[2022.09.12-07.50.57:410][  0]LogConfig: Setting CVar [[r.RefractionQuality:2]]
[2022.09.12-07.50.57:411][  0]LogConfig: Setting CVar [[r.SSR.Quality:3]]
[2022.09.12-07.50.57:411][  0]LogConfig: Setting CVar [[r.SSR.HalfResSceneColor:0]]
[2022.09.12-07.50.57:411][  0]LogConfig: Setting CVar [[r.SceneColorFormat:4]]
[2022.09.12-07.50.57:411][  0]LogConfig: Setting CVar [[r.DetailMode:2]]
[2022.09.12-07.50.57:412][  0]LogConfig: Setting CVar [[r.TranslucencyVolumeBlur:1]]
[2022.09.12-07.50.57:412][  0]LogConfig: Setting CVar [[r.MaterialQualityLevel:1 ; High quality]]
[2022.09.12-07.50.57:413][  0]LogConfig: Setting CVar [[r.AnisotropicMaterials:1]]
[2022.09.12-07.50.57:414][  0]LogConfig: Setting CVar [[r.SSS.Scale:1]]
[2022.09.12-07.50.57:414][  0]LogConfig: Setting CVar [[r.SSS.SampleSet:2]]
[2022.09.12-07.50.57:415][  0]LogConfig: Setting CVar [[r.SSS.Quality:1]]
[2022.09.12-07.50.57:416][  0]LogConfig: Setting CVar [[r.SSS.HalfRes:0]]
[2022.09.12-07.50.57:418][  0]LogConfig: Setting CVar [[r.SSGI.Quality:3]]
[2022.09.12-07.50.57:419][  0]LogConfig: Setting CVar [[r.EmitterSpawnRateScale:1.0]]
[2022.09.12-07.50.57:420][  0]LogConfig: Setting CVar [[r.ParticleLightQuality:2]]
[2022.09.12-07.50.57:420][  0]LogConfig: Setting CVar [[r.SkyAtmosphere.AerialPerspectiveLUT.FastApplyOnOpaque:1 ; Always have FastSkyLUT 1 in this case to avoid wrong sky]]
[2022.09.12-07.50.57:421][  0]LogConfig: Setting CVar [[r.SkyAtmosphere.AerialPerspectiveLUT.SampleCountMaxPerSlice:4]]
[2022.09.12-07.50.57:422][  0]LogConfig: Setting CVar [[r.SkyAtmosphere.AerialPerspectiveLUT.DepthResolution:16.0]]
[2022.09.12-07.50.57:422][  0]LogConfig: Setting CVar [[r.SkyAtmosphere.FastSkyLUT:1]]
[2022.09.12-07.50.57:423][  0]LogConfig: Setting CVar [[r.SkyAtmosphere.FastSkyLUT.SampleCountMin:4.0]]
[2022.09.12-07.50.57:424][  0]LogConfig: Setting CVar [[r.SkyAtmosphere.FastSkyLUT.SampleCountMax:128.0]]
[2022.09.12-07.50.57:424][  0]LogConfig: Setting CVar [[r.SkyAtmosphere.SampleCountMin:4.0]]
[2022.09.12-07.50.57:425][  0]LogConfig: Setting CVar [[r.SkyAtmosphere.SampleCountMax:128.0]]
[2022.09.12-07.50.57:426][  0]LogConfig: Setting CVar [[r.SkyAtmosphere.TransmittanceLUT.UseSmallFormat:0]]
[2022.09.12-07.50.57:426][  0]LogConfig: Setting CVar [[r.SkyAtmosphere.TransmittanceLUT.SampleCount:10.0]]
[2022.09.12-07.50.57:427][  0]LogConfig: Setting CVar [[r.SkyAtmosphere.MultiScatteringLUT.SampleCount:15.0]]
[2022.09.12-07.50.57:428][  0]LogConfig: Setting CVar [[r.SkyLight.RealTimeReflectionCapture:1]]
[2022.09.12-07.50.57:428][  0]LogConfig: Applying CVar settings from Section [FoliageQuality@3] File [C:/Users/User/Desktop/ProjectEX2/Saved/Config/Windows/Scalability.ini]
[2022.09.12-07.50.57:429][  0]LogConfig: Setting CVar [[foliage.DensityScale:1.0]]
[2022.09.12-07.50.57:430][  0]LogConfig: Setting CVar [[grass.DensityScale:1.0]]
[2022.09.12-07.50.57:431][  0]LogConfig: Applying CVar settings from Section [ShadingQuality@3] File [C:/Users/User/Desktop/ProjectEX2/Saved/Config/Windows/Scalability.ini]
[2022.09.12-07.50.57:433][  0]LogConfig: Setting CVar [[r.HairStrands.SkyLighting.IntegrationType:2]]
[2022.09.12-07.50.57:434][  0]LogConfig: Setting CVar [[r.HairStrands.SkyAO.SampleCount:4]]
[2022.09.12-07.50.57:434][  0]LogConfig: Setting CVar [[r.HairStrands.Visibility.MSAA.SamplePerPixel:4]]
[2022.09.12-07.50.57:435][  0]LogConfig: Applying CVar settings from Section [Startup] File [../../../Engine/Config/ConsoleVariables.ini]
[2022.09.12-07.50.57:436][  0]LogConfig: Setting CVar [[net.UseAdaptiveNetUpdateFrequency:0]]
[2022.09.12-07.50.57:436][  0]LogConfig: Setting CVar [[p.chaos.AllowCreatePhysxBodies:1]]
[2022.09.12-07.50.57:437][  0]LogConfig: Setting CVar [[fx.SkipVectorVMBackendOptimizations:1]]
[2022.09.12-07.50.57:438][  0]LogConfig: Applying CVar settings from Section [ConsoleVariables] File [C:/Users/User/Desktop/ProjectEX2/Saved/Config/Windows/Engine.ini]
[2022.09.12-07.50.57:439][  0]LogConfig: Applying CVar settings from Section [ConsoleVariables] File [C:/Users/User/Desktop/ProjectEX2/Saved/Config/Windows/Editor.ini]
[2022.09.12-07.50.57:439][  0]LogInit: Computer: DESKTOP-2NOSHEQ
[2022.09.12-07.50.57:440][  0]LogInit: User: User
[2022.09.12-07.50.57:441][  0]LogInit: CPU Page size=4096, Cores=6
[2022.09.12-07.50.57:441][  0]LogInit: High frequency timer resolution =10.000000 MHz
[2022.09.12-07.50.57:442][  0]LogMemory: Memory total: Physical=15.9GB (16GB approx)
[2022.09.12-07.50.57:442][  0]LogMemory: Platform Memory Stats for Windows
[2022.09.12-07.50.57:443][  0]LogMemory: Process Physical Memory: 137.37 MB used, 137.37 MB peak
[2022.09.12-07.50.57:444][  0]LogMemory: Process Virtual Memory: 116.91 MB used, 116.91 MB peak
[2022.09.12-07.50.57:444][  0]LogMemory: Physical Memory: 8280.31 MB used,  8037.84 MB free, 16318.14 MB total
[2022.09.12-07.50.57:445][  0]LogMemory: Virtual Memory: 134207936.00 MB used,  9790.95 MB free, 134217728.00 MB total
[2022.09.12-07.50.57:459][  0]LogWindows: WindowsPlatformFeatures disabled or dedicated server build
[2022.09.12-07.50.57:586][  0]LogInit: Physics initialised using underlying interface: PhysX
[2022.09.12-07.50.57:586][  0]LogInit: Using OS detected language (ko-KR).
[2022.09.12-07.50.57:587][  0]LogInit: Using OS detected locale (ko-KR).
[2022.09.12-07.50.57:596][  0]LogTextLocalizationManager: No specific localization for 'ko-KR' exists, so the 'ko' localization will be used.
[2022.09.12-07.50.58:077][  0]LogTargetPlatformManager: Display: Loaded TargetPlatform 'AllDesktop'
[2022.09.12-07.50.58:105][  0]LogTargetPlatformManager: Display: Loaded TargetPlatform 'Android'
[2022.09.12-07.50.58:106][  0]LogTargetPlatformManager: Display: Loaded TargetPlatform 'Android_ASTC'
[2022.09.12-07.50.58:107][  0]LogTargetPlatformManager: Display: Loaded TargetPlatform 'Android_DXT'
[2022.09.12-07.50.58:107][  0]LogTargetPlatformManager: Display: Loaded TargetPlatform 'Android_ETC2'
[2022.09.12-07.50.58:108][  0]LogTargetPlatformManager: Display: Loaded TargetPlatform 'AndroidClient'
[2022.09.12-07.50.58:109][  0]LogTargetPlatformManager: Display: Loaded TargetPlatform 'Android_ASTCClient'
[2022.09.12-07.50.58:109][  0]LogTargetPlatformManager: Display: Loaded TargetPlatform 'Android_DXTClient'
[2022.09.12-07.50.58:110][  0]LogTargetPlatformManager: Display: Loaded TargetPlatform 'Android_ETC2Client'
[2022.09.12-07.50.58:111][  0]LogTargetPlatformManager: Display: Loaded TargetPlatform 'Android_Multi'
[2022.09.12-07.50.58:112][  0]LogTargetPlatformManager: Display: Loaded TargetPlatform 'Android_MultiClient'
[2022.09.12-07.50.58:142][  0]LogTargetPlatformManager: Display: Loaded TargetPlatform 'IOSClient'
[2022.09.12-07.50.58:143][  0]LogTargetPlatformManager: Display: Loaded TargetPlatform 'IOS'
[2022.09.12-07.50.58:160][  0]LogTargetPlatformManager: Display: Loaded TargetPlatform 'Linux'
[2022.09.12-07.50.58:168][  0]LogTargetPlatformManager: Display: Loaded TargetPlatform 'LinuxNoEditor'
[2022.09.12-07.50.58:177][  0]LogTargetPlatformManager: Display: Loaded TargetPlatform 'LinuxClient'
[2022.09.12-07.50.58:185][  0]LogTargetPlatformManager: Display: Loaded TargetPlatform 'LinuxServer'
[2022.09.12-07.50.58:202][  0]LogTargetPlatformManager: Display: Loaded TargetPlatform 'LinuxAArch64NoEditor'
[2022.09.12-07.50.58:210][  0]LogTargetPlatformManager: Display: Loaded TargetPlatform 'LinuxAArch64Client'
[2022.09.12-07.50.58:218][  0]LogTargetPlatformManager: Display: Loaded TargetPlatform 'LinuxAArch64Server'
[2022.09.12-07.50.58:255][  0]LogTargetPlatformManager: Display: Loaded TargetPlatform 'Lumin'
[2022.09.12-07.50.58:255][  0]LogTargetPlatformManager: Display: Loaded TargetPlatform 'LuminClient'
[2022.09.12-07.50.58:271][  0]LogTargetPlatformManager: Display: Loaded TargetPlatform 'MacNoEditor'
[2022.09.12-07.50.58:279][  0]LogTargetPlatformManager: Display: Loaded TargetPlatform 'Mac'
[2022.09.12-07.50.58:287][  0]LogTargetPlatformManager: Display: Loaded TargetPlatform 'MacClient'
[2022.09.12-07.50.58:295][  0]LogTargetPlatformManager: Display: Loaded TargetPlatform 'MacServer'
[2022.09.12-07.50.58:311][  0]LogTargetPlatformManager: Display: Loaded TargetPlatform 'TVOSClient'
[2022.09.12-07.50.58:311][  0]LogTargetPlatformManager: Display: Loaded TargetPlatform 'TVOS'
[2022.09.12-07.50.58:325][  0]LogTargetPlatformManager: Display: Loaded TargetPlatform 'WindowsNoEditor'
[2022.09.12-07.50.58:333][  0]LogTargetPlatformManager: Display: Loaded TargetPlatform 'Windows'
[2022.09.12-07.50.58:342][  0]LogTargetPlatformManager: Display: Loaded TargetPlatform 'WindowsClient'
[2022.09.12-07.50.58:350][  0]LogTargetPlatformManager: Display: Loaded TargetPlatform 'WindowsServer'
[2022.09.12-07.50.58:350][  0]LogTargetPlatformManager: Display: Building Assets For Windows
[2022.09.12-07.50.58:365][  0]LogAudioDebug: Display: Lib vorbis DLL was dynamically loaded.
[2022.09.12-07.50.58:430][  0]LogTextureFormatOodle: Display: Oodle Texture 2.9.0 init RDO Off
[2022.09.12-07.50.58:486][  0]LogRendererCore: Ray tracing is disabled. Reason: r.RayTracing=0.
[2022.09.12-07.50.58:486][  0]LogShaderCompilers: Guid format shader working directory is -3 characters bigger than the processId version (../../../../../../Users/User/Desktop/ProjectEX2/Intermediate/Shaders/WorkingDirectory/65564/).
[2022.09.12-07.50.58:487][  0]LogShaderCompilers: Cleaned the shader compiler working directory 'C:/Users/User/AppData/Local/Temp/UnrealShaderWorkingDir/7FF504D141C1C540B87644A4F9838F95/'.
[2022.09.12-07.50.58:488][  0]LogXGEController: Cannot use XGE Controller as Incredibuild is not installed on this machine.
[2022.09.12-07.50.58:489][  0]LogShaderCompilers: Cannot use XGE Shader Compiler as Incredibuild is not installed on this machine.
[2022.09.12-07.50.58:489][  0]LogShaderCompilers: Display: Using Local Shader Compiler.
[2022.09.12-07.50.58:995][  0]LogDerivedDataCache: Display: Max Cache Size: 512 MB
[2022.09.12-07.50.59:051][  0]LogDerivedDataCache: Loaded boot cache 0.06s 103MB C:/Users/User/AppData/Local/UnrealEngine/4.27/DerivedDataCache/Boot.ddc.
[2022.09.12-07.50.59:051][  0]LogDerivedDataCache: Display: Loaded Boot cache: C:/Users/User/AppData/Local/UnrealEngine/4.27/DerivedDataCache/Boot.ddc
[2022.09.12-07.50.59:053][  0]LogDerivedDataCache: FDerivedDataBackendGraph:  Pak pak cache file ../../../../../../Users/User/Desktop/ProjectEX2/DerivedDataCache/DDC.ddp not found, will not use a pak cache.
[2022.09.12-07.50.59:053][  0]LogDerivedDataCache: Unable to find inner node Pak for hierarchical cache Hierarchy.
[2022.09.12-07.50.59:054][  0]LogDerivedDataCache: FDerivedDataBackendGraph:  CompressedPak pak cache file ../../../../../../Users/User/Desktop/ProjectEX2/DerivedDataCache/Compressed.ddp not found, will not use a pak cache.
[2022.09.12-07.50.59:055][  0]LogDerivedDataCache: Unable to find inner node CompressedPak for hierarchical cache Hierarchy.
[2022.09.12-07.50.59:073][  0]LogDerivedDataCache: Display: Pak cache opened for reading ../../../Engine/DerivedDataCache/Compressed.ddp.
[2022.09.12-07.50.59:073][  0]LogDerivedDataCache: FDerivedDataBackendGraph:  EnterprisePak pak cache file ../../../Enterprise/DerivedDataCache/Compressed.ddp not found, will not use a pak cache.
[2022.09.12-07.50.59:074][  0]LogDerivedDataCache: Unable to find inner node EnterprisePak for hierarchical cache Hierarchy.
[2022.09.12-07.50.59:087][  0]LogDerivedDataCache: Speed tests for C:/Users/User/AppData/Local/UnrealEngine/Common/DerivedDataCache took 0.01 seconds
[2022.09.12-07.50.59:087][  0]LogDerivedDataCache: Display: Performance to C:/Users/User/AppData/Local/UnrealEngine/Common/DerivedDataCache: Latency=0.05ms. RandomReadSpeed=300.73MBs, RandomWriteSpeed=104.67MBs. Assigned SpeedClass 'Local'
[2022.09.12-07.50.59:089][  0]LogDerivedDataCache: Using Local data cache path C:/Users/User/AppData/Local/UnrealEngine/Common/DerivedDataCache: Writable
[2022.09.12-07.50.59:089][  0]LogDerivedDataCache: Shared data cache path not found in *engine.ini, will not use an Shared cache.
[2022.09.12-07.50.59:089][  0]LogDerivedDataCache: Unable to find inner node Shared for hierarchical cache Hierarchy.
[2022.09.12-07.50.59:095][  0]LogInit: Using OS detected language (ko-KR).
[2022.09.12-07.50.59:096][  0]LogInit: Using OS detected locale (ko-KR).
[2022.09.12-07.50.59:096][  0]LogTextLocalizationManager: No localization for 'ko-KR' exists, so 'en' will be used for the language.
[2022.09.12-07.50.59:097][  0]LogTextLocalizationManager: No localization for 'ko-KR' exists, so 'en' will be used for the locale.
[2022.09.12-07.50.59:101][  0]LogAssetRegistry: FAssetRegistry took 0.0022 seconds to start up
[2022.09.12-07.50.59:290][  0]LogTextLocalizationManager: Compacting localization data took   0.01ms
[2022.09.12-07.50.59:290][  0]LogPackageLocalizationCache: Processed 27 localized package path(s) for 1 prioritized culture(s) in 0.040247 seconds
[2022.09.12-07.50.59:379][  0]LogInit: Selected Device Profile: [Windows]
[2022.09.12-07.50.59:379][  0]LogInit: Active device profile: [0000018089646400][000001808DA79740 49] Windows
[2022.09.12-07.50.59:380][  0]LogInit: Profiles: [0000018089646400][000001808DA79740 49] Windows, [000001808A605000][000001808DA87A00 49] WindowsNoEditor, [0000018089645000][000001808DA8A140 49] WindowsServer, [000001808A607300][000001808DA8E400 49] WindowsClient, [0000018089646000][000001808DA926C0 49] IOS, [000001808A604F00][000001808DA96980 49] iPadAir, [0000018089644C00][000001808DA9AC40 49] iPadAir2, [000001808A5C0B00][000001808DAB1140 49] IPadPro, [000001808A5C0C00][000001808DA9F180 49] iPadAir3, [0000018089691D00][000001808DA7D400 49] iPadAir4, [000001808A5C2A00][000001808DAA96C0 49] iPadMini2, [0000018089691C00][000001808DABB980 49] iPadMini3, [000001808A5C1900][000001808DABE0C0 49] iPadMini4, [0000018089690A00][000001808DAC2380 49] iPadMini5, [000001808A5EC500][000001808DAD68C0 49] iPhone6, [000001808A5EC600][000001808DAC6900 49] iPodTouch6, [0000018089647100][000001808DADEE40 49] iPhone7, [0000018089647300][000001808DACEE80 49] iPodTouch7, [000001808A5EF500][000001808DAD3140 49] iPhone5S, [0000018089647600][000001808DAAD3C0 49] iPhone6Plus, [000001808A5EE300][000001808DACB640 49] iPhone6S, [0000018089645D00][000001808DAE3900 49] iPhone6SPlus, [000001808A5EE600][000001808DAE7BC0 49] iPhone7Plus, [0000018089646700][000001808DAEA300 49] iPhoneSE, [000001808A5EE500][000001808DAEE5C0 49] iPhone8, [0000018089645600][000001808DAF2880 49] iPhone8Plus, [000001808A5EF100][000001808DAF6B40 49] iPhoneX, [0000018089647900][000001808DAFAE00 49] iPhoneXS, [000001808A5EFB00][000001808DAFF0C0 49] iPhoneXSMax, [0000018089644E00][000001808DB03380 49] iPhoneXR, [000001808A5ED600][000001808DADB600 49] iPhone11, [0000018089644B00][000001808DB0B8C0 49] iPhone11Pro, [000001808A5EC700][000001808DB0FB80 49] iPhone11ProMax, [0000018089644100][000001808DB122C0 49] iPhoneSE2, [000001808A5EE800][000001808DB16580 49] iPhone12Mini, [0000018089645100][000001808DB1A840 49] iPhone12, [000001808A5ECE00][000001808DB1EB00 49] iPhone12Pro, [0000018089647B00][000001808DB22DC0 49] iPhone12ProMax, [000001808A5EFF00][000001808DB27080 49] iPadPro105, [0000018089646200][000001808DB2B340 49] iPadPro129, [000001808A5EDB00][000001808DB075C0 49] iPadPro97, [0000018089646F00][000001808DB2F840 49] iPadPro2_129, [000001808A5ED200][000001808DB37B00 49] iPad5, [000001808A5C3200][000001808DB3A240 49] iPad6, [000001808A5EEC00][000001808DB3E500 49] iPad7, [000001808A5C1D00][000001808DB427C0 49] iPad8, [000001808A5EE000][000001808DB46A80 49] iPadPro11, [000001808A5C1400][000001808DB4AD40 49] iPadPro2_11, [000001808A5EC300][000001808DB4F000 49] iPadPro3_129, [000001808A5C2E00][000001808DB532C0 49] iPadPro4_129, [0000018089691000][000001808DB57580 49] AppleTV, [000001808A5C1200][000001808DB33800 49] AppleTV4K, [0000018089692200][000001808DB5BA80 49] TVOS, [000001808A5C2F00][000001808DB621C0 49] Mac, [0000018089692000][000001808DB66480 49] MacClient, [000001808A5C3F00][000001808DB6A740 49] MacNoEditor, [0000018089690F00][000001808DB6EA00 49] MacServer, [000001808A5C1A00][000001808DB72CC0 49] Linux, [0000018089691100][000001808DB76F80 49] LinuxAArch64, [000001808A5C2700][000001808DB7B240 49] LinuxNoEditor, [0000018089690200][000001808DB7F500 49] LinuxAArch64NoEditor, [000001808A5C0F00][000001808DB837C0 49] LinuxClient, [0000018089690C00][000001808DB5FA40 49] LinuxAArch64Client, [000001808A5C0D00][000001808DB86140 49] LinuxServer, [0000018089690E00][000001808DB8E400 49] LinuxAArch64Server, [000001808A5C0700][000001808DB926C0 49] Android, [000001808A5ED900][000001808DB96980 49] Android_Low, [000001808A5C1600][000001808DB9AC40 49] Android_Mid, [000001808A5ED700][000001808DB9EF00 49] Android_High, [000001808A5C3700][000001808DBA31C0 49] Android_Default, [000001808A5EF600][000001808DBA7480 49] Android_Adreno4xx, [000001808A5C2400][000001808DBAB740 49] Android_Adreno5xx_Low, [000001808A5EC400][000001808DBAFA00 49] Android_Adreno5xx, [000001808A5C2800][000001808DB8A100 49] Android_Adreno6xx, [000001808A5ED300][000001808DBB2380 49] Android_Adreno6xx_Vulkan, [000001808A5C1500][000001808DBBA640 49] Android_Mali_T6xx, [000001808A5EDE00][000001808DBBE900 49] Android_Mali_T7xx, [000001808A5C3B00][000001808DBC2BC0 49] Android_Mali_T8xx, [000001808A5EED00][000001808DBC6E80 49] Android_Mali_G71, [000001808A5C2B00][000001808DBCB140 49] Android_Mali_G72, [000001808A5EF200][000001808DBCF400 49] Android_Mali_G72_Vulkan, [000001808A5C0100][000001808DBD36C0 49] Android_Mali_G76, [000001808A5EDD00][000001808DBD7980 49] Android_Mali_G76_Vulkan, [000001808A5C2500][000001808DBDA0C0 49] Android_Mali_G77, [000001808A5EC100][000001808DBB6340 49] Android_Mali_G77_Vulkan, [000001808A5C0E00][000001808DBDE5C0 49] Android_Mali_G78, [000001808A604800][000001808DBE6880 49] Android_Mali_G78_Vulkan, [0000018089647500][000001808DBEAB40 49] Android_Mali_G710, [000001808A606F00][000001808DBEEE00 49] Android_Mali_G710_Vulkan, [0000018089646500][000001808DBF30C0 49] Android_Vulkan_SM5, [000001808A605700][000001808DBF7380 49] Android_PowerVR_G6xxx, [0000018089644800][000001808DBFB640 49] Android_PowerVR_GT7xxx, [000001808A604100][000001808DBFF900 49] Android_PowerVR_GE8xxx, [0000018089646600][000001808DC03BC0 49] Android_PowerVR_GM9xxx, [000001808A607C00][000001808DC06300 49] Android_PowerVR_GM9xxx_Vulkan, [0000018089644A00][000001808DBE2580 49] Android_TegraK1, [000001808A606B00][000001808DC0A800 49] Android_Unknown_Vulkan, [0000018089645400][000001808DC12AC0 49] Lumin, [000001808A605E00][000001808DC16D80 49] Lumin_Desktop, [0000018089645800][000001808DC1B040 49] HoloLens, 
[2022.09.12-07.50.59:439][  0]LogMeshReduction: Using QuadricMeshReduction for automatic static mesh reduction
[2022.09.12-07.50.59:439][  0]LogMeshReduction: Using SimplygonMeshReduction for automatic skeletal mesh reduction
[2022.09.12-07.50.59:440][  0]LogMeshReduction: Using ProxyLODMeshReduction for automatic mesh merging
[2022.09.12-07.50.59:441][  0]LogMeshReduction: No distributed automatic mesh merging module available
[2022.09.12-07.50.59:441][  0]LogMeshMerging: No distributed automatic mesh merging module available
[2022.09.12-07.50.59:458][  0]LogNetVersion: ProjectEX2 1.0.0, NetCL: 17155196, EngineNetVer: 17, GameNetVer: 0 (Checksum: 681271976)
[2022.09.12-07.50.59:576][  0]LogTexture: Default maximum texture size for cubemaps generated from long-lat sources has been changed from 512 to unlimited. In order to preserve old behaiour for '/Engine/MapTemplates/Sky/DaylightAmbientCubemap.DaylightAmbientCubemap', its maximum texture size has been explicitly set to 512.
[2022.09.12-07.50.59:594][  0]LogHMD: PokeAHoleMaterial loaded successfully
[2022.09.12-07.50.59:827][  0]LogPython: Using Python 3.7.7
[2022.09.12-07.51.00:229][  0]LogNiagaraDebuggerClient: Niagara Debugger Client Initialized | Session: 9ECF7595448DE58ED9FBF1A35CB7B272 | Instance: FABAEBBF42C50CEEE70A87B85F346BEA (DESKTOP-2NOSHEQ-65564).
[2022.09.12-07.51.00:258][  0]LogCollectionManager: Loaded 0 collections in 0.002091 seconds
[2022.09.12-07.51.00:261][  0]LogFileCache: Scanning file cache for directory 'C:/Users/User/Desktop/ProjectEX2/Saved/Collections/' took 0.00s
[2022.09.12-07.51.00:261][  0]LogFileCache: Scanning file cache for directory 'C:/Users/User/Desktop/ProjectEX2/Content/Developers/User/Collections/' took 0.00s
[2022.09.12-07.51.00:262][  0]LogFileCache: Scanning file cache for directory 'C:/Users/User/Desktop/ProjectEX2/Content/Collections/' took 0.00s
[2022.09.12-07.51.00:262][  0]LogCollectionManager: Fixed up redirectors for 0 collections in 0.000002 seconds (updated 0 objects)
[2022.09.12-07.51.00:792][  0]SourceControl: Source control is disabled
[2022.09.12-07.51.00:793][  0]SourceControl: Source control is disabled
[2022.09.12-07.51.00:799][  0]SourceControl: Source control is disabled
[2022.09.12-07.51.00:810][  0]LogUProjectInfo: Found projects:
[2022.09.12-07.51.00:941][  0]LogOpenImageDenoise: OIDN starting up
[2022.09.12-07.51.01:000][  0]LogAndroidPermission: UAndroidPermissionCallbackProxy::GetInstance
[2022.09.12-07.51.01:036][  0]LogAudioCaptureCore: Display: No Audio Capture implementations found. Audio input will be silent.
[2022.09.12-07.51.01:036][  0]LogAudioCaptureCore: Display: No Audio Capture implementations found. Audio input will be silent.
[2022.09.12-07.51.01:125][  0]LogOcInput: OculusInput pre-init called
[2022.09.12-07.51.01:134][  0]LogUObjectArray: 22866 objects as part of root set at end of initial load.
[2022.09.12-07.51.01:134][  0]LogUObjectAllocator: 6314688 out of 0 bytes used by permanent object pool.
[2022.09.12-07.51.01:135][  0]LogUObjectArray: CloseDisregardForGC: 0/0 objects in disregard for GC pool
[2022.09.12-07.51.01:180][  0]LogEngine: Initializing Engine...
[2022.09.12-07.51.01:182][  0]LogStats: UGameplayTagsManager::InitializeManager -  0.000 s
[2022.09.12-07.51.01:198][  0]LogInit: Initializing FReadOnlyCVARCache
[2022.09.12-07.51.01:198][  0]LogNetVersion: Set ProjectVersion to 1.0.0.0. Version Checksum will be recalculated on next use.
[2022.09.12-07.51.01:289][  0]LogDerivedDataCache: Saved boot cache 0.09s 103MB C:/Users/User/AppData/Local/UnrealEngine/4.27/DerivedDataCache/Boot.ddc.
[2022.09.12-07.51.01:294][  0]LogInit: Texture streaming: Disabled
[2022.09.12-07.51.01:333][  0]LogInit: Display: Game Engine Initialized.
[2022.09.12-07.51.01:333][  0]LogNiagaraEditor: GEditor isn't valid! Particle reset commands will not work for Niagara components!
[2022.09.12-07.51.01:414][  0]LogInit: Display: Starting Game.
[2022.09.12-07.51.01:414][  0]LogNet: Browse: /Game/ThirdPersonCPP/Maps/ThirdPersonExampleMap?Name=Player
[2022.09.12-07.51.01:415][  0]LogLoad: LoadMap: /Game/ThirdPersonCPP/Maps/ThirdPersonExampleMap?Name=Player
[2022.09.12-07.51.01:416][  0]LogWorld: BeginTearingDown for /Temp/Untitled_0
[2022.09.12-07.51.01:418][  0]LogWorld: UWorld::CleanupWorld for Untitled, bSessionEnded=true, bCleanupResources=true
[2022.09.12-07.51.01:428][  0]LogUObjectHash: Compacting FUObjectHashTables data took   0.81ms
[2022.09.12-07.51.01:486][  0]LogAIModule: Creating AISystem for world ThirdPersonExampleMap
[2022.09.12-07.51.01:486][  0]LogLoad: Game class is 'ProjectEX2GameMode'
[2022.09.12-07.51.01:489][  0]LogNet: ReplicationDriverClass is null! Not using ReplicationDriver.
[2022.09.12-07.51.01:489][  0]LogNetCore: DDoS detection status: detection enabled: 0 analytics enabled: 0
[2022.09.12-07.51.01:490][  0]LogInit: WinSock: Socket queue. Rx: 131072 (config 131072) Tx: 131072 (config 131072)
[2022.09.12-07.51.01:500][  0]LogNet: Created socket for bind address: 0.0.0.0 on port 7777
[2022.09.12-07.51.01:500][  0]PacketHandlerLog: Loaded PacketHandler component: Engine.EngineHandlerComponentFactory (StatelessConnectHandlerComponent)
[2022.09.12-07.51.01:502][  0]LogNet: GameNetDriver IpNetDriver_0 IpNetDriver listening on port 7777
[2022.09.12-07.51.01:504][  0]LogWorld: Bringing World /Game/ThirdPersonCPP/Maps/ThirdPersonExampleMap.ThirdPersonExampleMap up for play (max tick rate 30) at 2022.09.12-16.51.01
[2022.09.12-07.51.01:504][  0]LogWorld: Bringing up level for play took: 0.002428
[2022.09.12-07.51.01:505][  0]LogLoad: Took 0.090452 seconds to LoadMap(/Game/ThirdPersonCPP/Maps/ThirdPersonExampleMap)
[2022.09.12-07.51.01:520][  0]LogInit: Display: Engine is initialized. Leaving FEngineLoop::Init()
[2022.09.12-07.51.01:520][  0]LogLoad: (Engine Initialization) Total time: 7.13 seconds
[2022.09.12-07.51.01:521][  0]LogLoad: (Engine Initialization) Total Blueprint compile time: 0.00 seconds
[2022.09.12-07.57.33:458][854]LogNet: NotifyAcceptingConnection accepted from: 192.168.0.16:51943
[2022.09.12-07.57.33:459][854]LogHandshake: SendConnectChallenge. Timestamp: 391.935252, Cookie: 178042228110151097234034254226202154101104090133143201025059
[2022.09.12-07.57.33:490][855]LogNet: NotifyAcceptingConnection accepted from: 192.168.0.16:51943
[2022.09.12-07.57.33:490][855]LogHandshake: SendChallengeAck. InCookie: 178042228110151097234034254226202154101104090133143201025059
[2022.09.12-07.57.33:491][855]LogNet: Server accepting post-challenge connection from: 192.168.0.16:51943
[2022.09.12-07.57.33:492][855]PacketHandlerLog: Loaded PacketHandler component: Engine.EngineHandlerComponentFactory (StatelessConnectHandlerComponent)
[2022.09.12-07.57.33:492][855]LogNet: NotifyAcceptedConnection: Name: ThirdPersonExampleMap, TimeStamp: 09/12/22 16:57:33, [UNetConnection] RemoteAddr: 192.168.0.16:51943, Name: IpConnection_0, Driver: GameNetDriver IpNetDriver_0, IsServer: YES, PC: NULL, Owner: NULL, UniqueId: INVALID
[2022.09.12-07.57.33:493][855]LogNet: AddClientConnection: Added client connection: [UNetConnection] RemoteAddr: 192.168.0.16:51943, Name: IpConnection_0, Driver: GameNetDriver IpNetDriver_0, IsServer: YES, PC: NULL, Owner: NULL, UniqueId: INVALID
[2022.09.12-07.57.33:524][856]LogNet: NotifyAcceptingChannel Control 0 server World /Game/ThirdPersonCPP/Maps/ThirdPersonExampleMap.ThirdPersonExampleMap: Accepted
[2022.09.12-07.57.33:526][856]LogNet: Remote platform little endian=1
[2022.09.12-07.57.33:526][856]LogNet: This platform little endian=1
[2022.09.12-07.57.33:526][856]LogNetVersion: ProjectEX2 1.0.0.0, NetCL: 17155196, EngineNetVer: 17, GameNetVer: 0 (Checksum: 3294948752)
[2022.09.12-07.57.33:558][857]LogNet: Login request: ?Name=DESKTOP-2NOSHEQ-9AC03DCE42AAA8F0FBF275B40E99EBFB userId: NULL:DESKTOP-2NOSHEQ-9AC03DCE42AAA8F0FBF275B40E99EBFB platform: NULL
[2022.09.12-07.57.33:658][860]LogNet: Client netspeed is 100000
[2022.09.12-07.57.33:658][860]LogNet: Join request: /Engine/Maps/Entry?Name=DESKTOP-2NOSHEQ-9AC03DCE42AAA8F0FBF275B40E99EBFB?SplitscreenCount=1
[2022.09.12-07.57.33:661][860]LogOnlineSession: Warning: OSS: No game present to join for session (GameSession)
[2022.09.12-07.57.33:680][860]LogNet: Join succeeded: DESKTOP-2NOSHEQ-9AC0
[2022.09.12-07.59.02:022][524]LogNet: UChannel::ReceivedSequencedBunch: Bunch.bClose == true. ChIndex == 0. Calling ConditionalCleanUp.
[2022.09.12-07.59.02:022][524]LogNet: UChannel::CleanUp: ChIndex == 0. Closing connection. [UChannel] ChIndex: 0, Closing: 0 [UNetConnection] RemoteAddr: 192.168.0.16:51943, Name: IpConnection_0, Driver: GameNetDriver IpNetDriver_0, IsServer: YES, PC: PlayerController_0, Owner: PlayerController_0, UniqueId: NULL:DESKTOP-2NOSHEQ-9AC03DCE42AAA8F0FBF275B40E99EBFB
[2022.09.12-07.59.02:023][524]LogNet: UNetConnection::Close: [UNetConnection] RemoteAddr: 192.168.0.16:51943, Name: IpConnection_0, Driver: GameNetDriver IpNetDriver_0, IsServer: YES, PC: PlayerController_0, Owner: PlayerController_0, UniqueId: NULL:DESKTOP-2NOSHEQ-9AC03DCE42AAA8F0FBF275B40E99EBFB, Channels: 10, Time: 2022.09.12-07.59.02
[2022.09.12-07.59.02:024][524]LogNet: UChannel::Close: Sending CloseBunch. ChIndex == 0. Name: [UChannel] ChIndex: 0, Closing: 0 [UNetConnection] RemoteAddr: 192.168.0.16:51943, Name: IpConnection_0, Driver: GameNetDriver IpNetDriver_0, IsServer: YES, PC: PlayerController_0, Owner: PlayerController_0, UniqueId: NULL:DESKTOP-2NOSHEQ-9AC03DCE42AAA8F0FBF275B40E99EBFB
[2022.09.12-07.59.02:025][524]LogOnlineSession: Warning: OSS: No game present to leave for session (GameSession)
