Log file open, 09/12/22 16:57:25
LogWindows: Failed to load 'aqProf.dll' (GetLastError=126)
LogWindows: File 'aqProf.dll' does not exist
LogWindows: Failed to load 'VtuneApi.dll' (GetLastError=126)
LogWindows: File 'VtuneApi.dll' does not exist
LogWindows: Failed to load 'VtuneApi32e.dll' (GetLastError=126)
LogWindows: File 'VtuneApi32e.dll' does not exist
LogConsoleResponse: Display: Failed to find resolution value strings in scalability ini. Falling back to default.
LogConsoleResponse: Display: Failed to find resolution value strings in scalability ini. Falling back to default.
LogInit: Display: Running engine for game: ProjectEX2
LogPlatformFile: Not using cached read wrapper
LogTaskGraph: Started task graph with 5 named threads and 20 total threads with 3 sets of task threads.
LogStats: Stats thread started at 0.289714
LogICUInternationalization: ICU TimeZone Detection - Raw Offset: +9:00, Platform Override: ''
LogInit: Display: Loading text-based GConfig....
LogPluginManager: Mounting plugin MeshPainting
LogPluginManager: Mounting plugin XGEController
LogPluginManager: Mounting plugin Paper2D
LogPluginManager: Mounting plugin LiveLink
LogPluginManager: Mounting plugin LightPropagationVolume
LogPluginManager: Mounting plugin AISupport
LogPluginManager: Mounting plugin GameplayCameras
LogPluginManager: Mounting plugin CameraShakePreviewer
LogPluginManager: Mounting plugin EnvironmentQueryEditor
LogPluginManager: Mounting plugin OodleData
LogPluginManager: Mounting plugin OodleNetwork
LogPluginManager: Mounting plugin AnimationSharing
LogPluginManager: Mounting plugin CodeLiteSourceCodeAccess
LogPluginManager: Mounting plugin GitSourceControl
LogPluginManager: Mounting plugin KDevelopSourceCodeAccess
LogPluginManager: Mounting plugin PixWinPlugin
LogPluginManager: Mounting plugin PerforceSourceControl
LogPluginManager: Mounting plugin PlasticSourceControl
LogPluginManager: Mounting plugin NullSourceCodeAccess
LogPluginManager: Mounting plugin PluginUtils
LogPluginManager: Mounting plugin RiderSourceCodeAccess
LogPluginManager: Mounting plugin TextureFormatOodle
LogPluginManager: Mounting plugin SubversionSourceControl
LogPluginManager: Mounting plugin UObjectPlugin
LogPluginManager: Mounting plugin VisualStudioCodeSourceCodeAccess
LogPluginManager: Mounting plugin VisualStudioSourceCodeAccess
LogPluginManager: Mounting plugin XCodeSourceCodeAccess
LogPluginManager: Mounting plugin AssetManagerEditor
LogPluginManager: Mounting plugin CryptoKeys
LogPluginManager: Mounting plugin CurveEditorTools
LogPluginManager: Mounting plugin CLionSourceCodeAccess
LogPluginManager: Mounting plugin PropertyAccessNode
LogPluginManager: Mounting plugin DatasmithContent
LogPluginManager: Mounting plugin DataValidation
LogPluginManager: Mounting plugin VariantManagerContent
LogPluginManager: Mounting plugin FacialAnimation
LogPluginManager: Mounting plugin GeometryMode
LogPluginManager: Mounting plugin GameplayTagsEditor
LogPluginManager: Mounting plugin MaterialAnalyzer
LogPluginManager: Mounting plugin MacGraphicsSwitching
LogPluginManager: Mounting plugin PluginBrowser
LogPluginManager: Mounting plugin SpeedTreeImporter
LogPluginManager: Mounting plugin MobileLauncherProfileWizard
LogPluginManager: Mounting plugin Niagara
LogPluginManager: Mounting plugin AlembicImporter
LogPluginManager: Mounting plugin BackChannel
LogPluginManager: Mounting plugin AutomationUtils
LogPluginManager: Mounting plugin ChaosCloth
LogPluginManager: Mounting plugin ChaosClothEditor
LogPluginManager: Mounting plugin ChaosEditor
LogPluginManager: Mounting plugin ChaosNiagara
LogPluginManager: Mounting plugin ChaosSolverPlugin
LogPluginManager: Mounting plugin CharacterAI
LogPluginManager: Mounting plugin GeometryCache
LogPluginManager: Mounting plugin GeometryCollectionPlugin
LogPluginManager: Mounting plugin GeometryProcessing
LogPluginManager: Mounting plugin MotoSynth
LogPluginManager: Mounting plugin OpenImageDenoise
LogPluginManager: Mounting plugin PlanarCut
LogPluginManager: Mounting plugin PlatformCrypto
LogPluginManager: Mounting plugin ProxyLODPlugin
LogPluginManager: Mounting plugin PythonScriptPlugin
LogPluginManager: Mounting plugin SkeletalReduction
LogPluginManager: Mounting plugin LuminPlatformFeatures
LogPluginManager: Mounting plugin MagicLeap
LogPluginManager: Mounting plugin MagicLeapLightEstimation
LogPluginManager: Mounting plugin MagicLeapMedia
LogPluginManager: Mounting plugin MagicLeapPassableWorld
LogPluginManager: Mounting plugin MLSDK
LogPluginManager: Mounting plugin TcpMessaging
LogPluginManager: Mounting plugin UdpMessaging
LogPluginManager: Mounting plugin AndroidMedia
LogPluginManager: Mounting plugin AvfMedia
LogPluginManager: Mounting plugin MediaCompositing
LogPluginManager: Mounting plugin ImgMedia
LogPluginManager: Mounting plugin MediaPlayerEditor
LogPluginManager: Mounting plugin WebMMedia
LogPluginManager: Mounting plugin ActorSequence
LogPluginManager: Mounting plugin MatineeToLevelSequence
LogPluginManager: Mounting plugin TemplateSequence
LogPluginManager: Mounting plugin LevelSequenceEditor
LogPluginManager: Mounting plugin LauncherChunkInstaller
LogPluginManager: Mounting plugin OnlineSubsystem
LogPluginManager: Mounting plugin OnlineSubsystemNull
LogPluginManager: Mounting plugin OnlineSubsystemUtils
LogPluginManager: Mounting plugin ActorLayerUtilities
LogPluginManager: Mounting plugin AndroidDeviceProfileSelector
LogPluginManager: Mounting plugin AndroidMoviePlayer
LogPluginManager: Mounting plugin AndroidPermission
LogPluginManager: Mounting plugin AppleImageUtils
LogPluginManager: Mounting plugin AppleMoviePlayer
LogPluginManager: Mounting plugin ArchVisCharacter
LogPluginManager: Mounting plugin AssetTags
LogPluginManager: Mounting plugin AudioCapture
LogPluginManager: Mounting plugin AudioSynesthesia
LogPluginManager: Mounting plugin ChunkDownloader
LogPluginManager: Mounting plugin CableComponent
LogPluginManager: Mounting plugin CustomMeshComponent
LogPluginManager: Mounting plugin EditableMesh
LogPluginManager: Mounting plugin WmfMedia
LogPluginManager: Mounting plugin ExampleDeviceProfileSelector
LogPluginManager: Mounting plugin GoogleCloudMessaging
LogPluginManager: Mounting plugin GooglePAD
LogPluginManager: Mounting plugin LinuxDeviceProfileSelector
LogPluginManager: Mounting plugin IOSDeviceProfileSelector
LogPluginManager: Mounting plugin LocationServicesBPLibrary
LogPluginManager: Mounting plugin MobilePatchingUtils
LogPluginManager: Mounting plugin OpenXR
LogPluginManager: Mounting plugin OpenXREyeTracker
LogPluginManager: Mounting plugin OpenXRHandTracking
LogPluginManager: Mounting plugin PhysXVehicles
LogPluginManager: Mounting plugin PostSplashScreen
LogPluginManager: Mounting plugin PropertyAccessEditor
LogPluginManager: Mounting plugin ProceduralMeshComponent
LogPluginManager: Mounting plugin RuntimePhysXCooking
LogPluginManager: Mounting plugin SignificanceManager
LogPluginManager: Mounting plugin SoundFields
LogPluginManager: Mounting plugin Synthesis
LogPluginManager: Mounting plugin WebMMoviePlayer
LogPluginManager: Mounting plugin WindowsMoviePlayer
LogPluginManager: Mounting plugin ScreenshotTools
LogPluginManager: Mounting plugin Takes
LogPluginManager: Mounting plugin ContentBrowserAssetDataSource
LogPluginManager: Mounting plugin ContentBrowserClassDataSource
LogPluginManager: Mounting plugin ContentBrowserFileDataSource
LogPluginManager: Mounting plugin OnlineSubsystemGooglePlay
LogPluginManager: Mounting plugin OnlineSubsystemIOS
LogPluginManager: Mounting plugin OculusVR
LogPluginManager: Mounting plugin SteamVR
PixWinPlugin: PIX capture plugin failed to initialize! Check that the process is launched from PIX.
LogInit: Using libcurl 7.55.1-DEV
LogInit:  - built for x86_64-pc-win32
LogInit:  - supports SSL with OpenSSL/1.1.1
LogInit:  - supports HTTP deflate (compression) using libz 1.2.8
LogInit:  - other features:
LogInit:      CURL_VERSION_SSL
LogInit:      CURL_VERSION_LIBZ
LogInit:      CURL_VERSION_IPV6
LogInit:      CURL_VERSION_ASYNCHDNS
LogInit:      CURL_VERSION_LARGEFILE
LogInit:      CURL_VERSION_IDN
LogInit:  CurlRequestOptions (configurable via config and command line):
LogInit:  - bVerifyPeer = true  - Libcurl will verify peer certificate
LogInit:  - bUseHttpProxy = false  - Libcurl will NOT use HTTP proxy
LogInit:  - bDontReuseConnections = false  - Libcurl will reuse connections
LogInit:  - MaxHostConnections = 16  - Libcurl will limit the number of connections to a host
LogInit:  - LocalHostAddr = Default
LogInit:  - BufferSize = 65536
LogOnline: OSS: Creating online subsystem instance for: NULL
LogInit: WinSock: version 1.1 (2.2), MaxSocks=32767, MaxUdp=65467
LogOnline: OSS: TryLoadSubsystemAndSetDefault: Loaded subsystem for module [NULL]
LogOculusPluginWrapper: OculusPlugin initialized successfully
LogHMD: Failed initializing OVRPlugin 1.59.0
LogInit: Build: ++UE4+Release-4.27-CL-18319896
LogInit: Engine Version: 4.27.2-18319896+++UE4+Release-4.27
LogInit: Compatible Engine Version: 4.27.0-17155196+++UE4+Release-4.27
LogInit: Net CL: 17155196
LogInit: OS: Windows 10 (Release 2009) (), CPU: AMD Ryzen 5 3500 6-Core Processor              , GPU: NVIDIA GeForce GTX 1660 SUPER
LogInit: Compiled (64-bit): Nov 30 2021 07:12:08
LogInit: Compiled with Visual C++: 19.24.28315.00
LogInit: Build Configuration: Development
LogInit: Branch Name: ++UE4+Release-4.27
LogInit: Command Line:  192.168.0.16 -game -log
LogInit: Base Directory: C:/Program Files/Epic Games/UE_4.27/Engine/Binaries/Win64/
LogInit: Allocator: TBB
LogInit: Installed Engine Build: 1
LogDevObjectVersion: Number of dev versions registered: 29
LogDevObjectVersion:   Dev-Blueprints (B0D832E4-1F89-4F0D-ACCF-7EB736FD4AA2): 10
LogDevObjectVersion:   Dev-Build (E1C64328-A22C-4D53-A36C-8E866417BD8C): 0
LogDevObjectVersion:   Dev-Core (375EC13C-06E4-48FB-B500-84F0262A717E): 4
LogDevObjectVersion:   Dev-Editor (E4B068ED-F494-42E9-A231-DA0B2E46BB41): 40
LogDevObjectVersion:   Dev-Framework (CFFC743F-43B0-4480-9391-14DF171D2073): 37
LogDevObjectVersion:   Dev-Mobile (B02B49B5-BB20-44E9-A304-32B752E40360): 3
LogDevObjectVersion:   Dev-Networking (A4E4105C-59A1-49B5-A7C5-40C4547EDFEE): 0
LogDevObjectVersion:   Dev-Online (39C831C9-5AE6-47DC-9A44-9C173E1C8E7C): 0
LogDevObjectVersion:   Dev-Physics (78F01B33-EBEA-4F98-B9B4-84EACCB95AA2): 14
LogDevObjectVersion:   Dev-Platform (6631380F-2D4D-43E0-8009-CF276956A95A): 0
LogDevObjectVersion:   Dev-Rendering (12F88B9F-8875-4AFC-A67C-D90C383ABD29): 45
LogDevObjectVersion:   Dev-Sequencer (7B5AE74C-D270-4C10-A958-57980B212A5A): 13
LogDevObjectVersion:   Dev-VR (D7296918-1DD6-4BDD-9DE2-64A83CC13884): 3
LogDevObjectVersion:   Dev-LoadTimes (C2A15278-BFE7-4AFE-6C17-90FF531DF755): 1
LogDevObjectVersion:   Private-Geometry (6EACA3D4-40EC-4CC1-B786-8BED09428FC5): 3
LogDevObjectVersion:   Dev-AnimPhys (29E575DD-E0A3-4627-9D10-D276232CDCEA): 17
LogDevObjectVersion:   Dev-Anim (AF43A65D-7FD3-4947-9873-3E8ED9C1BB05): 15
LogDevObjectVersion:   Dev-ReflectionCapture (6B266CEC-1EC7-4B8F-A30B-E4D90942FC07): 1
LogDevObjectVersion:   Dev-Automation (0DF73D61-A23F-47EA-B727-89E90C41499A): 1
LogDevObjectVersion:   FortniteMain (601D1886-AC64-4F84-AA16-D3DE0DEAC7D6): 47
LogDevObjectVersion:   FortniteRelease (E7086368-6B23-4C58-8439-1B7016265E91): 1
LogDevObjectVersion:   Dev-Enterprise (9DFFBCD6-494F-0158-E221-12823C92A888): 10
LogDevObjectVersion:   Dev-Niagara (F2AED0AC-9AFE-416F-8664-AA7FFA26D6FC): 1
LogDevObjectVersion:   Dev-Destruction (174F1F0B-B4C6-45A5-B13F-2EE8D0FB917D): 10
LogDevObjectVersion:   Dev-Physics-Ext (35F94A83-E258-406C-A318-09F59610247C): 41
LogDevObjectVersion:   Dev-PhysicsMaterial-Chaos (B68FC16E-8B1B-42E2-B453-215C058844FE): 1
LogDevObjectVersion:   Dev-CineCamera (B2E18506-4273-CFC2-A54E-F4BB758BBA07): 1
LogDevObjectVersion:   Dev-VirtualProduction (64F58936-FD1B-42BA-BA96-7289D5D0FA4E): 1
LogDevObjectVersion:   Dev-MediaFramework (6F0ED827-A609-4895-9C91-998D90180EA4): 2
LogInit: Presizing for max 25165824 objects, including 0 objects not considered by GC, pre-allocating 0 bytes for permanent pool.
LogConfig: Applying CVar settings from Section [/Script/Engine.StreamingSettings] File [C:/Users/User/Desktop/ProjectEX2/Saved/Config/Windows/Engine.ini]
LogConfig: Setting CVar [[s.MinBulkDataSizeForAsyncLoading:131072]]
LogConfig: Setting CVar [[s.AsyncLoadingThreadEnabled:0]]
LogConfig: Setting CVar [[s.EventDrivenLoaderEnabled:1]]
LogConfig: Setting CVar [[s.WarnIfTimeLimitExceeded:0]]
LogConfig: Setting CVar [[s.TimeLimitExceededMultiplier:1.5]]
LogConfig: Setting CVar [[s.TimeLimitExceededMinTime:0.005]]
LogConfig: Setting CVar [[s.UseBackgroundLevelStreaming:1]]
LogConfig: Setting CVar [[s.PriorityAsyncLoadingExtraTime:15.0]]
LogConfig: Setting CVar [[s.LevelStreamingActorsUpdateTimeLimit:5.0]]
LogConfig: Setting CVar [[s.PriorityLevelStreamingActorsUpdateExtraTime:5.0]]
LogConfig: Setting CVar [[s.LevelStreamingComponentsRegistrationGranularity:10]]
LogConfig: Setting CVar [[s.UnregisterComponentsTimeLimit:1.0]]
LogConfig: Setting CVar [[s.LevelStreamingComponentsUnregistrationGranularity:5]]
LogConfig: Setting CVar [[s.FlushStreamingOnExit:1]]
LogInit: Object subsystem initialized
LogConfig: Setting CVar [[con.DebugEarlyDefault:1]]
LogConfig: Setting CVar [[r.setres:1280x720]]
[2022.09.12-07.57.26:917][  0]LogConfig: Setting CVar [[con.DebugEarlyDefault:1]]
[2022.09.12-07.57.26:918][  0]LogConfig: Setting CVar [[r.setres:1280x720]]
[2022.09.12-07.57.26:918][  0]LogConfig: Applying CVar settings from Section [/Script/Engine.RendererSettings] File [C:/Users/User/Desktop/ProjectEX2/Saved/Config/Windows/Engine.ini]
[2022.09.12-07.57.26:919][  0]LogConfig: Setting CVar [[r.GPUCrashDebugging:0]]
[2022.09.12-07.57.26:920][  0]LogConfig: Applying CVar settings from Section [/Script/Engine.RendererOverrideSettings] File [C:/Users/User/Desktop/ProjectEX2/Saved/Config/Windows/Engine.ini]
[2022.09.12-07.57.26:921][  0]LogConfig: Applying CVar settings from Section [/Script/Engine.StreamingSettings] File [C:/Users/User/Desktop/ProjectEX2/Saved/Config/Windows/Engine.ini]
[2022.09.12-07.57.26:922][  0]LogConfig: Setting CVar [[s.MinBulkDataSizeForAsyncLoading:131072]]
[2022.09.12-07.57.26:923][  0]LogConfig: Setting CVar [[s.AsyncLoadingThreadEnabled:0]]
[2022.09.12-07.57.26:923][  0]LogConfig: Setting CVar [[s.EventDrivenLoaderEnabled:1]]
[2022.09.12-07.57.26:925][  0]LogConfig: Setting CVar [[s.WarnIfTimeLimitExceeded:0]]
[2022.09.12-07.57.26:926][  0]LogConfig: Setting CVar [[s.TimeLimitExceededMultiplier:1.5]]
[2022.09.12-07.57.26:927][  0]LogConfig: Setting CVar [[s.TimeLimitExceededMinTime:0.005]]
[2022.09.12-07.57.26:927][  0]LogConfig: Setting CVar [[s.UseBackgroundLevelStreaming:1]]
[2022.09.12-07.57.26:928][  0]LogConfig: Setting CVar [[s.PriorityAsyncLoadingExtraTime:15.0]]
[2022.09.12-07.57.26:929][  0]LogConfig: Setting CVar [[s.LevelStreamingActorsUpdateTimeLimit:5.0]]
[2022.09.12-07.57.26:929][  0]LogConfig: Setting CVar [[s.PriorityLevelStreamingActorsUpdateExtraTime:5.0]]
[2022.09.12-07.57.26:930][  0]LogConfig: Setting CVar [[s.LevelStreamingComponentsRegistrationGranularity:10]]
[2022.09.12-07.57.26:931][  0]LogConfig: Setting CVar [[s.UnregisterComponentsTimeLimit:1.0]]
[2022.09.12-07.57.26:931][  0]LogConfig: Setting CVar [[s.LevelStreamingComponentsUnregistrationGranularity:5]]
[2022.09.12-07.57.26:932][  0]LogConfig: Setting CVar [[s.FlushStreamingOnExit:1]]
[2022.09.12-07.57.26:932][  0]LogConfig: Applying CVar settings from Section [/Script/Engine.GarbageCollectionSettings] File [C:/Users/User/Desktop/ProjectEX2/Saved/Config/Windows/Engine.ini]
[2022.09.12-07.57.26:933][  0]LogConfig: Setting CVar [[gc.MaxObjectsNotConsideredByGC:1]]
[2022.09.12-07.57.26:934][  0]LogConfig: Setting CVar [[gc.SizeOfPermanentObjectPool:0]]
[2022.09.12-07.57.26:935][  0]LogConfig: Setting CVar [[gc.FlushStreamingOnGC:0]]
[2022.09.12-07.57.26:936][  0]LogConfig: Setting CVar [[gc.NumRetriesBeforeForcingGC:10]]
[2022.09.12-07.57.26:937][  0]LogConfig: Setting CVar [[gc.AllowParallelGC:1]]
[2022.09.12-07.57.26:938][  0]LogConfig: Setting CVar [[gc.TimeBetweenPurgingPendingKillObjects:61.1]]
[2022.09.12-07.57.26:938][  0]LogConfig: Setting CVar [[gc.MaxObjectsInEditor:25165824]]
[2022.09.12-07.57.26:938][  0]LogConfig: Setting CVar [[gc.IncrementalBeginDestroyEnabled:1]]
[2022.09.12-07.57.26:939][  0]LogConfig: Setting CVar [[gc.CreateGCClusters:1]]
[2022.09.12-07.57.26:940][  0]LogConfig: Setting CVar [[gc.MinGCClusterSize:5]]
[2022.09.12-07.57.26:940][  0]LogConfig: Setting CVar [[gc.ActorClusteringEnabled:0]]
[2022.09.12-07.57.26:941][  0]LogConfig: Setting CVar [[gc.BlueprintClusteringEnabled:0]]
[2022.09.12-07.57.26:942][  0]LogConfig: Setting CVar [[gc.UseDisregardForGCOnDedicatedServers:0]]
[2022.09.12-07.57.26:942][  0]LogConfig: Setting CVar [[gc.MultithreadedDestructionEnabled:1]]
[2022.09.12-07.57.26:943][  0]LogConfig: Applying CVar settings from Section [/Script/Engine.NetworkSettings] File [C:/Users/User/Desktop/ProjectEX2/Saved/Config/Windows/Engine.ini]
[2022.09.12-07.57.26:944][  0]LogConfig: Applying CVar settings from Section [/Script/UnrealEd.CookerSettings] File [C:/Users/User/Desktop/ProjectEX2/Saved/Config/Windows/Engine.ini]
[2022.09.12-07.57.26:970][  0]LogConfig: Applying CVar settings from Section [ViewDistanceQuality@3] File [C:/Users/User/Desktop/ProjectEX2/Saved/Config/Windows/Scalability.ini]
[2022.09.12-07.57.26:970][  0]LogConfig: Setting CVar [[r.SkeletalMeshLODBias:0]]
[2022.09.12-07.57.26:972][  0]LogConfig: Setting CVar [[r.ViewDistanceScale:1.0]]
[2022.09.12-07.57.26:973][  0]LogConfig: Applying CVar settings from Section [AntiAliasingQuality@3] File [C:/Users/User/Desktop/ProjectEX2/Saved/Config/Windows/Scalability.ini]
[2022.09.12-07.57.26:974][  0]LogConfig: Setting CVar [[r.PostProcessAAQuality:4]]
[2022.09.12-07.57.26:975][  0]LogConfig: Applying CVar settings from Section [ShadowQuality@3] File [C:/Users/User/Desktop/ProjectEX2/Saved/Config/Windows/Scalability.ini]
[2022.09.12-07.57.26:976][  0]LogConfig: Setting CVar [[r.LightFunctionQuality:1]]
[2022.09.12-07.57.26:977][  0]LogConfig: Setting CVar [[r.ShadowQuality:5]]
[2022.09.12-07.57.26:977][  0]LogConfig: Setting CVar [[r.Shadow.CSM.MaxCascades:10]]
[2022.09.12-07.57.26:978][  0]LogConfig: Setting CVar [[r.Shadow.MaxResolution:2048]]
[2022.09.12-07.57.26:978][  0]LogConfig: Setting CVar [[r.Shadow.MaxCSMResolution:2048]]
[2022.09.12-07.57.26:979][  0]LogConfig: Setting CVar [[r.Shadow.RadiusThreshold:0.01]]
[2022.09.12-07.57.26:979][  0]LogConfig: Setting CVar [[r.Shadow.DistanceScale:1.0]]
[2022.09.12-07.57.26:980][  0]LogConfig: Setting CVar [[r.Shadow.CSM.TransitionScale:1.0]]
[2022.09.12-07.57.26:981][  0]LogConfig: Setting CVar [[r.Shadow.PreShadowResolutionFactor:1.0]]
[2022.09.12-07.57.26:982][  0]LogConfig: Setting CVar [[r.DistanceFieldShadowing:1]]
[2022.09.12-07.57.26:983][  0]LogConfig: Setting CVar [[r.DistanceFieldAO:1]]
[2022.09.12-07.57.26:984][  0]LogConfig: Setting CVar [[r.AOQuality:2]]
[2022.09.12-07.57.26:984][  0]LogConfig: Setting CVar [[r.VolumetricFog:1]]
[2022.09.12-07.57.26:985][  0]LogConfig: Setting CVar [[r.VolumetricFog.GridPixelSize:8]]
[2022.09.12-07.57.26:985][  0]LogConfig: Setting CVar [[r.VolumetricFog.GridSizeZ:128]]
[2022.09.12-07.57.26:986][  0]LogConfig: Setting CVar [[r.VolumetricFog.HistoryMissSupersampleCount:4]]
[2022.09.12-07.57.26:987][  0]LogConfig: Setting CVar [[r.LightMaxDrawDistanceScale:1]]
[2022.09.12-07.57.26:988][  0]LogConfig: Setting CVar [[r.CapsuleShadows:1]]
[2022.09.12-07.57.26:988][  0]LogConfig: Applying CVar settings from Section [PostProcessQuality@3] File [C:/Users/User/Desktop/ProjectEX2/Saved/Config/Windows/Scalability.ini]
[2022.09.12-07.57.26:989][  0]LogConfig: Setting CVar [[r.MotionBlurQuality:4]]
[2022.09.12-07.57.26:989][  0]LogConfig: Setting CVar [[r.AmbientOcclusionMipLevelFactor:0.4]]
[2022.09.12-07.57.26:990][  0]LogConfig: Setting CVar [[r.AmbientOcclusionMaxQuality:100]]
[2022.09.12-07.57.26:990][  0]LogConfig: Setting CVar [[r.AmbientOcclusionLevels:-1]]
[2022.09.12-07.57.26:991][  0]LogConfig: Setting CVar [[r.AmbientOcclusionRadiusScale:1.0]]
[2022.09.12-07.57.26:992][  0]LogConfig: Setting CVar [[r.DepthOfFieldQuality:2]]
[2022.09.12-07.57.26:992][  0]LogConfig: Setting CVar [[r.RenderTargetPoolMin:400]]
[2022.09.12-07.57.26:993][  0]LogConfig: Setting CVar [[r.LensFlareQuality:2]]
[2022.09.12-07.57.26:993][  0]LogConfig: Setting CVar [[r.SceneColorFringeQuality:1]]
[2022.09.12-07.57.26:994][  0]LogConfig: Setting CVar [[r.EyeAdaptationQuality:2]]
[2022.09.12-07.57.26:995][  0]LogConfig: Setting CVar [[r.BloomQuality:5]]
[2022.09.12-07.57.26:995][  0]LogConfig: Setting CVar [[r.FastBlurThreshold:100]]
[2022.09.12-07.57.26:996][  0]LogConfig: Setting CVar [[r.Upscale.Quality:3]]
[2022.09.12-07.57.26:998][  0]LogConfig: Setting CVar [[r.Tonemapper.GrainQuantization:1]]
[2022.09.12-07.57.26:999][  0]LogConfig: Setting CVar [[r.LightShaftQuality:1]]
[2022.09.12-07.57.26:999][  0]LogConfig: Setting CVar [[r.Filter.SizeScale:1]]
[2022.09.12-07.57.27:000][  0]LogConfig: Setting CVar [[r.Tonemapper.Quality:5]]
[2022.09.12-07.57.27:001][  0]LogConfig: Setting CVar [[r.DOF.Gather.AccumulatorQuality:1        ; higher gathering accumulator quality]]
[2022.09.12-07.57.27:002][  0]LogConfig: Setting CVar [[r.DOF.Gather.PostfilterMethod:1          ; Median3x3 postfilering method]]
[2022.09.12-07.57.27:003][  0]LogConfig: Setting CVar [[r.DOF.Gather.EnableBokehSettings:0       ; no bokeh simulation when gathering]]
[2022.09.12-07.57.27:003][  0]LogConfig: Setting CVar [[r.DOF.Gather.RingCount:4                 ; medium number of samples when gathering]]
[2022.09.12-07.57.27:004][  0]LogConfig: Setting CVar [[r.DOF.Scatter.ForegroundCompositing:1    ; additive foreground scattering]]
[2022.09.12-07.57.27:004][  0]LogConfig: Setting CVar [[r.DOF.Scatter.BackgroundCompositing:2    ; additive background scattering]]
[2022.09.12-07.57.27:005][  0]LogConfig: Setting CVar [[r.DOF.Scatter.EnableBokehSettings:1      ; bokeh simulation when scattering]]
[2022.09.12-07.57.27:006][  0]LogConfig: Setting CVar [[r.DOF.Scatter.MaxSpriteRatio:0.1         ; only a maximum of 10% of scattered bokeh]]
[2022.09.12-07.57.27:006][  0]LogConfig: Setting CVar [[r.DOF.Recombine.Quality:1                ; cheap slight out of focus]]
[2022.09.12-07.57.27:007][  0]LogConfig: Setting CVar [[r.DOF.Recombine.EnableBokehSettings:0    ; no bokeh simulation on slight out of focus]]
[2022.09.12-07.57.27:008][  0]LogConfig: Setting CVar [[r.DOF.TemporalAAQuality:1                ; more stable temporal accumulation]]
[2022.09.12-07.57.27:008][  0]LogConfig: Setting CVar [[r.DOF.Kernel.MaxForegroundRadius:0.025]]
[2022.09.12-07.57.27:009][  0]LogConfig: Setting CVar [[r.DOF.Kernel.MaxBackgroundRadius:0.025]]
[2022.09.12-07.57.27:010][  0]LogConfig: Applying CVar settings from Section [TextureQuality@3] File [C:/Users/User/Desktop/ProjectEX2/Saved/Config/Windows/Scalability.ini]
[2022.09.12-07.57.27:010][  0]LogConfig: Setting CVar [[r.Streaming.MipBias:0]]
[2022.09.12-07.57.27:011][  0]LogConfig: Setting CVar [[r.Streaming.AmortizeCPUToGPUCopy:0]]
[2022.09.12-07.57.27:015][  0]LogConfig: Setting CVar [[r.Streaming.MaxNumTexturesToStreamPerFrame:0]]
[2022.09.12-07.57.27:015][  0]LogConfig: Setting CVar [[r.Streaming.Boost:1]]
[2022.09.12-07.57.27:016][  0]LogConfig: Setting CVar [[r.MaxAnisotropy:8]]
[2022.09.12-07.57.27:017][  0]LogConfig: Setting CVar [[r.VT.MaxAnisotropy:8]]
[2022.09.12-07.57.27:017][  0]LogConfig: Setting CVar [[r.Streaming.LimitPoolSizeToVRAM:0]]
[2022.09.12-07.57.27:018][  0]LogConfig: Setting CVar [[r.Streaming.PoolSize:1000]]
[2022.09.12-07.57.27:019][  0]LogConfig: Setting CVar [[r.Streaming.MaxEffectiveScreenSize:0]]
[2022.09.12-07.57.27:019][  0]LogConfig: Applying CVar settings from Section [EffectsQuality@3] File [C:/Users/User/Desktop/ProjectEX2/Saved/Config/Windows/Scalability.ini]
[2022.09.12-07.57.27:020][  0]LogConfig: Setting CVar [[r.TranslucencyLightingVolumeDim:64]]
[2022.09.12-07.57.27:021][  0]LogConfig: Setting CVar [[r.RefractionQuality:2]]
[2022.09.12-07.57.27:021][  0]LogConfig: Setting CVar [[r.SSR.Quality:3]]
[2022.09.12-07.57.27:022][  0]LogConfig: Setting CVar [[r.SSR.HalfResSceneColor:0]]
[2022.09.12-07.57.27:023][  0]LogConfig: Setting CVar [[r.SceneColorFormat:4]]
[2022.09.12-07.57.27:023][  0]LogConfig: Setting CVar [[r.DetailMode:2]]
[2022.09.12-07.57.27:024][  0]LogConfig: Setting CVar [[r.TranslucencyVolumeBlur:1]]
[2022.09.12-07.57.27:024][  0]LogConfig: Setting CVar [[r.MaterialQualityLevel:1 ; High quality]]
[2022.09.12-07.57.27:025][  0]LogConfig: Setting CVar [[r.AnisotropicMaterials:1]]
[2022.09.12-07.57.27:025][  0]LogConfig: Setting CVar [[r.SSS.Scale:1]]
[2022.09.12-07.57.27:028][  0]LogConfig: Setting CVar [[r.SSS.SampleSet:2]]
[2022.09.12-07.57.27:029][  0]LogConfig: Setting CVar [[r.SSS.Quality:1]]
[2022.09.12-07.57.27:029][  0]LogConfig: Setting CVar [[r.SSS.HalfRes:0]]
[2022.09.12-07.57.27:030][  0]LogConfig: Setting CVar [[r.SSGI.Quality:3]]
[2022.09.12-07.57.27:030][  0]LogConfig: Setting CVar [[r.EmitterSpawnRateScale:1.0]]
[2022.09.12-07.57.27:031][  0]LogConfig: Setting CVar [[r.ParticleLightQuality:2]]
[2022.09.12-07.57.27:032][  0]LogConfig: Setting CVar [[r.SkyAtmosphere.AerialPerspectiveLUT.FastApplyOnOpaque:1 ; Always have FastSkyLUT 1 in this case to avoid wrong sky]]
[2022.09.12-07.57.27:032][  0]LogConfig: Setting CVar [[r.SkyAtmosphere.AerialPerspectiveLUT.SampleCountMaxPerSlice:4]]
[2022.09.12-07.57.27:033][  0]LogConfig: Setting CVar [[r.SkyAtmosphere.AerialPerspectiveLUT.DepthResolution:16.0]]
[2022.09.12-07.57.27:034][  0]LogConfig: Setting CVar [[r.SkyAtmosphere.FastSkyLUT:1]]
[2022.09.12-07.57.27:034][  0]LogConfig: Setting CVar [[r.SkyAtmosphere.FastSkyLUT.SampleCountMin:4.0]]
[2022.09.12-07.57.27:035][  0]LogConfig: Setting CVar [[r.SkyAtmosphere.FastSkyLUT.SampleCountMax:128.0]]
[2022.09.12-07.57.27:036][  0]LogConfig: Setting CVar [[r.SkyAtmosphere.SampleCountMin:4.0]]
[2022.09.12-07.57.27:036][  0]LogConfig: Setting CVar [[r.SkyAtmosphere.SampleCountMax:128.0]]
[2022.09.12-07.57.27:037][  0]LogConfig: Setting CVar [[r.SkyAtmosphere.TransmittanceLUT.UseSmallFormat:0]]
[2022.09.12-07.57.27:038][  0]LogConfig: Setting CVar [[r.SkyAtmosphere.TransmittanceLUT.SampleCount:10.0]]
[2022.09.12-07.57.27:038][  0]LogConfig: Setting CVar [[r.SkyAtmosphere.MultiScatteringLUT.SampleCount:15.0]]
[2022.09.12-07.57.27:039][  0]LogConfig: Setting CVar [[r.SkyLight.RealTimeReflectionCapture:1]]
[2022.09.12-07.57.27:040][  0]LogConfig: Applying CVar settings from Section [FoliageQuality@3] File [C:/Users/User/Desktop/ProjectEX2/Saved/Config/Windows/Scalability.ini]
[2022.09.12-07.57.27:041][  0]LogConfig: Setting CVar [[foliage.DensityScale:1.0]]
[2022.09.12-07.57.27:043][  0]LogConfig: Setting CVar [[grass.DensityScale:1.0]]
[2022.09.12-07.57.27:044][  0]LogConfig: Applying CVar settings from Section [ShadingQuality@3] File [C:/Users/User/Desktop/ProjectEX2/Saved/Config/Windows/Scalability.ini]
[2022.09.12-07.57.27:044][  0]LogConfig: Setting CVar [[r.HairStrands.SkyLighting.IntegrationType:2]]
[2022.09.12-07.57.27:045][  0]LogConfig: Setting CVar [[r.HairStrands.SkyAO.SampleCount:4]]
[2022.09.12-07.57.27:046][  0]LogConfig: Setting CVar [[r.HairStrands.Visibility.MSAA.SamplePerPixel:4]]
[2022.09.12-07.57.27:046][  0]LogInit: Selected Device Profile: [Windows]
[2022.09.12-07.57.27:047][  0]LogInit: Applying CVar settings loaded from the selected device profile: [Windows]
[2022.09.12-07.57.27:047][  0]LogHAL: Display: Platform has ~ 16 GB [17110814720 / 17179869184 / 16], which maps to Larger [LargestMinGB=32, LargerMinGB=12, DefaultMinGB=8, SmallerMinGB=6, SmallestMinGB=0)
[2022.09.12-07.57.27:048][  0]LogInit: Going up to parent DeviceProfile []
[2022.09.12-07.57.27:049][  0]LogConfig: Applying CVar settings from Section [ViewDistanceQuality@3] File [C:/Users/User/Desktop/ProjectEX2/Saved/Config/Windows/Scalability.ini]
[2022.09.12-07.57.27:050][  0]LogConfig: Setting CVar [[r.SkeletalMeshLODBias:0]]
[2022.09.12-07.57.27:050][  0]LogConfig: Setting CVar [[r.ViewDistanceScale:1.0]]
[2022.09.12-07.57.27:050][  0]LogConfig: Applying CVar settings from Section [AntiAliasingQuality@3] File [C:/Users/User/Desktop/ProjectEX2/Saved/Config/Windows/Scalability.ini]
[2022.09.12-07.57.27:050][  0]LogConfig: Setting CVar [[r.PostProcessAAQuality:4]]
[2022.09.12-07.57.27:051][  0]LogConfig: Applying CVar settings from Section [ShadowQuality@3] File [C:/Users/User/Desktop/ProjectEX2/Saved/Config/Windows/Scalability.ini]
[2022.09.12-07.57.27:051][  0]LogConfig: Setting CVar [[r.LightFunctionQuality:1]]
[2022.09.12-07.57.27:051][  0]LogConfig: Setting CVar [[r.ShadowQuality:5]]
[2022.09.12-07.57.27:052][  0]LogConfig: Setting CVar [[r.Shadow.CSM.MaxCascades:10]]
[2022.09.12-07.57.27:052][  0]LogConfig: Setting CVar [[r.Shadow.MaxResolution:2048]]
[2022.09.12-07.57.27:053][  0]LogConfig: Setting CVar [[r.Shadow.MaxCSMResolution:2048]]
[2022.09.12-07.57.27:054][  0]LogConfig: Setting CVar [[r.Shadow.RadiusThreshold:0.01]]
[2022.09.12-07.57.27:055][  0]LogConfig: Setting CVar [[r.Shadow.DistanceScale:1.0]]
[2022.09.12-07.57.27:055][  0]LogConfig: Setting CVar [[r.Shadow.CSM.TransitionScale:1.0]]
[2022.09.12-07.57.27:056][  0]LogConfig: Setting CVar [[r.Shadow.PreShadowResolutionFactor:1.0]]
[2022.09.12-07.57.27:058][  0]LogConfig: Setting CVar [[r.DistanceFieldShadowing:1]]
[2022.09.12-07.57.27:059][  0]LogConfig: Setting CVar [[r.DistanceFieldAO:1]]
[2022.09.12-07.57.27:059][  0]LogConfig: Setting CVar [[r.AOQuality:2]]
[2022.09.12-07.57.27:060][  0]LogConfig: Setting CVar [[r.VolumetricFog:1]]
[2022.09.12-07.57.27:061][  0]LogConfig: Setting CVar [[r.VolumetricFog.GridPixelSize:8]]
[2022.09.12-07.57.27:061][  0]LogConfig: Setting CVar [[r.VolumetricFog.GridSizeZ:128]]
[2022.09.12-07.57.27:062][  0]LogConfig: Setting CVar [[r.VolumetricFog.HistoryMissSupersampleCount:4]]
[2022.09.12-07.57.27:063][  0]LogConfig: Setting CVar [[r.LightMaxDrawDistanceScale:1]]
[2022.09.12-07.57.27:064][  0]LogConfig: Setting CVar [[r.CapsuleShadows:1]]
[2022.09.12-07.57.27:064][  0]LogConfig: Applying CVar settings from Section [PostProcessQuality@3] File [C:/Users/User/Desktop/ProjectEX2/Saved/Config/Windows/Scalability.ini]
[2022.09.12-07.57.27:065][  0]LogConfig: Setting CVar [[r.MotionBlurQuality:4]]
[2022.09.12-07.57.27:065][  0]LogConfig: Setting CVar [[r.AmbientOcclusionMipLevelFactor:0.4]]
[2022.09.12-07.57.27:066][  0]LogConfig: Setting CVar [[r.AmbientOcclusionMaxQuality:100]]
[2022.09.12-07.57.27:067][  0]LogConfig: Setting CVar [[r.AmbientOcclusionLevels:-1]]
[2022.09.12-07.57.27:067][  0]LogConfig: Setting CVar [[r.AmbientOcclusionRadiusScale:1.0]]
[2022.09.12-07.57.27:068][  0]LogConfig: Setting CVar [[r.DepthOfFieldQuality:2]]
[2022.09.12-07.57.27:069][  0]LogConfig: Setting CVar [[r.RenderTargetPoolMin:400]]
[2022.09.12-07.57.27:069][  0]LogConfig: Setting CVar [[r.LensFlareQuality:2]]
[2022.09.12-07.57.27:069][  0]LogConfig: Setting CVar [[r.SceneColorFringeQuality:1]]
[2022.09.12-07.57.27:069][  0]LogConfig: Setting CVar [[r.EyeAdaptationQuality:2]]
[2022.09.12-07.57.27:070][  0]LogConfig: Setting CVar [[r.BloomQuality:5]]
[2022.09.12-07.57.27:071][  0]LogConfig: Setting CVar [[r.FastBlurThreshold:100]]
[2022.09.12-07.57.27:072][  0]LogConfig: Setting CVar [[r.Upscale.Quality:3]]
[2022.09.12-07.57.27:073][  0]LogConfig: Setting CVar [[r.Tonemapper.GrainQuantization:1]]
[2022.09.12-07.57.27:073][  0]LogConfig: Setting CVar [[r.LightShaftQuality:1]]
[2022.09.12-07.57.27:074][  0]LogConfig: Setting CVar [[r.Filter.SizeScale:1]]
[2022.09.12-07.57.27:074][  0]LogConfig: Setting CVar [[r.Tonemapper.Quality:5]]
[2022.09.12-07.57.27:075][  0]LogConfig: Setting CVar [[r.DOF.Gather.AccumulatorQuality:1        ; higher gathering accumulator quality]]
[2022.09.12-07.57.27:076][  0]LogConfig: Setting CVar [[r.DOF.Gather.PostfilterMethod:1          ; Median3x3 postfilering method]]
[2022.09.12-07.57.27:076][  0]LogConfig: Setting CVar [[r.DOF.Gather.EnableBokehSettings:0       ; no bokeh simulation when gathering]]
[2022.09.12-07.57.27:077][  0]LogConfig: Setting CVar [[r.DOF.Gather.RingCount:4                 ; medium number of samples when gathering]]
[2022.09.12-07.57.27:077][  0]LogConfig: Setting CVar [[r.DOF.Scatter.ForegroundCompositing:1    ; additive foreground scattering]]
[2022.09.12-07.57.27:078][  0]LogConfig: Setting CVar [[r.DOF.Scatter.BackgroundCompositing:2    ; additive background scattering]]
[2022.09.12-07.57.27:079][  0]LogConfig: Setting CVar [[r.DOF.Scatter.EnableBokehSettings:1      ; bokeh simulation when scattering]]
[2022.09.12-07.57.27:079][  0]LogConfig: Setting CVar [[r.DOF.Scatter.MaxSpriteRatio:0.1         ; only a maximum of 10% of scattered bokeh]]
[2022.09.12-07.57.27:080][  0]LogConfig: Setting CVar [[r.DOF.Recombine.Quality:1                ; cheap slight out of focus]]
[2022.09.12-07.57.27:081][  0]LogConfig: Setting CVar [[r.DOF.Recombine.EnableBokehSettings:0    ; no bokeh simulation on slight out of focus]]
[2022.09.12-07.57.27:082][  0]LogConfig: Setting CVar [[r.DOF.TemporalAAQuality:1                ; more stable temporal accumulation]]
[2022.09.12-07.57.27:083][  0]LogConfig: Setting CVar [[r.DOF.Kernel.MaxForegroundRadius:0.025]]
[2022.09.12-07.57.27:083][  0]LogConfig: Setting CVar [[r.DOF.Kernel.MaxBackgroundRadius:0.025]]
[2022.09.12-07.57.27:084][  0]LogConfig: Applying CVar settings from Section [TextureQuality@3] File [C:/Users/User/Desktop/ProjectEX2/Saved/Config/Windows/Scalability.ini]
[2022.09.12-07.57.27:084][  0]LogConfig: Setting CVar [[r.Streaming.MipBias:0]]
[2022.09.12-07.57.27:085][  0]LogConfig: Setting CVar [[r.Streaming.AmortizeCPUToGPUCopy:0]]
[2022.09.12-07.57.27:085][  0]LogConfig: Setting CVar [[r.Streaming.MaxNumTexturesToStreamPerFrame:0]]
[2022.09.12-07.57.27:086][  0]LogConfig: Setting CVar [[r.Streaming.Boost:1]]
[2022.09.12-07.57.27:088][  0]LogConfig: Setting CVar [[r.MaxAnisotropy:8]]
[2022.09.12-07.57.27:088][  0]LogConfig: Setting CVar [[r.VT.MaxAnisotropy:8]]
[2022.09.12-07.57.27:089][  0]LogConfig: Setting CVar [[r.Streaming.LimitPoolSizeToVRAM:0]]
[2022.09.12-07.57.27:089][  0]LogConfig: Setting CVar [[r.Streaming.PoolSize:1000]]
[2022.09.12-07.57.27:090][  0]LogConfig: Setting CVar [[r.Streaming.MaxEffectiveScreenSize:0]]
[2022.09.12-07.57.27:090][  0]LogConfig: Applying CVar settings from Section [EffectsQuality@3] File [C:/Users/User/Desktop/ProjectEX2/Saved/Config/Windows/Scalability.ini]
[2022.09.12-07.57.27:091][  0]LogConfig: Setting CVar [[r.TranslucencyLightingVolumeDim:64]]
[2022.09.12-07.57.27:091][  0]LogConfig: Setting CVar [[r.RefractionQuality:2]]
[2022.09.12-07.57.27:092][  0]LogConfig: Setting CVar [[r.SSR.Quality:3]]
[2022.09.12-07.57.27:092][  0]LogConfig: Setting CVar [[r.SSR.HalfResSceneColor:0]]
[2022.09.12-07.57.27:093][  0]LogConfig: Setting CVar [[r.SceneColorFormat:4]]
[2022.09.12-07.57.27:094][  0]LogConfig: Setting CVar [[r.DetailMode:2]]
[2022.09.12-07.57.27:095][  0]LogConfig: Setting CVar [[r.TranslucencyVolumeBlur:1]]
[2022.09.12-07.57.27:096][  0]LogConfig: Setting CVar [[r.MaterialQualityLevel:1 ; High quality]]
[2022.09.12-07.57.27:096][  0]LogConfig: Setting CVar [[r.AnisotropicMaterials:1]]
[2022.09.12-07.57.27:097][  0]LogConfig: Setting CVar [[r.SSS.Scale:1]]
[2022.09.12-07.57.27:097][  0]LogConfig: Setting CVar [[r.SSS.SampleSet:2]]
[2022.09.12-07.57.27:097][  0]LogConfig: Setting CVar [[r.SSS.Quality:1]]
[2022.09.12-07.57.27:097][  0]LogConfig: Setting CVar [[r.SSS.HalfRes:0]]
[2022.09.12-07.57.27:098][  0]LogConfig: Setting CVar [[r.SSGI.Quality:3]]
[2022.09.12-07.57.27:098][  0]LogConfig: Setting CVar [[r.EmitterSpawnRateScale:1.0]]
[2022.09.12-07.57.27:099][  0]LogConfig: Setting CVar [[r.ParticleLightQuality:2]]
[2022.09.12-07.57.27:099][  0]LogConfig: Setting CVar [[r.SkyAtmosphere.AerialPerspectiveLUT.FastApplyOnOpaque:1 ; Always have FastSkyLUT 1 in this case to avoid wrong sky]]
[2022.09.12-07.57.27:099][  0]LogConfig: Setting CVar [[r.SkyAtmosphere.AerialPerspectiveLUT.SampleCountMaxPerSlice:4]]
[2022.09.12-07.57.27:100][  0]LogConfig: Setting CVar [[r.SkyAtmosphere.AerialPerspectiveLUT.DepthResolution:16.0]]
[2022.09.12-07.57.27:100][  0]LogConfig: Setting CVar [[r.SkyAtmosphere.FastSkyLUT:1]]
[2022.09.12-07.57.27:103][  0]LogConfig: Setting CVar [[r.SkyAtmosphere.FastSkyLUT.SampleCountMin:4.0]]
[2022.09.12-07.57.27:104][  0]LogConfig: Setting CVar [[r.SkyAtmosphere.FastSkyLUT.SampleCountMax:128.0]]
[2022.09.12-07.57.27:104][  0]LogConfig: Setting CVar [[r.SkyAtmosphere.SampleCountMin:4.0]]
[2022.09.12-07.57.27:104][  0]LogConfig: Setting CVar [[r.SkyAtmosphere.SampleCountMax:128.0]]
[2022.09.12-07.57.27:105][  0]LogConfig: Setting CVar [[r.SkyAtmosphere.TransmittanceLUT.UseSmallFormat:0]]
[2022.09.12-07.57.27:106][  0]LogConfig: Setting CVar [[r.SkyAtmosphere.TransmittanceLUT.SampleCount:10.0]]
[2022.09.12-07.57.27:106][  0]LogConfig: Setting CVar [[r.SkyAtmosphere.MultiScatteringLUT.SampleCount:15.0]]
[2022.09.12-07.57.27:107][  0]LogConfig: Setting CVar [[r.SkyLight.RealTimeReflectionCapture:1]]
[2022.09.12-07.57.27:108][  0]LogConfig: Applying CVar settings from Section [FoliageQuality@3] File [C:/Users/User/Desktop/ProjectEX2/Saved/Config/Windows/Scalability.ini]
[2022.09.12-07.57.27:109][  0]LogConfig: Setting CVar [[foliage.DensityScale:1.0]]
[2022.09.12-07.57.27:110][  0]LogConfig: Setting CVar [[grass.DensityScale:1.0]]
[2022.09.12-07.57.27:110][  0]LogConfig: Applying CVar settings from Section [ShadingQuality@3] File [C:/Users/User/Desktop/ProjectEX2/Saved/Config/Windows/Scalability.ini]
[2022.09.12-07.57.27:111][  0]LogConfig: Setting CVar [[r.HairStrands.SkyLighting.IntegrationType:2]]
[2022.09.12-07.57.27:112][  0]LogConfig: Setting CVar [[r.HairStrands.SkyAO.SampleCount:4]]
[2022.09.12-07.57.27:112][  0]LogConfig: Setting CVar [[r.HairStrands.Visibility.MSAA.SamplePerPixel:4]]
[2022.09.12-07.57.27:113][  0]LogConfig: Applying CVar settings from Section [Startup] File [../../../Engine/Config/ConsoleVariables.ini]
[2022.09.12-07.57.27:114][  0]LogConfig: Setting CVar [[net.UseAdaptiveNetUpdateFrequency:0]]
[2022.09.12-07.57.27:115][  0]LogConfig: Setting CVar [[p.chaos.AllowCreatePhysxBodies:1]]
[2022.09.12-07.57.27:115][  0]LogConfig: Setting CVar [[fx.SkipVectorVMBackendOptimizations:1]]
[2022.09.12-07.57.27:116][  0]LogConfig: Applying CVar settings from Section [ConsoleVariables] File [C:/Users/User/Desktop/ProjectEX2/Saved/Config/Windows/Engine.ini]
[2022.09.12-07.57.27:117][  0]LogConfig: Applying CVar settings from Section [ConsoleVariables] File [C:/Users/User/Desktop/ProjectEX2/Saved/Config/Windows/Editor.ini]
[2022.09.12-07.57.27:118][  0]LogInit: Computer: DESKTOP-2NOSHEQ
[2022.09.12-07.57.27:119][  0]LogInit: User: User
[2022.09.12-07.57.27:119][  0]LogInit: CPU Page size=4096, Cores=6
[2022.09.12-07.57.27:119][  0]LogInit: High frequency timer resolution =10.000000 MHz
[2022.09.12-07.57.27:120][  0]LogMemory: Memory total: Physical=15.9GB (16GB approx)
[2022.09.12-07.57.27:121][  0]LogMemory: Platform Memory Stats for Windows
[2022.09.12-07.57.27:122][  0]LogMemory: Process Physical Memory: 142.14 MB used, 142.14 MB peak
[2022.09.12-07.57.27:122][  0]LogMemory: Process Virtual Memory: 121.09 MB used, 121.09 MB peak
[2022.09.12-07.57.27:123][  0]LogMemory: Physical Memory: 8791.08 MB used,  7527.07 MB free, 16318.14 MB total
[2022.09.12-07.57.27:124][  0]LogMemory: Virtual Memory: 134208608.00 MB used,  9119.64 MB free, 134217728.00 MB total
[2022.09.12-07.57.27:136][  0]LogWindows: WindowsPlatformFeatures enabled
[2022.09.12-07.57.27:247][  0]LogInit: Physics initialised using underlying interface: PhysX
[2022.09.12-07.57.27:248][  0]LogInit: Using OS detected language (ko-KR).
[2022.09.12-07.57.27:248][  0]LogInit: Using OS detected locale (ko-KR).
[2022.09.12-07.57.27:254][  0]LogTextLocalizationManager: No specific localization for 'ko-KR' exists, so the 'ko' localization will be used.
[2022.09.12-07.57.27:415][  0]LogWindowsTextInputMethodSystem: Display: IME system deactivated.
[2022.09.12-07.57.27:459][  0]LogSlate: New Slate User Created.  User Index 0, Is Virtual User: 0
[2022.09.12-07.57.27:459][  0]LogSlate: Slate User Registered.  User Index 0, Is Virtual User: 0
[2022.09.12-07.57.27:494][  0]LogD3D11RHI: Loaded GFSDK_Aftermath_Lib.x64.dll
[2022.09.12-07.57.27:500][  0]LogHMD: Failed to initialize OpenVR with code 110
[2022.09.12-07.57.27:501][  0]LogD3D11RHI: D3D11 min allowed feature level: 11_0
[2022.09.12-07.57.27:501][  0]LogD3D11RHI: D3D11 max allowed feature level: 11_0
[2022.09.12-07.57.27:502][  0]LogD3D11RHI: D3D11 adapters:
[2022.09.12-07.57.27:685][  0]LogD3D11RHI:    0. 'NVIDIA GeForce GTX 1660 SUPER' (Feature Level 11_0)
[2022.09.12-07.57.27:685][  0]LogD3D11RHI:       5991/0/8159 MB DedicatedVideo/DedicatedSystem/SharedSystem, Outputs:1, VendorId:0x10de
[2022.09.12-07.57.27:689][  0]LogD3D11RHI:    1. 'Microsoft Basic Render Driver' (Feature Level 11_0)
[2022.09.12-07.57.27:690][  0]LogD3D11RHI:       0/0/8159 MB DedicatedVideo/DedicatedSystem/SharedSystem, Outputs:0, VendorId:0x1414
[2022.09.12-07.57.27:690][  0]LogD3D11RHI: Chosen D3D11 Adapter:
[2022.09.12-07.57.27:691][  0]LogD3D11RHI:     Description : NVIDIA GeForce GTX 1660 SUPER
[2022.09.12-07.57.27:692][  0]LogD3D11RHI:     VendorId    : 10de
[2022.09.12-07.57.27:692][  0]LogD3D11RHI:     DeviceId    : 21c4
[2022.09.12-07.57.27:693][  0]LogD3D11RHI:     SubSysId    : 13d310de
[2022.09.12-07.57.27:693][  0]LogD3D11RHI:     Revision    : 00a1
[2022.09.12-07.57.27:693][  0]LogD3D11RHI:     DedicatedVideoMemory : 6282018816 bytes
[2022.09.12-07.57.27:694][  0]LogD3D11RHI:     DedicatedSystemMemory : 0 bytes
[2022.09.12-07.57.27:695][  0]LogD3D11RHI:     SharedSystemMemory : 8555407360 bytes
[2022.09.12-07.57.27:696][  0]LogD3D11RHI:     AdapterLuid : 0 35887
[2022.09.12-07.57.27:708][  0]LogD3D11RHI: Creating new Direct3DDevice
[2022.09.12-07.57.27:708][  0]LogD3D11RHI:     GPU DeviceId: 0x21c4 (for the marketing name, search the web for "GPU Device Id")
[2022.09.12-07.57.27:709][  0]LogWindows: EnumDisplayDevices:
[2022.09.12-07.57.27:710][  0]LogWindows:    0. 'NVIDIA GeForce GTX 1660 SUPER' (P:1 D:1)
[2022.09.12-07.57.27:711][  0]LogWindows:    1. 'NVIDIA GeForce GTX 1660 SUPER' (P:0 D:0)
[2022.09.12-07.57.27:712][  0]LogWindows:    2. 'NVIDIA GeForce GTX 1660 SUPER' (P:0 D:0)
[2022.09.12-07.57.27:713][  0]LogWindows:    3. 'NVIDIA GeForce GTX 1660 SUPER' (P:0 D:0)
[2022.09.12-07.57.27:714][  0]LogWindows: DebugString: FoundDriverCount:4 
[2022.09.12-07.57.27:714][  0]LogD3D11RHI:     Adapter Name: NVIDIA GeForce GTX 1660 SUPER
[2022.09.12-07.57.27:714][  0]LogD3D11RHI:   Driver Version: 512.15 (internal:30.0.15.1215, unified:512.15)
[2022.09.12-07.57.27:715][  0]LogD3D11RHI:      Driver Date: 3-17-2022
[2022.09.12-07.57.27:715][  0]LogRHI: Texture pool is 4193 MB (70% of 5991 MB)
[2022.09.12-07.57.27:716][  0]LogD3D11RHI: Creating D3DDevice using adapter:
[2022.09.12-07.57.27:717][  0]LogD3D11RHI:     Description : NVIDIA GeForce GTX 1660 SUPER
[2022.09.12-07.57.27:717][  0]LogD3D11RHI:     VendorId    : 10de
[2022.09.12-07.57.27:717][  0]LogD3D11RHI:     DeviceId    : 21c4
[2022.09.12-07.57.27:717][  0]LogD3D11RHI:     SubSysId    : 13d310de
[2022.09.12-07.57.27:718][  0]LogD3D11RHI:     Revision    : 00a1
[2022.09.12-07.57.27:720][  0]LogD3D11RHI:     DedicatedVideoMemory : 6282018816 bytes
[2022.09.12-07.57.27:720][  0]LogD3D11RHI:     DedicatedSystemMemory : 0 bytes
[2022.09.12-07.57.27:721][  0]LogD3D11RHI:     SharedSystemMemory : 8555407360 bytes
[2022.09.12-07.57.27:723][  0]LogD3D11RHI:     AdapterLuid : 0 35887
[2022.09.12-07.57.27:795][  0]LogD3D11RHI: RHI has support for 64 bit atomics
[2022.09.12-07.57.27:795][  0]LogD3D11RHI: Async texture creation enabled
[2022.09.12-07.57.27:796][  0]LogD3D11RHI: Array index from any shader is supported
[2022.09.12-07.57.27:824][  0]LogD3D11RHI: GPU Timing Frequency: 1000.000000 (Debug: 2 1)
[2022.09.12-07.57.27:904][  0]LogRHI: GeForceNow SDK initialized: 1
[2022.09.12-07.57.28:250][  0]LogTargetPlatformManager: Display: Loaded TargetPlatform 'WindowsNoEditor'
[2022.09.12-07.57.28:258][  0]LogTargetPlatformManager: Display: Loaded TargetPlatform 'Windows'
[2022.09.12-07.57.28:265][  0]LogTargetPlatformManager: Display: Loaded TargetPlatform 'WindowsClient'
[2022.09.12-07.57.28:275][  0]LogTargetPlatformManager: Display: Loaded TargetPlatform 'WindowsServer'
[2022.09.12-07.57.28:275][  0]LogTargetPlatformManager: Display: Building Assets For Windows
[2022.09.12-07.57.28:290][  0]LogAudioDebug: Display: Lib vorbis DLL was dynamically loaded.
[2022.09.12-07.57.28:351][  0]LogTextureFormatOodle: Display: Oodle Texture 2.9.0 init RDO Off
[2022.09.12-07.57.28:405][  0]LogRendererCore: Ray tracing is disabled. Reason: r.RayTracing=0.
[2022.09.12-07.57.28:405][  0]LogShaderCompilers: Guid format shader working directory is -3 characters bigger than the processId version (../../../../../../Users/User/Desktop/ProjectEX2/Intermediate/Shaders/WorkingDirectory/70484/).
[2022.09.12-07.57.28:406][  0]LogShaderCompilers: Cleaned the shader compiler working directory 'C:/Users/User/AppData/Local/Temp/UnrealShaderWorkingDir/67CF3E6F4CC101920BDFCA8684E4B689/'.
[2022.09.12-07.57.28:407][  0]LogXGEController: Cannot use XGE Controller as Incredibuild is not installed on this machine.
[2022.09.12-07.57.28:408][  0]LogShaderCompilers: Cannot use XGE Shader Compiler as Incredibuild is not installed on this machine.
[2022.09.12-07.57.28:409][  0]LogShaderCompilers: Display: Using Local Shader Compiler.
[2022.09.12-07.57.29:126][  0]LogDerivedDataCache: Display: Max Cache Size: 512 MB
[2022.09.12-07.57.29:178][  0]LogDerivedDataCache: Loaded boot cache 0.05s 103MB C:/Users/User/AppData/Local/UnrealEngine/4.27/DerivedDataCache/Boot.ddc.
[2022.09.12-07.57.29:178][  0]LogDerivedDataCache: Display: Loaded Boot cache: C:/Users/User/AppData/Local/UnrealEngine/4.27/DerivedDataCache/Boot.ddc
[2022.09.12-07.57.29:180][  0]LogDerivedDataCache: FDerivedDataBackendGraph:  Pak pak cache file ../../../../../../Users/User/Desktop/ProjectEX2/DerivedDataCache/DDC.ddp not found, will not use a pak cache.
[2022.09.12-07.57.29:180][  0]LogDerivedDataCache: Unable to find inner node Pak for hierarchical cache Hierarchy.
[2022.09.12-07.57.29:181][  0]LogDerivedDataCache: FDerivedDataBackendGraph:  CompressedPak pak cache file ../../../../../../Users/User/Desktop/ProjectEX2/DerivedDataCache/Compressed.ddp not found, will not use a pak cache.
[2022.09.12-07.57.29:181][  0]LogDerivedDataCache: Unable to find inner node CompressedPak for hierarchical cache Hierarchy.
[2022.09.12-07.57.29:200][  0]LogDerivedDataCache: Display: Pak cache opened for reading ../../../Engine/DerivedDataCache/Compressed.ddp.
[2022.09.12-07.57.29:200][  0]LogDerivedDataCache: FDerivedDataBackendGraph:  EnterprisePak pak cache file ../../../Enterprise/DerivedDataCache/Compressed.ddp not found, will not use a pak cache.
[2022.09.12-07.57.29:201][  0]LogDerivedDataCache: Unable to find inner node EnterprisePak for hierarchical cache Hierarchy.
[2022.09.12-07.57.29:220][  0]LogDerivedDataCache: Speed tests for C:/Users/User/AppData/Local/UnrealEngine/Common/DerivedDataCache took 0.02 seconds
[2022.09.12-07.57.29:220][  0]LogDerivedDataCache: Display: Performance to C:/Users/User/AppData/Local/UnrealEngine/Common/DerivedDataCache: Latency=0.06ms. RandomReadSpeed=279.45MBs, RandomWriteSpeed=66.67MBs. Assigned SpeedClass 'Local'
[2022.09.12-07.57.29:222][  0]LogDerivedDataCache: Using Local data cache path C:/Users/User/AppData/Local/UnrealEngine/Common/DerivedDataCache: Writable
[2022.09.12-07.57.29:223][  0]LogDerivedDataCache: Shared data cache path not found in *engine.ini, will not use an Shared cache.
[2022.09.12-07.57.29:224][  0]LogDerivedDataCache: Unable to find inner node Shared for hierarchical cache Hierarchy.
[2022.09.12-07.57.29:259][  0]LogSlate: Using FreeType 2.10.0
[2022.09.12-07.57.29:260][  0]LogSlate: SlateFontServices - WITH_FREETYPE: 1, WITH_HARFBUZZ: 1
[2022.09.12-07.57.29:346][  0]LogInit: Using OS detected language (ko-KR).
[2022.09.12-07.57.29:346][  0]LogInit: Using OS detected locale (ko-KR).
[2022.09.12-07.57.29:347][  0]LogTextLocalizationManager: No localization for 'ko-KR' exists, so 'en' will be used for the language.
[2022.09.12-07.57.29:347][  0]LogTextLocalizationManager: No localization for 'ko-KR' exists, so 'en' will be used for the locale.
[2022.09.12-07.57.29:348][  0]LogSlate: FontCache flush requested. Reason: Culture for localization was changed
[2022.09.12-07.57.29:349][  0]LogSlate: FontCache flush requested. Reason: Culture for localization was changed
[2022.09.12-07.57.29:353][  0]LogAssetRegistry: FAssetRegistry took 0.0021 seconds to start up
[2022.09.12-07.57.29:546][  0]LogTextLocalizationManager: Compacting localization data took   0.01ms
[2022.09.12-07.57.29:546][  0]LogPackageLocalizationCache: Processed 27 localized package path(s) for 1 prioritized culture(s) in 0.040371 seconds
[2022.09.12-07.57.29:629][  0]LogInit: Selected Device Profile: [Windows]
[2022.09.12-07.57.29:630][  0]LogInit: Active device profile: [0000026D416DCB00][0000026D36898F00 49] Windows
[2022.09.12-07.57.29:631][  0]LogInit: Profiles: [0000026D416DCB00][0000026D36898F00 49] Windows, [0000026D416C5C00][0000026D368A1080 49] WindowsNoEditor, [0000026D416DD900][0000026D368A5200 49] WindowsServer, [0000026D416C6900][0000026D39F57380 49] WindowsClient, [0000026D416DFC00][0000026D3689D4C0 49] IOS, [0000026D416C7D00][0000026D39F5B600 49] iPadAir, [0000026D416DFE00][0000026D39F5F740 49] iPadAir2, [0000026D4166CC00][0000026D39F6B9C0 49] IPadPro, [0000026D4166CD00][0000026D39F63A00 49] iPadAir3, [0000026D416C7600][0000026D3A5F1B80 49] iPadAir4, [0000026D4166F600][0000026D3A5F4180 49] iPadMini2, [0000026D416C6D00][0000026D3A5F8300 49] iPadMini3, [0000026D4166F800][0000026D3A5FC480 49] iPadMini4, [0000026D416C7300][0000026D2A5A8600 49] iPadMini5, [0000026D4169C600][0000026D2A5B08C0 49] iPhone6, [0000026D4169C700][0000026D2A5AC900 49] iPodTouch6, [0000026D416DE900][0000026D2A5B8BC0 49] iPhone7, [0000026D416DE800][0000026D2A5B4C00 49] iPodTouch7, [0000026D4169C100][0000026D2A5BCD80 49] iPhone5S, [0000026D4166C700][0000026D2A5C0F00 49] iPhone6Plus, [0000026D4169E500][0000026D2A5C5080 49] iPhone6S, [0000026D4166D300][0000026D2A5C9200 49] iPhone6SPlus, [0000026D4169FB00][0000026D2A5CD380 49] iPhone7Plus, [0000026D4166F500][0000026D2A5D1500 49] iPhoneSE, [0000026D416DE600][0000026D2A5D5680 49] iPhone8, [0000026D4166C600][0000026D39F677C0 49] iPhone8Plus, [0000026D416DE200][0000026D2A5D9900 49] iPhoneX, [0000026D4166F300][0000026D3A601A40 49] iPhoneXS, [0000026D416DF400][0000026D3A609BC0 49] iPhoneXSMax, [0000026D4166ED00][0000026D3A60C1C0 49] iPhoneXR, [0000026D416DC200][0000026D3A610340 49] iPhone11, [0000026D4166DE00][0000026D3A6144C0 49] iPhone11Pro, [0000026D416DEA00][0000026D3A618640 49] iPhone11ProMax, [0000026D4166F700][0000026D3A61C7C0 49] iPhoneSE2, [0000026D416DCD00][0000026D3A620940 49] iPhone12Mini, [0000026D4166DF00][0000026D3A624AC0 49] iPhone12, [0000026D416DC700][0000026D3A628C40 49] iPhone12Pro, [0000026D4166D400][0000026D3A62CDC0 49] iPhone12ProMax, [0000026D416DCC00][0000026D3A630F40 49] iPadPro105, [0000026D4166D700][0000026D3A6350C0 49] iPadPro129, [0000026D416DC100][0000026D3A639240 49] iPadPro97, [0000026D4166FC00][0000026D421D33C0 49] iPadPro2_129, [0000026D416DC800][0000026D421D7540 49] iPad5, [0000026D4166F100][0000026D421DB6C0 49] iPad6, [0000026D416DC500][0000026D421DF840 49] iPad7, [0000026D4166E800][0000026D3A605980 49] iPad8, [0000026D416DC600][0000026D421E3AC0 49] iPadPro11, [0000026D4166C100][0000026D421E7C00 49] iPadPro2_11, [0000026D416DDC00][0000026D421EA1C0 49] iPadPro3_129, [0000026D4166FE00][0000026D421F2340 49] iPadPro4_129, [0000026D416DE500][0000026D421F64C0 49] AppleTV, [0000026D4166E300][0000026D421FA640 49] AppleTV4K, [0000026D416DC400][0000026D421FE7C0 49] TVOS, [0000026D4166DC00][0000026D42202940 49] Mac, [0000026D416DFD00][0000026D42206AC0 49] MacClient, [0000026D4166E500][0000026D4220AC40 49] MacNoEditor, [0000026D416DF100][0000026D4220EDC0 49] MacServer, [0000026D4166F900][0000026D42212F40 49] Linux, [0000026D416DDD00][0000026D422170C0 49] LinuxAArch64, [0000026D4166E100][0000026D4221B240 49] LinuxNoEditor, [0000026D416DDB00][0000026D4221F3C0 49] LinuxAArch64NoEditor, [0000026D4166FB00][0000026D42223540 49] LinuxClient, [0000026D416DEE00][0000026D422276C0 49] LinuxAArch64Client, [0000026D4166E200][0000026D4222B840 49] LinuxServer, [0000026D416DEF00][0000026D4222F9C0 49] LinuxAArch64Server, [0000026D4166D000][0000026D421EFB00 49] Android, [0000026D416DDE00][0000026D422320C0 49] Android_Low, [0000026D4166C500][0000026D42236200 49] Android_Mid, [0000026D416DE400][0000026D4223A340 49] Android_High, [0000026D4166FF00][0000026D422424C0 49] Android_Default, [0000026D416DE000][0000026D42246640 49] Android_Adreno4xx, [0000026D416C5F00][0000026D4224A7C0 49] Android_Adreno5xx_Low, [0000026D4169F500][0000026D4224E940 49] Android_Adreno5xx, [0000026D416C7800][0000026D42252AC0 49] Android_Adreno6xx, [0000026D4169EB00][0000026D42256C40 49] Android_Adreno6xx_Vulkan, [0000026D416C7900][0000026D4225ADC0 49] Android_Mali_T6xx, [0000026D4169CF00][0000026D4225EF40 49] Android_Mali_T7xx, [0000026D416C4E00][0000026D422630C0 49] Android_Mali_T8xx, [0000026D4169DF00][0000026D42267240 49] Android_Mali_G71, [0000026D416C5700][0000026D4226B3C0 49] Android_Mali_G72, [0000026D4169E400][0000026D4226F540 49] Android_Mali_G72_Vulkan, [0000026D416C7100][0000026D422736C0 49] Android_Mali_G76, [0000026D4169E100][0000026D42277840 49] Android_Mali_G76_Vulkan, [0000026D416C5600][0000026D4227B9C0 49] Android_Mali_G77, [0000026D4169CA00][0000026D4227FB40 49] Android_Mali_G77_Vulkan, [0000026D416C6F00][0000026D42282140 49] Android_Mali_G78, [0000026D4169D300][0000026D4223E280 49] Android_Mali_G78_Vulkan, [0000026D416C6400][0000026D422863C0 49] Android_Mali_G710, [0000026D4169FD00][0000026D4228A500 49] Android_Mali_G710_Vulkan, [0000026D416C5900][0000026D42292680 49] Android_Vulkan_SM5, [0000026D4169C900][0000026D42296800 49] Android_PowerVR_G6xxx, [0000026D416C5A00][0000026D4229A980 49] Android_PowerVR_GT7xxx, [0000026D4169E700][0000026D4229EB00 49] Android_PowerVR_GE8xxx, [0000026D416C5E00][0000026D422A2C80 49] Android_PowerVR_GM9xxx, [0000026D4169F200][0000026D422A6E00 49] Android_PowerVR_GM9xxx_Vulkan, [0000026D416C6B00][0000026D422AAF80 49] Android_TegraK1, [0000026D4169D700][0000026D422AF100 49] Android_Unknown_Vulkan, [0000026D416C7200][0000026D422B3280 49] Lumin, [0000026D4169C200][0000026D422B7400 49] Lumin_Desktop, [0000026D416C5D00][0000026D422BB580 49] HoloLens, 
[2022.09.12-07.57.29:699][  0]LogMeshReduction: Using QuadricMeshReduction for automatic static mesh reduction
[2022.09.12-07.57.29:699][  0]LogMeshReduction: Using SimplygonMeshReduction for automatic skeletal mesh reduction
[2022.09.12-07.57.29:701][  0]LogMeshReduction: Using ProxyLODMeshReduction for automatic mesh merging
[2022.09.12-07.57.29:701][  0]LogMeshReduction: No distributed automatic mesh merging module available
[2022.09.12-07.57.29:702][  0]LogMeshMerging: No distributed automatic mesh merging module available
[2022.09.12-07.57.29:815][  0]LogNetVersion: ProjectEX2 1.0.0, NetCL: 17155196, EngineNetVer: 17, GameNetVer: 0 (Checksum: 681271976)
[2022.09.12-07.57.30:083][  0]LogTexture: Default maximum texture size for cubemaps generated from long-lat sources has been changed from 512 to unlimited. In order to preserve old behaiour for '/Engine/MapTemplates/Sky/DaylightAmbientCubemap.DaylightAmbientCubemap', its maximum texture size has been explicitly set to 512.
[2022.09.12-07.57.30:147][  0]LogHMD: PokeAHoleMaterial loaded successfully
[2022.09.12-07.57.30:350][  0]LogMoviePlayer: Initializing movie player
[2022.09.12-07.57.30:511][  0]LogNiagaraDebuggerClient: Niagara Debugger Client Initialized | Session: 4A152AB7413245D95B9737AEEFFF4331 | Instance: B27E89F44BB0689898FCB6A6051E38C1 (DESKTOP-2NOSHEQ-70484).
[2022.09.12-07.57.30:545][  0]LogCollectionManager: Loaded 0 collections in 0.001937 seconds
[2022.09.12-07.57.30:548][  0]LogFileCache: Scanning file cache for directory 'C:/Users/User/Desktop/ProjectEX2/Saved/Collections/' took 0.00s
[2022.09.12-07.57.30:549][  0]LogFileCache: Scanning file cache for directory 'C:/Users/User/Desktop/ProjectEX2/Content/Developers/User/Collections/' took 0.00s
[2022.09.12-07.57.30:550][  0]LogFileCache: Scanning file cache for directory 'C:/Users/User/Desktop/ProjectEX2/Content/Collections/' took 0.00s
[2022.09.12-07.57.30:551][  0]LogCollectionManager: Fixed up redirectors for 0 collections in 0.000002 seconds (updated 0 objects)
[2022.09.12-07.57.30:581][  0]LogPython: Using Python 3.7.7
[2022.09.12-07.57.31:469][  0]SourceControl: Source control is disabled
[2022.09.12-07.57.31:470][  0]SourceControl: Source control is disabled
[2022.09.12-07.57.31:476][  0]SourceControl: Source control is disabled
[2022.09.12-07.57.31:488][  0]LogUProjectInfo: Found projects:
[2022.09.12-07.57.31:635][  0]LogOpenImageDenoise: OIDN starting up
[2022.09.12-07.57.31:696][  0]LogAndroidPermission: UAndroidPermissionCallbackProxy::GetInstance
[2022.09.12-07.57.31:733][  0]LogAudioCaptureCore: Display: No Audio Capture implementations found. Audio input will be silent.
[2022.09.12-07.57.31:733][  0]LogAudioCaptureCore: Display: No Audio Capture implementations found. Audio input will be silent.
[2022.09.12-07.57.31:828][  0]LogOcInput: OculusInput pre-init called
[2022.09.12-07.57.31:839][  0]LogUObjectArray: 23105 objects as part of root set at end of initial load.
[2022.09.12-07.57.31:839][  0]LogUObjectAllocator: 6400576 out of 0 bytes used by permanent object pool.
[2022.09.12-07.57.31:840][  0]LogUObjectArray: CloseDisregardForGC: 0/0 objects in disregard for GC pool
[2022.09.12-07.57.31:899][  0]LogEngine: Initializing Engine...
[2022.09.12-07.57.31:903][  0]LogHMD: Failed to enumerate extensions. Please check that you have a valid OpenXR runtime installed.
[2022.09.12-07.57.31:903][  0]LogHMD: Failed to initialize OpenVR with code 110
[2022.09.12-07.57.31:903][  0]LogMagicLeap: Warning: VR disabled because ZI is not enabled.  To enable, in the editor, Edit -> Project Settings -> Plugins -> Magic Leap Plugin -> Enable Zero Iteration
[2022.09.12-07.57.31:906][  0]LogStats: UGameplayTagsManager::InitializeManager -  0.000 s
[2022.09.12-07.57.32:004][  0]LogInit: Initializing FReadOnlyCVARCache
[2022.09.12-07.57.32:005][  0]LogAudio: Display: Initializing Audio Device Manager...
[2022.09.12-07.57.32:013][  0]LogAudio: Display: Loading Default Audio Settings Objects...
[2022.09.12-07.57.32:014][  0]LogAudio: Display: No default SoundConcurrencyObject specified (or failed to load).
[2022.09.12-07.57.32:014][  0]LogAudio: Display: Audio Device Manager Initialized
[2022.09.12-07.57.32:015][  0]LogAudio: Display: Creating Audio Device:                 Id: 1, Scope: Shared, Realtime: True
[2022.09.12-07.57.32:015][  0]LogAudioMixer: Display: Audio Mixer Platform Settings:
[2022.09.12-07.57.32:016][  0]LogAudioMixer: Display: 	Sample Rate:						  48000
[2022.09.12-07.57.32:017][  0]LogAudioMixer: Display: 	Callback Buffer Frame Size Requested: 1024
[2022.09.12-07.57.32:018][  0]LogAudioMixer: Display: 	Callback Buffer Frame Size To Use:	  1024
[2022.09.12-07.57.32:019][  0]LogAudioMixer: Display: 	Number of buffers to queue:			  2
[2022.09.12-07.57.32:020][  0]LogAudioMixer: Display: 	Max Channels (voices):				  32
[2022.09.12-07.57.32:020][  0]LogAudioMixer: Display: 	Number of Async Source Workers:		  0
[2022.09.12-07.57.32:021][  0]LogAudio: Display: AudioDevice MaxSources: 32
[2022.09.12-07.57.32:022][  0]LogAudio: Display: Audio Spatialization Plugin: None (built-in).
[2022.09.12-07.57.32:022][  0]LogAudio: Display: Audio Reverb Plugin: None (built-in).
[2022.09.12-07.57.32:023][  0]LogAudio: Display: Audio Occlusion Plugin: None (built-in).
[2022.09.12-07.57.32:023][  0]LogAudioMixer: Display: Initializing audio mixer.
[2022.09.12-07.57.32:050][  0]LogAudioMixer: Display: 0: FrontLeft
[2022.09.12-07.57.32:050][  0]LogAudioMixer: Display: 1: FrontRight
[2022.09.12-07.57.32:090][  0]LogAudioMixer: Display: Using Audio Device 스피커(Razer Barracuda X)
[2022.09.12-07.57.32:096][  0]LogAudioMixer: Display: Initializing Sound Submixes...
[2022.09.12-07.57.32:099][  0]LogAudioMixer: Display: Creating Master Submix 'MasterSubmixDefault'
[2022.09.12-07.57.32:099][  0]LogAudioMixer: Display: Creating Master Submix 'MasterReverbSubmixDefault'
[2022.09.12-07.57.32:101][  0]LogAudioMixer: Display: Creating Master Submix 'MasterEQSubmixDefault'
[2022.09.12-07.57.32:101][  0]LogAudioMixer: FMixerPlatformXAudio2::StartAudioStream() called
[2022.09.12-07.57.32:102][  0]LogAudioMixer: Display: Output buffers initialized: Frames=1024, Channels=2, Samples=2048
[2022.09.12-07.57.32:104][  0]LogAudioMixer: Display: Starting AudioMixerPlatformInterface::RunInternal()
[2022.09.12-07.57.32:104][  0]LogAudioMixer: Display: FMixerPlatformXAudio2::SubmitBuffer() called for the first time
[2022.09.12-07.57.32:105][  0]LogInit: FAudioDevice initialized.
[2022.09.12-07.57.32:107][  0]LogNetVersion: Set ProjectVersion to 1.0.0.0. Version Checksum will be recalculated on next use.
[2022.09.12-07.57.32:192][  0]LogDerivedDataCache: Saved boot cache 0.09s 86MB C:/Users/User/AppData/Local/UnrealEngine/4.27/DerivedDataCache/Boot.ddc.
[2022.09.12-07.57.32:193][  0]LogInit: Texture streaming: Enabled
[2022.09.12-07.57.32:281][  0]LogAudio: Display: Audio Device (ID: 1) registered with world 'Untitled'.
[2022.09.12-07.57.32:281][  0]LogSlate: Updating window title bar state: overlay mode, drag disabled, window buttons hidden, title bar hidden
[2022.09.12-07.57.32:283][  0]LogInit: Display: Game Engine Initialized.
[2022.09.12-07.57.32:284][  0]LogNiagaraEditor: GEditor isn't valid! Particle reset commands will not work for Niagara components!
[2022.09.12-07.57.32:446][  0]LogInit: Display: Starting Game.
[2022.09.12-07.57.32:446][  0]LogNet: Browse: 192.168.0.16/Game/ThirdPersonCPP/Maps/ThirdPersonExampleMap?Name=Player
[2022.09.12-07.57.32:447][  0]LogInit: WinSock: Socket queue. Rx: 32768 (config 32768) Tx: 32768 (config 32768)
[2022.09.12-07.57.32:448][  0]LogNet: Created socket for bind address: 0.0.0.0 on port 0
[2022.09.12-07.57.32:449][  0]PacketHandlerLog: Loaded PacketHandler component: Engine.EngineHandlerComponentFactory (StatelessConnectHandlerComponent)
[2022.09.12-07.57.32:450][  0]LogNet: Game client on port 7777, rate 100000
[2022.09.12-07.57.32:623][  0]LogInit: Display: Engine is initialized. Leaving FEngineLoop::Init()
[2022.09.12-07.57.32:623][  0]LogLoad: (Engine Initialization) Total time: 7.67 seconds
[2022.09.12-07.57.32:624][  0]LogLoad: (Engine Initialization) Total Blueprint compile time: 0.00 seconds
[2022.09.12-07.57.32:636][  0]LogContentStreaming: Texture pool size now 1000 MB
[2022.09.12-07.57.32:638][  0]LogSlate: InvalidateAllWidgets triggered.  All widgets were invalidated
[2022.09.12-07.57.33:460][ 38]LogHandshake: SendChallengeResponse. Timestamp: 391.935252, Cookie: 178042228110151097234034254226202154101104090133143201025059
[2022.09.12-07.57.33:491][110]LogNetVersion: ProjectEX2 1.0.0.0, NetCL: 17155196, EngineNetVer: 17, GameNetVer: 0 (Checksum: 3294948752)
[2022.09.12-07.57.33:491][110]LogNet: UPendingNetGame::SendInitialJoin: Sending hello. [UNetConnection] RemoteAddr: 192.168.0.16:7777, Name: IpConnection_0, Driver: PendingNetDriver IpNetDriver_0, IsServer: NO, PC: NULL, Owner: NULL, UniqueId: INVALID
[2022.09.12-07.57.33:559][256]LogNet: Welcomed by server (Level: /Game/ThirdPersonCPP/Maps/ThirdPersonExampleMap, Game: /Script/ProjectEX2.ProjectEX2GameMode)
[2022.09.12-07.57.33:560][256]LogLoad: LoadMap: 192.168.0.16/Game/ThirdPersonCPP/Maps/ThirdPersonExampleMap?Name=Player?game=/Script/ProjectEX2.ProjectEX2GameMode
[2022.09.12-07.57.33:560][256]LogWorld: BeginTearingDown for /Temp/Untitled_0
[2022.09.12-07.57.33:561][256]LogWorld: UWorld::CleanupWorld for Untitled, bSessionEnded=true, bCleanupResources=true
[2022.09.12-07.57.33:562][256]LogSlate: InvalidateAllWidgets triggered.  All widgets were invalidated
[2022.09.12-07.57.33:566][256]LogAudio: Display: Audio Device unregistered from world 'None'.
[2022.09.12-07.57.33:569][256]LogUObjectHash: Compacting FUObjectHashTables data took   0.86ms
[2022.09.12-07.57.33:627][256]LogAudio: Display: Audio Device (ID: 1) registered with world 'ThirdPersonExampleMap'.
[2022.09.12-07.57.33:639][256]LogWorld: Bringing World /Game/ThirdPersonCPP/Maps/ThirdPersonExampleMap.ThirdPersonExampleMap up for play (max tick rate 0) at 2022.09.12-16.57.33
[2022.09.12-07.57.33:639][256]LogWorld: Bringing up level for play took: 0.009559
[2022.09.12-07.57.33:641][256]LogSlate: Took 0.000366 seconds to synchronously load lazily loaded font '../../../Engine/Content/Slate/Fonts/Roboto-Regular.ttf' (155K)
[2022.09.12-07.57.33:641][256]LogRenderer: Reallocating scene render targets to support 1920x1080 Format 10 NumSamples 1 (Frame:1).
[2022.09.12-07.57.33:642][256]LogLoad: Took 0.081361 seconds to LoadMap(/Game/ThirdPersonCPP/Maps/ThirdPersonExampleMap)
[2022.09.12-07.57.33:643][256]LogNavigation: Warning: NavData RegistrationFailed_DataPendingKill.
[2022.09.12-07.57.33:711][258]LogOnlineSession: Warning: OSS: No game present to join for session (GameSession)
[2022.09.12-07.59.01:949][388]LogWindowsDesktop: Alt-F4 pressed!
[2022.09.12-07.59.01:961][388]LogSlate: Window 'ProjectEX2 (64-bit Development PCD3D_SM5) ' being destroyed
[2022.09.12-07.59.01:965][388]LogWindowsTextInputMethodSystem: Display: IME system activated using TSF (Microsoft 입력기).
[2022.09.12-07.59.01:972][388]LogSlate: Updating window title bar state: overlay mode, drag disabled, window buttons hidden, title bar hidden
[2022.09.12-07.59.01:973][388]LogEngine: All Windows Closed
[2022.09.12-07.59.01:974][388]LogWindows: FPlatformMisc::RequestExit(0)
[2022.09.12-07.59.01:975][388]LogWindows: FPlatformMisc::RequestExitWithStatus(0, 0)
[2022.09.12-07.59.01:977][388]LogCore: Engine exit requested (reason: Win RequestExit)
[2022.09.12-07.59.01:979][389]LogCore: Engine exit requested (reason: EngineExit() was called; note: exit was already requested)
[2022.09.12-07.59.01:981][389]LogInit: Display: PreExit Game.
[2022.09.12-07.59.02:001][389]LogWorld: BeginTearingDown for /Game/ThirdPersonCPP/Maps/ThirdPersonExampleMap
[2022.09.12-07.59.02:001][389]LogNet: World NetDriver shutdown IpNetDriver_0 [GameNetDriver]
[2022.09.12-07.59.02:003][389]LogNet: DestroyNamedNetDriver IpNetDriver_0 [GameNetDriver]
[2022.09.12-07.59.02:004][389]LogNet: UNetConnection::Close: [UNetConnection] RemoteAddr: 192.168.0.16:7777, Name: IpConnection_0, Driver: GameNetDriver IpNetDriver_0, IsServer: NO, PC: PlayerController_1, Owner: PlayerController_1, UniqueId: NULL:DESKTOP-2NOSHEQ-9AC03DCE42AAA8F0FBF275B40E99EBFB, Channels: 10, Time: 2022.09.12-07.59.02
[2022.09.12-07.59.02:005][389]LogNet: UChannel::Close: Sending CloseBunch. ChIndex == 0. Name: [UChannel] ChIndex: 0, Closing: 0 [UNetConnection] RemoteAddr: 192.168.0.16:7777, Name: IpConnection_0, Driver: GameNetDriver IpNetDriver_0, IsServer: NO, PC: PlayerController_1, Owner: PlayerController_1, UniqueId: NULL:DESKTOP-2NOSHEQ-9AC03DCE42AAA8F0FBF275B40E99EBFB
[2022.09.12-07.59.02:007][389]LogExit: GameNetDriver IpNetDriver_0 shut down
[2022.09.12-07.59.02:008][389]LogWorld: UWorld::CleanupWorld for ThirdPersonExampleMap, bSessionEnded=true, bCleanupResources=true
[2022.09.12-07.59.02:009][389]LogSlate: InvalidateAllWidgets triggered.  All widgets were invalidated
[2022.09.12-07.59.02:937][389]LogAudio: Display: Beginning Audio Device Manager Shutdown (Module: AudioMixerXAudio2)...
[2022.09.12-07.59.02:937][389]LogAudio: Display: Destroying 1 Remaining Audio Device(s)...
[2022.09.12-07.59.02:937][389]LogAudio: Display: Audio Device unregistered from world 'ThirdPersonExampleMap'.
[2022.09.12-07.59.02:940][389]LogAudioMixer: FMixerPlatformXAudio2::StopAudioStream() called
[2022.09.12-07.59.02:941][389]LogAudioMixer: FMixerPlatformXAudio2::StopAudioStream() called
[2022.09.12-07.59.02:946][389]LogAudio: Display: Audio Device Manager Shutdown
[2022.09.12-07.59.02:949][389]LogExit: Preparing to exit.
[2022.09.12-07.59.02:953][389]LogSlate: Updating window title bar state: overlay mode, drag disabled, window buttons hidden, title bar hidden
[2022.09.12-07.59.02:954][389]LogUObjectHash: Compacting FUObjectHashTables data took   0.88ms
[2022.09.12-07.59.02:976][389]LogMoviePlayer: Shutting down movie player
[2022.09.12-07.59.02:999][389]LogDemo: Cleaned up 0 splitscreen connections with owner deletion
[2022.09.12-07.59.03:003][389]LogExit: Game engine shut down
[2022.09.12-07.59.03:042][389]LogExit: Object subsystem successfully closed.
[2022.09.12-07.59.03:050][389]LogShaderCompilers: Display: === FShaderJobCache stats ===
[2022.09.12-07.59.03:050][389]LogShaderCompilers: Display: Total job queries 0, among them cache hits 0 (0.00%)
[2022.09.12-07.59.03:051][389]LogShaderCompilers: Display: Tracking 0 distinct input hashes that result in 0 distinct outputs (0.00%)
[2022.09.12-07.59.03:052][389]LogShaderCompilers: Display: RAM used: 0.00 MB (0.00 GB) of 819.20 MB (0.80 GB) budget. Usage: 0.00%
[2022.09.12-07.59.03:052][389]LogShaderCompilers: Display: ================================================
[2022.09.12-07.59.03:066][389]LogShaderCompilers: Display: Shaders left to compile 0
[2022.09.12-07.59.03:101][389]LogModuleManager: Shutting down and abandoning module GameplayDebugger (558)
[2022.09.12-07.59.03:101][389]LogModuleManager: Shutting down and abandoning module Voice (556)
[2022.09.12-07.59.03:103][389]LogModuleManager: Shutting down and abandoning module SequenceRecorderSections (552)
[2022.09.12-07.59.03:104][389]LogModuleManager: Shutting down and abandoning module SequenceRecorder (550)
[2022.09.12-07.59.03:104][389]LogModuleManager: Shutting down and abandoning module AutomationController (548)
[2022.09.12-07.59.03:105][389]LogModuleManager: Shutting down and abandoning module AutomationWorker (546)
[2022.09.12-07.59.03:105][389]LogModuleManager: Shutting down and abandoning module SteamVREditor (544)
[2022.09.12-07.59.03:106][389]LogModuleManager: Shutting down and abandoning module ToolMenus (543)
[2022.09.12-07.59.03:107][389]LogModuleManager: Shutting down and abandoning module OculusMR (540)
[2022.09.12-07.59.03:107][389]LogModuleManager: Shutting down and abandoning module TakeRecorderSources (538)
[2022.09.12-07.59.03:108][389]LogModuleManager: Shutting down and abandoning module TakeRecorder (537)
[2022.09.12-07.59.03:109][389]LogModuleManager: Shutting down and abandoning module TakeTrackRecorders (534)
[2022.09.12-07.59.03:109][389]LogModuleManager: Shutting down and abandoning module TakesCore (532)
[2022.09.12-07.59.03:110][389]LogModuleManager: Shutting down and abandoning module OpenXRInput (530)
[2022.09.12-07.59.03:110][389]LogModuleManager: Shutting down and abandoning module WmfMediaFactory (528)
[2022.09.12-07.59.03:111][389]LogModuleManager: Shutting down and abandoning module WebMMediaFactory (526)
[2022.09.12-07.59.03:112][389]LogModuleManager: Shutting down and abandoning module WebMMedia (524)
[2022.09.12-07.59.03:112][389]LogModuleManager: Shutting down and abandoning module OpenExrWrapper (522)
[2022.09.12-07.59.03:112][389]LogModuleManager: Shutting down and abandoning module ImgMediaFactory (520)
[2022.09.12-07.59.03:113][389]LogModuleManager: Shutting down and abandoning module AvfMediaFactory (518)
[2022.09.12-07.59.03:114][389]LogModuleManager: Shutting down and abandoning module MagicLeapMediaCodecFactory (516)
[2022.09.12-07.59.03:115][389]LogModuleManager: Shutting down and abandoning module MagicLeapMediaFactory (514)
[2022.09.12-07.59.03:115][389]LogModuleManager: Shutting down and abandoning module PlanarCut (512)
[2022.09.12-07.59.03:116][389]LogModuleManager: Shutting down and abandoning module CharacterAI (510)
[2022.09.12-07.59.03:117][389]LogModuleManager: Shutting down and abandoning module SessionServices (508)
[2022.09.12-07.59.03:118][389]LogModuleManager: Shutting down and abandoning module MovieSceneCapture (506)
[2022.09.12-07.59.03:118][389]LogModuleManager: Shutting down and abandoning module LiveCoding (504)
[2022.09.12-07.59.03:119][389]LogModuleManager: Shutting down and abandoning module LevelSequence (502)
[2022.09.12-07.59.03:119][389]LogModuleManager: Shutting down and abandoning module MovieSceneTracks (500)
[2022.09.12-07.59.03:120][389]LogModuleManager: Shutting down and abandoning module MovieScene (498)
[2022.09.12-07.59.03:120][389]LogModuleManager: Shutting down and abandoning module StreamingPauseRendering (496)
[2022.09.12-07.59.03:121][389]LogModuleManager: Shutting down and abandoning module PortalServices (494)
[2022.09.12-07.59.03:122][389]LogModuleManager: Shutting down and abandoning module PortalRpc (492)
[2022.09.12-07.59.03:124][389]LogModuleManager: Shutting down and abandoning module MessagingRpc (490)
[2022.09.12-07.59.03:124][389]LogModuleManager: Shutting down and abandoning module AudioMixerXAudio2 (488)
[2022.09.12-07.59.03:125][389]LogModuleManager: Shutting down and abandoning module AudioMixerCore (487)
[2022.09.12-07.59.03:126][389]LogModuleManager: Shutting down and abandoning module ImageWriteQueue (484)
[2022.09.12-07.59.03:129][389]LogModuleManager: Shutting down and abandoning module ProfilerService (482)
[2022.09.12-07.59.03:159][389]LogModuleManager: Shutting down and abandoning module TaskGraph (480)
[2022.09.12-07.59.03:160][389]LogModuleManager: Shutting down and abandoning module OculusInput (478)
[2022.09.12-07.59.03:162][389]LogModuleManager: Shutting down and abandoning module TakeMovieScene (476)
[2022.09.12-07.59.03:162][389]LogModuleManager: Shutting down and abandoning module Synthesis (474)
[2022.09.12-07.59.03:166][389]LogModuleManager: Shutting down and abandoning module ProceduralMeshComponent (472)
[2022.09.12-07.59.03:167][389]LogModuleManager: Shutting down and abandoning module MobilePatchingUtils (470)
[2022.09.12-07.59.03:168][389]LogModuleManager: Shutting down and abandoning module GooglePAD (468)
[2022.09.12-07.59.03:171][389]LogModuleManager: Shutting down and abandoning module EditableMesh (466)
[2022.09.12-07.59.03:173][389]LogModuleManager: Shutting down and abandoning module CustomMeshComponent (464)
[2022.09.12-07.59.03:175][389]LogModuleManager: Shutting down and abandoning module CableComponent (462)
[2022.09.12-07.59.03:177][389]LogModuleManager: Shutting down and abandoning module AudioCapture (460)
[2022.09.12-07.59.03:179][389]LogModuleManager: Shutting down and abandoning module AudioCaptureRtAudio (459)
[2022.09.12-07.59.03:180][389]LogModuleManager: Shutting down and abandoning module AssetTags (456)
[2022.09.12-07.59.03:181][389]LogModuleManager: Shutting down and abandoning module ArchVisCharacter (454)
[2022.09.12-07.59.03:183][389]LogModuleManager: Shutting down and abandoning module AppleImageUtilsBlueprintSupport (452)
[2022.09.12-07.59.03:185][389]LogModuleManager: Shutting down and abandoning module AppleImageUtils (450)
[2022.09.12-07.59.03:186][389]LogModuleManager: Shutting down and abandoning module AndroidPermission (448)
[2022.09.12-07.59.03:187][389]LogModuleManager: Shutting down and abandoning module ActorLayerUtilities (446)
[2022.09.12-07.59.03:188][389]LogModuleManager: Shutting down and abandoning module TemplateSequence (444)
[2022.09.12-07.59.03:189][389]LogModuleManager: Shutting down and abandoning module ImgMedia (442)
[2022.09.12-07.59.03:190][389]LogModuleManager: Shutting down and abandoning module MediaCompositing (440)
[2022.09.12-07.59.03:191][389]LogModuleManager: Shutting down and abandoning module MagicLeapSharedWorld (438)
[2022.09.12-07.59.03:193][389]LogModuleManager: Shutting down and abandoning module MagicLeapLightEstimation (436)
[2022.09.12-07.59.03:194][389]LogModuleManager: Shutting down and abandoning module MagicLeapHelperVulkan (434)
[2022.09.12-07.59.03:195][389]LogModuleManager: Shutting down and abandoning module MagicLeapHelperOpenGL (432)
[2022.09.12-07.59.03:196][389]LogModuleManager: Shutting down and abandoning module MagicLeapAudio (430)
[2022.09.12-07.59.03:198][389]LogModuleManager: Shutting down and abandoning module OpenImageDenoise (428)
[2022.09.12-07.59.03:199][389]LogOpenImageDenoise: OIDN shutting down
[2022.09.12-07.59.03:200][389]LogModuleManager: Shutting down and abandoning module MotoSynth (426)
[2022.09.12-07.59.03:200][389]LogModuleManager: Shutting down and abandoning module MeshConversion (424)
[2022.09.12-07.59.03:201][389]LogModuleManager: Shutting down and abandoning module DynamicMesh (422)
[2022.09.12-07.59.03:201][389]LogModuleManager: Shutting down and abandoning module GeometryAlgorithms (420)
[2022.09.12-07.59.03:202][389]LogModuleManager: Shutting down and abandoning module GeometricObjects (418)
[2022.09.12-07.59.03:203][389]LogModuleManager: Shutting down and abandoning module GeometryCollectionTracks (416)
[2022.09.12-07.59.03:204][389]LogModuleManager: Shutting down and abandoning module GeometryCollectionSequencer (415)
[2022.09.12-07.59.03:205][389]LogModuleManager: Shutting down and abandoning module GeometryCacheTracks (412)
[2022.09.12-07.59.03:206][389]LogModuleManager: Shutting down and abandoning module GeometryCacheSequencer (411)
[2022.09.12-07.59.03:206][389]LogModuleManager: Shutting down and abandoning module GeometryCache (408)
[2022.09.12-07.59.03:207][389]LogModuleManager: Shutting down and abandoning module GeometryCacheEd (407)
[2022.09.12-07.59.03:207][389]LogModuleManager: Shutting down and abandoning module ChaosNiagara (404)
[2022.09.12-07.59.03:208][389]LogModuleManager: Shutting down and abandoning module FieldSystemEngine (403)
[2022.09.12-07.59.03:209][389]LogModuleManager: Shutting down and abandoning module AutomationUtils (400)
[2022.09.12-07.59.03:209][389]LogModuleManager: Shutting down and abandoning module BackChannel (398)
[2022.09.12-07.59.03:210][389]LogModuleManager: Shutting down and abandoning module CLionSourceCodeAccess (396)
[2022.09.12-07.59.03:211][389]LogModuleManager: Shutting down and abandoning module VisualStudioSourceCodeAccess (394)
[2022.09.12-07.59.03:212][389]LogModuleManager: Shutting down and abandoning module HotReload (393)
[2022.09.12-07.59.03:213][389]LogModuleManager: Shutting down and abandoning module VisualStudioCodeSourceCodeAccess (390)
[2022.09.12-07.59.03:214][389]LogModuleManager: Shutting down and abandoning module UObjectPlugin (388)
[2022.09.12-07.59.03:215][389]LogModuleManager: Shutting down and abandoning module SubversionSourceControl (386)
[2022.09.12-07.59.03:216][389]LogModuleManager: Shutting down and abandoning module PerforceSourceControl (384)
[2022.09.12-07.59.03:216][389]LogModuleManager: Shutting down and abandoning module SourceControl (383)
[2022.09.12-07.59.03:217][389]LogModuleManager: Shutting down and abandoning module OodleNetworkHandlerComponent (380)
[2022.09.12-07.59.03:218][389]LogModuleManager: Shutting down and abandoning module LiveLinkSequencer (378)
[2022.09.12-07.59.03:218][389]LogModuleManager: Shutting down and abandoning module LiveLinkMovieScene (376)
[2022.09.12-07.59.03:220][389]LogModuleManager: Shutting down and abandoning module LiveLinkGraphNode (374)
[2022.09.12-07.59.03:220][389]LogModuleManager: Shutting down and abandoning module LiveLinkComponents (372)
[2022.09.12-07.59.03:221][389]LogModuleManager: Shutting down and abandoning module LiveLink (370)
[2022.09.12-07.59.03:422][389]LogModuleManager: Shutting down and abandoning module ProjectEX2 (368)
[2022.09.12-07.59.03:422][389]LogModuleManager: Shutting down and abandoning module AnimGraph (367)
[2022.09.12-07.59.03:427][389]LogModuleManager: Shutting down and abandoning module SoundFields (364)
[2022.09.12-07.59.03:431][389]LogModuleManager: Shutting down and abandoning module SignificanceManager (362)
[2022.09.12-07.59.03:433][389]LogModuleManager: Shutting down and abandoning module RuntimePhysXCooking (360)
[2022.09.12-07.59.03:436][389]LogModuleManager: Shutting down and abandoning module PropertyAccessEditor (358)
[2022.09.12-07.59.03:436][389]LogModuleManager: Shutting down and abandoning module PhysXVehiclesEditor (356)
[2022.09.12-07.59.03:439][389]LogModuleManager: Shutting down and abandoning module LocationServicesBPLibrary (352)
[2022.09.12-07.59.03:443][389]LogModuleManager: Shutting down and abandoning module AudioSynesthesia (350)
[2022.09.12-07.59.03:446][389]LogModuleManager: Shutting down and abandoning module AudioSynesthesiaCore (348)
[2022.09.12-07.59.03:448][389]LogModuleManager: Shutting down and abandoning module ActorSequence (346)
[2022.09.12-07.59.03:451][389]LogModuleManager: Shutting down and abandoning module ImgMediaEngine (344)
[2022.09.12-07.59.03:454][389]LogModuleManager: Shutting down and abandoning module UdpMessaging (342)
[2022.09.12-07.59.03:456][389]LogModuleManager: Shutting down and abandoning module TcpMessaging (340)
[2022.09.12-07.59.03:458][389]LogModuleManager: Shutting down and abandoning module MagicLeapARPin (338)
[2022.09.12-07.59.03:460][389]LogModuleManager: Shutting down and abandoning module MagicLeapHandMeshing (336)
[2022.09.12-07.59.03:461][389]LogModuleManager: Shutting down and abandoning module MagicLeapSecureStorage (334)
[2022.09.12-07.59.03:462][389]LogModuleManager: Shutting down and abandoning module MagicLeapPrivileges (332)
[2022.09.12-07.59.03:464][389]LogModuleManager: Shutting down and abandoning module MagicLeapPlanes (330)
[2022.09.12-07.59.03:465][389]LogMagicLeapPlanes: Planes tracker already destroyed.
[2022.09.12-07.59.03:467][389]LogModuleManager: Shutting down and abandoning module MagicLeapImageTracker (328)
[2022.09.12-07.59.03:468][389]LogModuleManager: Shutting down and abandoning module MagicLeapIdentity (326)
[2022.09.12-07.59.03:471][389]LogModuleManager: Shutting down and abandoning module MagicLeapHandTracking (324)
[2022.09.12-07.59.03:475][389]LogModuleManager: Shutting down and abandoning module MagicLeapEyeTracker (322)
[2022.09.12-07.59.03:478][389]LogModuleManager: Shutting down and abandoning module MagicLeapController (320)
[2022.09.12-07.59.03:481][389]LogModuleManager: Shutting down and abandoning module MagicLeapARPinImpl (318)
[2022.09.12-07.59.03:483][389]LogModuleManager: Shutting down and abandoning module MagicLeapAR (316)
[2022.09.12-07.59.03:486][389]LogModuleManager: Shutting down and abandoning module PythonScriptPlugin (314)
[2022.09.12-07.59.03:488][389]LogModuleManager: Shutting down and abandoning module NiagaraAnimNotifies (312)
[2022.09.12-07.59.03:491][389]LogModuleManager: Shutting down and abandoning module Niagara (310)
[2022.09.12-07.59.03:496][389]LogModuleManager: Shutting down and abandoning module SignalProcessing (309)
[2022.09.12-07.59.03:499][389]LogModuleManager: Shutting down and abandoning module NiagaraEditor (307)
[2022.09.12-07.59.03:500][389]LogModuleManager: Shutting down and abandoning module ContentBrowser (306)
[2022.09.12-07.59.03:504][389]LogModuleManager: Shutting down and abandoning module CollectionManager (305)
[2022.09.12-07.59.03:508][389]LogModuleManager: Shutting down and abandoning module DirectoryWatcher (304)
[2022.09.12-07.59.03:509][389]LogModuleManager: Shutting down and abandoning module ContentBrowserData (301)
[2022.09.12-07.59.03:512][389]LogModuleManager: Shutting down and abandoning module NiagaraCore (296)
[2022.09.12-07.59.03:515][389]LogModuleManager: Shutting down and abandoning module GameplayTagsEditor (294)
[2022.09.12-07.59.03:521][389]LogModuleManager: Shutting down and abandoning module FacialAnimation (292)
[2022.09.12-07.59.03:524][389]LogModuleManager: Shutting down and abandoning module PropertyAccessNode (290)
[2022.09.12-07.59.03:527][389]LogModuleManager: Shutting down and abandoning module AssetManagerEditor (288)
[2022.09.12-07.59.03:527][389]LogModuleManager: Shutting down and abandoning module TreeMap (287)
[2022.09.12-07.59.03:528][389]LogModuleManager: Shutting down and abandoning module AnimationSharing (284)
[2022.09.12-07.59.03:532][389]LogModuleManager: Shutting down and abandoning module EnvironmentQueryEditor (282)
[2022.09.12-07.59.03:536][389]LogModuleManager: Shutting down and abandoning module GameplayCameras (280)
[2022.09.12-07.59.03:536][389]LogModuleManager: Shutting down and abandoning module LightPropagationVolumeRuntime (278)
[2022.09.12-07.59.03:537][389]LogModuleManager: Shutting down and abandoning module Paper2D (276)
[2022.09.12-07.59.03:538][389]LogModuleManager: Shutting down and abandoning module WindowsMoviePlayer (274)
[2022.09.12-07.59.03:540][389]LogModuleManager: Shutting down and abandoning module WebMMoviePlayer (272)
[2022.09.12-07.59.03:541][389]LogModuleManager: Shutting down and abandoning module NetworkReplayStreaming (270)
[2022.09.12-07.59.03:544][389]LogModuleManager: Shutting down and abandoning module PacketHandler (268)
[2022.09.12-07.59.03:546][389]LogModuleManager: Shutting down and abandoning module ClothingSystemEditor (266)
[2022.09.12-07.59.03:548][389]LogModuleManager: Shutting down and abandoning module ClothingSystemRuntimeNv (264)
[2022.09.12-07.59.03:549][389]LogModuleManager: Shutting down and abandoning module MediaAssets (262)
[2022.09.12-07.59.03:550][389]LogModuleManager: Shutting down and abandoning module Overlay (260)
[2022.09.12-07.59.03:552][389]LogModuleManager: Shutting down and abandoning module OverlayEditor (259)
[2022.09.12-07.59.03:554][389]LogModuleManager: Shutting down and abandoning module VREditor (256)
[2022.09.12-07.59.03:555][389]LogModuleManager: Shutting down and abandoning module StringTableEditor (254)
[2022.09.12-07.59.03:555][389]LogModuleManager: Shutting down and abandoning module GameplayTasksEditor (252)
[2022.09.12-07.59.03:559][389]LogModuleManager: Shutting down and abandoning module BehaviorTreeEditor (250)
[2022.09.12-07.59.03:563][389]LogModuleManager: Shutting down and abandoning module FunctionalTesting (248)
[2022.09.12-07.59.03:566][389]LogModuleManager: Shutting down and abandoning module CollisionAnalyzer (246)
[2022.09.12-07.59.03:568][389]LogModuleManager: Shutting down and abandoning module WorkspaceMenuStructure (245)
[2022.09.12-07.59.03:570][389]LogModuleManager: Shutting down and abandoning module UMG (242)
[2022.09.12-07.59.03:571][389]LogModuleManager: Shutting down and abandoning module UMGEditor (241)
[2022.09.12-07.59.03:572][389]LogModuleManager: Shutting down and abandoning module Sequencer (240)
[2022.09.12-07.59.03:573][389]LogModuleManager: Shutting down and abandoning module MessageLog (237)
[2022.09.12-07.59.03:576][389]LogModuleManager: Shutting down and abandoning module SlateReflector (232)
[2022.09.12-07.59.03:578][389]LogModuleManager: Shutting down and abandoning module Slate (230)
[2022.09.12-07.59.03:579][389]LogModuleManager: Shutting down and abandoning module SlateCore (228)
[2022.09.12-07.59.03:583][389]LogModuleManager: Shutting down and abandoning module LandscapeEditorUtilities (226)
[2022.09.12-07.59.03:585][389]LogModuleManager: Shutting down and abandoning module UnrealEd (224)
[2022.09.12-07.59.03:586][389]LogModuleManager: Shutting down and abandoning module MRMesh (222)
[2022.09.12-07.59.03:587][389]LogModuleManager: Shutting down and abandoning module Messaging (220)
[2022.09.12-07.59.03:588][389]LogModuleManager: Shutting down and abandoning module SourceCodeAccess (218)
[2022.09.12-07.59.03:589][389]LogModuleManager: Shutting down and abandoning module HeadMountedDisplay (216)
[2022.09.12-07.59.03:591][389]LogModuleManager: Shutting down and abandoning module XAudio2 (214)
[2022.09.12-07.59.03:594][389]LogModuleManager: Shutting down and abandoning module Networking (212)
[2022.09.12-07.59.03:595][389]LogModuleManager: Shutting down and abandoning module Core (210)
[2022.09.12-07.59.03:596][389]LogModuleManager: Shutting down and abandoning module MaterialEditor (208)
[2022.09.12-07.59.03:599][389]LogModuleManager: Shutting down and abandoning module MovieSceneTools (206)
[2022.09.12-07.59.03:599][389]LogModuleManager: Shutting down and abandoning module EditorStyle (205)
[2022.09.12-07.59.03:602][389]LogModuleManager: Shutting down and abandoning module KismetCompiler (202)
[2022.09.12-07.59.03:602][389]LogModuleManager: Shutting down and abandoning module MeshBuilder (200)
[2022.09.12-07.59.03:605][389]LogModuleManager: Shutting down and abandoning module MeshUtilities (198)
[2022.09.12-07.59.03:609][389]LogModuleManager: Shutting down and abandoning module MeshMergeUtilities (197)
[2022.09.12-07.59.03:612][389]LogModuleManager: Shutting down and abandoning module MeshReductionInterface (196)
[2022.09.12-07.59.03:614][389]LogModuleManager: Shutting down and abandoning module MeshBoneReduction (195)
[2022.09.12-07.59.03:616][389]LogModuleManager: Shutting down and abandoning module SkeletalMeshReduction (193)
[2022.09.12-07.59.03:618][389]LogModuleManager: Shutting down and abandoning module ProxyLODMeshReduction (191)
[2022.09.12-07.59.03:621][389]LogModuleManager: Shutting down and abandoning module QuadricMeshReduction (189)
[2022.09.12-07.59.03:624][389]LogModuleManager: Shutting down and abandoning module MaterialBaking (185)
[2022.09.12-07.59.03:626][389]LogModuleManager: Shutting down and abandoning module NullInstallBundleManager (180)
[2022.09.12-07.59.03:627][389]LogModuleManager: Shutting down and abandoning module PIEPreviewDeviceProfileSelector (178)
[2022.09.12-07.59.03:627][389]LogModuleManager: Shutting down and abandoning module DerivedDataCache (176)
[2022.09.12-07.59.03:629][389]LogModuleManager: Shutting down and abandoning module TargetPlatform (174)
[2022.09.12-07.59.03:632][389]LogModuleManager: Shutting down and abandoning module VulkanShaderFormat (173)
[2022.09.12-07.59.03:633][389]LogModuleManager: Shutting down and abandoning module ShaderFormatVectorVM (171)
[2022.09.12-07.59.03:635][389]LogModuleManager: Shutting down and abandoning module ShaderFormatOpenGL (169)
[2022.09.12-07.59.03:636][389]LogModuleManager: Shutting down and abandoning module ShaderFormatD3D (167)
[2022.09.12-07.59.03:640][389]LogModuleManager: Shutting down and abandoning module MetalShaderFormat (165)
[2022.09.12-07.59.03:642][389]LogModuleManager: Shutting down and abandoning module TextureFormatOodle (163)
[2022.09.12-07.59.03:644][389]LogModuleManager: Shutting down and abandoning module TextureFormatUncompressed (161)
[2022.09.12-07.59.03:646][389]LogModuleManager: Shutting down and abandoning module TextureFormatPVR (159)
[2022.09.12-07.59.03:648][389]LogModuleManager: Shutting down and abandoning module TextureFormatETC2 (157)
[2022.09.12-07.59.03:651][389]LogModuleManager: Shutting down and abandoning module TextureFormatDXT (155)
[2022.09.12-07.59.03:653][389]LogModuleManager: Shutting down and abandoning module TextureFormatIntelISPCTexComp (153)
[2022.09.12-07.59.03:656][389]LogModuleManager: Shutting down and abandoning module TextureFormatASTC (151)
[2022.09.12-07.59.03:658][389]LogModuleManager: Shutting down and abandoning module ImageWrapper (150)
[2022.09.12-07.59.03:660][389]LogModuleManager: Shutting down and abandoning module AudioFormatOpus (147)
[2022.09.12-07.59.03:661][389]LogModuleManager: Shutting down and abandoning module AudioFormatOgg (145)
[2022.09.12-07.59.03:664][389]LogModuleManager: Shutting down and abandoning module AudioFormatADPCM (143)
[2022.09.12-07.59.03:664][389]LogModuleManager: Shutting down and abandoning module WindowsServerTargetPlatform (141)
[2022.09.12-07.59.03:667][389]LogModuleManager: Shutting down and abandoning module WindowsClientTargetPlatform (139)
[2022.09.12-07.59.03:667][389]LogModuleManager: Shutting down and abandoning module WindowsTargetPlatform (137)
[2022.09.12-07.59.03:671][389]LogModuleManager: Shutting down and abandoning module WindowsNoEditorTargetPlatform (135)
[2022.09.12-07.59.03:672][389]LogModuleManager: Shutting down and abandoning module D3D11RHI (132)
[2022.09.12-07.59.03:675][389]LogModuleManager: Shutting down and abandoning module InputCore (130)
[2022.09.12-07.59.03:678][389]LogModuleManager: Shutting down and abandoning module Settings (128)
[2022.09.12-07.59.03:682][389]LogModuleManager: Shutting down and abandoning module PhysXCooking (126)
[2022.09.12-07.59.03:684][389]LogModuleManager: Shutting down and abandoning module Chaos (124)
[2022.09.12-07.59.03:685][389]LogModuleManager: Shutting down and abandoning module WindowsPlatformFeatures (122)
[2022.09.12-07.59.03:688][389]LogModuleManager: Shutting down and abandoning module GameplayMediaEncoder (121)
[2022.09.12-07.59.03:692][389]LogModuleManager: Shutting down and abandoning module AVEncoder (120)
[2022.09.12-07.59.03:694][389]LogModuleManager: Shutting down and abandoning module SteamVRInputDevice (116)
[2022.09.12-07.59.03:697][389]LogModuleManager: Shutting down and abandoning module SteamVRInput (114)
[2022.09.12-07.59.03:698][389]LogModuleManager: Shutting down and abandoning module SteamVR (112)
[2022.09.12-07.59.03:702][389]LogHMD: Freeing OpenVRDLLHandle.
[2022.09.12-07.59.03:705][389]LogModuleManager: Shutting down and abandoning module OculusHMD (110)
[2022.09.12-07.59.03:707][389]LogModuleManager: Shutting down and abandoning module OpenXRHandTracking (108)
[2022.09.12-07.59.03:709][389]LogSlate: Slate User Destroyed.  User Index 0, Is Virtual User: 0
[2022.09.12-07.59.03:711][389]LogModuleManager: Shutting down and abandoning module OpenXREyeTracker (106)
[2022.09.12-07.59.03:712][389]LogModuleManager: Shutting down and abandoning module OpenXRAR (104)
[2022.09.12-07.59.03:714][389]LogModuleManager: Shutting down and abandoning module AugmentedReality (103)
[2022.09.12-07.59.03:718][389]LogModuleManager: Shutting down and abandoning module OpenXRHMD (100)
[2022.09.12-07.59.03:719][389]LogModuleManager: Shutting down and abandoning module ExampleDeviceProfileSelector (98)
[2022.09.12-07.59.03:721][389]LogModuleManager: Shutting down and abandoning module WmfMedia (96)
[2022.09.12-07.59.03:724][389]LogModuleManager: Shutting down and abandoning module Media (95)
[2022.09.12-07.59.03:726][389]LogModuleManager: Shutting down and abandoning module MediaInfo (94)
[2022.09.12-07.59.03:727][389]LogModuleManager: Shutting down and abandoning module ChunkDownloader (90)
[2022.09.12-07.59.03:729][389]LogModuleManager: Shutting down and abandoning module OnlineBlueprintSupport (88)
[2022.09.12-07.59.03:732][389]LogModuleManager: Shutting down and abandoning module OnlineSubsystem (84)
[2022.09.12-07.59.03:734][389]LogModuleManager: Shutting down and abandoning module XMPP (79)
[2022.09.12-07.59.03:734][389]LogModuleManager: Shutting down and abandoning module WebSockets (78)
[2022.09.12-07.59.03:761][389]LogModuleManager: Shutting down and abandoning module HTTP (75)
[2022.09.12-07.59.03:761][389]LogHttp: Display: cleaning up 0 outstanding Http requests.
[2022.09.12-07.59.03:791][389]LogModuleManager: Shutting down and abandoning module SSL (74)
[2022.09.12-07.59.03:793][389]LogModuleManager: Shutting down and abandoning module LauncherChunkInstaller (70)
[2022.09.12-07.59.03:793][389]LogModuleManager: Shutting down and abandoning module ExrReaderGpu (68)
[2022.09.12-07.59.03:794][389]LogModuleManager: Shutting down and abandoning module MLSDK (66)
[2022.09.12-07.59.03:795][389]LogModuleManager: Shutting down and abandoning module MagicLeap (64)
[2022.09.12-07.59.03:796][389]LogModuleManager: Shutting down and abandoning module ChaosCloth (62)
[2022.09.12-07.59.03:797][389]LogModuleManager: Shutting down and abandoning module NiagaraVertexFactories (60)
[2022.09.12-07.59.03:798][389]LogModuleManager: Shutting down and abandoning module NiagaraShader (58)
[2022.09.12-07.59.03:799][389]LogModuleManager: Shutting down and abandoning module VariantManagerContent (56)
[2022.09.12-07.59.03:800][389]LogModuleManager: Shutting down and abandoning module DatasmithContent (54)
[2022.09.12-07.59.03:801][389]LogModuleManager: Shutting down and abandoning module PixWinPlugin (52)
[2022.09.12-07.59.03:801][389]LogModuleManager: Shutting down and abandoning module AISupportModule (50)
[2022.09.12-07.59.03:802][389]LogModuleManager: Shutting down and abandoning module DesktopPlatform (48)
[2022.09.12-07.59.03:804][389]LogModuleManager: Shutting down and abandoning module PythonScriptPluginPreload (46)
[2022.09.12-07.59.03:805][389]LogModuleManager: Shutting down and abandoning module PlatformCryptoOpenSSL (44)
[2022.09.12-07.59.03:806][389]LogModuleManager: Shutting down and abandoning module PlatformCryptoTypes (42)
[2022.09.12-07.59.03:807][389]LogModuleManager: Shutting down and abandoning module PlatformCrypto (40)
[2022.09.12-07.59.03:808][389]LogModuleManager: Shutting down and abandoning module OodleDataCompressionFormat (38)
[2022.09.12-07.59.03:809][389]LogModuleManager: Shutting down and abandoning module XGEController (36)
[2022.09.12-07.59.03:809][389]LogModuleManager: Shutting down and abandoning module AnimationModifiers (34)
[2022.09.12-07.59.03:810][389]LogModuleManager: Shutting down and abandoning module AudioEditor (32)
[2022.09.12-07.59.03:811][389]LogModuleManager: Shutting down and abandoning module PropertyEditor (31)
[2022.09.12-07.59.03:812][389]LogModuleManager: Shutting down and abandoning module TextureCompressor (28)
[2022.09.12-07.59.03:813][389]LogModuleManager: Shutting down and abandoning module RenderCore (26)
[2022.09.12-07.59.03:814][389]LogModuleManager: Shutting down and abandoning module Landscape (24)
[2022.09.12-07.59.03:815][389]LogModuleManager: Shutting down and abandoning module SlateRHIRenderer (22)
[2022.09.12-07.59.03:816][389]LogModuleManager: Shutting down and abandoning module AnimGraphRuntime (20)
[2022.09.12-07.59.03:817][389]LogModuleManager: Shutting down and abandoning module Renderer (18)
[2022.09.12-07.59.03:818][389]LogModuleManager: Shutting down and abandoning module Engine (16)
[2022.09.12-07.59.03:820][389]LogModuleManager: Shutting down and abandoning module CoreUObject (14)
[2022.09.12-07.59.03:821][389]LogModuleManager: Shutting down and abandoning module NetworkFile (12)
[2022.09.12-07.59.03:822][389]LogModuleManager: Shutting down and abandoning module CookedIterativeFile (10)
[2022.09.12-07.59.03:823][389]LogModuleManager: Shutting down and abandoning module StreamingFile (8)
[2022.09.12-07.59.03:823][389]LogModuleManager: Shutting down and abandoning module SandboxFile (6)
[2022.09.12-07.59.03:824][389]LogModuleManager: Shutting down and abandoning module PakFile (4)
[2022.09.12-07.59.03:825][389]LogModuleManager: Shutting down and abandoning module RSA (3)
[2022.09.12-07.59.04:187][389]LogContentStreaming: Display: There are 1 unreleased StreamingManagers
[2022.09.12-07.59.04:193][389]LogD3D11RHI: Shutdown
[2022.09.12-07.59.04:193][389]LogD3D11RHI: CleanupD3DDevice
[2022.09.12-07.59.04:195][389]LogExit: Exiting.
[2022.09.12-07.59.04:206][389]Log file closed, 09/12/22 16:59:04
