Log file open, 09/12/22 16:59:32
LogWindows: Failed to load 'aqProf.dll' (GetLastError=126)
LogWindows: File 'aqProf.dll' does not exist
LogWindows: Failed to load 'VtuneApi.dll' (GetLastError=126)
LogWindows: File 'VtuneApi.dll' does not exist
LogWindows: Failed to load 'VtuneApi32e.dll' (GetLastError=126)
LogWindows: File 'VtuneApi32e.dll' does not exist
LogConsoleResponse: Display: Failed to find resolution value strings in scalability ini. Falling back to default.
LogConsoleResponse: Display: Failed to find resolution value strings in scalability ini. Falling back to default.
LogInit: Display: Running engine for game: ProjectEX2
LogPlatformFile: Not using cached read wrapper
LogTaskGraph: Started task graph with 5 named threads and 17 total threads with 3 sets of task threads.
LogStats: Stats thread started at 0.293762
LogICUInternationalization: ICU TimeZone Detection - Raw Offset: +9:00, Platform Override: ''
LogInit: Display: Loading text-based GConfig....
LogPluginManager: Mounting plugin MeshPainting
LogPluginManager: Mounting plugin XGEController
LogPluginManager: Mounting plugin Paper2D
LogPluginManager: Mounting plugin AISupport
LogPluginManager: Mounting plugin EnvironmentQueryEditor
LogPluginManager: Mounting plugin LiveLink
LogPluginManager: Mounting plugin LightPropagationVolume
LogPluginManager: Mounting plugin CameraShakePreviewer
LogPluginManager: Mounting plugin GameplayCameras
LogPluginManager: Mounting plugin OodleData
LogPluginManager: Mounting plugin OodleNetwork
LogPluginManager: Mounting plugin AnimationSharing
LogPluginManager: Mounting plugin CLionSourceCodeAccess
LogPluginManager: Mounting plugin CodeLiteSourceCodeAccess
LogPluginManager: Mounting plugin GitSourceControl
LogPluginManager: Mounting plugin KDevelopSourceCodeAccess
LogPluginManager: Mounting plugin NullSourceCodeAccess
LogPluginManager: Mounting plugin PerforceSourceControl
LogPluginManager: Mounting plugin PixWinPlugin
LogPluginManager: Mounting plugin PlasticSourceControl
LogPluginManager: Mounting plugin PluginUtils
LogPluginManager: Mounting plugin PropertyAccessNode
LogPluginManager: Mounting plugin RiderSourceCodeAccess
LogPluginManager: Mounting plugin SubversionSourceControl
LogPluginManager: Mounting plugin TextureFormatOodle
LogPluginManager: Mounting plugin UObjectPlugin
LogPluginManager: Mounting plugin VisualStudioCodeSourceCodeAccess
LogPluginManager: Mounting plugin VisualStudioSourceCodeAccess
LogPluginManager: Mounting plugin XCodeSourceCodeAccess
LogPluginManager: Mounting plugin AssetManagerEditor
LogPluginManager: Mounting plugin CryptoKeys
LogPluginManager: Mounting plugin CurveEditorTools
LogPluginManager: Mounting plugin DataValidation
LogPluginManager: Mounting plugin FacialAnimation
LogPluginManager: Mounting plugin GameplayTagsEditor
LogPluginManager: Mounting plugin GeometryMode
LogPluginManager: Mounting plugin MacGraphicsSwitching
LogPluginManager: Mounting plugin MaterialAnalyzer
LogPluginManager: Mounting plugin MobileLauncherProfileWizard
LogPluginManager: Mounting plugin PluginBrowser
LogPluginManager: Mounting plugin SpeedTreeImporter
LogPluginManager: Mounting plugin DatasmithContent
LogPluginManager: Mounting plugin VariantManagerContent
LogPluginManager: Mounting plugin AlembicImporter
LogPluginManager: Mounting plugin AutomationUtils
LogPluginManager: Mounting plugin BackChannel
LogPluginManager: Mounting plugin ChaosCloth
LogPluginManager: Mounting plugin ChaosClothEditor
LogPluginManager: Mounting plugin ChaosEditor
LogPluginManager: Mounting plugin ChaosNiagara
LogPluginManager: Mounting plugin ChaosSolverPlugin
LogPluginManager: Mounting plugin CharacterAI
LogPluginManager: Mounting plugin GeometryCache
LogPluginManager: Mounting plugin GeometryCollectionPlugin
LogPluginManager: Mounting plugin GeometryProcessing
LogPluginManager: Mounting plugin MotoSynth
LogPluginManager: Mounting plugin OpenImageDenoise
LogPluginManager: Mounting plugin PlanarCut
LogPluginManager: Mounting plugin PlatformCrypto
LogPluginManager: Mounting plugin ProxyLODPlugin
LogPluginManager: Mounting plugin PythonScriptPlugin
LogPluginManager: Mounting plugin SkeletalReduction
LogPluginManager: Mounting plugin Niagara
LogPluginManager: Mounting plugin LuminPlatformFeatures
LogPluginManager: Mounting plugin MagicLeap
LogPluginManager: Mounting plugin MagicLeapLightEstimation
LogPluginManager: Mounting plugin MagicLeapMedia
LogPluginManager: Mounting plugin MagicLeapPassableWorld
LogPluginManager: Mounting plugin MLSDK
LogPluginManager: Mounting plugin AndroidMedia
LogPluginManager: Mounting plugin AvfMedia
LogPluginManager: Mounting plugin ImgMedia
LogPluginManager: Mounting plugin MediaCompositing
LogPluginManager: Mounting plugin MediaPlayerEditor
LogPluginManager: Mounting plugin WebMMedia
LogPluginManager: Mounting plugin WmfMedia
LogPluginManager: Mounting plugin TcpMessaging
LogPluginManager: Mounting plugin UdpMessaging
LogPluginManager: Mounting plugin ActorSequence
LogPluginManager: Mounting plugin LevelSequenceEditor
LogPluginManager: Mounting plugin MatineeToLevelSequence
LogPluginManager: Mounting plugin TemplateSequence
LogPluginManager: Mounting plugin OnlineSubsystem
LogPluginManager: Mounting plugin OnlineSubsystemNull
LogPluginManager: Mounting plugin OnlineSubsystemUtils
LogPluginManager: Mounting plugin LauncherChunkInstaller
LogPluginManager: Mounting plugin ActorLayerUtilities
LogPluginManager: Mounting plugin AndroidDeviceProfileSelector
LogPluginManager: Mounting plugin AndroidMoviePlayer
LogPluginManager: Mounting plugin AndroidPermission
LogPluginManager: Mounting plugin AppleImageUtils
LogPluginManager: Mounting plugin AppleMoviePlayer
LogPluginManager: Mounting plugin ArchVisCharacter
LogPluginManager: Mounting plugin AssetTags
LogPluginManager: Mounting plugin AudioCapture
LogPluginManager: Mounting plugin AudioSynesthesia
LogPluginManager: Mounting plugin CableComponent
LogPluginManager: Mounting plugin ChunkDownloader
LogPluginManager: Mounting plugin CustomMeshComponent
LogPluginManager: Mounting plugin EditableMesh
LogPluginManager: Mounting plugin ExampleDeviceProfileSelector
LogPluginManager: Mounting plugin GoogleCloudMessaging
LogPluginManager: Mounting plugin GooglePAD
LogPluginManager: Mounting plugin IOSDeviceProfileSelector
LogPluginManager: Mounting plugin LinuxDeviceProfileSelector
LogPluginManager: Mounting plugin LocationServicesBPLibrary
LogPluginManager: Mounting plugin MobilePatchingUtils
LogPluginManager: Mounting plugin OpenXR
LogPluginManager: Mounting plugin OpenXREyeTracker
LogPluginManager: Mounting plugin OpenXRHandTracking
LogPluginManager: Mounting plugin PhysXVehicles
LogPluginManager: Mounting plugin PostSplashScreen
LogPluginManager: Mounting plugin ProceduralMeshComponent
LogPluginManager: Mounting plugin PropertyAccessEditor
LogPluginManager: Mounting plugin RuntimePhysXCooking
LogPluginManager: Mounting plugin SignificanceManager
LogPluginManager: Mounting plugin SoundFields
LogPluginManager: Mounting plugin Synthesis
LogPluginManager: Mounting plugin WebMMoviePlayer
LogPluginManager: Mounting plugin WindowsMoviePlayer
LogPluginManager: Mounting plugin ScreenshotTools
LogPluginManager: Mounting plugin Takes
LogPluginManager: Mounting plugin ContentBrowserAssetDataSource
LogPluginManager: Mounting plugin ContentBrowserClassDataSource
LogPluginManager: Mounting plugin ContentBrowserFileDataSource
LogPluginManager: Mounting plugin OnlineSubsystemGooglePlay
LogPluginManager: Mounting plugin OnlineSubsystemIOS
LogPluginManager: Mounting plugin OculusVR
LogPluginManager: Mounting plugin SteamVR
PixWinPlugin: PIX capture plugin failed to initialize! Check that the process is launched from PIX.
LogInit: Using libcurl 7.55.1-DEV
LogInit:  - built for x86_64-pc-win32
LogInit:  - supports SSL with OpenSSL/1.1.1
LogInit:  - supports HTTP deflate (compression) using libz 1.2.8
LogInit:  - other features:
LogInit:      CURL_VERSION_SSL
LogInit:      CURL_VERSION_LIBZ
LogInit:      CURL_VERSION_IPV6
LogInit:      CURL_VERSION_ASYNCHDNS
LogInit:      CURL_VERSION_LARGEFILE
LogInit:      CURL_VERSION_IDN
LogInit:  CurlRequestOptions (configurable via config and command line):
LogInit:  - bVerifyPeer = true  - Libcurl will verify peer certificate
LogInit:  - bUseHttpProxy = false  - Libcurl will NOT use HTTP proxy
LogInit:  - bDontReuseConnections = false  - Libcurl will reuse connections
LogInit:  - MaxHostConnections = 16  - Libcurl will limit the number of connections to a host
LogInit:  - LocalHostAddr = Default
LogInit:  - BufferSize = 65536
LogOnline: OSS: Creating online subsystem instance for: NULL
LogInit: WinSock: version 1.1 (2.2), MaxSocks=32767, MaxUdp=65467
LogOnline: OSS: TryLoadSubsystemAndSetDefault: Loaded subsystem for module [NULL]
LogInit: Build: ++UE4+Release-4.27-CL-18319896
LogInit: Engine Version: 4.27.2-18319896+++UE4+Release-4.27
LogInit: Compatible Engine Version: 4.27.0-17155196+++UE4+Release-4.27
LogInit: Net CL: 17155196
LogInit: OS: Windows 10 (Release 2009) (), CPU: AMD Ryzen 5 3500 6-Core Processor              , GPU: NVIDIA GeForce GTX 1660 SUPER
LogInit: Compiled (64-bit): Nov 30 2021 07:12:08
LogInit: Compiled with Visual C++: 19.24.28315.00
LogInit: Build Configuration: Development
LogInit: Branch Name: ++UE4+Release-4.27
LogInit: Command Line:  /Game/ThirdPersonCPP/Maps/ThirdPersonExampleMap?listen -server -log
LogInit: Base Directory: C:/Program Files/Epic Games/UE_4.27/Engine/Binaries/Win64/
LogInit: Allocator: TBB
LogInit: Installed Engine Build: 1
LogDevObjectVersion: Number of dev versions registered: 29
LogDevObjectVersion:   Dev-Blueprints (B0D832E4-1F89-4F0D-ACCF-7EB736FD4AA2): 10
LogDevObjectVersion:   Dev-Build (E1C64328-A22C-4D53-A36C-8E866417BD8C): 0
LogDevObjectVersion:   Dev-Core (375EC13C-06E4-48FB-B500-84F0262A717E): 4
LogDevObjectVersion:   Dev-Editor (E4B068ED-F494-42E9-A231-DA0B2E46BB41): 40
LogDevObjectVersion:   Dev-Framework (CFFC743F-43B0-4480-9391-14DF171D2073): 37
LogDevObjectVersion:   Dev-Mobile (B02B49B5-BB20-44E9-A304-32B752E40360): 3
LogDevObjectVersion:   Dev-Networking (A4E4105C-59A1-49B5-A7C5-40C4547EDFEE): 0
LogDevObjectVersion:   Dev-Online (39C831C9-5AE6-47DC-9A44-9C173E1C8E7C): 0
LogDevObjectVersion:   Dev-Physics (78F01B33-EBEA-4F98-B9B4-84EACCB95AA2): 14
LogDevObjectVersion:   Dev-Platform (6631380F-2D4D-43E0-8009-CF276956A95A): 0
LogDevObjectVersion:   Dev-Rendering (12F88B9F-8875-4AFC-A67C-D90C383ABD29): 45
LogDevObjectVersion:   Dev-Sequencer (7B5AE74C-D270-4C10-A958-57980B212A5A): 13
LogDevObjectVersion:   Dev-VR (D7296918-1DD6-4BDD-9DE2-64A83CC13884): 3
LogDevObjectVersion:   Dev-LoadTimes (C2A15278-BFE7-4AFE-6C17-90FF531DF755): 1
LogDevObjectVersion:   Private-Geometry (6EACA3D4-40EC-4CC1-B786-8BED09428FC5): 3
LogDevObjectVersion:   Dev-AnimPhys (29E575DD-E0A3-4627-9D10-D276232CDCEA): 17
LogDevObjectVersion:   Dev-Anim (AF43A65D-7FD3-4947-9873-3E8ED9C1BB05): 15
LogDevObjectVersion:   Dev-ReflectionCapture (6B266CEC-1EC7-4B8F-A30B-E4D90942FC07): 1
LogDevObjectVersion:   Dev-Automation (0DF73D61-A23F-47EA-B727-89E90C41499A): 1
LogDevObjectVersion:   FortniteMain (601D1886-AC64-4F84-AA16-D3DE0DEAC7D6): 47
LogDevObjectVersion:   FortniteRelease (E7086368-6B23-4C58-8439-1B7016265E91): 1
LogDevObjectVersion:   Dev-Enterprise (9DFFBCD6-494F-0158-E221-12823C92A888): 10
LogDevObjectVersion:   Dev-Niagara (F2AED0AC-9AFE-416F-8664-AA7FFA26D6FC): 1
LogDevObjectVersion:   Dev-Destruction (174F1F0B-B4C6-45A5-B13F-2EE8D0FB917D): 10
LogDevObjectVersion:   Dev-Physics-Ext (35F94A83-E258-406C-A318-09F59610247C): 41
LogDevObjectVersion:   Dev-PhysicsMaterial-Chaos (B68FC16E-8B1B-42E2-B453-215C058844FE): 1
LogDevObjectVersion:   Dev-CineCamera (B2E18506-4273-CFC2-A54E-F4BB758BBA07): 1
LogDevObjectVersion:   Dev-VirtualProduction (64F58936-FD1B-42BA-BA96-7289D5D0FA4E): 1
LogDevObjectVersion:   Dev-MediaFramework (6F0ED827-A609-4895-9C91-998D90180EA4): 2
LogInit: Presizing for max 25165824 objects, including 0 objects not considered by GC, pre-allocating 0 bytes for permanent pool.
LogConfig: Applying CVar settings from Section [/Script/Engine.StreamingSettings] File [C:/Users/User/Desktop/ProjectEX2/Saved/Config/Windows/Engine.ini]
LogConfig: Setting CVar [[s.MinBulkDataSizeForAsyncLoading:131072]]
LogConfig: Setting CVar [[s.AsyncLoadingThreadEnabled:0]]
LogConfig: Setting CVar [[s.EventDrivenLoaderEnabled:1]]
LogConfig: Setting CVar [[s.WarnIfTimeLimitExceeded:0]]
LogConfig: Setting CVar [[s.TimeLimitExceededMultiplier:1.5]]
LogConfig: Setting CVar [[s.TimeLimitExceededMinTime:0.005]]
LogConfig: Setting CVar [[s.UseBackgroundLevelStreaming:1]]
LogConfig: Setting CVar [[s.PriorityAsyncLoadingExtraTime:15.0]]
LogConfig: Setting CVar [[s.LevelStreamingActorsUpdateTimeLimit:5.0]]
LogConfig: Setting CVar [[s.PriorityLevelStreamingActorsUpdateExtraTime:5.0]]
LogConfig: Setting CVar [[s.LevelStreamingComponentsRegistrationGranularity:10]]
LogConfig: Setting CVar [[s.UnregisterComponentsTimeLimit:1.0]]
LogConfig: Setting CVar [[s.LevelStreamingComponentsUnregistrationGranularity:5]]
LogConfig: Setting CVar [[s.FlushStreamingOnExit:1]]
LogInit: Object subsystem initialized
LogConfig: Setting CVar [[con.DebugEarlyDefault:1]]
LogConfig: Setting CVar [[r.setres:1280x720]]
[2022.09.12-07.59.34:058][  0]LogConfig: Setting CVar [[con.DebugEarlyDefault:1]]
[2022.09.12-07.59.34:058][  0]LogConfig: Setting CVar [[r.setres:1280x720]]
[2022.09.12-07.59.34:059][  0]LogConfig: Applying CVar settings from Section [/Script/Engine.RendererSettings] File [C:/Users/User/Desktop/ProjectEX2/Saved/Config/Windows/Engine.ini]
[2022.09.12-07.59.34:061][  0]LogConfig: Setting CVar [[r.GPUCrashDebugging:0]]
[2022.09.12-07.59.34:062][  0]LogConfig: Applying CVar settings from Section [/Script/Engine.RendererOverrideSettings] File [C:/Users/User/Desktop/ProjectEX2/Saved/Config/Windows/Engine.ini]
[2022.09.12-07.59.34:062][  0]LogConfig: Applying CVar settings from Section [/Script/Engine.StreamingSettings] File [C:/Users/User/Desktop/ProjectEX2/Saved/Config/Windows/Engine.ini]
[2022.09.12-07.59.34:063][  0]LogConfig: Setting CVar [[s.MinBulkDataSizeForAsyncLoading:131072]]
[2022.09.12-07.59.34:063][  0]LogConfig: Setting CVar [[s.AsyncLoadingThreadEnabled:0]]
[2022.09.12-07.59.34:064][  0]LogConfig: Setting CVar [[s.EventDrivenLoaderEnabled:1]]
[2022.09.12-07.59.34:065][  0]LogConfig: Setting CVar [[s.WarnIfTimeLimitExceeded:0]]
[2022.09.12-07.59.34:065][  0]LogConfig: Setting CVar [[s.TimeLimitExceededMultiplier:1.5]]
[2022.09.12-07.59.34:066][  0]LogConfig: Setting CVar [[s.TimeLimitExceededMinTime:0.005]]
[2022.09.12-07.59.34:067][  0]LogConfig: Setting CVar [[s.UseBackgroundLevelStreaming:1]]
[2022.09.12-07.59.34:069][  0]LogConfig: Setting CVar [[s.PriorityAsyncLoadingExtraTime:15.0]]
[2022.09.12-07.59.34:070][  0]LogConfig: Setting CVar [[s.LevelStreamingActorsUpdateTimeLimit:5.0]]
[2022.09.12-07.59.34:071][  0]LogConfig: Setting CVar [[s.PriorityLevelStreamingActorsUpdateExtraTime:5.0]]
[2022.09.12-07.59.34:072][  0]LogConfig: Setting CVar [[s.LevelStreamingComponentsRegistrationGranularity:10]]
[2022.09.12-07.59.34:072][  0]LogConfig: Setting CVar [[s.UnregisterComponentsTimeLimit:1.0]]
[2022.09.12-07.59.34:074][  0]LogConfig: Setting CVar [[s.LevelStreamingComponentsUnregistrationGranularity:5]]
[2022.09.12-07.59.34:076][  0]LogConfig: Setting CVar [[s.FlushStreamingOnExit:1]]
[2022.09.12-07.59.34:078][  0]LogConfig: Applying CVar settings from Section [/Script/Engine.GarbageCollectionSettings] File [C:/Users/User/Desktop/ProjectEX2/Saved/Config/Windows/Engine.ini]
[2022.09.12-07.59.34:079][  0]LogConfig: Setting CVar [[gc.MaxObjectsNotConsideredByGC:1]]
[2022.09.12-07.59.34:080][  0]LogConfig: Setting CVar [[gc.SizeOfPermanentObjectPool:0]]
[2022.09.12-07.59.34:082][  0]LogConfig: Setting CVar [[gc.FlushStreamingOnGC:0]]
[2022.09.12-07.59.34:082][  0]LogConfig: Setting CVar [[gc.NumRetriesBeforeForcingGC:10]]
[2022.09.12-07.59.34:083][  0]LogConfig: Setting CVar [[gc.AllowParallelGC:1]]
[2022.09.12-07.59.34:085][  0]LogConfig: Setting CVar [[gc.TimeBetweenPurgingPendingKillObjects:61.1]]
[2022.09.12-07.59.34:086][  0]LogConfig: Setting CVar [[gc.MaxObjectsInEditor:25165824]]
[2022.09.12-07.59.34:088][  0]LogConfig: Setting CVar [[gc.IncrementalBeginDestroyEnabled:1]]
[2022.09.12-07.59.34:090][  0]LogConfig: Setting CVar [[gc.CreateGCClusters:1]]
[2022.09.12-07.59.34:091][  0]LogConfig: Setting CVar [[gc.MinGCClusterSize:5]]
[2022.09.12-07.59.34:094][  0]LogConfig: Setting CVar [[gc.ActorClusteringEnabled:0]]
[2022.09.12-07.59.34:095][  0]LogConfig: Setting CVar [[gc.BlueprintClusteringEnabled:0]]
[2022.09.12-07.59.34:096][  0]LogConfig: Setting CVar [[gc.UseDisregardForGCOnDedicatedServers:0]]
[2022.09.12-07.59.34:097][  0]LogConfig: Setting CVar [[gc.MultithreadedDestructionEnabled:1]]
[2022.09.12-07.59.34:097][  0]LogConfig: Applying CVar settings from Section [/Script/Engine.NetworkSettings] File [C:/Users/User/Desktop/ProjectEX2/Saved/Config/Windows/Engine.ini]
[2022.09.12-07.59.34:098][  0]LogConfig: Applying CVar settings from Section [/Script/UnrealEd.CookerSettings] File [C:/Users/User/Desktop/ProjectEX2/Saved/Config/Windows/Engine.ini]
[2022.09.12-07.59.34:099][  0]LogConfig: Applying CVar settings from Section [ViewDistanceQuality@3] File [C:/Users/User/Desktop/ProjectEX2/Saved/Config/Windows/Scalability.ini]
[2022.09.12-07.59.34:102][  0]LogConfig: Setting CVar [[r.SkeletalMeshLODBias:0]]
[2022.09.12-07.59.34:103][  0]LogConfig: Setting CVar [[r.ViewDistanceScale:1.0]]
[2022.09.12-07.59.34:105][  0]LogConfig: Applying CVar settings from Section [AntiAliasingQuality@3] File [C:/Users/User/Desktop/ProjectEX2/Saved/Config/Windows/Scalability.ini]
[2022.09.12-07.59.34:106][  0]LogConfig: Setting CVar [[r.PostProcessAAQuality:4]]
[2022.09.12-07.59.34:109][  0]LogConfig: Applying CVar settings from Section [ShadowQuality@3] File [C:/Users/User/Desktop/ProjectEX2/Saved/Config/Windows/Scalability.ini]
[2022.09.12-07.59.34:110][  0]LogConfig: Setting CVar [[r.LightFunctionQuality:1]]
[2022.09.12-07.59.34:112][  0]LogConfig: Setting CVar [[r.ShadowQuality:5]]
[2022.09.12-07.59.34:114][  0]LogConfig: Setting CVar [[r.Shadow.CSM.MaxCascades:10]]
[2022.09.12-07.59.34:114][  0]LogConfig: Setting CVar [[r.Shadow.MaxResolution:2048]]
[2022.09.12-07.59.34:116][  0]LogConfig: Setting CVar [[r.Shadow.MaxCSMResolution:2048]]
[2022.09.12-07.59.34:116][  0]LogConfig: Setting CVar [[r.Shadow.RadiusThreshold:0.01]]
[2022.09.12-07.59.34:118][  0]LogConfig: Setting CVar [[r.Shadow.DistanceScale:1.0]]
[2022.09.12-07.59.34:119][  0]LogConfig: Setting CVar [[r.Shadow.CSM.TransitionScale:1.0]]
[2022.09.12-07.59.34:119][  0]LogConfig: Setting CVar [[r.Shadow.PreShadowResolutionFactor:1.0]]
[2022.09.12-07.59.34:120][  0]LogConfig: Setting CVar [[r.DistanceFieldShadowing:1]]
[2022.09.12-07.59.34:120][  0]LogConfig: Setting CVar [[r.DistanceFieldAO:1]]
[2022.09.12-07.59.34:121][  0]LogConfig: Setting CVar [[r.AOQuality:2]]
[2022.09.12-07.59.34:123][  0]LogConfig: Setting CVar [[r.VolumetricFog:1]]
[2022.09.12-07.59.34:125][  0]LogConfig: Setting CVar [[r.VolumetricFog.GridPixelSize:8]]
[2022.09.12-07.59.34:125][  0]LogConfig: Setting CVar [[r.VolumetricFog.GridSizeZ:128]]
[2022.09.12-07.59.34:126][  0]LogConfig: Setting CVar [[r.VolumetricFog.HistoryMissSupersampleCount:4]]
[2022.09.12-07.59.34:128][  0]LogConfig: Setting CVar [[r.LightMaxDrawDistanceScale:1]]
[2022.09.12-07.59.34:129][  0]LogConfig: Setting CVar [[r.CapsuleShadows:1]]
[2022.09.12-07.59.34:129][  0]LogConfig: Applying CVar settings from Section [PostProcessQuality@3] File [C:/Users/User/Desktop/ProjectEX2/Saved/Config/Windows/Scalability.ini]
[2022.09.12-07.59.34:130][  0]LogConfig: Setting CVar [[r.MotionBlurQuality:4]]
[2022.09.12-07.59.34:131][  0]LogConfig: Setting CVar [[r.AmbientOcclusionMipLevelFactor:0.4]]
[2022.09.12-07.59.34:132][  0]LogConfig: Setting CVar [[r.AmbientOcclusionMaxQuality:100]]
[2022.09.12-07.59.34:133][  0]LogConfig: Setting CVar [[r.AmbientOcclusionLevels:-1]]
[2022.09.12-07.59.34:133][  0]LogConfig: Setting CVar [[r.AmbientOcclusionRadiusScale:1.0]]
[2022.09.12-07.59.34:133][  0]LogConfig: Setting CVar [[r.DepthOfFieldQuality:2]]
[2022.09.12-07.59.34:133][  0]LogConfig: Setting CVar [[r.RenderTargetPoolMin:400]]
[2022.09.12-07.59.34:135][  0]LogConfig: Setting CVar [[r.LensFlareQuality:2]]
[2022.09.12-07.59.34:135][  0]LogConfig: Setting CVar [[r.SceneColorFringeQuality:1]]
[2022.09.12-07.59.34:136][  0]LogConfig: Setting CVar [[r.EyeAdaptationQuality:2]]
[2022.09.12-07.59.34:136][  0]LogConfig: Setting CVar [[r.BloomQuality:5]]
[2022.09.12-07.59.34:137][  0]LogConfig: Setting CVar [[r.FastBlurThreshold:100]]
[2022.09.12-07.59.34:140][  0]LogConfig: Setting CVar [[r.Upscale.Quality:3]]
[2022.09.12-07.59.34:141][  0]LogConfig: Setting CVar [[r.Tonemapper.GrainQuantization:1]]
[2022.09.12-07.59.34:144][  0]LogConfig: Setting CVar [[r.LightShaftQuality:1]]
[2022.09.12-07.59.34:145][  0]LogConfig: Setting CVar [[r.Filter.SizeScale:1]]
[2022.09.12-07.59.34:147][  0]LogConfig: Setting CVar [[r.Tonemapper.Quality:5]]
[2022.09.12-07.59.34:148][  0]LogConfig: Setting CVar [[r.DOF.Gather.AccumulatorQuality:1        ; higher gathering accumulator quality]]
[2022.09.12-07.59.34:150][  0]LogConfig: Setting CVar [[r.DOF.Gather.PostfilterMethod:1          ; Median3x3 postfilering method]]
[2022.09.12-07.59.34:151][  0]LogConfig: Setting CVar [[r.DOF.Gather.EnableBokehSettings:0       ; no bokeh simulation when gathering]]
[2022.09.12-07.59.34:152][  0]LogConfig: Setting CVar [[r.DOF.Gather.RingCount:4                 ; medium number of samples when gathering]]
[2022.09.12-07.59.34:153][  0]LogConfig: Setting CVar [[r.DOF.Scatter.ForegroundCompositing:1    ; additive foreground scattering]]
[2022.09.12-07.59.34:154][  0]LogConfig: Setting CVar [[r.DOF.Scatter.BackgroundCompositing:2    ; additive background scattering]]
[2022.09.12-07.59.34:156][  0]LogConfig: Setting CVar [[r.DOF.Scatter.EnableBokehSettings:1      ; bokeh simulation when scattering]]
[2022.09.12-07.59.34:159][  0]LogConfig: Setting CVar [[r.DOF.Scatter.MaxSpriteRatio:0.1         ; only a maximum of 10% of scattered bokeh]]
[2022.09.12-07.59.34:162][  0]LogConfig: Setting CVar [[r.DOF.Recombine.Quality:1                ; cheap slight out of focus]]
[2022.09.12-07.59.34:165][  0]LogConfig: Setting CVar [[r.DOF.Recombine.EnableBokehSettings:0    ; no bokeh simulation on slight out of focus]]
[2022.09.12-07.59.34:168][  0]LogConfig: Setting CVar [[r.DOF.TemporalAAQuality:1                ; more stable temporal accumulation]]
[2022.09.12-07.59.34:170][  0]LogConfig: Setting CVar [[r.DOF.Kernel.MaxForegroundRadius:0.025]]
[2022.09.12-07.59.34:172][  0]LogConfig: Setting CVar [[r.DOF.Kernel.MaxBackgroundRadius:0.025]]
[2022.09.12-07.59.34:173][  0]LogConfig: Applying CVar settings from Section [TextureQuality@3] File [C:/Users/User/Desktop/ProjectEX2/Saved/Config/Windows/Scalability.ini]
[2022.09.12-07.59.34:173][  0]LogConfig: Setting CVar [[r.Streaming.MipBias:0]]
[2022.09.12-07.59.34:173][  0]LogConfig: Setting CVar [[r.Streaming.AmortizeCPUToGPUCopy:0]]
[2022.09.12-07.59.34:173][  0]LogConfig: Setting CVar [[r.Streaming.MaxNumTexturesToStreamPerFrame:0]]
[2022.09.12-07.59.34:173][  0]LogConfig: Setting CVar [[r.Streaming.Boost:1]]
[2022.09.12-07.59.34:173][  0]LogConfig: Setting CVar [[r.MaxAnisotropy:8]]
[2022.09.12-07.59.34:173][  0]LogConfig: Setting CVar [[r.VT.MaxAnisotropy:8]]
[2022.09.12-07.59.34:173][  0]LogConfig: Setting CVar [[r.Streaming.LimitPoolSizeToVRAM:0]]
[2022.09.12-07.59.34:173][  0]LogConfig: Setting CVar [[r.Streaming.PoolSize:1000]]
[2022.09.12-07.59.34:176][  0]LogConfig: Setting CVar [[r.Streaming.MaxEffectiveScreenSize:0]]
[2022.09.12-07.59.34:179][  0]LogConfig: Applying CVar settings from Section [EffectsQuality@3] File [C:/Users/User/Desktop/ProjectEX2/Saved/Config/Windows/Scalability.ini]
[2022.09.12-07.59.34:179][  0]LogConfig: Setting CVar [[r.TranslucencyLightingVolumeDim:64]]
[2022.09.12-07.59.34:179][  0]LogConfig: Setting CVar [[r.RefractionQuality:2]]
[2022.09.12-07.59.34:179][  0]LogConfig: Setting CVar [[r.SSR.Quality:3]]
[2022.09.12-07.59.34:179][  0]LogConfig: Setting CVar [[r.SSR.HalfResSceneColor:0]]
[2022.09.12-07.59.34:180][  0]LogConfig: Setting CVar [[r.SceneColorFormat:4]]
[2022.09.12-07.59.34:180][  0]LogConfig: Setting CVar [[r.DetailMode:2]]
[2022.09.12-07.59.34:180][  0]LogConfig: Setting CVar [[r.TranslucencyVolumeBlur:1]]
[2022.09.12-07.59.34:180][  0]LogConfig: Setting CVar [[r.MaterialQualityLevel:1 ; High quality]]
[2022.09.12-07.59.34:183][  0]LogConfig: Setting CVar [[r.AnisotropicMaterials:1]]
[2022.09.12-07.59.34:186][  0]LogConfig: Setting CVar [[r.SSS.Scale:1]]
[2022.09.12-07.59.34:187][  0]LogConfig: Setting CVar [[r.SSS.SampleSet:2]]
[2022.09.12-07.59.34:187][  0]LogConfig: Setting CVar [[r.SSS.Quality:1]]
[2022.09.12-07.59.34:190][  0]LogConfig: Setting CVar [[r.SSS.HalfRes:0]]
[2022.09.12-07.59.34:190][  0]LogConfig: Setting CVar [[r.SSGI.Quality:3]]
[2022.09.12-07.59.34:192][  0]LogConfig: Setting CVar [[r.EmitterSpawnRateScale:1.0]]
[2022.09.12-07.59.34:192][  0]LogConfig: Setting CVar [[r.ParticleLightQuality:2]]
[2022.09.12-07.59.34:194][  0]LogConfig: Setting CVar [[r.SkyAtmosphere.AerialPerspectiveLUT.FastApplyOnOpaque:1 ; Always have FastSkyLUT 1 in this case to avoid wrong sky]]
[2022.09.12-07.59.34:196][  0]LogConfig: Setting CVar [[r.SkyAtmosphere.AerialPerspectiveLUT.SampleCountMaxPerSlice:4]]
[2022.09.12-07.59.34:197][  0]LogConfig: Setting CVar [[r.SkyAtmosphere.AerialPerspectiveLUT.DepthResolution:16.0]]
[2022.09.12-07.59.34:200][  0]LogConfig: Setting CVar [[r.SkyAtmosphere.FastSkyLUT:1]]
[2022.09.12-07.59.34:201][  0]LogConfig: Setting CVar [[r.SkyAtmosphere.FastSkyLUT.SampleCountMin:4.0]]
[2022.09.12-07.59.34:202][  0]LogConfig: Setting CVar [[r.SkyAtmosphere.FastSkyLUT.SampleCountMax:128.0]]
[2022.09.12-07.59.34:205][  0]LogConfig: Setting CVar [[r.SkyAtmosphere.SampleCountMin:4.0]]
[2022.09.12-07.59.34:206][  0]LogConfig: Setting CVar [[r.SkyAtmosphere.SampleCountMax:128.0]]
[2022.09.12-07.59.34:208][  0]LogConfig: Setting CVar [[r.SkyAtmosphere.TransmittanceLUT.UseSmallFormat:0]]
[2022.09.12-07.59.34:210][  0]LogConfig: Setting CVar [[r.SkyAtmosphere.TransmittanceLUT.SampleCount:10.0]]
[2022.09.12-07.59.34:212][  0]LogConfig: Setting CVar [[r.SkyAtmosphere.MultiScatteringLUT.SampleCount:15.0]]
[2022.09.12-07.59.34:214][  0]LogConfig: Setting CVar [[r.SkyLight.RealTimeReflectionCapture:1]]
[2022.09.12-07.59.34:216][  0]LogConfig: Applying CVar settings from Section [FoliageQuality@3] File [C:/Users/User/Desktop/ProjectEX2/Saved/Config/Windows/Scalability.ini]
[2022.09.12-07.59.34:218][  0]LogConfig: Setting CVar [[foliage.DensityScale:1.0]]
[2022.09.12-07.59.34:220][  0]LogConfig: Setting CVar [[grass.DensityScale:1.0]]
[2022.09.12-07.59.34:223][  0]LogConfig: Applying CVar settings from Section [ShadingQuality@3] File [C:/Users/User/Desktop/ProjectEX2/Saved/Config/Windows/Scalability.ini]
[2022.09.12-07.59.34:225][  0]LogConfig: Setting CVar [[r.HairStrands.SkyLighting.IntegrationType:2]]
[2022.09.12-07.59.34:228][  0]LogConfig: Setting CVar [[r.HairStrands.SkyAO.SampleCount:4]]
[2022.09.12-07.59.34:231][  0]LogConfig: Setting CVar [[r.HairStrands.Visibility.MSAA.SamplePerPixel:4]]
[2022.09.12-07.59.34:233][  0]LogInit: Selected Device Profile: [Windows]
[2022.09.12-07.59.34:235][  0]LogInit: Applying CVar settings loaded from the selected device profile: [Windows]
[2022.09.12-07.59.34:237][  0]LogHAL: Display: Platform has ~ 16 GB [17110814720 / 17179869184 / 16], which maps to Larger [LargestMinGB=32, LargerMinGB=12, DefaultMinGB=8, SmallerMinGB=6, SmallestMinGB=0)
[2022.09.12-07.59.34:238][  0]LogInit: Going up to parent DeviceProfile []
[2022.09.12-07.59.34:240][  0]LogConfig: Applying CVar settings from Section [ViewDistanceQuality@3] File [C:/Users/User/Desktop/ProjectEX2/Saved/Config/Windows/Scalability.ini]
[2022.09.12-07.59.34:241][  0]LogConfig: Setting CVar [[r.SkeletalMeshLODBias:0]]
[2022.09.12-07.59.34:242][  0]LogConfig: Setting CVar [[r.ViewDistanceScale:1.0]]
[2022.09.12-07.59.34:244][  0]LogConfig: Applying CVar settings from Section [AntiAliasingQuality@3] File [C:/Users/User/Desktop/ProjectEX2/Saved/Config/Windows/Scalability.ini]
[2022.09.12-07.59.34:246][  0]LogConfig: Setting CVar [[r.PostProcessAAQuality:4]]
[2022.09.12-07.59.34:248][  0]LogConfig: Applying CVar settings from Section [ShadowQuality@3] File [C:/Users/User/Desktop/ProjectEX2/Saved/Config/Windows/Scalability.ini]
[2022.09.12-07.59.34:249][  0]LogConfig: Setting CVar [[r.LightFunctionQuality:1]]
[2022.09.12-07.59.34:250][  0]LogConfig: Setting CVar [[r.ShadowQuality:5]]
[2022.09.12-07.59.34:250][  0]LogConfig: Setting CVar [[r.Shadow.CSM.MaxCascades:10]]
[2022.09.12-07.59.34:251][  0]LogConfig: Setting CVar [[r.Shadow.MaxResolution:2048]]
[2022.09.12-07.59.34:252][  0]LogConfig: Setting CVar [[r.Shadow.MaxCSMResolution:2048]]
[2022.09.12-07.59.34:252][  0]LogConfig: Setting CVar [[r.Shadow.RadiusThreshold:0.01]]
[2022.09.12-07.59.34:254][  0]LogConfig: Setting CVar [[r.Shadow.DistanceScale:1.0]]
[2022.09.12-07.59.34:255][  0]LogConfig: Setting CVar [[r.Shadow.CSM.TransitionScale:1.0]]
[2022.09.12-07.59.34:256][  0]LogConfig: Setting CVar [[r.Shadow.PreShadowResolutionFactor:1.0]]
[2022.09.12-07.59.34:257][  0]LogConfig: Setting CVar [[r.DistanceFieldShadowing:1]]
[2022.09.12-07.59.34:258][  0]LogConfig: Setting CVar [[r.DistanceFieldAO:1]]
[2022.09.12-07.59.34:261][  0]LogConfig: Setting CVar [[r.AOQuality:2]]
[2022.09.12-07.59.34:262][  0]LogConfig: Setting CVar [[r.VolumetricFog:1]]
[2022.09.12-07.59.34:263][  0]LogConfig: Setting CVar [[r.VolumetricFog.GridPixelSize:8]]
[2022.09.12-07.59.34:264][  0]LogConfig: Setting CVar [[r.VolumetricFog.GridSizeZ:128]]
[2022.09.12-07.59.34:266][  0]LogConfig: Setting CVar [[r.VolumetricFog.HistoryMissSupersampleCount:4]]
[2022.09.12-07.59.34:266][  0]LogConfig: Setting CVar [[r.LightMaxDrawDistanceScale:1]]
[2022.09.12-07.59.34:267][  0]LogConfig: Setting CVar [[r.CapsuleShadows:1]]
[2022.09.12-07.59.34:268][  0]LogConfig: Applying CVar settings from Section [PostProcessQuality@3] File [C:/Users/User/Desktop/ProjectEX2/Saved/Config/Windows/Scalability.ini]
[2022.09.12-07.59.34:269][  0]LogConfig: Setting CVar [[r.MotionBlurQuality:4]]
[2022.09.12-07.59.34:270][  0]LogConfig: Setting CVar [[r.AmbientOcclusionMipLevelFactor:0.4]]
[2022.09.12-07.59.34:271][  0]LogConfig: Setting CVar [[r.AmbientOcclusionMaxQuality:100]]
[2022.09.12-07.59.34:273][  0]LogConfig: Setting CVar [[r.AmbientOcclusionLevels:-1]]
[2022.09.12-07.59.34:275][  0]LogConfig: Setting CVar [[r.AmbientOcclusionRadiusScale:1.0]]
[2022.09.12-07.59.34:276][  0]LogConfig: Setting CVar [[r.DepthOfFieldQuality:2]]
[2022.09.12-07.59.34:277][  0]LogConfig: Setting CVar [[r.RenderTargetPoolMin:400]]
[2022.09.12-07.59.34:278][  0]LogConfig: Setting CVar [[r.LensFlareQuality:2]]
[2022.09.12-07.59.34:278][  0]LogConfig: Setting CVar [[r.SceneColorFringeQuality:1]]
[2022.09.12-07.59.34:278][  0]LogConfig: Setting CVar [[r.EyeAdaptationQuality:2]]
[2022.09.12-07.59.34:279][  0]LogConfig: Setting CVar [[r.BloomQuality:5]]
[2022.09.12-07.59.34:279][  0]LogConfig: Setting CVar [[r.FastBlurThreshold:100]]
[2022.09.12-07.59.34:279][  0]LogConfig: Setting CVar [[r.Upscale.Quality:3]]
[2022.09.12-07.59.34:280][  0]LogConfig: Setting CVar [[r.Tonemapper.GrainQuantization:1]]
[2022.09.12-07.59.34:280][  0]LogConfig: Setting CVar [[r.LightShaftQuality:1]]
[2022.09.12-07.59.34:281][  0]LogConfig: Setting CVar [[r.Filter.SizeScale:1]]
[2022.09.12-07.59.34:281][  0]LogConfig: Setting CVar [[r.Tonemapper.Quality:5]]
[2022.09.12-07.59.34:282][  0]LogConfig: Setting CVar [[r.DOF.Gather.AccumulatorQuality:1        ; higher gathering accumulator quality]]
[2022.09.12-07.59.34:282][  0]LogConfig: Setting CVar [[r.DOF.Gather.PostfilterMethod:1          ; Median3x3 postfilering method]]
[2022.09.12-07.59.34:283][  0]LogConfig: Setting CVar [[r.DOF.Gather.EnableBokehSettings:0       ; no bokeh simulation when gathering]]
[2022.09.12-07.59.34:284][  0]LogConfig: Setting CVar [[r.DOF.Gather.RingCount:4                 ; medium number of samples when gathering]]
[2022.09.12-07.59.34:285][  0]LogConfig: Setting CVar [[r.DOF.Scatter.ForegroundCompositing:1    ; additive foreground scattering]]
[2022.09.12-07.59.34:285][  0]LogConfig: Setting CVar [[r.DOF.Scatter.BackgroundCompositing:2    ; additive background scattering]]
[2022.09.12-07.59.34:286][  0]LogConfig: Setting CVar [[r.DOF.Scatter.EnableBokehSettings:1      ; bokeh simulation when scattering]]
[2022.09.12-07.59.34:287][  0]LogConfig: Setting CVar [[r.DOF.Scatter.MaxSpriteRatio:0.1         ; only a maximum of 10% of scattered bokeh]]
[2022.09.12-07.59.34:288][  0]LogConfig: Setting CVar [[r.DOF.Recombine.Quality:1                ; cheap slight out of focus]]
[2022.09.12-07.59.34:290][  0]LogConfig: Setting CVar [[r.DOF.Recombine.EnableBokehSettings:0    ; no bokeh simulation on slight out of focus]]
[2022.09.12-07.59.34:291][  0]LogConfig: Setting CVar [[r.DOF.TemporalAAQuality:1                ; more stable temporal accumulation]]
[2022.09.12-07.59.34:292][  0]LogConfig: Setting CVar [[r.DOF.Kernel.MaxForegroundRadius:0.025]]
[2022.09.12-07.59.34:293][  0]LogConfig: Setting CVar [[r.DOF.Kernel.MaxBackgroundRadius:0.025]]
[2022.09.12-07.59.34:293][  0]LogConfig: Applying CVar settings from Section [TextureQuality@3] File [C:/Users/User/Desktop/ProjectEX2/Saved/Config/Windows/Scalability.ini]
[2022.09.12-07.59.34:294][  0]LogConfig: Setting CVar [[r.Streaming.MipBias:0]]
[2022.09.12-07.59.34:295][  0]LogConfig: Setting CVar [[r.Streaming.AmortizeCPUToGPUCopy:0]]
[2022.09.12-07.59.34:295][  0]LogConfig: Setting CVar [[r.Streaming.MaxNumTexturesToStreamPerFrame:0]]
[2022.09.12-07.59.34:296][  0]LogConfig: Setting CVar [[r.Streaming.Boost:1]]
[2022.09.12-07.59.34:296][  0]LogConfig: Setting CVar [[r.MaxAnisotropy:8]]
[2022.09.12-07.59.34:297][  0]LogConfig: Setting CVar [[r.VT.MaxAnisotropy:8]]
[2022.09.12-07.59.34:297][  0]LogConfig: Setting CVar [[r.Streaming.LimitPoolSizeToVRAM:0]]
[2022.09.12-07.59.34:298][  0]LogConfig: Setting CVar [[r.Streaming.PoolSize:1000]]
[2022.09.12-07.59.34:299][  0]LogConfig: Setting CVar [[r.Streaming.MaxEffectiveScreenSize:0]]
[2022.09.12-07.59.34:299][  0]LogConfig: Applying CVar settings from Section [EffectsQuality@3] File [C:/Users/User/Desktop/ProjectEX2/Saved/Config/Windows/Scalability.ini]
[2022.09.12-07.59.34:301][  0]LogConfig: Setting CVar [[r.TranslucencyLightingVolumeDim:64]]
[2022.09.12-07.59.34:302][  0]LogConfig: Setting CVar [[r.RefractionQuality:2]]
[2022.09.12-07.59.34:302][  0]LogConfig: Setting CVar [[r.SSR.Quality:3]]
[2022.09.12-07.59.34:302][  0]LogConfig: Setting CVar [[r.SSR.HalfResSceneColor:0]]
[2022.09.12-07.59.34:303][  0]LogConfig: Setting CVar [[r.SceneColorFormat:4]]
[2022.09.12-07.59.34:305][  0]LogConfig: Setting CVar [[r.DetailMode:2]]
[2022.09.12-07.59.34:306][  0]LogConfig: Setting CVar [[r.TranslucencyVolumeBlur:1]]
[2022.09.12-07.59.34:306][  0]LogConfig: Setting CVar [[r.MaterialQualityLevel:1 ; High quality]]
[2022.09.12-07.59.34:307][  0]LogConfig: Setting CVar [[r.AnisotropicMaterials:1]]
[2022.09.12-07.59.34:308][  0]LogConfig: Setting CVar [[r.SSS.Scale:1]]
[2022.09.12-07.59.34:308][  0]LogConfig: Setting CVar [[r.SSS.SampleSet:2]]
[2022.09.12-07.59.34:309][  0]LogConfig: Setting CVar [[r.SSS.Quality:1]]
[2022.09.12-07.59.34:310][  0]LogConfig: Setting CVar [[r.SSS.HalfRes:0]]
[2022.09.12-07.59.34:310][  0]LogConfig: Setting CVar [[r.SSGI.Quality:3]]
[2022.09.12-07.59.34:311][  0]LogConfig: Setting CVar [[r.EmitterSpawnRateScale:1.0]]
[2022.09.12-07.59.34:311][  0]LogConfig: Setting CVar [[r.ParticleLightQuality:2]]
[2022.09.12-07.59.34:312][  0]LogConfig: Setting CVar [[r.SkyAtmosphere.AerialPerspectiveLUT.FastApplyOnOpaque:1 ; Always have FastSkyLUT 1 in this case to avoid wrong sky]]
[2022.09.12-07.59.34:313][  0]LogConfig: Setting CVar [[r.SkyAtmosphere.AerialPerspectiveLUT.SampleCountMaxPerSlice:4]]
[2022.09.12-07.59.34:315][  0]LogConfig: Setting CVar [[r.SkyAtmosphere.AerialPerspectiveLUT.DepthResolution:16.0]]
[2022.09.12-07.59.34:316][  0]LogConfig: Setting CVar [[r.SkyAtmosphere.FastSkyLUT:1]]
[2022.09.12-07.59.34:316][  0]LogConfig: Setting CVar [[r.SkyAtmosphere.FastSkyLUT.SampleCountMin:4.0]]
[2022.09.12-07.59.34:317][  0]LogConfig: Setting CVar [[r.SkyAtmosphere.FastSkyLUT.SampleCountMax:128.0]]
[2022.09.12-07.59.34:318][  0]LogConfig: Setting CVar [[r.SkyAtmosphere.SampleCountMin:4.0]]
[2022.09.12-07.59.34:319][  0]LogConfig: Setting CVar [[r.SkyAtmosphere.SampleCountMax:128.0]]
[2022.09.12-07.59.34:321][  0]LogConfig: Setting CVar [[r.SkyAtmosphere.TransmittanceLUT.UseSmallFormat:0]]
[2022.09.12-07.59.34:321][  0]LogConfig: Setting CVar [[r.SkyAtmosphere.TransmittanceLUT.SampleCount:10.0]]
[2022.09.12-07.59.34:322][  0]LogConfig: Setting CVar [[r.SkyAtmosphere.MultiScatteringLUT.SampleCount:15.0]]
[2022.09.12-07.59.34:322][  0]LogConfig: Setting CVar [[r.SkyLight.RealTimeReflectionCapture:1]]
[2022.09.12-07.59.34:323][  0]LogConfig: Applying CVar settings from Section [FoliageQuality@3] File [C:/Users/User/Desktop/ProjectEX2/Saved/Config/Windows/Scalability.ini]
[2022.09.12-07.59.34:323][  0]LogConfig: Setting CVar [[foliage.DensityScale:1.0]]
[2022.09.12-07.59.34:323][  0]LogConfig: Setting CVar [[grass.DensityScale:1.0]]
[2022.09.12-07.59.34:324][  0]LogConfig: Applying CVar settings from Section [ShadingQuality@3] File [C:/Users/User/Desktop/ProjectEX2/Saved/Config/Windows/Scalability.ini]
[2022.09.12-07.59.34:325][  0]LogConfig: Setting CVar [[r.HairStrands.SkyLighting.IntegrationType:2]]
[2022.09.12-07.59.34:325][  0]LogConfig: Setting CVar [[r.HairStrands.SkyAO.SampleCount:4]]
[2022.09.12-07.59.34:326][  0]LogConfig: Setting CVar [[r.HairStrands.Visibility.MSAA.SamplePerPixel:4]]
[2022.09.12-07.59.34:327][  0]LogConfig: Applying CVar settings from Section [Startup] File [../../../Engine/Config/ConsoleVariables.ini]
[2022.09.12-07.59.34:329][  0]LogConfig: Setting CVar [[net.UseAdaptiveNetUpdateFrequency:0]]
[2022.09.12-07.59.34:329][  0]LogConfig: Setting CVar [[p.chaos.AllowCreatePhysxBodies:1]]
[2022.09.12-07.59.34:330][  0]LogConfig: Setting CVar [[fx.SkipVectorVMBackendOptimizations:1]]
[2022.09.12-07.59.34:330][  0]LogConfig: Applying CVar settings from Section [ConsoleVariables] File [C:/Users/User/Desktop/ProjectEX2/Saved/Config/Windows/Engine.ini]
[2022.09.12-07.59.34:331][  0]LogConfig: Applying CVar settings from Section [ConsoleVariables] File [C:/Users/User/Desktop/ProjectEX2/Saved/Config/Windows/Editor.ini]
[2022.09.12-07.59.34:332][  0]LogInit: Computer: DESKTOP-2NOSHEQ
[2022.09.12-07.59.34:333][  0]LogInit: User: User
[2022.09.12-07.59.34:334][  0]LogInit: CPU Page size=4096, Cores=6
[2022.09.12-07.59.34:335][  0]LogInit: High frequency timer resolution =10.000000 MHz
[2022.09.12-07.59.34:336][  0]LogMemory: Memory total: Physical=15.9GB (16GB approx)
[2022.09.12-07.59.34:336][  0]LogMemory: Platform Memory Stats for Windows
[2022.09.12-07.59.34:336][  0]LogMemory: Process Physical Memory: 138.29 MB used, 138.29 MB peak
[2022.09.12-07.59.34:337][  0]LogMemory: Process Virtual Memory: 117.16 MB used, 117.16 MB peak
[2022.09.12-07.59.34:338][  0]LogMemory: Physical Memory: 8395.00 MB used,  7923.14 MB free, 16318.14 MB total
[2022.09.12-07.59.34:338][  0]LogMemory: Virtual Memory: 134208112.00 MB used,  9619.31 MB free, 134217728.00 MB total
[2022.09.12-07.59.34:351][  0]LogWindows: WindowsPlatformFeatures disabled or dedicated server build
[2022.09.12-07.59.34:449][  0]LogInit: Physics initialised using underlying interface: PhysX
[2022.09.12-07.59.34:450][  0]LogInit: Using OS detected language (ko-KR).
[2022.09.12-07.59.34:450][  0]LogInit: Using OS detected locale (ko-KR).
[2022.09.12-07.59.34:460][  0]LogTextLocalizationManager: No specific localization for 'ko-KR' exists, so the 'ko' localization will be used.
[2022.09.12-07.59.34:933][  0]LogTargetPlatformManager: Display: Loaded TargetPlatform 'AllDesktop'
[2022.09.12-07.59.34:965][  0]LogTargetPlatformManager: Display: Loaded TargetPlatform 'Android'
[2022.09.12-07.59.34:965][  0]LogTargetPlatformManager: Display: Loaded TargetPlatform 'Android_ASTC'
[2022.09.12-07.59.34:967][  0]LogTargetPlatformManager: Display: Loaded TargetPlatform 'Android_DXT'
[2022.09.12-07.59.34:968][  0]LogTargetPlatformManager: Display: Loaded TargetPlatform 'Android_ETC2'
[2022.09.12-07.59.34:969][  0]LogTargetPlatformManager: Display: Loaded TargetPlatform 'AndroidClient'
[2022.09.12-07.59.34:970][  0]LogTargetPlatformManager: Display: Loaded TargetPlatform 'Android_ASTCClient'
[2022.09.12-07.59.34:970][  0]LogTargetPlatformManager: Display: Loaded TargetPlatform 'Android_DXTClient'
[2022.09.12-07.59.34:971][  0]LogTargetPlatformManager: Display: Loaded TargetPlatform 'Android_ETC2Client'
[2022.09.12-07.59.34:972][  0]LogTargetPlatformManager: Display: Loaded TargetPlatform 'Android_Multi'
[2022.09.12-07.59.34:973][  0]LogTargetPlatformManager: Display: Loaded TargetPlatform 'Android_MultiClient'
[2022.09.12-07.59.35:002][  0]LogTargetPlatformManager: Display: Loaded TargetPlatform 'IOSClient'
[2022.09.12-07.59.35:002][  0]LogTargetPlatformManager: Display: Loaded TargetPlatform 'IOS'
[2022.09.12-07.59.35:019][  0]LogTargetPlatformManager: Display: Loaded TargetPlatform 'Linux'
[2022.09.12-07.59.35:027][  0]LogTargetPlatformManager: Display: Loaded TargetPlatform 'LinuxNoEditor'
[2022.09.12-07.59.35:035][  0]LogTargetPlatformManager: Display: Loaded TargetPlatform 'LinuxClient'
[2022.09.12-07.59.35:043][  0]LogTargetPlatformManager: Display: Loaded TargetPlatform 'LinuxServer'
[2022.09.12-07.59.35:060][  0]LogTargetPlatformManager: Display: Loaded TargetPlatform 'LinuxAArch64NoEditor'
[2022.09.12-07.59.35:067][  0]LogTargetPlatformManager: Display: Loaded TargetPlatform 'LinuxAArch64Client'
[2022.09.12-07.59.35:075][  0]LogTargetPlatformManager: Display: Loaded TargetPlatform 'LinuxAArch64Server'
[2022.09.12-07.59.35:114][  0]LogTargetPlatformManager: Display: Loaded TargetPlatform 'Lumin'
[2022.09.12-07.59.35:114][  0]LogTargetPlatformManager: Display: Loaded TargetPlatform 'LuminClient'
[2022.09.12-07.59.35:131][  0]LogTargetPlatformManager: Display: Loaded TargetPlatform 'MacNoEditor'
[2022.09.12-07.59.35:138][  0]LogTargetPlatformManager: Display: Loaded TargetPlatform 'Mac'
[2022.09.12-07.59.35:146][  0]LogTargetPlatformManager: Display: Loaded TargetPlatform 'MacClient'
[2022.09.12-07.59.35:153][  0]LogTargetPlatformManager: Display: Loaded TargetPlatform 'MacServer'
[2022.09.12-07.59.35:170][  0]LogTargetPlatformManager: Display: Loaded TargetPlatform 'TVOSClient'
[2022.09.12-07.59.35:170][  0]LogTargetPlatformManager: Display: Loaded TargetPlatform 'TVOS'
[2022.09.12-07.59.35:185][  0]LogTargetPlatformManager: Display: Loaded TargetPlatform 'WindowsNoEditor'
[2022.09.12-07.59.35:193][  0]LogTargetPlatformManager: Display: Loaded TargetPlatform 'Windows'
[2022.09.12-07.59.35:201][  0]LogTargetPlatformManager: Display: Loaded TargetPlatform 'WindowsClient'
[2022.09.12-07.59.35:210][  0]LogTargetPlatformManager: Display: Loaded TargetPlatform 'WindowsServer'
[2022.09.12-07.59.35:210][  0]LogTargetPlatformManager: Display: Building Assets For Windows
[2022.09.12-07.59.35:224][  0]LogAudioDebug: Display: Lib vorbis DLL was dynamically loaded.
[2022.09.12-07.59.35:286][  0]LogTextureFormatOodle: Display: Oodle Texture 2.9.0 init RDO Off
[2022.09.12-07.59.35:341][  0]LogRendererCore: Ray tracing is disabled. Reason: r.RayTracing=0.
[2022.09.12-07.59.35:341][  0]LogShaderCompilers: Guid format shader working directory is -3 characters bigger than the processId version (../../../../../../Users/User/Desktop/ProjectEX2/Intermediate/Shaders/WorkingDirectory/67516/).
[2022.09.12-07.59.35:342][  0]LogShaderCompilers: Cleaned the shader compiler working directory 'C:/Users/User/AppData/Local/Temp/UnrealShaderWorkingDir/84C14335499943C202C95B8079ECBD81/'.
[2022.09.12-07.59.35:343][  0]LogXGEController: Cannot use XGE Controller as Incredibuild is not installed on this machine.
[2022.09.12-07.59.35:343][  0]LogShaderCompilers: Cannot use XGE Shader Compiler as Incredibuild is not installed on this machine.
[2022.09.12-07.59.35:344][  0]LogShaderCompilers: Display: Using Local Shader Compiler.
[2022.09.12-07.59.35:858][  0]LogDerivedDataCache: Display: Max Cache Size: 512 MB
[2022.09.12-07.59.35:905][  0]LogDerivedDataCache: Loaded boot cache 0.05s 86MB C:/Users/User/AppData/Local/UnrealEngine/4.27/DerivedDataCache/Boot.ddc.
[2022.09.12-07.59.35:906][  0]LogDerivedDataCache: Display: Loaded Boot cache: C:/Users/User/AppData/Local/UnrealEngine/4.27/DerivedDataCache/Boot.ddc
[2022.09.12-07.59.35:907][  0]LogDerivedDataCache: FDerivedDataBackendGraph:  Pak pak cache file ../../../../../../Users/User/Desktop/ProjectEX2/DerivedDataCache/DDC.ddp not found, will not use a pak cache.
[2022.09.12-07.59.35:908][  0]LogDerivedDataCache: Unable to find inner node Pak for hierarchical cache Hierarchy.
[2022.09.12-07.59.35:910][  0]LogDerivedDataCache: FDerivedDataBackendGraph:  CompressedPak pak cache file ../../../../../../Users/User/Desktop/ProjectEX2/DerivedDataCache/Compressed.ddp not found, will not use a pak cache.
[2022.09.12-07.59.35:911][  0]LogDerivedDataCache: Unable to find inner node CompressedPak for hierarchical cache Hierarchy.
[2022.09.12-07.59.35:931][  0]LogDerivedDataCache: Display: Pak cache opened for reading ../../../Engine/DerivedDataCache/Compressed.ddp.
[2022.09.12-07.59.35:931][  0]LogDerivedDataCache: FDerivedDataBackendGraph:  EnterprisePak pak cache file ../../../Enterprise/DerivedDataCache/Compressed.ddp not found, will not use a pak cache.
[2022.09.12-07.59.35:932][  0]LogDerivedDataCache: Unable to find inner node EnterprisePak for hierarchical cache Hierarchy.
[2022.09.12-07.59.35:952][  0]LogDerivedDataCache: Speed tests for C:/Users/User/AppData/Local/UnrealEngine/Common/DerivedDataCache took 0.02 seconds
[2022.09.12-07.59.35:953][  0]LogDerivedDataCache: Display: Performance to C:/Users/User/AppData/Local/UnrealEngine/Common/DerivedDataCache: Latency=0.07ms. RandomReadSpeed=258.51MBs, RandomWriteSpeed=63.40MBs. Assigned SpeedClass 'Local'
[2022.09.12-07.59.35:954][  0]LogDerivedDataCache: Using Local data cache path C:/Users/User/AppData/Local/UnrealEngine/Common/DerivedDataCache: Writable
[2022.09.12-07.59.35:954][  0]LogDerivedDataCache: Shared data cache path not found in *engine.ini, will not use an Shared cache.
[2022.09.12-07.59.35:955][  0]LogDerivedDataCache: Unable to find inner node Shared for hierarchical cache Hierarchy.
[2022.09.12-07.59.35:962][  0]LogInit: Using OS detected language (ko-KR).
[2022.09.12-07.59.35:962][  0]LogInit: Using OS detected locale (ko-KR).
[2022.09.12-07.59.35:963][  0]LogTextLocalizationManager: No localization for 'ko-KR' exists, so 'en' will be used for the language.
[2022.09.12-07.59.35:964][  0]LogTextLocalizationManager: No localization for 'ko-KR' exists, so 'en' will be used for the locale.
[2022.09.12-07.59.35:968][  0]LogAssetRegistry: FAssetRegistry took 0.0023 seconds to start up
[2022.09.12-07.59.36:162][  0]LogTextLocalizationManager: Compacting localization data took   0.01ms
[2022.09.12-07.59.36:162][  0]LogPackageLocalizationCache: Processed 27 localized package path(s) for 1 prioritized culture(s) in 0.043872 seconds
[2022.09.12-07.59.36:258][  0]LogInit: Selected Device Profile: [Windows]
[2022.09.12-07.59.36:258][  0]LogInit: Active device profile: [000001E0778DB800][000001E073BC1B00 49] Windows
[2022.09.12-07.59.36:260][  0]LogInit: Profiles: [000001E0778DB800][000001E073BC1B00 49] Windows, [000001E07789AB00][000001E073BCE240 49] WindowsNoEditor, [000001E0778DA900][000001E073BD2500 49] WindowsServer, [000001E07789B300][000001E073BD67C0 49] WindowsClient, [000001E0778DBB00][000001E073BDAA80 49] IOS, [000001E07789B200][000001E073BDED40 49] iPadAir, [000001E0778D9700][000001E073BC4FC0 49] iPadAir2, [000001E077859300][000001E073BFD4C0 49] IPadPro, [000001E077859400][000001E073BE3500 49] iPadAir3, [000001E0778D9500][000001E073BF57C0 49] iPadAir4, [000001E077859E00][000001E073BF1A80 49] iPadMini2, [000001E0778D8E00][000001E073BF81C0 49] iPadMini3, [000001E07785B000][000001E073C06480 49] iPadMini4, [000001E0778DB300][000001E073C0A740 49] iPadMini5, [000001E077874C00][000001E073C1EC80 49] iPhone6, [000001E077874D00][000001E073C0ECC0 49] iPodTouch6, [000001E07785B400][000001E073C231C0 49] iPhone7, [000001E077858200][000001E073C17200 49] iPodTouch7, [000001E077874E00][000001E073C1B4C0 49] iPhone5S, [000001E07785B100][000001E073C13780 49] iPhone6Plus, [000001E077876800][000001E073C27A40 49] iPhone6S, [000001E077858C00][000001E073C2A180 49] iPhone6SPlus, [000001E077876F00][000001E073C2E440 49] iPhone7Plus, [000001E07785A100][000001E073C32700 49] iPhoneSE, [000001E077876A00][000001E073C369C0 49] iPhone8, [000001E07785A500][000001E073C3AC80 49] iPhone8Plus, [000001E077876D00][000001E073C3EF40 49] iPhoneX, [000001E077858300][000001E073BE71C0 49] iPhoneXS, [000001E077876C00][000001E073C43440 49] iPhoneXSMax, [000001E07785BB00][000001E073C4B700 49] iPhoneXR, [000001E077875E00][000001E0734419C0 49] iPhone11, [000001E07785B900][000001E073444100 49] iPhone11Pro, [000001E077875200][000001E0734483C0 49] iPhone11ProMax, [000001E07785BF00][000001E07344C680 49] iPhoneSE2, [000001E077877600][000001E073450940 49] iPhone12Mini, [000001E07785BE00][000001E073454C00 49] iPhone12, [000001E077875B00][000001E073458EC0 49] iPhone12Pro, [000001E07785A900][000001E07345D180 49] iPhone12ProMax, [000001E077875500][000001E073C47400 49] iPadPro105, [000001E077859100][000001E073461680 49] iPadPro129, [000001E077877F00][000001E073469940 49] iPadPro97, [000001E07785A300][000001E07346DC00 49] iPadPro2_129, [000001E077875100][000001E073470340 49] iPad5, [000001E07785A600][000001E073474600 49] iPad6, [000001E077876300][000001E0734788C0 49] iPad7, [000001E07785B300][000001E07347CB80 49] iPad8, [000001E077874800][000001E073480E40 49] iPadPro11, [000001E077905100][000001E073485100 49] iPadPro2_11, [000001E077874100][000001E0734893C0 49] iPadPro3_129, [000001E077904200][000001E073465640 49] iPadPro4_129, [000001E07789B100][000001E07348D8C0 49] AppleTV, [000001E077904900][000001E073495B80 49] AppleTV4K, [000001E077898D00][000001E0734982C0 49] TVOS, [000001E077907900][000001E07349C580 49] Mac, [000001E077899100][000001E0734A0840 49] MacClient, [000001E077904500][000001E0734A4B00 49] MacNoEditor, [000001E077899900][000001E0734A8DC0 49] MacServer, [000001E077905200][000001E0734AD080 49] Linux, [000001E077898E00][000001E0734B1340 49] LinuxAArch64, [000001E077905700][000001E0734B5600 49] LinuxNoEditor, [000001E07789AF00][000001E073491880 49] LinuxAArch64NoEditor, [000001E077907500][000001E0734B9B00 49] LinuxClient, [000001E07789A900][000001E0734C0240 49] LinuxAArch64Client, [000001E077905800][000001E0734C4500 49] LinuxServer, [000001E077898C00][000001E0734C87C0 49] LinuxAArch64Server, [000001E077904400][000001E0734CCA80 49] Android, [000001E07789AD00][000001E0734D0D40 49] Android_Low, [000001E077904800][000001E0734D5000 49] Android_Mid, [000001E07789B400][000001E0734D92C0 49] Android_High, [000001E077906B00][000001E0734DD580 49] Android_Default, [000001E07789BE00][000001E0734E1840 49] Android_Adreno4xx, [000001E077906900][000001E0734BDAC0 49] Android_Adreno5xx_Low, [000001E07789A800][000001E0734E41C0 49] Android_Adreno5xx, [000001E077906800][000001E0734EC480 49] Android_Adreno6xx, [000001E07789A000][000001E0734F0740 49] Android_Adreno6xx_Vulkan, [000001E077906D00][000001E0734F4A00 49] Android_Mali_T6xx, [000001E077898100][000001E0734F8CC0 49] Android_Mali_T7xx, [000001E077906400][000001E0734FCF80 49] Android_Mali_T8xx, [000001E07789B800][000001E073501240 49] Android_Mali_G71, [000001E077906000][000001E073505500 49] Android_Mali_G72, [000001E07789BD00][000001E0735097C0 49] Android_Mali_G72_Vulkan, [000001E077905500][000001E07350DA80 49] Android_Mali_G76, [000001E077899500][000001E0734E8180 49] Android_Mali_G76_Vulkan, [000001E077905600][000001E073510400 49] Android_Mali_G77, [000001E077898800][000001E0735186C0 49] Android_Mali_G77_Vulkan, [000001E077906C00][000001E07351C980 49] Android_Mali_G78, [000001E077899B00][000001E073520C40 49] Android_Mali_G78_Vulkan, [000001E077907700][000001E073524F00 49] Android_Mali_G710, [000001E077899F00][000001E0735291C0 49] Android_Mali_G710_Vulkan, [000001E077904B00][000001E07352D480 49] Android_Vulkan_SM5, [000001E077899E00][000001E073531740 49] Android_PowerVR_G6xxx, [000001E077905300][000001E073535A00 49] Android_PowerVR_GT7xxx, [000001E077898200][000001E073538140 49] Android_PowerVR_GE8xxx, [000001E077907300][000001E0735143C0 49] Android_PowerVR_GM9xxx, [000001E07789B600][000001E07353C640 49] Android_PowerVR_GM9xxx_Vulkan, [000001E077906E00][000001E073544900 49] Android_TegraK1, [000001E077899700][000001E073548BC0 49] Android_Unknown_Vulkan, [000001E077904F00][000001E07354CE80 49] Lumin, [000001E077899400][000001E073551140 49] Lumin_Desktop, [000001E077907B00][000001E073555400 49] HoloLens, 
[2022.09.12-07.59.36:323][  0]LogMeshReduction: Using QuadricMeshReduction for automatic static mesh reduction
[2022.09.12-07.59.36:323][  0]LogMeshReduction: Using SimplygonMeshReduction for automatic skeletal mesh reduction
[2022.09.12-07.59.36:324][  0]LogMeshReduction: Using ProxyLODMeshReduction for automatic mesh merging
[2022.09.12-07.59.36:325][  0]LogMeshReduction: No distributed automatic mesh merging module available
[2022.09.12-07.59.36:325][  0]LogMeshMerging: No distributed automatic mesh merging module available
[2022.09.12-07.59.36:343][  0]LogNetVersion: ProjectEX2 1.0.0, NetCL: 17155196, EngineNetVer: 17, GameNetVer: 0 (Checksum: 681271976)
[2022.09.12-07.59.36:466][  0]LogTexture: Default maximum texture size for cubemaps generated from long-lat sources has been changed from 512 to unlimited. In order to preserve old behaiour for '/Engine/MapTemplates/Sky/DaylightAmbientCubemap.DaylightAmbientCubemap', its maximum texture size has been explicitly set to 512.
[2022.09.12-07.59.36:485][  0]LogHMD: PokeAHoleMaterial loaded successfully
[2022.09.12-07.59.36:726][  0]LogPython: Using Python 3.7.7
[2022.09.12-07.59.37:139][  0]LogNiagaraDebuggerClient: Niagara Debugger Client Initialized | Session: E6448A6E4D5E3397CEBF09AEAD6E096B | Instance: D23250E949A930258414479687746981 (DESKTOP-2NOSHEQ-67516).
[2022.09.12-07.59.37:172][  0]LogCollectionManager: Loaded 0 collections in 0.002206 seconds
[2022.09.12-07.59.37:176][  0]LogFileCache: Scanning file cache for directory 'C:/Users/User/Desktop/ProjectEX2/Saved/Collections/' took 0.00s
[2022.09.12-07.59.37:176][  0]LogFileCache: Scanning file cache for directory 'C:/Users/User/Desktop/ProjectEX2/Content/Developers/User/Collections/' took 0.00s
[2022.09.12-07.59.37:177][  0]LogFileCache: Scanning file cache for directory 'C:/Users/User/Desktop/ProjectEX2/Content/Collections/' took 0.00s
[2022.09.12-07.59.37:178][  0]LogCollectionManager: Fixed up redirectors for 0 collections in 0.000002 seconds (updated 0 objects)
[2022.09.12-07.59.37:686][  0]SourceControl: Source control is disabled
[2022.09.12-07.59.37:688][  0]SourceControl: Source control is disabled
[2022.09.12-07.59.37:694][  0]SourceControl: Source control is disabled
[2022.09.12-07.59.37:705][  0]LogUProjectInfo: Found projects:
[2022.09.12-07.59.37:843][  0]LogOpenImageDenoise: OIDN starting up
[2022.09.12-07.59.37:907][  0]LogAndroidPermission: UAndroidPermissionCallbackProxy::GetInstance
[2022.09.12-07.59.37:944][  0]LogAudioCaptureCore: Display: No Audio Capture implementations found. Audio input will be silent.
[2022.09.12-07.59.37:944][  0]LogAudioCaptureCore: Display: No Audio Capture implementations found. Audio input will be silent.
[2022.09.12-07.59.38:033][  0]LogOcInput: OculusInput pre-init called
[2022.09.12-07.59.38:042][  0]LogUObjectArray: 22866 objects as part of root set at end of initial load.
[2022.09.12-07.59.38:043][  0]LogUObjectAllocator: 6314688 out of 0 bytes used by permanent object pool.
[2022.09.12-07.59.38:043][  0]LogUObjectArray: CloseDisregardForGC: 0/0 objects in disregard for GC pool
[2022.09.12-07.59.38:091][  0]LogEngine: Initializing Engine...
[2022.09.12-07.59.38:092][  0]LogStats: UGameplayTagsManager::InitializeManager -  0.000 s
[2022.09.12-07.59.38:109][  0]LogInit: Initializing FReadOnlyCVARCache
[2022.09.12-07.59.38:109][  0]LogNetVersion: Set ProjectVersion to 1.0.0.0. Version Checksum will be recalculated on next use.
[2022.09.12-07.59.38:191][  0]LogDerivedDataCache: Saved boot cache 0.08s 86MB C:/Users/User/AppData/Local/UnrealEngine/4.27/DerivedDataCache/Boot.ddc.
[2022.09.12-07.59.38:192][  0]LogInit: Texture streaming: Disabled
[2022.09.12-07.59.38:232][  0]LogInit: Display: Game Engine Initialized.
[2022.09.12-07.59.38:232][  0]LogNiagaraEditor: GEditor isn't valid! Particle reset commands will not work for Niagara components!
[2022.09.12-07.59.38:314][  0]LogInit: Display: Starting Game.
[2022.09.12-07.59.38:314][  0]LogNet: Browse: /Game/ThirdPersonCPP/Maps/ThirdPersonExampleMap?Name=Player?listen
[2022.09.12-07.59.38:315][  0]LogLoad: LoadMap: /Game/ThirdPersonCPP/Maps/ThirdPersonExampleMap?Name=Player?listen
[2022.09.12-07.59.38:316][  0]LogWorld: BeginTearingDown for /Temp/Untitled_0
[2022.09.12-07.59.38:319][  0]LogWorld: UWorld::CleanupWorld for Untitled, bSessionEnded=true, bCleanupResources=true
[2022.09.12-07.59.38:328][  0]LogUObjectHash: Compacting FUObjectHashTables data took   0.82ms
[2022.09.12-07.59.38:391][  0]LogAIModule: Creating AISystem for world ThirdPersonExampleMap
[2022.09.12-07.59.38:392][  0]LogLoad: Game class is 'ProjectEX2GameMode'
[2022.09.12-07.59.38:393][  0]LogNet: ReplicationDriverClass is null! Not using ReplicationDriver.
[2022.09.12-07.59.38:393][  0]LogNetCore: DDoS detection status: detection enabled: 0 analytics enabled: 0
[2022.09.12-07.59.38:394][  0]LogInit: WinSock: Socket queue. Rx: 131072 (config 131072) Tx: 131072 (config 131072)
[2022.09.12-07.59.38:395][  0]LogNet: Created socket for bind address: 0.0.0.0 on port 7777
[2022.09.12-07.59.38:396][  0]PacketHandlerLog: Loaded PacketHandler component: Engine.EngineHandlerComponentFactory (StatelessConnectHandlerComponent)
[2022.09.12-07.59.38:396][  0]LogNet: GameNetDriver IpNetDriver_0 IpNetDriver listening on port 7777
[2022.09.12-07.59.38:399][  0]LogWorld: Bringing World /Game/ThirdPersonCPP/Maps/ThirdPersonExampleMap.ThirdPersonExampleMap up for play (max tick rate 30) at 2022.09.12-16.59.38
[2022.09.12-07.59.38:399][  0]LogWorld: Bringing up level for play took: 0.002278
[2022.09.12-07.59.38:400][  0]LogLoad: Took 0.084599 seconds to LoadMap(/Game/ThirdPersonCPP/Maps/ThirdPersonExampleMap)
[2022.09.12-07.59.38:415][  0]LogInit: Display: Engine is initialized. Leaving FEngineLoop::Init()
[2022.09.12-07.59.38:415][  0]LogLoad: (Engine Initialization) Total time: 7.83 seconds
[2022.09.12-07.59.38:416][  0]LogLoad: (Engine Initialization) Total Blueprint compile time: 0.00 seconds
[2022.09.12-07.59.49:779][343]LogNet: NotifyAcceptingConnection accepted from: 192.168.0.16:54450
[2022.09.12-07.59.49:779][343]LogHandshake: SendConnectChallenge. Timestamp: 11.361383, Cookie: 216234023249138136153210211106227120000113077229030005058200
[2022.09.12-07.59.49:812][344]LogNet: NotifyAcceptingConnection accepted from: 192.168.0.16:54450
[2022.09.12-07.59.49:812][344]LogHandshake: SendChallengeAck. InCookie: 216234023249138136153210211106227120000113077229030005058200
[2022.09.12-07.59.49:813][344]LogNet: Server accepting post-challenge connection from: 192.168.0.16:54450
[2022.09.12-07.59.49:816][344]PacketHandlerLog: Loaded PacketHandler component: Engine.EngineHandlerComponentFactory (StatelessConnectHandlerComponent)
[2022.09.12-07.59.49:817][344]LogNet: NotifyAcceptedConnection: Name: ThirdPersonExampleMap, TimeStamp: 09/12/22 16:59:49, [UNetConnection] RemoteAddr: 192.168.0.16:54450, Name: IpConnection_0, Driver: GameNetDriver IpNetDriver_0, IsServer: YES, PC: NULL, Owner: NULL, UniqueId: INVALID
[2022.09.12-07.59.49:818][344]LogNet: AddClientConnection: Added client connection: [UNetConnection] RemoteAddr: 192.168.0.16:54450, Name: IpConnection_0, Driver: GameNetDriver IpNetDriver_0, IsServer: YES, PC: NULL, Owner: NULL, UniqueId: INVALID
[2022.09.12-07.59.49:819][344]LogNet: NotifyAcceptingChannel Control 0 server World /Game/ThirdPersonCPP/Maps/ThirdPersonExampleMap.ThirdPersonExampleMap: Accepted
[2022.09.12-07.59.49:820][344]LogNet: Remote platform little endian=1
[2022.09.12-07.59.49:822][344]LogNet: This platform little endian=1
[2022.09.12-07.59.49:824][344]LogNetVersion: ProjectEX2 1.0.0.0, NetCL: 17155196, EngineNetVer: 17, GameNetVer: 0 (Checksum: 3294948752)
[2022.09.12-07.59.49:845][345]LogNet: Login request: ?Name=DESKTOP-2NOSHEQ-078877C442604388EEAE339C69B7572C userId: NULL:DESKTOP-2NOSHEQ-078877C442604388EEAE339C69B7572C platform: NULL
[2022.09.12-07.59.49:946][348]LogNet: Client netspeed is 100000
[2022.09.12-07.59.49:946][348]LogNet: Join request: /Engine/Maps/Entry?Name=DESKTOP-2NOSHEQ-078877C442604388EEAE339C69B7572C?SplitscreenCount=1
[2022.09.12-07.59.49:948][348]LogOnlineSession: Warning: OSS: No game present to join for session (GameSession)
[2022.09.12-07.59.49:951][348]LogNet: Join succeeded: DESKTOP-2NOSHEQ-0788
[2022.09.12-08.00.01:824][705]LogNet: NotifyAcceptingConnection accepted from: 192.168.0.16:57847
[2022.09.12-08.00.01:826][705]LogHandshake: SendConnectChallenge. Timestamp: 23.407313, Cookie: 254075212179021205184245165015042190220092127043234250124080
[2022.09.12-08.00.01:858][706]LogNet: NotifyAcceptingConnection accepted from: 192.168.0.16:57847
[2022.09.12-08.00.01:858][706]LogHandshake: SendChallengeAck. InCookie: 254075212179021205184245165015042190220092127043234250124080
[2022.09.12-08.00.01:859][706]LogNet: Server accepting post-challenge connection from: 192.168.0.16:57847
[2022.09.12-08.00.01:861][706]PacketHandlerLog: Loaded PacketHandler component: Engine.EngineHandlerComponentFactory (StatelessConnectHandlerComponent)
[2022.09.12-08.00.01:862][706]LogNet: NotifyAcceptedConnection: Name: ThirdPersonExampleMap, TimeStamp: 09/12/22 17:00:01, [UNetConnection] RemoteAddr: 192.168.0.16:57847, Name: IpConnection_1, Driver: GameNetDriver IpNetDriver_0, IsServer: YES, PC: NULL, Owner: NULL, UniqueId: INVALID
[2022.09.12-08.00.01:864][706]LogNet: AddClientConnection: Added client connection: [UNetConnection] RemoteAddr: 192.168.0.16:57847, Name: IpConnection_1, Driver: GameNetDriver IpNetDriver_0, IsServer: YES, PC: NULL, Owner: NULL, UniqueId: INVALID
[2022.09.12-08.00.01:867][706]LogNet: NotifyAcceptingChannel Control 0 server World /Game/ThirdPersonCPP/Maps/ThirdPersonExampleMap.ThirdPersonExampleMap: Accepted
[2022.09.12-08.00.01:868][706]LogNet: Remote platform little endian=1
[2022.09.12-08.00.01:869][706]LogNet: This platform little endian=1
[2022.09.12-08.00.01:891][707]LogNet: Login request: ?Name=DESKTOP-2NOSHEQ-26F7535842018444325CACA982CE1E06 userId: NULL:DESKTOP-2NOSHEQ-26F7535842018444325CACA982CE1E06 platform: NULL
[2022.09.12-08.00.01:892][707]LogNet: Client netspeed is 100000
[2022.09.12-08.00.01:991][710]LogNet: Join request: /Engine/Maps/Entry?Name=DESKTOP-2NOSHEQ-26F7535842018444325CACA982CE1E06?SplitscreenCount=1
[2022.09.12-08.00.01:992][710]LogOnlineSession: Warning: OSS: No game present to join for session (GameSession)
[2022.09.12-08.00.01:996][710]LogNet: Join succeeded: DESKTOP-2NOSHEQ-26F7
[2022.09.12-08.08.41:135][162]LogNet: UChannel::ReceivedSequencedBunch: Bunch.bClose == true. ChIndex == 0. Calling ConditionalCleanUp.
[2022.09.12-08.08.41:135][162]LogNet: UChannel::CleanUp: ChIndex == 0. Closing connection. [UChannel] ChIndex: 0, Closing: 0 [UNetConnection] RemoteAddr: 192.168.0.16:54450, Name: IpConnection_0, Driver: GameNetDriver IpNetDriver_0, IsServer: YES, PC: PlayerController_0, Owner: PlayerController_0, UniqueId: NULL:DESKTOP-2NOSHEQ-078877C442604388EEAE339C69B7572C
[2022.09.12-08.08.41:138][162]LogNet: UNetConnection::Close: [UNetConnection] RemoteAddr: 192.168.0.16:54450, Name: IpConnection_0, Driver: GameNetDriver IpNetDriver_0, IsServer: YES, PC: PlayerController_0, Owner: PlayerController_0, UniqueId: NULL:DESKTOP-2NOSHEQ-078877C442604388EEAE339C69B7572C, Channels: 12, Time: 2022.09.12-08.08.41
[2022.09.12-08.08.41:139][162]LogNet: UChannel::Close: Sending CloseBunch. ChIndex == 0. Name: [UChannel] ChIndex: 0, Closing: 0 [UNetConnection] RemoteAddr: 192.168.0.16:54450, Name: IpConnection_0, Driver: GameNetDriver IpNetDriver_0, IsServer: YES, PC: PlayerController_0, Owner: PlayerController_0, UniqueId: NULL:DESKTOP-2NOSHEQ-078877C442604388EEAE339C69B7572C
[2022.09.12-08.08.41:142][162]LogOnlineSession: Warning: OSS: No game present to leave for session (GameSession)
[2022.09.12-08.08.43:180][223]LogNet: UChannel::ReceivedSequencedBunch: Bunch.bClose == true. ChIndex == 0. Calling ConditionalCleanUp.
[2022.09.12-08.08.43:180][223]LogNet: UChannel::CleanUp: ChIndex == 0. Closing connection. [UChannel] ChIndex: 0, Closing: 0 [UNetConnection] RemoteAddr: 192.168.0.16:57847, Name: IpConnection_1, Driver: GameNetDriver IpNetDriver_0, IsServer: YES, PC: PlayerController_1, Owner: PlayerController_1, UniqueId: NULL:DESKTOP-2NOSHEQ-26F7535842018444325CACA982CE1E06
[2022.09.12-08.08.43:181][223]LogNet: UNetConnection::Close: [UNetConnection] RemoteAddr: 192.168.0.16:57847, Name: IpConnection_1, Driver: GameNetDriver IpNetDriver_0, IsServer: YES, PC: PlayerController_1, Owner: PlayerController_1, UniqueId: NULL:DESKTOP-2NOSHEQ-26F7535842018444325CACA982CE1E06, Channels: 10, Time: 2022.09.12-08.08.43
[2022.09.12-08.08.43:182][223]LogNet: UChannel::Close: Sending CloseBunch. ChIndex == 0. Name: [UChannel] ChIndex: 0, Closing: 0 [UNetConnection] RemoteAddr: 192.168.0.16:57847, Name: IpConnection_1, Driver: GameNetDriver IpNetDriver_0, IsServer: YES, PC: PlayerController_1, Owner: PlayerController_1, UniqueId: NULL:DESKTOP-2NOSHEQ-26F7535842018444325CACA982CE1E06
[2022.09.12-08.08.43:183][223]LogOnlineSession: Warning: OSS: No game present to leave for session (GameSession)
