Log file open, 10/05/22 16:56:10
LogWindows: Failed to load 'aqProf.dll' (GetLastError=126)
LogWindows: File 'aqProf.dll' does not exist
LogWindows: Failed to load 'VtuneApi.dll' (GetLastError=126)
LogWindows: File 'VtuneApi.dll' does not exist
LogWindows: Failed to load 'VtuneApi32e.dll' (GetLastError=126)
LogWindows: File 'VtuneApi32e.dll' does not exist
LogConsoleResponse: Display: Failed to find resolution value strings in scalability ini. Falling back to default.
LogConsoleResponse: Display: Failed to find resolution value strings in scalability ini. Falling back to default.
LogInit: Display: Running engine for game: MetaMeta
LogPlatformFile: Not using cached read wrapper
LogTaskGraph: Started task graph with 5 named threads and 20 total threads with 3 sets of task threads.
LogStats: Stats thread started at 0.279677
LogICUInternationalization: ICU TimeZone Detection - Raw Offset: +9:00, Platform Override: ''
LogInit: Display: Loading text-based GConfig....
LogPluginManager: Mounting plugin MeshPainting
LogPluginManager: Mounting plugin XGEController
LogPluginManager: Mounting plugin Paper2D
LogPluginManager: Mounting plugin LiveLink
LogPluginManager: Mounting plugin OodleData
LogPluginManager: Mounting plugin OodleNetwork
LogPluginManager: Mounting plugin GameplayCameras
LogPluginManager: Mounting plugin AnimationSharing
LogPluginManager: Mounting plugin LightPropagationVolume
LogPluginManager: Mounting plugin CLionSourceCodeAccess
LogPluginManager: Mounting plugin CodeLiteSourceCodeAccess
LogPluginManager: Mounting plugin GitSourceControl
LogPluginManager: Mounting plugin KDevelopSourceCodeAccess
LogPluginManager: Mounting plugin CameraShakePreviewer
LogPluginManager: Mounting plugin PerforceSourceControl
LogPluginManager: Mounting plugin PlasticSourceControl
LogPluginManager: Mounting plugin PluginUtils
LogPluginManager: Mounting plugin PropertyAccessNode
LogPluginManager: Mounting plugin SubversionSourceControl
LogPluginManager: Mounting plugin TextureFormatOodle
LogPluginManager: Mounting plugin RiderSourceCodeAccess
LogPluginManager: Mounting plugin UObjectPlugin
LogPluginManager: Mounting plugin VisualStudioCodeSourceCodeAccess
LogPluginManager: Mounting plugin VisualStudioSourceCodeAccess
LogPluginManager: Mounting plugin XCodeSourceCodeAccess
LogPluginManager: Mounting plugin PixWinPlugin
LogPluginManager: Mounting plugin DatasmithContent
LogPluginManager: Mounting plugin AssetManagerEditor
LogPluginManager: Mounting plugin VariantManagerContent
LogPluginManager: Mounting plugin CryptoKeys
LogPluginManager: Mounting plugin CurveEditorTools
LogPluginManager: Mounting plugin DataValidation
LogPluginManager: Mounting plugin FacialAnimation
LogPluginManager: Mounting plugin GameplayTagsEditor
LogPluginManager: Mounting plugin GeometryMode
LogPluginManager: Mounting plugin AISupport
LogPluginManager: Mounting plugin MaterialAnalyzer
LogPluginManager: Mounting plugin MobileLauncherProfileWizard
LogPluginManager: Mounting plugin MacGraphicsSwitching
LogPluginManager: Mounting plugin PluginBrowser
LogPluginManager: Mounting plugin SpeedTreeImporter
LogPluginManager: Mounting plugin EnvironmentQueryEditor
LogPluginManager: Mounting plugin AlembicImporter
LogPluginManager: Mounting plugin Niagara
LogPluginManager: Mounting plugin AutomationUtils
LogPluginManager: Mounting plugin BackChannel
LogPluginManager: Mounting plugin NullSourceCodeAccess
LogPluginManager: Mounting plugin ChaosCloth
LogPluginManager: Mounting plugin ChaosEditor
LogPluginManager: Mounting plugin ChaosNiagara
LogPluginManager: Mounting plugin ChaosSolverPlugin
LogPluginManager: Mounting plugin CharacterAI
LogPluginManager: Mounting plugin GeometryCache
LogPluginManager: Mounting plugin GeometryProcessing
LogPluginManager: Mounting plugin GeometryCollectionPlugin
LogPluginManager: Mounting plugin OpenImageDenoise
LogPluginManager: Mounting plugin MotoSynth
LogPluginManager: Mounting plugin PlatformCrypto
LogPluginManager: Mounting plugin PlanarCut
LogPluginManager: Mounting plugin ProxyLODPlugin
LogPluginManager: Mounting plugin PythonScriptPlugin
LogPluginManager: Mounting plugin SkeletalReduction
LogPluginManager: Mounting plugin LuminPlatformFeatures
LogPluginManager: Mounting plugin MagicLeap
LogPluginManager: Mounting plugin MagicLeapLightEstimation
LogPluginManager: Mounting plugin MagicLeapMedia
LogPluginManager: Mounting plugin ChaosClothEditor
LogPluginManager: Mounting plugin MagicLeapPassableWorld
LogPluginManager: Mounting plugin AndroidMedia
LogPluginManager: Mounting plugin AvfMedia
LogPluginManager: Mounting plugin MLSDK
LogPluginManager: Mounting plugin MediaCompositing
LogPluginManager: Mounting plugin MediaPlayerEditor
LogPluginManager: Mounting plugin WebMMedia
LogPluginManager: Mounting plugin WmfMedia
LogPluginManager: Mounting plugin TcpMessaging
LogPluginManager: Mounting plugin UdpMessaging
LogPluginManager: Mounting plugin ActorSequence
LogPluginManager: Mounting plugin LevelSequenceEditor
LogPluginManager: Mounting plugin ImgMedia
LogPluginManager: Mounting plugin MatineeToLevelSequence
LogPluginManager: Mounting plugin TemplateSequence
LogPluginManager: Mounting plugin OnlineSubsystem
LogPluginManager: Mounting plugin OnlineSubsystemNull
LogPluginManager: Mounting plugin OnlineSubsystemUtils
LogPluginManager: Mounting plugin LauncherChunkInstaller
LogPluginManager: Mounting plugin ActorLayerUtilities
LogPluginManager: Mounting plugin AndroidDeviceProfileSelector
LogPluginManager: Mounting plugin AndroidMoviePlayer
LogPluginManager: Mounting plugin AndroidPermission
LogPluginManager: Mounting plugin AppleImageUtils
LogPluginManager: Mounting plugin AppleMoviePlayer
LogPluginManager: Mounting plugin ArchVisCharacter
LogPluginManager: Mounting plugin AssetTags
LogPluginManager: Mounting plugin AudioCapture
LogPluginManager: Mounting plugin AudioSynesthesia
LogPluginManager: Mounting plugin ChunkDownloader
LogPluginManager: Mounting plugin CustomMeshComponent
LogPluginManager: Mounting plugin CableComponent
LogPluginManager: Mounting plugin EditableMesh
LogPluginManager: Mounting plugin ExampleDeviceProfileSelector
LogPluginManager: Mounting plugin GoogleCloudMessaging
LogPluginManager: Mounting plugin GooglePAD
LogPluginManager: Mounting plugin IOSDeviceProfileSelector
LogPluginManager: Mounting plugin LinuxDeviceProfileSelector
LogPluginManager: Mounting plugin LocationServicesBPLibrary
LogPluginManager: Mounting plugin MobilePatchingUtils
LogPluginManager: Mounting plugin OpenXR
LogPluginManager: Mounting plugin OpenXREyeTracker
LogPluginManager: Mounting plugin OpenXRHandTracking
LogPluginManager: Mounting plugin PhysXVehicles
LogPluginManager: Mounting plugin PostSplashScreen
LogPluginManager: Mounting plugin ScreenshotTools
LogPluginManager: Mounting plugin PropertyAccessEditor
LogPluginManager: Mounting plugin ProceduralMeshComponent
LogPluginManager: Mounting plugin SignificanceManager
LogPluginManager: Mounting plugin RuntimePhysXCooking
LogPluginManager: Mounting plugin SoundFields
LogPluginManager: Mounting plugin Synthesis
LogPluginManager: Mounting plugin WebMMoviePlayer
LogPluginManager: Mounting plugin WindowsMoviePlayer
LogPluginManager: Mounting plugin Takes
LogPluginManager: Mounting plugin ContentBrowserAssetDataSource
LogPluginManager: Mounting plugin ContentBrowserClassDataSource
LogPluginManager: Mounting plugin ContentBrowserFileDataSource
LogPluginManager: Mounting plugin OnlineSubsystemGooglePlay
LogPluginManager: Mounting plugin OnlineSubsystemIOS
LogPluginManager: Mounting plugin OculusVR
LogPluginManager: Mounting plugin SteamVR
PixWinPlugin: PIX capture plugin failed to initialize! Check that the process is launched from PIX.
LogInit: Using libcurl 7.55.1-DEV
LogInit:  - built for x86_64-pc-win32
LogInit:  - supports SSL with OpenSSL/1.1.1
LogInit:  - supports HTTP deflate (compression) using libz 1.2.8
LogInit:  - other features:
LogInit:      CURL_VERSION_SSL
LogInit:      CURL_VERSION_LIBZ
LogInit:      CURL_VERSION_IPV6
LogInit:      CURL_VERSION_ASYNCHDNS
LogInit:      CURL_VERSION_LARGEFILE
LogInit:      CURL_VERSION_IDN
LogInit:  CurlRequestOptions (configurable via config and command line):
LogInit:  - bVerifyPeer = true  - Libcurl will verify peer certificate
LogInit:  - bUseHttpProxy = false  - Libcurl will NOT use HTTP proxy
LogInit:  - bDontReuseConnections = false  - Libcurl will reuse connections
LogInit:  - MaxHostConnections = 16  - Libcurl will limit the number of connections to a host
LogInit:  - LocalHostAddr = Default
LogInit:  - BufferSize = 65536
LogOnline: OSS: Creating online subsystem instance for: NULL
LogInit: WinSock: version 1.1 (2.2), MaxSocks=32767, MaxUdp=65467
LogOnline: OSS: TryLoadSubsystemAndSetDefault: Loaded subsystem for module [NULL]
LogOculusPluginWrapper: OculusPlugin initialized successfully
LogHMD: Failed initializing OVRPlugin 1.59.0
LogInit: Build: ++UE4+Release-4.27-CL-18319896
LogInit: Engine Version: 4.27.2-18319896+++UE4+Release-4.27
LogInit: Compatible Engine Version: 4.27.0-17155196+++UE4+Release-4.27
LogInit: Net CL: 17155196
LogInit: OS: Windows 10 (Release 2009) (), CPU: AMD Ryzen 5 3500 6-Core Processor              , GPU: NVIDIA GeForce GTX 1660 SUPER
LogInit: Compiled (64-bit): Nov 30 2021 07:12:08
LogInit: Compiled with Visual C++: 19.24.28315.00
LogInit: Build Configuration: Development
LogInit: Branch Name: ++UE4+Release-4.27
LogInit: Command Line: -log -game
LogInit: Base Directory: C:/Program Files/Epic Games/UE_4.27/Engine/Binaries/Win64/
LogInit: Allocator: TBB
LogInit: Installed Engine Build: 1
LogDevObjectVersion: Number of dev versions registered: 29
LogDevObjectVersion:   Dev-Blueprints (B0D832E4-1F89-4F0D-ACCF-7EB736FD4AA2): 10
LogDevObjectVersion:   Dev-Build (E1C64328-A22C-4D53-A36C-8E866417BD8C): 0
LogDevObjectVersion:   Dev-Core (375EC13C-06E4-48FB-B500-84F0262A717E): 4
LogDevObjectVersion:   Dev-Editor (E4B068ED-F494-42E9-A231-DA0B2E46BB41): 40
LogDevObjectVersion:   Dev-Framework (CFFC743F-43B0-4480-9391-14DF171D2073): 37
LogDevObjectVersion:   Dev-Mobile (B02B49B5-BB20-44E9-A304-32B752E40360): 3
LogDevObjectVersion:   Dev-Networking (A4E4105C-59A1-49B5-A7C5-40C4547EDFEE): 0
LogDevObjectVersion:   Dev-Online (39C831C9-5AE6-47DC-9A44-9C173E1C8E7C): 0
LogDevObjectVersion:   Dev-Physics (78F01B33-EBEA-4F98-B9B4-84EACCB95AA2): 14
LogDevObjectVersion:   Dev-Platform (6631380F-2D4D-43E0-8009-CF276956A95A): 0
LogDevObjectVersion:   Dev-Rendering (12F88B9F-8875-4AFC-A67C-D90C383ABD29): 45
LogDevObjectVersion:   Dev-Sequencer (7B5AE74C-D270-4C10-A958-57980B212A5A): 13
LogDevObjectVersion:   Dev-VR (D7296918-1DD6-4BDD-9DE2-64A83CC13884): 3
LogDevObjectVersion:   Dev-LoadTimes (C2A15278-BFE7-4AFE-6C17-90FF531DF755): 1
LogDevObjectVersion:   Private-Geometry (6EACA3D4-40EC-4CC1-B786-8BED09428FC5): 3
LogDevObjectVersion:   Dev-AnimPhys (29E575DD-E0A3-4627-9D10-D276232CDCEA): 17
LogDevObjectVersion:   Dev-Anim (AF43A65D-7FD3-4947-9873-3E8ED9C1BB05): 15
LogDevObjectVersion:   Dev-ReflectionCapture (6B266CEC-1EC7-4B8F-A30B-E4D90942FC07): 1
LogDevObjectVersion:   Dev-Automation (0DF73D61-A23F-47EA-B727-89E90C41499A): 1
LogDevObjectVersion:   FortniteMain (601D1886-AC64-4F84-AA16-D3DE0DEAC7D6): 47
LogDevObjectVersion:   FortniteRelease (E7086368-6B23-4C58-8439-1B7016265E91): 1
LogDevObjectVersion:   Dev-Enterprise (9DFFBCD6-494F-0158-E221-12823C92A888): 10
LogDevObjectVersion:   Dev-Niagara (F2AED0AC-9AFE-416F-8664-AA7FFA26D6FC): 1
LogDevObjectVersion:   Dev-Destruction (174F1F0B-B4C6-45A5-B13F-2EE8D0FB917D): 10
LogDevObjectVersion:   Dev-Physics-Ext (35F94A83-E258-406C-A318-09F59610247C): 41
LogDevObjectVersion:   Dev-PhysicsMaterial-Chaos (B68FC16E-8B1B-42E2-B453-215C058844FE): 1
LogDevObjectVersion:   Dev-CineCamera (B2E18506-4273-CFC2-A54E-F4BB758BBA07): 1
LogDevObjectVersion:   Dev-VirtualProduction (64F58936-FD1B-42BA-BA96-7289D5D0FA4E): 1
LogDevObjectVersion:   Dev-MediaFramework (6F0ED827-A609-4895-9C91-998D90180EA4): 2
LogInit: Presizing for max 25165824 objects, including 0 objects not considered by GC, pre-allocating 0 bytes for permanent pool.
LogConfig: Applying CVar settings from Section [/Script/Engine.StreamingSettings] File [C:/Users/User/Documents/GitHub/RGB_FinalProject/MetaMeta/Saved/Config/Windows/Engine.ini]
LogConfig: Setting CVar [[s.MinBulkDataSizeForAsyncLoading:131072]]
LogConfig: Setting CVar [[s.AsyncLoadingThreadEnabled:0]]
LogConfig: Setting CVar [[s.EventDrivenLoaderEnabled:1]]
LogConfig: Setting CVar [[s.WarnIfTimeLimitExceeded:0]]
LogConfig: Setting CVar [[s.TimeLimitExceededMultiplier:1.5]]
LogConfig: Setting CVar [[s.TimeLimitExceededMinTime:0.005]]
LogConfig: Setting CVar [[s.UseBackgroundLevelStreaming:1]]
LogConfig: Setting CVar [[s.PriorityAsyncLoadingExtraTime:15.0]]
LogConfig: Setting CVar [[s.LevelStreamingActorsUpdateTimeLimit:5.0]]
LogConfig: Setting CVar [[s.PriorityLevelStreamingActorsUpdateExtraTime:5.0]]
LogConfig: Setting CVar [[s.LevelStreamingComponentsRegistrationGranularity:10]]
LogConfig: Setting CVar [[s.UnregisterComponentsTimeLimit:1.0]]
LogConfig: Setting CVar [[s.LevelStreamingComponentsUnregistrationGranularity:5]]
LogConfig: Setting CVar [[s.FlushStreamingOnExit:1]]
LogInit: Object subsystem initialized
LogConfig: Setting CVar [[con.DebugEarlyDefault:1]]
LogConfig: Setting CVar [[r.setres:1280x720]]
[2022.10.05-07.56.11:904][  0]LogConfig: Setting CVar [[con.DebugEarlyDefault:1]]
[2022.10.05-07.56.11:904][  0]LogConfig: Setting CVar [[r.setres:1280x720]]
[2022.10.05-07.56.11:905][  0]LogConfig: Applying CVar settings from Section [/Script/Engine.RendererSettings] File [C:/Users/User/Documents/GitHub/RGB_FinalProject/MetaMeta/Saved/Config/Windows/Engine.ini]
[2022.10.05-07.56.11:905][  0]LogConfig: Setting CVar [[r.GPUCrashDebugging:0]]
[2022.10.05-07.56.11:906][  0]LogConfig: Applying CVar settings from Section [/Script/Engine.RendererOverrideSettings] File [C:/Users/User/Documents/GitHub/RGB_FinalProject/MetaMeta/Saved/Config/Windows/Engine.ini]
[2022.10.05-07.56.11:907][  0]LogConfig: Applying CVar settings from Section [/Script/Engine.StreamingSettings] File [C:/Users/User/Documents/GitHub/RGB_FinalProject/MetaMeta/Saved/Config/Windows/Engine.ini]
[2022.10.05-07.56.11:909][  0]LogConfig: Setting CVar [[s.MinBulkDataSizeForAsyncLoading:131072]]
[2022.10.05-07.56.11:909][  0]LogConfig: Setting CVar [[s.AsyncLoadingThreadEnabled:0]]
[2022.10.05-07.56.11:910][  0]LogConfig: Setting CVar [[s.EventDrivenLoaderEnabled:1]]
[2022.10.05-07.56.11:910][  0]LogConfig: Setting CVar [[s.WarnIfTimeLimitExceeded:0]]
[2022.10.05-07.56.11:911][  0]LogConfig: Setting CVar [[s.TimeLimitExceededMultiplier:1.5]]
[2022.10.05-07.56.11:911][  0]LogConfig: Setting CVar [[s.TimeLimitExceededMinTime:0.005]]
[2022.10.05-07.56.11:912][  0]LogConfig: Setting CVar [[s.UseBackgroundLevelStreaming:1]]
[2022.10.05-07.56.11:912][  0]LogConfig: Setting CVar [[s.PriorityAsyncLoadingExtraTime:15.0]]
[2022.10.05-07.56.11:913][  0]LogConfig: Setting CVar [[s.LevelStreamingActorsUpdateTimeLimit:5.0]]
[2022.10.05-07.56.11:914][  0]LogConfig: Setting CVar [[s.PriorityLevelStreamingActorsUpdateExtraTime:5.0]]
[2022.10.05-07.56.11:915][  0]LogConfig: Setting CVar [[s.LevelStreamingComponentsRegistrationGranularity:10]]
[2022.10.05-07.56.11:917][  0]LogConfig: Setting CVar [[s.UnregisterComponentsTimeLimit:1.0]]
[2022.10.05-07.56.11:918][  0]LogConfig: Setting CVar [[s.LevelStreamingComponentsUnregistrationGranularity:5]]
[2022.10.05-07.56.11:918][  0]LogConfig: Setting CVar [[s.FlushStreamingOnExit:1]]
[2022.10.05-07.56.11:919][  0]LogConfig: Applying CVar settings from Section [/Script/Engine.GarbageCollectionSettings] File [C:/Users/User/Documents/GitHub/RGB_FinalProject/MetaMeta/Saved/Config/Windows/Engine.ini]
[2022.10.05-07.56.11:919][  0]LogConfig: Setting CVar [[gc.MaxObjectsNotConsideredByGC:1]]
[2022.10.05-07.56.11:920][  0]LogConfig: Setting CVar [[gc.SizeOfPermanentObjectPool:0]]
[2022.10.05-07.56.11:920][  0]LogConfig: Setting CVar [[gc.FlushStreamingOnGC:0]]
[2022.10.05-07.56.11:921][  0]LogConfig: Setting CVar [[gc.NumRetriesBeforeForcingGC:10]]
[2022.10.05-07.56.11:922][  0]LogConfig: Setting CVar [[gc.AllowParallelGC:1]]
[2022.10.05-07.56.11:924][  0]LogConfig: Setting CVar [[gc.TimeBetweenPurgingPendingKillObjects:61.1]]
[2022.10.05-07.56.11:924][  0]LogConfig: Setting CVar [[gc.MaxObjectsInEditor:25165824]]
[2022.10.05-07.56.11:925][  0]LogConfig: Setting CVar [[gc.IncrementalBeginDestroyEnabled:1]]
[2022.10.05-07.56.11:925][  0]LogConfig: Setting CVar [[gc.CreateGCClusters:1]]
[2022.10.05-07.56.11:926][  0]LogConfig: Setting CVar [[gc.MinGCClusterSize:5]]
[2022.10.05-07.56.11:926][  0]LogConfig: Setting CVar [[gc.ActorClusteringEnabled:0]]
[2022.10.05-07.56.11:927][  0]LogConfig: Setting CVar [[gc.BlueprintClusteringEnabled:0]]
[2022.10.05-07.56.11:927][  0]LogConfig: Setting CVar [[gc.UseDisregardForGCOnDedicatedServers:0]]
[2022.10.05-07.56.11:927][  0]LogConfig: Setting CVar [[gc.MultithreadedDestructionEnabled:1]]
[2022.10.05-07.56.11:928][  0]LogConfig: Applying CVar settings from Section [/Script/Engine.NetworkSettings] File [C:/Users/User/Documents/GitHub/RGB_FinalProject/MetaMeta/Saved/Config/Windows/Engine.ini]
[2022.10.05-07.56.11:929][  0]LogConfig: Applying CVar settings from Section [/Script/UnrealEd.CookerSettings] File [C:/Users/User/Documents/GitHub/RGB_FinalProject/MetaMeta/Saved/Config/Windows/Engine.ini]
[2022.10.05-07.56.11:952][  0]LogConfig: Applying CVar settings from Section [ViewDistanceQuality@3] File [C:/Users/User/Documents/GitHub/RGB_FinalProject/MetaMeta/Saved/Config/Windows/Scalability.ini]
[2022.10.05-07.56.11:952][  0]LogConfig: Setting CVar [[r.SkeletalMeshLODBias:0]]
[2022.10.05-07.56.11:953][  0]LogConfig: Setting CVar [[r.ViewDistanceScale:1.0]]
[2022.10.05-07.56.11:954][  0]LogConfig: Applying CVar settings from Section [AntiAliasingQuality@3] File [C:/Users/User/Documents/GitHub/RGB_FinalProject/MetaMeta/Saved/Config/Windows/Scalability.ini]
[2022.10.05-07.56.11:955][  0]LogConfig: Setting CVar [[r.PostProcessAAQuality:4]]
[2022.10.05-07.56.11:956][  0]LogConfig: Applying CVar settings from Section [ShadowQuality@3] File [C:/Users/User/Documents/GitHub/RGB_FinalProject/MetaMeta/Saved/Config/Windows/Scalability.ini]
[2022.10.05-07.56.11:956][  0]LogConfig: Setting CVar [[r.LightFunctionQuality:1]]
[2022.10.05-07.56.11:957][  0]LogConfig: Setting CVar [[r.ShadowQuality:5]]
[2022.10.05-07.56.11:957][  0]LogConfig: Setting CVar [[r.Shadow.CSM.MaxCascades:10]]
[2022.10.05-07.56.11:958][  0]LogConfig: Setting CVar [[r.Shadow.MaxResolution:2048]]
[2022.10.05-07.56.11:958][  0]LogConfig: Setting CVar [[r.Shadow.MaxCSMResolution:2048]]
[2022.10.05-07.56.11:959][  0]LogConfig: Setting CVar [[r.Shadow.RadiusThreshold:0.01]]
[2022.10.05-07.56.11:959][  0]LogConfig: Setting CVar [[r.Shadow.DistanceScale:1.0]]
[2022.10.05-07.56.11:960][  0]LogConfig: Setting CVar [[r.Shadow.CSM.TransitionScale:1.0]]
[2022.10.05-07.56.11:961][  0]LogConfig: Setting CVar [[r.Shadow.PreShadowResolutionFactor:1.0]]
[2022.10.05-07.56.11:962][  0]LogConfig: Setting CVar [[r.DistanceFieldShadowing:1]]
[2022.10.05-07.56.11:962][  0]LogConfig: Setting CVar [[r.DistanceFieldAO:1]]
[2022.10.05-07.56.11:963][  0]LogConfig: Setting CVar [[r.AOQuality:2]]
[2022.10.05-07.56.11:963][  0]LogConfig: Setting CVar [[r.VolumetricFog:1]]
[2022.10.05-07.56.11:964][  0]LogConfig: Setting CVar [[r.VolumetricFog.GridPixelSize:8]]
[2022.10.05-07.56.11:964][  0]LogConfig: Setting CVar [[r.VolumetricFog.GridSizeZ:128]]
[2022.10.05-07.56.11:965][  0]LogConfig: Setting CVar [[r.VolumetricFog.HistoryMissSupersampleCount:4]]
[2022.10.05-07.56.11:965][  0]LogConfig: Setting CVar [[r.LightMaxDrawDistanceScale:1]]
[2022.10.05-07.56.11:966][  0]LogConfig: Setting CVar [[r.CapsuleShadows:1]]
[2022.10.05-07.56.11:966][  0]LogConfig: Applying CVar settings from Section [PostProcessQuality@3] File [C:/Users/User/Documents/GitHub/RGB_FinalProject/MetaMeta/Saved/Config/Windows/Scalability.ini]
[2022.10.05-07.56.11:967][  0]LogConfig: Setting CVar [[r.MotionBlurQuality:4]]
[2022.10.05-07.56.11:969][  0]LogConfig: Setting CVar [[r.AmbientOcclusionMipLevelFactor:0.4]]
[2022.10.05-07.56.11:969][  0]LogConfig: Setting CVar [[r.AmbientOcclusionMaxQuality:100]]
[2022.10.05-07.56.11:970][  0]LogConfig: Setting CVar [[r.AmbientOcclusionLevels:-1]]
[2022.10.05-07.56.11:971][  0]LogConfig: Setting CVar [[r.AmbientOcclusionRadiusScale:1.0]]
[2022.10.05-07.56.11:971][  0]LogConfig: Setting CVar [[r.DepthOfFieldQuality:2]]
[2022.10.05-07.56.11:972][  0]LogConfig: Setting CVar [[r.RenderTargetPoolMin:400]]
[2022.10.05-07.56.11:972][  0]LogConfig: Setting CVar [[r.LensFlareQuality:2]]
[2022.10.05-07.56.11:973][  0]LogConfig: Setting CVar [[r.SceneColorFringeQuality:1]]
[2022.10.05-07.56.11:973][  0]LogConfig: Setting CVar [[r.EyeAdaptationQuality:2]]
[2022.10.05-07.56.11:974][  0]LogConfig: Setting CVar [[r.BloomQuality:5]]
[2022.10.05-07.56.11:975][  0]LogConfig: Setting CVar [[r.FastBlurThreshold:100]]
[2022.10.05-07.56.11:975][  0]LogConfig: Setting CVar [[r.Upscale.Quality:3]]
[2022.10.05-07.56.11:976][  0]LogConfig: Setting CVar [[r.Tonemapper.GrainQuantization:1]]
[2022.10.05-07.56.11:976][  0]LogConfig: Setting CVar [[r.LightShaftQuality:1]]
[2022.10.05-07.56.11:977][  0]LogConfig: Setting CVar [[r.Filter.SizeScale:1]]
[2022.10.05-07.56.11:977][  0]LogConfig: Setting CVar [[r.Tonemapper.Quality:5]]
[2022.10.05-07.56.11:978][  0]LogConfig: Setting CVar [[r.DOF.Gather.AccumulatorQuality:1        ; higher gathering accumulator quality]]
[2022.10.05-07.56.11:978][  0]LogConfig: Setting CVar [[r.DOF.Gather.PostfilterMethod:1          ; Median3x3 postfilering method]]
[2022.10.05-07.56.11:979][  0]LogConfig: Setting CVar [[r.DOF.Gather.EnableBokehSettings:0       ; no bokeh simulation when gathering]]
[2022.10.05-07.56.11:980][  0]LogConfig: Setting CVar [[r.DOF.Gather.RingCount:4                 ; medium number of samples when gathering]]
[2022.10.05-07.56.11:980][  0]LogConfig: Setting CVar [[r.DOF.Scatter.ForegroundCompositing:1    ; additive foreground scattering]]
[2022.10.05-07.56.11:981][  0]LogConfig: Setting CVar [[r.DOF.Scatter.BackgroundCompositing:2    ; additive background scattering]]
[2022.10.05-07.56.11:981][  0]LogConfig: Setting CVar [[r.DOF.Scatter.EnableBokehSettings:1      ; bokeh simulation when scattering]]
[2022.10.05-07.56.11:982][  0]LogConfig: Setting CVar [[r.DOF.Scatter.MaxSpriteRatio:0.1         ; only a maximum of 10% of scattered bokeh]]
[2022.10.05-07.56.11:984][  0]LogConfig: Setting CVar [[r.DOF.Recombine.Quality:1                ; cheap slight out of focus]]
[2022.10.05-07.56.11:984][  0]LogConfig: Setting CVar [[r.DOF.Recombine.EnableBokehSettings:0    ; no bokeh simulation on slight out of focus]]
[2022.10.05-07.56.11:985][  0]LogConfig: Setting CVar [[r.DOF.TemporalAAQuality:1                ; more stable temporal accumulation]]
[2022.10.05-07.56.11:986][  0]LogConfig: Setting CVar [[r.DOF.Kernel.MaxForegroundRadius:0.025]]
[2022.10.05-07.56.11:986][  0]LogConfig: Setting CVar [[r.DOF.Kernel.MaxBackgroundRadius:0.025]]
[2022.10.05-07.56.11:987][  0]LogConfig: Applying CVar settings from Section [TextureQuality@3] File [C:/Users/User/Documents/GitHub/RGB_FinalProject/MetaMeta/Saved/Config/Windows/Scalability.ini]
[2022.10.05-07.56.11:987][  0]LogConfig: Setting CVar [[r.Streaming.MipBias:0]]
[2022.10.05-07.56.11:988][  0]LogConfig: Setting CVar [[r.Streaming.AmortizeCPUToGPUCopy:0]]
[2022.10.05-07.56.11:988][  0]LogConfig: Setting CVar [[r.Streaming.MaxNumTexturesToStreamPerFrame:0]]
[2022.10.05-07.56.11:989][  0]LogConfig: Setting CVar [[r.Streaming.Boost:1]]
[2022.10.05-07.56.11:990][  0]LogConfig: Setting CVar [[r.MaxAnisotropy:8]]
[2022.10.05-07.56.11:990][  0]LogConfig: Setting CVar [[r.VT.MaxAnisotropy:8]]
[2022.10.05-07.56.11:991][  0]LogConfig: Setting CVar [[r.Streaming.LimitPoolSizeToVRAM:0]]
[2022.10.05-07.56.11:992][  0]LogConfig: Setting CVar [[r.Streaming.PoolSize:1000]]
[2022.10.05-07.56.11:992][  0]LogConfig: Setting CVar [[r.Streaming.MaxEffectiveScreenSize:0]]
[2022.10.05-07.56.11:993][  0]LogConfig: Applying CVar settings from Section [EffectsQuality@3] File [C:/Users/User/Documents/GitHub/RGB_FinalProject/MetaMeta/Saved/Config/Windows/Scalability.ini]
[2022.10.05-07.56.11:993][  0]LogConfig: Setting CVar [[r.TranslucencyLightingVolumeDim:64]]
[2022.10.05-07.56.11:994][  0]LogConfig: Setting CVar [[r.RefractionQuality:2]]
[2022.10.05-07.56.11:994][  0]LogConfig: Setting CVar [[r.SSR.Quality:3]]
[2022.10.05-07.56.11:995][  0]LogConfig: Setting CVar [[r.SSR.HalfResSceneColor:0]]
[2022.10.05-07.56.11:996][  0]LogConfig: Setting CVar [[r.SceneColorFormat:4]]
[2022.10.05-07.56.11:996][  0]LogConfig: Setting CVar [[r.DetailMode:2]]
[2022.10.05-07.56.11:997][  0]LogConfig: Setting CVar [[r.TranslucencyVolumeBlur:1]]
[2022.10.05-07.56.11:999][  0]LogConfig: Setting CVar [[r.MaterialQualityLevel:1 ; High quality]]
[2022.10.05-07.56.11:999][  0]LogConfig: Setting CVar [[r.AnisotropicMaterials:1]]
[2022.10.05-07.56.12:000][  0]LogConfig: Setting CVar [[r.SSS.Scale:1]]
[2022.10.05-07.56.12:001][  0]LogConfig: Setting CVar [[r.SSS.SampleSet:2]]
[2022.10.05-07.56.12:001][  0]LogConfig: Setting CVar [[r.SSS.Quality:1]]
[2022.10.05-07.56.12:002][  0]LogConfig: Setting CVar [[r.SSS.HalfRes:0]]
[2022.10.05-07.56.12:002][  0]LogConfig: Setting CVar [[r.SSGI.Quality:3]]
[2022.10.05-07.56.12:003][  0]LogConfig: Setting CVar [[r.EmitterSpawnRateScale:1.0]]
[2022.10.05-07.56.12:003][  0]LogConfig: Setting CVar [[r.ParticleLightQuality:2]]
[2022.10.05-07.56.12:004][  0]LogConfig: Setting CVar [[r.SkyAtmosphere.AerialPerspectiveLUT.FastApplyOnOpaque:1 ; Always have FastSkyLUT 1 in this case to avoid wrong sky]]
[2022.10.05-07.56.12:004][  0]LogConfig: Setting CVar [[r.SkyAtmosphere.AerialPerspectiveLUT.SampleCountMaxPerSlice:4]]
[2022.10.05-07.56.12:005][  0]LogConfig: Setting CVar [[r.SkyAtmosphere.AerialPerspectiveLUT.DepthResolution:16.0]]
[2022.10.05-07.56.12:005][  0]LogConfig: Setting CVar [[r.SkyAtmosphere.FastSkyLUT:1]]
[2022.10.05-07.56.12:006][  0]LogConfig: Setting CVar [[r.SkyAtmosphere.FastSkyLUT.SampleCountMin:4.0]]
[2022.10.05-07.56.12:006][  0]LogConfig: Setting CVar [[r.SkyAtmosphere.FastSkyLUT.SampleCountMax:128.0]]
[2022.10.05-07.56.12:007][  0]LogConfig: Setting CVar [[r.SkyAtmosphere.SampleCountMin:4.0]]
[2022.10.05-07.56.12:008][  0]LogConfig: Setting CVar [[r.SkyAtmosphere.SampleCountMax:128.0]]
[2022.10.05-07.56.12:008][  0]LogConfig: Setting CVar [[r.SkyAtmosphere.TransmittanceLUT.UseSmallFormat:0]]
[2022.10.05-07.56.12:009][  0]LogConfig: Setting CVar [[r.SkyAtmosphere.TransmittanceLUT.SampleCount:10.0]]
[2022.10.05-07.56.12:010][  0]LogConfig: Setting CVar [[r.SkyAtmosphere.MultiScatteringLUT.SampleCount:15.0]]
[2022.10.05-07.56.12:010][  0]LogConfig: Setting CVar [[r.SkyLight.RealTimeReflectionCapture:1]]
[2022.10.05-07.56.12:011][  0]LogConfig: Applying CVar settings from Section [FoliageQuality@3] File [C:/Users/User/Documents/GitHub/RGB_FinalProject/MetaMeta/Saved/Config/Windows/Scalability.ini]
[2022.10.05-07.56.12:011][  0]LogConfig: Setting CVar [[foliage.DensityScale:1.0]]
[2022.10.05-07.56.12:012][  0]LogConfig: Setting CVar [[grass.DensityScale:1.0]]
[2022.10.05-07.56.12:014][  0]LogConfig: Applying CVar settings from Section [ShadingQuality@3] File [C:/Users/User/Documents/GitHub/RGB_FinalProject/MetaMeta/Saved/Config/Windows/Scalability.ini]
[2022.10.05-07.56.12:014][  0]LogConfig: Setting CVar [[r.HairStrands.SkyLighting.IntegrationType:2]]
[2022.10.05-07.56.12:015][  0]LogConfig: Setting CVar [[r.HairStrands.SkyAO.SampleCount:4]]
[2022.10.05-07.56.12:016][  0]LogConfig: Setting CVar [[r.HairStrands.Visibility.MSAA.SamplePerPixel:4]]
[2022.10.05-07.56.12:016][  0]LogInit: Selected Device Profile: [Windows]
[2022.10.05-07.56.12:017][  0]LogInit: Applying CVar settings loaded from the selected device profile: [Windows]
[2022.10.05-07.56.12:018][  0]LogHAL: Display: Platform has ~ 16 GB [17110814720 / 17179869184 / 16], which maps to Larger [LargestMinGB=32, LargerMinGB=12, DefaultMinGB=8, SmallerMinGB=6, SmallestMinGB=0)
[2022.10.05-07.56.12:018][  0]LogInit: Going up to parent DeviceProfile []
[2022.10.05-07.56.12:019][  0]LogConfig: Applying CVar settings from Section [ViewDistanceQuality@3] File [C:/Users/User/Documents/GitHub/RGB_FinalProject/MetaMeta/Saved/Config/Windows/Scalability.ini]
[2022.10.05-07.56.12:019][  0]LogConfig: Setting CVar [[r.SkeletalMeshLODBias:0]]
[2022.10.05-07.56.12:020][  0]LogConfig: Setting CVar [[r.ViewDistanceScale:1.0]]
[2022.10.05-07.56.12:020][  0]LogConfig: Applying CVar settings from Section [AntiAliasingQuality@3] File [C:/Users/User/Documents/GitHub/RGB_FinalProject/MetaMeta/Saved/Config/Windows/Scalability.ini]
[2022.10.05-07.56.12:021][  0]LogConfig: Setting CVar [[r.PostProcessAAQuality:4]]
[2022.10.05-07.56.12:022][  0]LogConfig: Applying CVar settings from Section [ShadowQuality@3] File [C:/Users/User/Documents/GitHub/RGB_FinalProject/MetaMeta/Saved/Config/Windows/Scalability.ini]
[2022.10.05-07.56.12:022][  0]LogConfig: Setting CVar [[r.LightFunctionQuality:1]]
[2022.10.05-07.56.12:023][  0]LogConfig: Setting CVar [[r.ShadowQuality:5]]
[2022.10.05-07.56.12:023][  0]LogConfig: Setting CVar [[r.Shadow.CSM.MaxCascades:10]]
[2022.10.05-07.56.12:023][  0]LogConfig: Setting CVar [[r.Shadow.MaxResolution:2048]]
[2022.10.05-07.56.12:023][  0]LogConfig: Setting CVar [[r.Shadow.MaxCSMResolution:2048]]
[2022.10.05-07.56.12:023][  0]LogConfig: Setting CVar [[r.Shadow.RadiusThreshold:0.01]]
[2022.10.05-07.56.12:023][  0]LogConfig: Setting CVar [[r.Shadow.DistanceScale:1.0]]
[2022.10.05-07.56.12:024][  0]LogConfig: Setting CVar [[r.Shadow.CSM.TransitionScale:1.0]]
[2022.10.05-07.56.12:024][  0]LogConfig: Setting CVar [[r.Shadow.PreShadowResolutionFactor:1.0]]
[2022.10.05-07.56.12:024][  0]LogConfig: Setting CVar [[r.DistanceFieldShadowing:1]]
[2022.10.05-07.56.12:024][  0]LogConfig: Setting CVar [[r.DistanceFieldAO:1]]
[2022.10.05-07.56.12:024][  0]LogConfig: Setting CVar [[r.AOQuality:2]]
[2022.10.05-07.56.12:025][  0]LogConfig: Setting CVar [[r.VolumetricFog:1]]
[2022.10.05-07.56.12:025][  0]LogConfig: Setting CVar [[r.VolumetricFog.GridPixelSize:8]]
[2022.10.05-07.56.12:025][  0]LogConfig: Setting CVar [[r.VolumetricFog.GridSizeZ:128]]
[2022.10.05-07.56.12:026][  0]LogConfig: Setting CVar [[r.VolumetricFog.HistoryMissSupersampleCount:4]]
[2022.10.05-07.56.12:026][  0]LogConfig: Setting CVar [[r.LightMaxDrawDistanceScale:1]]
[2022.10.05-07.56.12:027][  0]LogConfig: Setting CVar [[r.CapsuleShadows:1]]
[2022.10.05-07.56.12:029][  0]LogConfig: Applying CVar settings from Section [PostProcessQuality@3] File [C:/Users/User/Documents/GitHub/RGB_FinalProject/MetaMeta/Saved/Config/Windows/Scalability.ini]
[2022.10.05-07.56.12:029][  0]LogConfig: Setting CVar [[r.MotionBlurQuality:4]]
[2022.10.05-07.56.12:030][  0]LogConfig: Setting CVar [[r.AmbientOcclusionMipLevelFactor:0.4]]
[2022.10.05-07.56.12:030][  0]LogConfig: Setting CVar [[r.AmbientOcclusionMaxQuality:100]]
[2022.10.05-07.56.12:031][  0]LogConfig: Setting CVar [[r.AmbientOcclusionLevels:-1]]
[2022.10.05-07.56.12:031][  0]LogConfig: Setting CVar [[r.AmbientOcclusionRadiusScale:1.0]]
[2022.10.05-07.56.12:032][  0]LogConfig: Setting CVar [[r.DepthOfFieldQuality:2]]
[2022.10.05-07.56.12:032][  0]LogConfig: Setting CVar [[r.RenderTargetPoolMin:400]]
[2022.10.05-07.56.12:033][  0]LogConfig: Setting CVar [[r.LensFlareQuality:2]]
[2022.10.05-07.56.12:033][  0]LogConfig: Setting CVar [[r.SceneColorFringeQuality:1]]
[2022.10.05-07.56.12:034][  0]LogConfig: Setting CVar [[r.EyeAdaptationQuality:2]]
[2022.10.05-07.56.12:034][  0]LogConfig: Setting CVar [[r.BloomQuality:5]]
[2022.10.05-07.56.12:035][  0]LogConfig: Setting CVar [[r.FastBlurThreshold:100]]
[2022.10.05-07.56.12:036][  0]LogConfig: Setting CVar [[r.Upscale.Quality:3]]
[2022.10.05-07.56.12:036][  0]LogConfig: Setting CVar [[r.Tonemapper.GrainQuantization:1]]
[2022.10.05-07.56.12:037][  0]LogConfig: Setting CVar [[r.LightShaftQuality:1]]
[2022.10.05-07.56.12:037][  0]LogConfig: Setting CVar [[r.Filter.SizeScale:1]]
[2022.10.05-07.56.12:038][  0]LogConfig: Setting CVar [[r.Tonemapper.Quality:5]]
[2022.10.05-07.56.12:039][  0]LogConfig: Setting CVar [[r.DOF.Gather.AccumulatorQuality:1        ; higher gathering accumulator quality]]
[2022.10.05-07.56.12:039][  0]LogConfig: Setting CVar [[r.DOF.Gather.PostfilterMethod:1          ; Median3x3 postfilering method]]
[2022.10.05-07.56.12:040][  0]LogConfig: Setting CVar [[r.DOF.Gather.EnableBokehSettings:0       ; no bokeh simulation when gathering]]
[2022.10.05-07.56.12:040][  0]LogConfig: Setting CVar [[r.DOF.Gather.RingCount:4                 ; medium number of samples when gathering]]
[2022.10.05-07.56.12:041][  0]LogConfig: Setting CVar [[r.DOF.Scatter.ForegroundCompositing:1    ; additive foreground scattering]]
[2022.10.05-07.56.12:042][  0]LogConfig: Setting CVar [[r.DOF.Scatter.BackgroundCompositing:2    ; additive background scattering]]
[2022.10.05-07.56.12:044][  0]LogConfig: Setting CVar [[r.DOF.Scatter.EnableBokehSettings:1      ; bokeh simulation when scattering]]
[2022.10.05-07.56.12:044][  0]LogConfig: Setting CVar [[r.DOF.Scatter.MaxSpriteRatio:0.1         ; only a maximum of 10% of scattered bokeh]]
[2022.10.05-07.56.12:045][  0]LogConfig: Setting CVar [[r.DOF.Recombine.Quality:1                ; cheap slight out of focus]]
[2022.10.05-07.56.12:045][  0]LogConfig: Setting CVar [[r.DOF.Recombine.EnableBokehSettings:0    ; no bokeh simulation on slight out of focus]]
[2022.10.05-07.56.12:046][  0]LogConfig: Setting CVar [[r.DOF.TemporalAAQuality:1                ; more stable temporal accumulation]]
[2022.10.05-07.56.12:046][  0]LogConfig: Setting CVar [[r.DOF.Kernel.MaxForegroundRadius:0.025]]
[2022.10.05-07.56.12:047][  0]LogConfig: Setting CVar [[r.DOF.Kernel.MaxBackgroundRadius:0.025]]
[2022.10.05-07.56.12:047][  0]LogConfig: Applying CVar settings from Section [TextureQuality@3] File [C:/Users/User/Documents/GitHub/RGB_FinalProject/MetaMeta/Saved/Config/Windows/Scalability.ini]
[2022.10.05-07.56.12:048][  0]LogConfig: Setting CVar [[r.Streaming.MipBias:0]]
[2022.10.05-07.56.12:048][  0]LogConfig: Setting CVar [[r.Streaming.AmortizeCPUToGPUCopy:0]]
[2022.10.05-07.56.12:049][  0]LogConfig: Setting CVar [[r.Streaming.MaxNumTexturesToStreamPerFrame:0]]
[2022.10.05-07.56.12:050][  0]LogConfig: Setting CVar [[r.Streaming.Boost:1]]
[2022.10.05-07.56.12:050][  0]LogConfig: Setting CVar [[r.MaxAnisotropy:8]]
[2022.10.05-07.56.12:051][  0]LogConfig: Setting CVar [[r.VT.MaxAnisotropy:8]]
[2022.10.05-07.56.12:051][  0]LogConfig: Setting CVar [[r.Streaming.LimitPoolSizeToVRAM:0]]
[2022.10.05-07.56.12:052][  0]LogConfig: Setting CVar [[r.Streaming.PoolSize:1000]]
[2022.10.05-07.56.12:052][  0]LogConfig: Setting CVar [[r.Streaming.MaxEffectiveScreenSize:0]]
[2022.10.05-07.56.12:053][  0]LogConfig: Applying CVar settings from Section [EffectsQuality@3] File [C:/Users/User/Documents/GitHub/RGB_FinalProject/MetaMeta/Saved/Config/Windows/Scalability.ini]
[2022.10.05-07.56.12:053][  0]LogConfig: Setting CVar [[r.TranslucencyLightingVolumeDim:64]]
[2022.10.05-07.56.12:054][  0]LogConfig: Setting CVar [[r.RefractionQuality:2]]
[2022.10.05-07.56.12:055][  0]LogConfig: Setting CVar [[r.SSR.Quality:3]]
[2022.10.05-07.56.12:055][  0]LogConfig: Setting CVar [[r.SSR.HalfResSceneColor:0]]
[2022.10.05-07.56.12:056][  0]LogConfig: Setting CVar [[r.SceneColorFormat:4]]
[2022.10.05-07.56.12:056][  0]LogConfig: Setting CVar [[r.DetailMode:2]]
[2022.10.05-07.56.12:057][  0]LogConfig: Setting CVar [[r.TranslucencyVolumeBlur:1]]
[2022.10.05-07.56.12:059][  0]LogConfig: Setting CVar [[r.MaterialQualityLevel:1 ; High quality]]
[2022.10.05-07.56.12:059][  0]LogConfig: Setting CVar [[r.AnisotropicMaterials:1]]
[2022.10.05-07.56.12:060][  0]LogConfig: Setting CVar [[r.SSS.Scale:1]]
[2022.10.05-07.56.12:060][  0]LogConfig: Setting CVar [[r.SSS.SampleSet:2]]
[2022.10.05-07.56.12:061][  0]LogConfig: Setting CVar [[r.SSS.Quality:1]]
[2022.10.05-07.56.12:061][  0]LogConfig: Setting CVar [[r.SSS.HalfRes:0]]
[2022.10.05-07.56.12:062][  0]LogConfig: Setting CVar [[r.SSGI.Quality:3]]
[2022.10.05-07.56.12:062][  0]LogConfig: Setting CVar [[r.EmitterSpawnRateScale:1.0]]
[2022.10.05-07.56.12:063][  0]LogConfig: Setting CVar [[r.ParticleLightQuality:2]]
[2022.10.05-07.56.12:063][  0]LogConfig: Setting CVar [[r.SkyAtmosphere.AerialPerspectiveLUT.FastApplyOnOpaque:1 ; Always have FastSkyLUT 1 in this case to avoid wrong sky]]
[2022.10.05-07.56.12:064][  0]LogConfig: Setting CVar [[r.SkyAtmosphere.AerialPerspectiveLUT.SampleCountMaxPerSlice:4]]
[2022.10.05-07.56.12:064][  0]LogConfig: Setting CVar [[r.SkyAtmosphere.AerialPerspectiveLUT.DepthResolution:16.0]]
[2022.10.05-07.56.12:065][  0]LogConfig: Setting CVar [[r.SkyAtmosphere.FastSkyLUT:1]]
[2022.10.05-07.56.12:065][  0]LogConfig: Setting CVar [[r.SkyAtmosphere.FastSkyLUT.SampleCountMin:4.0]]
[2022.10.05-07.56.12:066][  0]LogConfig: Setting CVar [[r.SkyAtmosphere.FastSkyLUT.SampleCountMax:128.0]]
[2022.10.05-07.56.12:066][  0]LogConfig: Setting CVar [[r.SkyAtmosphere.SampleCountMin:4.0]]
[2022.10.05-07.56.12:067][  0]LogConfig: Setting CVar [[r.SkyAtmosphere.SampleCountMax:128.0]]
[2022.10.05-07.56.12:068][  0]LogConfig: Setting CVar [[r.SkyAtmosphere.TransmittanceLUT.UseSmallFormat:0]]
[2022.10.05-07.56.12:068][  0]LogConfig: Setting CVar [[r.SkyAtmosphere.TransmittanceLUT.SampleCount:10.0]]
[2022.10.05-07.56.12:069][  0]LogConfig: Setting CVar [[r.SkyAtmosphere.MultiScatteringLUT.SampleCount:15.0]]
[2022.10.05-07.56.12:070][  0]LogConfig: Setting CVar [[r.SkyLight.RealTimeReflectionCapture:1]]
[2022.10.05-07.56.12:070][  0]LogConfig: Applying CVar settings from Section [FoliageQuality@3] File [C:/Users/User/Documents/GitHub/RGB_FinalProject/MetaMeta/Saved/Config/Windows/Scalability.ini]
[2022.10.05-07.56.12:071][  0]LogConfig: Setting CVar [[foliage.DensityScale:1.0]]
[2022.10.05-07.56.12:071][  0]LogConfig: Setting CVar [[grass.DensityScale:1.0]]
[2022.10.05-07.56.12:072][  0]LogConfig: Applying CVar settings from Section [ShadingQuality@3] File [C:/Users/User/Documents/GitHub/RGB_FinalProject/MetaMeta/Saved/Config/Windows/Scalability.ini]
[2022.10.05-07.56.12:074][  0]LogConfig: Setting CVar [[r.HairStrands.SkyLighting.IntegrationType:2]]
[2022.10.05-07.56.12:074][  0]LogConfig: Setting CVar [[r.HairStrands.SkyAO.SampleCount:4]]
[2022.10.05-07.56.12:075][  0]LogConfig: Setting CVar [[r.HairStrands.Visibility.MSAA.SamplePerPixel:4]]
[2022.10.05-07.56.12:076][  0]LogConfig: Applying CVar settings from Section [Startup] File [../../../Engine/Config/ConsoleVariables.ini]
[2022.10.05-07.56.12:077][  0]LogConfig: Setting CVar [[net.UseAdaptiveNetUpdateFrequency:0]]
[2022.10.05-07.56.12:077][  0]LogConfig: Setting CVar [[p.chaos.AllowCreatePhysxBodies:1]]
[2022.10.05-07.56.12:078][  0]LogConfig: Setting CVar [[fx.SkipVectorVMBackendOptimizations:1]]
[2022.10.05-07.56.12:078][  0]LogConfig: Applying CVar settings from Section [ConsoleVariables] File [C:/Users/User/Documents/GitHub/RGB_FinalProject/MetaMeta/Saved/Config/Windows/Engine.ini]
[2022.10.05-07.56.12:079][  0]LogConfig: Applying CVar settings from Section [ConsoleVariables] File [C:/Users/User/Documents/GitHub/RGB_FinalProject/MetaMeta/Saved/Config/Windows/Editor.ini]
[2022.10.05-07.56.12:080][  0]LogInit: Computer: DESKTOP-2NOSHEQ
[2022.10.05-07.56.12:080][  0]LogInit: User: User
[2022.10.05-07.56.12:081][  0]LogInit: CPU Page size=4096, Cores=6
[2022.10.05-07.56.12:081][  0]LogInit: High frequency timer resolution =10.000000 MHz
[2022.10.05-07.56.12:082][  0]LogMemory: Memory total: Physical=15.9GB (16GB approx)
[2022.10.05-07.56.12:082][  0]LogMemory: Platform Memory Stats for Windows
[2022.10.05-07.56.12:083][  0]LogMemory: Process Physical Memory: 142.66 MB used, 142.66 MB peak
[2022.10.05-07.56.12:084][  0]LogMemory: Process Virtual Memory: 120.20 MB used, 120.20 MB peak
[2022.10.05-07.56.12:084][  0]LogMemory: Physical Memory: 8284.26 MB used,  8033.89 MB free, 16318.14 MB total
[2022.10.05-07.56.12:085][  0]LogMemory: Virtual Memory: 134168128.00 MB used,  49600.77 MB free, 134217728.00 MB total
[2022.10.05-07.56.12:097][  0]LogWindows: WindowsPlatformFeatures enabled
[2022.10.05-07.56.12:212][  0]LogInit: Physics initialised using underlying interface: PhysX
[2022.10.05-07.56.12:212][  0]LogInit: Using OS detected language (ko-KR).
[2022.10.05-07.56.12:213][  0]LogInit: Using OS detected locale (ko-KR).
[2022.10.05-07.56.12:218][  0]LogTextLocalizationManager: No specific localization for 'ko-KR' exists, so the 'ko' localization will be used.
[2022.10.05-07.56.12:379][  0]LogWindowsTextInputMethodSystem: Display: IME system deactivated.
[2022.10.05-07.56.12:426][  0]LogSlate: New Slate User Created.  User Index 0, Is Virtual User: 0
[2022.10.05-07.56.12:426][  0]LogSlate: Slate User Registered.  User Index 0, Is Virtual User: 0
[2022.10.05-07.56.12:462][  0]LogD3D11RHI: Loaded GFSDK_Aftermath_Lib.x64.dll
[2022.10.05-07.56.12:468][  0]LogHMD: Failed to initialize OpenVR with code 110
[2022.10.05-07.56.12:468][  0]LogD3D11RHI: D3D11 min allowed feature level: 11_0
[2022.10.05-07.56.12:469][  0]LogD3D11RHI: D3D11 max allowed feature level: 11_0
[2022.10.05-07.56.12:469][  0]LogD3D11RHI: D3D11 adapters:
[2022.10.05-07.56.12:656][  0]LogD3D11RHI:    0. 'NVIDIA GeForce GTX 1660 SUPER' (Feature Level 11_0)
[2022.10.05-07.56.12:656][  0]LogD3D11RHI:       5991/0/8159 MB DedicatedVideo/DedicatedSystem/SharedSystem, Outputs:1, VendorId:0x10de
[2022.10.05-07.56.12:661][  0]LogD3D11RHI:    1. 'Microsoft Basic Render Driver' (Feature Level 11_0)
[2022.10.05-07.56.12:661][  0]LogD3D11RHI:       0/0/8159 MB DedicatedVideo/DedicatedSystem/SharedSystem, Outputs:0, VendorId:0x1414
[2022.10.05-07.56.12:662][  0]LogD3D11RHI: Chosen D3D11 Adapter:
[2022.10.05-07.56.12:662][  0]LogD3D11RHI:     Description : NVIDIA GeForce GTX 1660 SUPER
[2022.10.05-07.56.12:663][  0]LogD3D11RHI:     VendorId    : 10de
[2022.10.05-07.56.12:663][  0]LogD3D11RHI:     DeviceId    : 21c4
[2022.10.05-07.56.12:663][  0]LogD3D11RHI:     SubSysId    : 13d310de
[2022.10.05-07.56.12:664][  0]LogD3D11RHI:     Revision    : 00a1
[2022.10.05-07.56.12:664][  0]LogD3D11RHI:     DedicatedVideoMemory : 6282018816 bytes
[2022.10.05-07.56.12:665][  0]LogD3D11RHI:     DedicatedSystemMemory : 0 bytes
[2022.10.05-07.56.12:665][  0]LogD3D11RHI:     SharedSystemMemory : 8555407360 bytes
[2022.10.05-07.56.12:666][  0]LogD3D11RHI:     AdapterLuid : 0 38432
[2022.10.05-07.56.12:680][  0]LogD3D11RHI: Creating new Direct3DDevice
[2022.10.05-07.56.12:680][  0]LogD3D11RHI:     GPU DeviceId: 0x21c4 (for the marketing name, search the web for "GPU Device Id")
[2022.10.05-07.56.12:681][  0]LogWindows: EnumDisplayDevices:
[2022.10.05-07.56.12:682][  0]LogWindows:    0. 'NVIDIA GeForce GTX 1660 SUPER' (P:1 D:1)
[2022.10.05-07.56.12:684][  0]LogWindows:    1. 'NVIDIA GeForce GTX 1660 SUPER' (P:0 D:0)
[2022.10.05-07.56.12:685][  0]LogWindows:    2. 'NVIDIA GeForce GTX 1660 SUPER' (P:0 D:0)
[2022.10.05-07.56.12:685][  0]LogWindows:    3. 'NVIDIA GeForce GTX 1660 SUPER' (P:0 D:0)
[2022.10.05-07.56.12:686][  0]LogWindows: DebugString: FoundDriverCount:4 
[2022.10.05-07.56.12:686][  0]LogD3D11RHI:     Adapter Name: NVIDIA GeForce GTX 1660 SUPER
[2022.10.05-07.56.12:687][  0]LogD3D11RHI:   Driver Version: 512.15 (internal:30.0.15.1215, unified:512.15)
[2022.10.05-07.56.12:687][  0]LogD3D11RHI:      Driver Date: 3-17-2022
[2022.10.05-07.56.12:688][  0]LogRHI: Texture pool is 4193 MB (70% of 5991 MB)
[2022.10.05-07.56.12:688][  0]LogD3D11RHI: Creating D3DDevice using adapter:
[2022.10.05-07.56.12:689][  0]LogD3D11RHI:     Description : NVIDIA GeForce GTX 1660 SUPER
[2022.10.05-07.56.12:690][  0]LogD3D11RHI:     VendorId    : 10de
[2022.10.05-07.56.12:691][  0]LogD3D11RHI:     DeviceId    : 21c4
[2022.10.05-07.56.12:692][  0]LogD3D11RHI:     SubSysId    : 13d310de
[2022.10.05-07.56.12:692][  0]LogD3D11RHI:     Revision    : 00a1
[2022.10.05-07.56.12:693][  0]LogD3D11RHI:     DedicatedVideoMemory : 6282018816 bytes
[2022.10.05-07.56.12:693][  0]LogD3D11RHI:     DedicatedSystemMemory : 0 bytes
[2022.10.05-07.56.12:694][  0]LogD3D11RHI:     SharedSystemMemory : 8555407360 bytes
[2022.10.05-07.56.12:694][  0]LogD3D11RHI:     AdapterLuid : 0 38432
[2022.10.05-07.56.12:762][  0]LogD3D11RHI: RHI has support for 64 bit atomics
[2022.10.05-07.56.12:762][  0]LogD3D11RHI: Async texture creation enabled
[2022.10.05-07.56.12:763][  0]LogD3D11RHI: Array index from any shader is supported
[2022.10.05-07.56.12:786][  0]LogD3D11RHI: GPU Timing Frequency: 1000.000000 (Debug: 2 1)
[2022.10.05-07.56.12:871][  0]LogRHI: GeForceNow SDK initialized: 1
[2022.10.05-07.56.13:220][  0]LogTargetPlatformManager: Display: Loaded TargetPlatform 'WindowsNoEditor'
[2022.10.05-07.56.13:228][  0]LogTargetPlatformManager: Display: Loaded TargetPlatform 'Windows'
[2022.10.05-07.56.13:236][  0]LogTargetPlatformManager: Display: Loaded TargetPlatform 'WindowsClient'
[2022.10.05-07.56.13:244][  0]LogTargetPlatformManager: Display: Loaded TargetPlatform 'WindowsServer'
[2022.10.05-07.56.13:244][  0]LogTargetPlatformManager: Display: Building Assets For Windows
[2022.10.05-07.56.13:259][  0]LogAudioDebug: Display: Lib vorbis DLL was dynamically loaded.
[2022.10.05-07.56.13:327][  0]LogTextureFormatOodle: Display: Oodle Texture 2.9.0 init RDO Off
[2022.10.05-07.56.13:386][  0]LogRendererCore: Ray tracing is disabled. Reason: r.RayTracing=0.
[2022.10.05-07.56.13:386][  0]LogShaderCompilers: Guid format shader working directory is -27 characters bigger than the processId version (../../../../../../Users/User/Documents/GitHub/RGB_FinalProject/MetaMeta/Intermediate/Shaders/WorkingDirectory/67540/).
[2022.10.05-07.56.13:387][  0]LogShaderCompilers: Cleaned the shader compiler working directory 'C:/Users/User/AppData/Local/Temp/UnrealShaderWorkingDir/0D48943F4CFB442411646F8D05DB6C97/'.
[2022.10.05-07.56.13:388][  0]LogXGEController: Cannot use XGE Controller as Incredibuild is not installed on this machine.
[2022.10.05-07.56.13:389][  0]LogShaderCompilers: Cannot use XGE Shader Compiler as Incredibuild is not installed on this machine.
[2022.10.05-07.56.13:389][  0]LogShaderCompilers: Display: Using Local Shader Compiler.
[2022.10.05-07.56.14:115][  0]LogDerivedDataCache: Display: Max Cache Size: 512 MB
[2022.10.05-07.56.14:170][  0]LogDerivedDataCache: Loaded boot cache 0.05s 95MB C:/Users/User/AppData/Local/UnrealEngine/4.27/DerivedDataCache/Boot.ddc.
[2022.10.05-07.56.14:170][  0]LogDerivedDataCache: Display: Loaded Boot cache: C:/Users/User/AppData/Local/UnrealEngine/4.27/DerivedDataCache/Boot.ddc
[2022.10.05-07.56.14:171][  0]LogDerivedDataCache: FDerivedDataBackendGraph:  Pak pak cache file ../../../../../../Users/User/Documents/GitHub/RGB_FinalProject/MetaMeta/DerivedDataCache/DDC.ddp not found, will not use a pak cache.
[2022.10.05-07.56.14:172][  0]LogDerivedDataCache: Unable to find inner node Pak for hierarchical cache Hierarchy.
[2022.10.05-07.56.14:172][  0]LogDerivedDataCache: FDerivedDataBackendGraph:  CompressedPak pak cache file ../../../../../../Users/User/Documents/GitHub/RGB_FinalProject/MetaMeta/DerivedDataCache/Compressed.ddp not found, will not use a pak cache.
[2022.10.05-07.56.14:173][  0]LogDerivedDataCache: Unable to find inner node CompressedPak for hierarchical cache Hierarchy.
[2022.10.05-07.56.14:192][  0]LogDerivedDataCache: Display: Pak cache opened for reading ../../../Engine/DerivedDataCache/Compressed.ddp.
[2022.10.05-07.56.14:193][  0]LogDerivedDataCache: FDerivedDataBackendGraph:  EnterprisePak pak cache file ../../../Enterprise/DerivedDataCache/Compressed.ddp not found, will not use a pak cache.
[2022.10.05-07.56.14:193][  0]LogDerivedDataCache: Unable to find inner node EnterprisePak for hierarchical cache Hierarchy.
[2022.10.05-07.56.14:208][  0]LogDerivedDataCache: Speed tests for C:/Users/User/AppData/Local/UnrealEngine/Common/DerivedDataCache took 0.01 seconds
[2022.10.05-07.56.14:208][  0]LogDerivedDataCache: Display: Performance to C:/Users/User/AppData/Local/UnrealEngine/Common/DerivedDataCache: Latency=0.05ms. RandomReadSpeed=261.80MBs, RandomWriteSpeed=93.97MBs. Assigned SpeedClass 'Local'
[2022.10.05-07.56.14:210][  0]LogDerivedDataCache: Using Local data cache path C:/Users/User/AppData/Local/UnrealEngine/Common/DerivedDataCache: Writable
[2022.10.05-07.56.14:211][  0]LogDerivedDataCache: Shared data cache path not found in *engine.ini, will not use an Shared cache.
[2022.10.05-07.56.14:211][  0]LogDerivedDataCache: Unable to find inner node Shared for hierarchical cache Hierarchy.
[2022.10.05-07.56.14:246][  0]LogSlate: Using FreeType 2.10.0
[2022.10.05-07.56.14:247][  0]LogSlate: SlateFontServices - WITH_FREETYPE: 1, WITH_HARFBUZZ: 1
[2022.10.05-07.56.14:328][  0]LogInit: Using OS detected language (ko-KR).
[2022.10.05-07.56.14:329][  0]LogInit: Using OS detected locale (ko-KR).
[2022.10.05-07.56.14:330][  0]LogTextLocalizationManager: No localization for 'ko-KR' exists, so 'en' will be used for the language.
[2022.10.05-07.56.14:331][  0]LogTextLocalizationManager: No localization for 'ko-KR' exists, so 'en' will be used for the locale.
[2022.10.05-07.56.14:332][  0]LogSlate: FontCache flush requested. Reason: Culture for localization was changed
[2022.10.05-07.56.14:333][  0]LogSlate: FontCache flush requested. Reason: Culture for localization was changed
[2022.10.05-07.56.14:337][  0]LogAssetRegistry: FAssetRegistry took 0.0024 seconds to start up
[2022.10.05-07.56.14:548][  0]LogTextLocalizationManager: Compacting localization data took   0.01ms
[2022.10.05-07.56.14:548][  0]LogPackageLocalizationCache: Processed 27 localized package path(s) for 1 prioritized culture(s) in 0.045637 seconds
[2022.10.05-07.56.14:629][  0]LogInit: Selected Device Profile: [Windows]
[2022.10.05-07.56.14:629][  0]LogInit: Active device profile: [00000166B5976B00][00000166AA591140 49] Windows
[2022.10.05-07.56.14:630][  0]LogInit: Profiles: [00000166B5976B00][00000166AA591140 49] Windows, [00000166B5989700][00000166AEE892C0 49] WindowsNoEditor, [00000166B5975700][00000166AEE8D440 49] WindowsServer, [00000166B598A200][00000166AEE915C0 49] WindowsClient, [00000166B5976100][00000166AF903740 49] IOS, [00000166B598BD00][00000166AF9078C0 49] iPadAir, [00000166B5976900][00000166AEE85A00 49] iPadAir2, [00000166B5926B00][00000166AF90E0C0 49] IPadPro, [00000166B5926C00][00000166AF90A100 49] iPadAir3, [00000166B5975900][00000166AF916280 49] iPadAir4, [00000166B5927400][00000166AF91A400 49] iPadMini2, [00000166B5975C00][00000166AF91E580 49] iPadMini3, [00000166B5925200][00000166AF922700 49] iPadMini4, [00000166B5974B00][00000166AF926880 49] iPadMini5, [00000166B594E400][00000166AF92EB40 49] iPhone6, [00000166B594E500][00000166AF92AB80 49] iPodTouch6, [00000166B5925F00][00000166AF936E40 49] iPhone7, [00000166B5926000][00000166AF932E80 49] iPodTouch7, [00000166B594EC00][00000166AF93B000 49] iPhone5S, [00000166B5924A00][00000166AF93F180 49] iPhone6Plus, [00000166B594D200][00000166AF943300 49] iPhone6S, [00000166B5927D00][00000166AF947480 49] iPhone6SPlus, [00000166B594E600][00000166AF94B600 49] iPhone7Plus, [00000166B5926D00][00000166B541F780 49] iPhoneSE, [00000166B594FF00][00000166B5423900 49] iPhone8, [00000166B5926400][00000166B5427A80 49] iPhone8Plus, [00000166B594EB00][00000166AF913BC0 49] iPhoneX, [00000166B5926500][00000166B542A180 49] iPhoneXS, [00000166B594FC00][00000166B542E2C0 49] iPhoneXSMax, [00000166B5924B00][00000166B5436440 49] iPhoneXR, [00000166B594D500][00000166B543A5C0 49] iPhone11, [00000166B5926100][00000166B543E740 49] iPhone11Pro, [00000166B594EA00][00000166B54428C0 49] iPhone11ProMax, [00000166B5924F00][00000166B5446A40 49] iPhoneSE2, [00000166B594FA00][00000166B544ABC0 49] iPhone12Mini, [00000166B5927300][00000166B544ED40 49] iPhone12, [00000166B594C800][00000166B5452EC0 49] iPhone12Pro, [00000166B5925D00][00000166B5457040 49] iPhone12ProMax, [00000166B594F400][00000166B545B1C0 49] iPadPro105, [00000166B5924400][00000166B545F340 49] iPadPro129, [00000166B594DC00][00000166B54634C0 49] iPadPro97, [00000166B5925900][00000166B5467640 49] iPadPro2_129, [00000166B594D300][00000166B546B7C0 49] iPad5, [00000166B5925700][00000166B546F940 49] iPad6, [00000166B594DA00][00000166B5473AC0 49] iPad7, [00000166B5927800][00000166B54760C0 49] iPad8, [00000166B594D800][00000166B5432200 49] iPadPro11, [00000166B5924900][00000166B547A340 49] iPadPro2_11, [00000166B594CA00][00000166B547E480 49] iPadPro3_129, [00000166B5927600][00000166B54825C0 49] iPadPro4_129, [00000166B5989900][00000166B548A740 49] AppleTV, [00000166B5A0D800][00000166B548E8C0 49] AppleTV4K, [00000166B598B700][00000166B5492A40 49] TVOS, [00000166B5A0CC00][00000166B5496BC0 49] Mac, [00000166B5989200][00000166B549AD40 49] MacClient, [00000166B5A0CF00][00000166B549EEC0 49] MacNoEditor, [00000166B598B800][00000166B54A3040 49] MacServer, [00000166B5A0C300][00000166B54A71C0 49] Linux, [00000166B5989800][00000166B54AB340 49] LinuxAArch64, [00000166B5A0D200][00000166AECB94C0 49] LinuxNoEditor, [00000166B5988A00][00000166AECBD640 49] LinuxAArch64NoEditor, [00000166B5A0C600][00000166AECC17C0 49] LinuxClient, [00000166B598B200][00000166AECC5940 49] LinuxAArch64Client, [00000166B5A0C800][00000166AECC9AC0 49] LinuxServer, [00000166B598BB00][00000166AECCC0C0 49] LinuxAArch64Server, [00000166B5A0DE00][00000166AECD0240 49] Android, [00000166B5924600][00000166B5486380 49] Android_Low, [00000166B594FE00][00000166AECD44C0 49] Android_Mid, [00000166B5926A00][00000166AECD8600 49] Android_High, [00000166B594D700][00000166AECDC740 49] Android_Default, [00000166B5927000][00000166AECE48C0 49] Android_Adreno4xx, [00000166B594F200][00000166AECE8A40 49] Android_Adreno5xx_Low, [00000166B5927C00][00000166AECECBC0 49] Android_Adreno5xx, [00000166B594E200][00000166AECF0D40 49] Android_Adreno6xx, [00000166B5924D00][00000166AECF4EC0 49] Android_Adreno6xx_Vulkan, [00000166B594F900][00000166AECF9040 49] Android_Mali_T6xx, [00000166B5927200][00000166AECFD1C0 49] Android_Mali_T7xx, [00000166B594F500][00000166AED01340 49] Android_Mali_T8xx, [00000166B5927B00][00000166AED054C0 49] Android_Mali_G71, [00000166B594F600][00000166AED09640 49] Android_Mali_G72, [00000166B5927100][00000166AED0D7C0 49] Android_Mali_G72_Vulkan, [00000166B594D600][00000166AED11940 49] Android_Mali_G76, [00000166B5924200][00000166AED15AC0 49] Android_Mali_G76_Vulkan, [00000166B594DE00][00000166AED180C0 49] Android_Mali_G77, [00000166B5A0C400][00000166AED1C240 49] Android_Mali_G77_Vulkan, [00000166B594C700][00000166AED203C0 49] Android_Mali_G78, [00000166B5A0D600][00000166AED24540 49] Android_Mali_G78_Vulkan, [00000166B594E000][00000166AECE0680 49] Android_Mali_G710, [00000166B5925C00][00000166AED287C0 49] Android_Mali_G710_Vulkan, [00000166B594EF00][00000166AED2C900 49] Android_Vulkan_SM5, [00000166B5925600][00000166AED34A80 49] Android_PowerVR_G6xxx, [00000166B594F100][00000166AED38C00 49] Android_PowerVR_GT7xxx, [00000166B5925000][00000166AED3CD80 49] Android_PowerVR_GE8xxx, [00000166B594EE00][00000166AED40F00 49] Android_PowerVR_GM9xxx, [00000166B5926F00][00000166AED45080 49] Android_PowerVR_GM9xxx_Vulkan, [00000166B594E100][00000166AED49200 49] Android_TegraK1, [00000166B5925E00][00000166AED4D380 49] Android_Unknown_Vulkan, [00000166B594FD00][00000166AED51500 49] Lumin, [00000166B5925800][00000166AED55680 49] Lumin_Desktop, [00000166B594C100][00000166AED59800 49] HoloLens, 
[2022.10.05-07.56.14:772][  0]LogMeshReduction: Using QuadricMeshReduction for automatic static mesh reduction
[2022.10.05-07.56.14:772][  0]LogMeshReduction: Using SimplygonMeshReduction for automatic skeletal mesh reduction
[2022.10.05-07.56.14:773][  0]LogMeshReduction: Using ProxyLODMeshReduction for automatic mesh merging
[2022.10.05-07.56.14:774][  0]LogMeshReduction: No distributed automatic mesh merging module available
[2022.10.05-07.56.14:775][  0]LogMeshMerging: No distributed automatic mesh merging module available
[2022.10.05-07.56.14:814][  0]LogNetVersion: MetaMeta 1.0.0, NetCL: 17155196, EngineNetVer: 17, GameNetVer: 0 (Checksum: 3291849621)
[2022.10.05-07.56.15:076][  0]LogTexture: Default maximum texture size for cubemaps generated from long-lat sources has been changed from 512 to unlimited. In order to preserve old behaiour for '/Engine/MapTemplates/Sky/DaylightAmbientCubemap.DaylightAmbientCubemap', its maximum texture size has been explicitly set to 512.
[2022.10.05-07.56.15:128][  0]LogHMD: PokeAHoleMaterial loaded successfully
[2022.10.05-07.56.15:313][  0]LogMoviePlayer: Initializing movie player
[2022.10.05-07.56.15:467][  0]LogNiagaraDebuggerClient: Niagara Debugger Client Initialized | Session: 70F412FA4D912E9033B47DBFDE8A68A2 | Instance: DC21A8914CD0FD6E0134E280382E9B40 (DESKTOP-2NOSHEQ-67540).
[2022.10.05-07.56.15:497][  0]LogCollectionManager: Loaded 0 collections in 0.001865 seconds
[2022.10.05-07.56.15:500][  0]LogFileCache: Scanning file cache for directory 'C:/Users/User/Documents/GitHub/RGB_FinalProject/MetaMeta/Saved/Collections/' took 0.00s
[2022.10.05-07.56.15:501][  0]LogFileCache: Scanning file cache for directory 'C:/Users/User/Documents/GitHub/RGB_FinalProject/MetaMeta/Content/Developers/User/Collections/' took 0.00s
[2022.10.05-07.56.15:502][  0]LogCollectionManager: Fixed up redirectors for 0 collections in 0.000002 seconds (updated 0 objects)
[2022.10.05-07.56.15:530][  0]LogFileCache: Scanning file cache for directory 'C:/Users/User/Documents/GitHub/RGB_FinalProject/MetaMeta/Content/Collections/' took 0.00s
[2022.10.05-07.56.15:531][  0]LogPython: Using Python 3.7.7
[2022.10.05-07.56.16:273][  0]SourceControl: Source control is disabled
[2022.10.05-07.56.16:275][  0]SourceControl: Source control is disabled
[2022.10.05-07.56.16:282][  0]SourceControl: Source control is disabled
[2022.10.05-07.56.16:294][  0]LogUProjectInfo: Found projects:
[2022.10.05-07.56.16:423][  0]LogOpenImageDenoise: OIDN starting up
[2022.10.05-07.56.16:489][  0]LogAndroidPermission: UAndroidPermissionCallbackProxy::GetInstance
[2022.10.05-07.56.16:526][  0]LogAudioCaptureCore: Display: No Audio Capture implementations found. Audio input will be silent.
[2022.10.05-07.56.16:526][  0]LogAudioCaptureCore: Display: No Audio Capture implementations found. Audio input will be silent.
[2022.10.05-07.56.16:618][  0]LogOcInput: OculusInput pre-init called
[2022.10.05-07.56.16:628][  0]LogUObjectArray: 22440 objects as part of root set at end of initial load.
[2022.10.05-07.56.16:628][  0]LogUObjectAllocator: 6158032 out of 0 bytes used by permanent object pool.
[2022.10.05-07.56.16:629][  0]LogUObjectArray: CloseDisregardForGC: 0/0 objects in disregard for GC pool
[2022.10.05-07.56.16:687][  0]LogEngine: Initializing Engine...
[2022.10.05-07.56.16:691][  0]LogHMD: Failed to enumerate extensions. Please check that you have a valid OpenXR runtime installed.
[2022.10.05-07.56.16:691][  0]LogHMD: Failed to initialize OpenVR with code 110
[2022.10.05-07.56.16:692][  0]LogMagicLeap: Warning: VR disabled because ZI is not enabled.  To enable, in the editor, Edit -> Project Settings -> Plugins -> Magic Leap Plugin -> Enable Zero Iteration
[2022.10.05-07.56.16:694][  0]LogStats: UGameplayTagsManager::InitializeManager -  0.000 s
[2022.10.05-07.56.16:781][  0]LogInit: Initializing FReadOnlyCVARCache
[2022.10.05-07.56.16:781][  0]LogAudio: Display: Initializing Audio Device Manager...
[2022.10.05-07.56.16:789][  0]LogAudio: Display: Loading Default Audio Settings Objects...
[2022.10.05-07.56.16:790][  0]LogAudio: Display: No default SoundConcurrencyObject specified (or failed to load).
[2022.10.05-07.56.16:790][  0]LogAudio: Display: Audio Device Manager Initialized
[2022.10.05-07.56.16:791][  0]LogAudio: Display: Creating Audio Device:                 Id: 1, Scope: Shared, Realtime: True
[2022.10.05-07.56.16:792][  0]LogAudioMixer: Display: Audio Mixer Platform Settings:
[2022.10.05-07.56.16:793][  0]LogAudioMixer: Display: 	Sample Rate:						  48000
[2022.10.05-07.56.16:793][  0]LogAudioMixer: Display: 	Callback Buffer Frame Size Requested: 1024
[2022.10.05-07.56.16:794][  0]LogAudioMixer: Display: 	Callback Buffer Frame Size To Use:	  1024
[2022.10.05-07.56.16:794][  0]LogAudioMixer: Display: 	Number of buffers to queue:			  2
[2022.10.05-07.56.16:795][  0]LogAudioMixer: Display: 	Max Channels (voices):				  32
[2022.10.05-07.56.16:795][  0]LogAudioMixer: Display: 	Number of Async Source Workers:		  0
[2022.10.05-07.56.16:796][  0]LogAudio: Display: AudioDevice MaxSources: 32
[2022.10.05-07.56.16:797][  0]LogAudio: Display: Audio Spatialization Plugin: None (built-in).
[2022.10.05-07.56.16:797][  0]LogAudio: Display: Audio Reverb Plugin: None (built-in).
[2022.10.05-07.56.16:798][  0]LogAudio: Display: Audio Occlusion Plugin: None (built-in).
[2022.10.05-07.56.16:798][  0]LogAudioMixer: Display: Initializing audio mixer.
[2022.10.05-07.56.16:824][  0]LogAudioMixer: Display: 0: FrontLeft
[2022.10.05-07.56.16:824][  0]LogAudioMixer: Display: 1: FrontRight
[2022.10.05-07.56.16:869][  0]LogAudioMixer: Display: Using Audio Device 스피커(Razer Barracuda X)
[2022.10.05-07.56.16:875][  0]LogAudioMixer: Display: Initializing Sound Submixes...
[2022.10.05-07.56.16:877][  0]LogAudioMixer: Display: Creating Master Submix 'MasterSubmixDefault'
[2022.10.05-07.56.16:877][  0]LogAudioMixer: Display: Creating Master Submix 'MasterReverbSubmixDefault'
[2022.10.05-07.56.16:879][  0]LogAudioMixer: Display: Creating Master Submix 'MasterEQSubmixDefault'
[2022.10.05-07.56.16:879][  0]LogAudioMixer: FMixerPlatformXAudio2::StartAudioStream() called
[2022.10.05-07.56.16:879][  0]LogAudioMixer: Display: Output buffers initialized: Frames=1024, Channels=2, Samples=2048
[2022.10.05-07.56.16:881][  0]LogAudioMixer: Display: Starting AudioMixerPlatformInterface::RunInternal()
[2022.10.05-07.56.16:881][  0]LogAudioMixer: Display: FMixerPlatformXAudio2::SubmitBuffer() called for the first time
[2022.10.05-07.56.16:882][  0]LogInit: FAudioDevice initialized.
[2022.10.05-07.56.16:884][  0]LogNetVersion: Set ProjectVersion to 1.0.0.0. Version Checksum will be recalculated on next use.
[2022.10.05-07.56.16:975][  0]LogDerivedDataCache: Saved boot cache 0.09s 95MB C:/Users/User/AppData/Local/UnrealEngine/4.27/DerivedDataCache/Boot.ddc.
[2022.10.05-07.56.16:975][  0]LogInit: Texture streaming: Enabled
[2022.10.05-07.56.17:058][  0]LogAudio: Display: Audio Device (ID: 1) registered with world 'Untitled'.
[2022.10.05-07.56.17:059][  0]LogSlate: Updating window title bar state: overlay mode, drag disabled, window buttons hidden, title bar hidden
[2022.10.05-07.56.17:060][  0]LogInit: Display: Game Engine Initialized.
[2022.10.05-07.56.17:061][  0]LogNiagaraEditor: GEditor isn't valid! Particle reset commands will not work for Niagara components!
[2022.10.05-07.56.17:208][  0]LogInit: Display: Starting Game.
[2022.10.05-07.56.17:208][  0]LogNet: Browse: /Game/ThirdPersonCPP/Maps/ThirdPersonExampleMap?Name=Player
[2022.10.05-07.56.17:210][  0]LogLoad: LoadMap: /Game/ThirdPersonCPP/Maps/ThirdPersonExampleMap?Name=Player
[2022.10.05-07.56.17:210][  0]LogWorld: BeginTearingDown for /Temp/Untitled_0
[2022.10.05-07.56.17:212][  0]LogWorld: UWorld::CleanupWorld for Untitled, bSessionEnded=true, bCleanupResources=true
[2022.10.05-07.56.17:212][  0]LogSlate: InvalidateAllWidgets triggered.  All widgets were invalidated
[2022.10.05-07.56.17:216][  0]LogAudio: Display: Audio Device unregistered from world 'None'.
[2022.10.05-07.56.17:219][  0]LogUObjectHash: Compacting FUObjectHashTables data took   0.82ms
[2022.10.05-07.56.17:291][  0]LogAudio: Display: Audio Device (ID: 1) registered with world 'ThirdPersonExampleMap'.
[2022.10.05-07.56.17:303][  0]LogAIModule: Creating AISystem for world ThirdPersonExampleMap
[2022.10.05-07.56.17:304][  0]LogLoad: Game class is 'MetaMetaGameMode'
[2022.10.05-07.56.17:307][  0]LogWorld: Bringing World /Game/ThirdPersonCPP/Maps/ThirdPersonExampleMap.ThirdPersonExampleMap up for play (max tick rate 0) at 2022.10.05-16.56.17
[2022.10.05-07.56.17:308][  0]LogWorld: Bringing up level for play took: 0.001623
[2022.10.05-07.56.17:312][  0]LogLoad: Took 0.102062 seconds to LoadMap(/Game/ThirdPersonCPP/Maps/ThirdPersonExampleMap)
[2022.10.05-07.56.17:427][  0]LogRenderer: Reallocating scene render targets to support 1920x1080 Format 10 NumSamples 1 (Frame:1).
[2022.10.05-07.56.17:427][  0]LogSlate: Took 0.000827 seconds to synchronously load lazily loaded font '../../../Engine/Content/Slate/Fonts/Roboto-Regular.ttf' (155K)
[2022.10.05-07.56.17:492][  0]LogInit: Display: Engine is initialized. Leaving FEngineLoop::Init()
[2022.10.05-07.56.17:492][  0]LogLoad: (Engine Initialization) Total time: 7.41 seconds
[2022.10.05-07.56.17:493][  0]LogLoad: (Engine Initialization) Total Blueprint compile time: 0.00 seconds
[2022.10.05-07.56.17:502][  0]LogContentStreaming: Texture pool size now 1000 MB
[2022.10.05-07.56.17:504][  0]LogSlate: InvalidateAllWidgets triggered.  All widgets were invalidated
[2022.10.05-07.56.17:636][  0]LogRenderer: Reallocating scene render targets to support 128x128 Format 10 NumSamples 1 (Frame:1).
[2022.10.05-07.56.17:658][  0]LogRenderer: Reallocating scene render targets to support 1920x1080 Format 10 NumSamples 1 (Frame:2).
[2022.10.05-07.56.17:679][  1]LogSlate: Took 0.000309 seconds to synchronously load lazily loaded font '../../../Engine/Content/Slate/Fonts/Roboto-Regular.ttf' (155K)
[2022.10.05-08.02.44:256][878]LogSlate: Window 'MetaMeta (64-bit Development PCD3D_SM5) ' being destroyed
[2022.10.05-08.02.44:259][878]LogWindowsTextInputMethodSystem: Display: IME system activated using TSF (Microsoft 입력기).
[2022.10.05-08.02.44:267][879]LogSlate: Updating window title bar state: overlay mode, drag disabled, window buttons hidden, title bar hidden
[2022.10.05-08.02.44:268][879]LogEngine: All Windows Closed
[2022.10.05-08.02.44:268][879]LogWindows: FPlatformMisc::RequestExit(0)
[2022.10.05-08.02.44:269][879]LogWindows: FPlatformMisc::RequestExitWithStatus(0, 0)
[2022.10.05-08.02.44:270][879]LogCore: Engine exit requested (reason: Win RequestExit)
[2022.10.05-08.02.44:271][880]LogCore: Engine exit requested (reason: EngineExit() was called; note: exit was already requested)
[2022.10.05-08.02.44:272][880]LogInit: Display: PreExit Game.
[2022.10.05-08.02.44:288][880]LogWorld: BeginTearingDown for /Game/ThirdPersonCPP/Maps/ThirdPersonExampleMap
[2022.10.05-08.02.44:289][880]LogWorld: UWorld::CleanupWorld for ThirdPersonExampleMap, bSessionEnded=true, bCleanupResources=true
[2022.10.05-08.02.44:289][880]LogSlate: InvalidateAllWidgets triggered.  All widgets were invalidated
[2022.10.05-08.02.44:812][880]LogAudio: Display: Beginning Audio Device Manager Shutdown (Module: AudioMixerXAudio2)...
[2022.10.05-08.02.44:812][880]LogAudio: Display: Destroying 1 Remaining Audio Device(s)...
[2022.10.05-08.02.44:813][880]LogAudio: Display: Audio Device unregistered from world 'ThirdPersonExampleMap'.
[2022.10.05-08.02.44:852][880]LogAudioMixer: FMixerPlatformXAudio2::StopAudioStream() called
[2022.10.05-08.02.44:853][880]LogAudioMixer: FMixerPlatformXAudio2::StopAudioStream() called
[2022.10.05-08.02.44:858][880]LogAudio: Display: Audio Device Manager Shutdown
[2022.10.05-08.02.44:861][880]LogExit: Preparing to exit.
[2022.10.05-08.02.44:865][880]LogSlate: Updating window title bar state: overlay mode, drag disabled, window buttons hidden, title bar hidden
[2022.10.05-08.02.44:867][880]LogUObjectHash: Compacting FUObjectHashTables data took   0.95ms
[2022.10.05-08.02.44:890][880]LogMoviePlayer: Shutting down movie player
[2022.10.05-08.02.44:912][880]LogDemo: Cleaned up 0 splitscreen connections with owner deletion
[2022.10.05-08.02.44:917][880]LogExit: Game engine shut down
[2022.10.05-08.02.44:956][880]LogExit: Object subsystem successfully closed.
[2022.10.05-08.02.44:964][880]LogShaderCompilers: Display: === FShaderJobCache stats ===
[2022.10.05-08.02.44:964][880]LogShaderCompilers: Display: Total job queries 0, among them cache hits 0 (0.00%)
[2022.10.05-08.02.44:965][880]LogShaderCompilers: Display: Tracking 0 distinct input hashes that result in 0 distinct outputs (0.00%)
[2022.10.05-08.02.44:965][880]LogShaderCompilers: Display: RAM used: 0.00 MB (0.00 GB) of 819.20 MB (0.80 GB) budget. Usage: 0.00%
[2022.10.05-08.02.44:966][880]LogShaderCompilers: Display: ================================================
[2022.10.05-08.02.44:976][880]LogShaderCompilers: Display: Shaders left to compile 0
[2022.10.05-08.02.45:008][880]LogModuleManager: Shutting down and abandoning module SequenceRecorderSections (562)
[2022.10.05-08.02.45:009][880]LogModuleManager: Shutting down and abandoning module SequenceRecorder (560)
[2022.10.05-08.02.45:010][880]LogModuleManager: Shutting down and abandoning module AutomationController (558)
[2022.10.05-08.02.45:010][880]LogModuleManager: Shutting down and abandoning module AutomationWorker (556)
[2022.10.05-08.02.45:011][880]LogModuleManager: Shutting down and abandoning module Voice (554)
[2022.10.05-08.02.45:012][880]LogModuleManager: Shutting down and abandoning module AIModule (552)
[2022.10.05-08.02.45:013][880]LogModuleManager: Shutting down and abandoning module GameplayDebugger (551)
[2022.10.05-08.02.45:013][880]LogModuleManager: Shutting down and abandoning module AITestSuite (549)
[2022.10.05-08.02.45:014][880]LogModuleManager: Shutting down and abandoning module NavigationSystem (547)
[2022.10.05-08.02.45:014][880]LogModuleManager: Shutting down and abandoning module SteamVREditor (544)
[2022.10.05-08.02.45:015][880]LogModuleManager: Shutting down and abandoning module ToolMenus (543)
[2022.10.05-08.02.45:016][880]LogModuleManager: Shutting down and abandoning module OculusMR (540)
[2022.10.05-08.02.45:016][880]LogModuleManager: Shutting down and abandoning module TakeRecorderSources (538)
[2022.10.05-08.02.45:017][880]LogModuleManager: Shutting down and abandoning module TakeRecorder (537)
[2022.10.05-08.02.45:017][880]LogModuleManager: Shutting down and abandoning module TakeTrackRecorders (534)
[2022.10.05-08.02.45:018][880]LogModuleManager: Shutting down and abandoning module TakesCore (532)
[2022.10.05-08.02.45:018][880]LogModuleManager: Shutting down and abandoning module OpenXRInput (530)
[2022.10.05-08.02.45:019][880]LogModuleManager: Shutting down and abandoning module OpenExrWrapper (528)
[2022.10.05-08.02.45:020][880]LogModuleManager: Shutting down and abandoning module ImgMediaFactory (526)
[2022.10.05-08.02.45:049][880]LogModuleManager: Shutting down and abandoning module WmfMediaFactory (524)
[2022.10.05-08.02.45:052][880]LogModuleManager: Shutting down and abandoning module WebMMediaFactory (522)
[2022.10.05-08.02.45:053][880]LogModuleManager: Shutting down and abandoning module WebMMedia (520)
[2022.10.05-08.02.45:054][880]LogModuleManager: Shutting down and abandoning module AvfMediaFactory (518)
[2022.10.05-08.02.45:055][880]LogModuleManager: Shutting down and abandoning module MagicLeapMediaCodecFactory (516)
[2022.10.05-08.02.45:055][880]LogModuleManager: Shutting down and abandoning module MagicLeapMediaFactory (514)
[2022.10.05-08.02.45:056][880]LogModuleManager: Shutting down and abandoning module PlanarCut (512)
[2022.10.05-08.02.45:059][880]LogModuleManager: Shutting down and abandoning module CharacterAI (510)
[2022.10.05-08.02.45:061][880]LogModuleManager: Shutting down and abandoning module SessionServices (508)
[2022.10.05-08.02.45:063][880]LogModuleManager: Shutting down and abandoning module MovieSceneCapture (506)
[2022.10.05-08.02.45:063][880]LogModuleManager: Shutting down and abandoning module LiveCoding (504)
[2022.10.05-08.02.45:065][880]LogModuleManager: Shutting down and abandoning module LevelSequence (502)
[2022.10.05-08.02.45:065][880]LogModuleManager: Shutting down and abandoning module MovieSceneTracks (500)
[2022.10.05-08.02.45:065][880]LogModuleManager: Shutting down and abandoning module MovieScene (498)
[2022.10.05-08.02.45:066][880]LogModuleManager: Shutting down and abandoning module StreamingPauseRendering (496)
[2022.10.05-08.02.45:067][880]LogModuleManager: Shutting down and abandoning module PortalServices (494)
[2022.10.05-08.02.45:068][880]LogModuleManager: Shutting down and abandoning module PortalRpc (492)
[2022.10.05-08.02.45:068][880]LogModuleManager: Shutting down and abandoning module MessagingRpc (490)
[2022.10.05-08.02.45:069][880]LogModuleManager: Shutting down and abandoning module AudioMixerXAudio2 (488)
[2022.10.05-08.02.45:070][880]LogModuleManager: Shutting down and abandoning module AudioMixerCore (487)
[2022.10.05-08.02.45:070][880]LogModuleManager: Shutting down and abandoning module ImageWriteQueue (484)
[2022.10.05-08.02.45:074][880]LogModuleManager: Shutting down and abandoning module ProfilerService (482)
[2022.10.05-08.02.45:081][880]LogModuleManager: Shutting down and abandoning module TaskGraph (480)
[2022.10.05-08.02.45:081][880]LogModuleManager: Shutting down and abandoning module OculusInput (478)
[2022.10.05-08.02.45:082][880]LogModuleManager: Shutting down and abandoning module TakeMovieScene (476)
[2022.10.05-08.02.45:083][880]LogModuleManager: Shutting down and abandoning module Synthesis (474)
[2022.10.05-08.02.45:083][880]LogModuleManager: Shutting down and abandoning module ProceduralMeshComponent (472)
[2022.10.05-08.02.45:084][880]LogModuleManager: Shutting down and abandoning module MobilePatchingUtils (470)
[2022.10.05-08.02.45:085][880]LogModuleManager: Shutting down and abandoning module GooglePAD (468)
[2022.10.05-08.02.45:086][880]LogModuleManager: Shutting down and abandoning module EditableMesh (466)
[2022.10.05-08.02.45:086][880]LogModuleManager: Shutting down and abandoning module CableComponent (464)
[2022.10.05-08.02.45:087][880]LogModuleManager: Shutting down and abandoning module CustomMeshComponent (462)
[2022.10.05-08.02.45:088][880]LogModuleManager: Shutting down and abandoning module AudioCapture (460)
[2022.10.05-08.02.45:088][880]LogModuleManager: Shutting down and abandoning module AudioCaptureRtAudio (459)
[2022.10.05-08.02.45:089][880]LogModuleManager: Shutting down and abandoning module AssetTags (456)
[2022.10.05-08.02.45:090][880]LogModuleManager: Shutting down and abandoning module ArchVisCharacter (454)
[2022.10.05-08.02.45:092][880]LogModuleManager: Shutting down and abandoning module AppleImageUtilsBlueprintSupport (452)
[2022.10.05-08.02.45:093][880]LogModuleManager: Shutting down and abandoning module AppleImageUtils (450)
[2022.10.05-08.02.45:093][880]LogModuleManager: Shutting down and abandoning module AndroidPermission (448)
[2022.10.05-08.02.45:094][880]LogModuleManager: Shutting down and abandoning module ActorLayerUtilities (446)
[2022.10.05-08.02.45:095][880]LogModuleManager: Shutting down and abandoning module TemplateSequence (444)
[2022.10.05-08.02.45:095][880]LogModuleManager: Shutting down and abandoning module ImgMedia (442)
[2022.10.05-08.02.45:096][880]LogModuleManager: Shutting down and abandoning module MediaCompositing (440)
[2022.10.05-08.02.45:096][880]LogModuleManager: Shutting down and abandoning module MagicLeapSharedWorld (438)
[2022.10.05-08.02.45:097][880]LogModuleManager: Shutting down and abandoning module MagicLeapLightEstimation (436)
[2022.10.05-08.02.45:098][880]LogModuleManager: Shutting down and abandoning module MagicLeapHelperVulkan (434)
[2022.10.05-08.02.45:099][880]LogModuleManager: Shutting down and abandoning module MagicLeapHelperOpenGL (432)
[2022.10.05-08.02.45:099][880]LogModuleManager: Shutting down and abandoning module MagicLeapAudio (430)
[2022.10.05-08.02.45:100][880]LogModuleManager: Shutting down and abandoning module MotoSynth (428)
[2022.10.05-08.02.45:100][880]LogModuleManager: Shutting down and abandoning module OpenImageDenoise (426)
[2022.10.05-08.02.45:101][880]LogOpenImageDenoise: OIDN shutting down
[2022.10.05-08.02.45:102][880]LogModuleManager: Shutting down and abandoning module GeometryCollectionTracks (424)
[2022.10.05-08.02.45:103][880]LogModuleManager: Shutting down and abandoning module GeometryCollectionSequencer (423)
[2022.10.05-08.02.45:103][880]LogModuleManager: Shutting down and abandoning module MeshConversion (420)
[2022.10.05-08.02.45:104][880]LogModuleManager: Shutting down and abandoning module DynamicMesh (418)
[2022.10.05-08.02.45:105][880]LogModuleManager: Shutting down and abandoning module GeometryAlgorithms (416)
[2022.10.05-08.02.45:107][880]LogModuleManager: Shutting down and abandoning module GeometricObjects (414)
[2022.10.05-08.02.45:107][880]LogModuleManager: Shutting down and abandoning module GeometryCacheTracks (412)
[2022.10.05-08.02.45:108][880]LogModuleManager: Shutting down and abandoning module GeometryCacheSequencer (411)
[2022.10.05-08.02.45:108][880]LogModuleManager: Shutting down and abandoning module GeometryCache (408)
[2022.10.05-08.02.45:109][880]LogModuleManager: Shutting down and abandoning module GeometryCacheEd (407)
[2022.10.05-08.02.45:110][880]LogModuleManager: Shutting down and abandoning module ChaosNiagara (404)
[2022.10.05-08.02.45:110][880]LogModuleManager: Shutting down and abandoning module FieldSystemEngine (403)
[2022.10.05-08.02.45:111][880]LogModuleManager: Shutting down and abandoning module BackChannel (400)
[2022.10.05-08.02.45:111][880]LogModuleManager: Shutting down and abandoning module AutomationUtils (398)
[2022.10.05-08.02.45:112][880]LogModuleManager: Shutting down and abandoning module VisualStudioSourceCodeAccess (396)
[2022.10.05-08.02.45:113][880]LogModuleManager: Shutting down and abandoning module HotReload (395)
[2022.10.05-08.02.45:113][880]LogModuleManager: Shutting down and abandoning module VisualStudioCodeSourceCodeAccess (392)
[2022.10.05-08.02.45:114][880]LogModuleManager: Shutting down and abandoning module UObjectPlugin (390)
[2022.10.05-08.02.45:114][880]LogModuleManager: Shutting down and abandoning module SubversionSourceControl (388)
[2022.10.05-08.02.45:115][880]LogModuleManager: Shutting down and abandoning module PerforceSourceControl (386)
[2022.10.05-08.02.45:116][880]LogModuleManager: Shutting down and abandoning module SourceControl (385)
[2022.10.05-08.02.45:117][880]LogModuleManager: Shutting down and abandoning module CLionSourceCodeAccess (382)
[2022.10.05-08.02.45:117][880]LogModuleManager: Shutting down and abandoning module OodleNetworkHandlerComponent (380)
[2022.10.05-08.02.45:117][880]LogModuleManager: Shutting down and abandoning module LiveLinkSequencer (378)
[2022.10.05-08.02.45:118][880]LogModuleManager: Shutting down and abandoning module LiveLinkMovieScene (376)
[2022.10.05-08.02.45:119][880]LogModuleManager: Shutting down and abandoning module LiveLinkGraphNode (374)
[2022.10.05-08.02.45:119][880]LogModuleManager: Shutting down and abandoning module LiveLinkComponents (372)
[2022.10.05-08.02.45:120][880]LogModuleManager: Shutting down and abandoning module LiveLink (370)
[2022.10.05-08.02.45:303][880]LogModuleManager: Shutting down and abandoning module MetaMeta (368)
[2022.10.05-08.02.45:304][880]LogModuleManager: Shutting down and abandoning module AnimGraph (367)
[2022.10.05-08.02.45:305][880]LogModuleManager: Shutting down and abandoning module SoundFields (364)
[2022.10.05-08.02.45:305][880]LogModuleManager: Shutting down and abandoning module RuntimePhysXCooking (362)
[2022.10.05-08.02.45:307][880]LogModuleManager: Shutting down and abandoning module SignificanceManager (360)
[2022.10.05-08.02.45:308][880]LogModuleManager: Shutting down and abandoning module PropertyAccessEditor (358)
[2022.10.05-08.02.45:308][880]LogModuleManager: Shutting down and abandoning module PhysXVehiclesEditor (356)
[2022.10.05-08.02.45:309][880]LogModuleManager: Shutting down and abandoning module LocationServicesBPLibrary (352)
[2022.10.05-08.02.45:309][880]LogModuleManager: Shutting down and abandoning module AudioSynesthesia (350)
[2022.10.05-08.02.45:310][880]LogModuleManager: Shutting down and abandoning module AudioSynesthesiaCore (348)
[2022.10.05-08.02.45:311][880]LogModuleManager: Shutting down and abandoning module ImgMediaEngine (346)
[2022.10.05-08.02.45:311][880]LogModuleManager: Shutting down and abandoning module ActorSequence (344)
[2022.10.05-08.02.45:311][880]LogModuleManager: Shutting down and abandoning module UdpMessaging (342)
[2022.10.05-08.02.45:312][880]LogModuleManager: Shutting down and abandoning module TcpMessaging (340)
[2022.10.05-08.02.45:312][880]LogModuleManager: Shutting down and abandoning module MagicLeapARPin (338)
[2022.10.05-08.02.45:313][880]LogModuleManager: Shutting down and abandoning module MagicLeapHandMeshing (336)
[2022.10.05-08.02.45:314][880]LogModuleManager: Shutting down and abandoning module MagicLeapSecureStorage (334)
[2022.10.05-08.02.45:314][880]LogModuleManager: Shutting down and abandoning module MagicLeapPrivileges (332)
[2022.10.05-08.02.45:315][880]LogModuleManager: Shutting down and abandoning module MagicLeapPlanes (330)
[2022.10.05-08.02.45:315][880]LogMagicLeapPlanes: Planes tracker already destroyed.
[2022.10.05-08.02.45:316][880]LogModuleManager: Shutting down and abandoning module MagicLeapImageTracker (328)
[2022.10.05-08.02.45:318][880]LogModuleManager: Shutting down and abandoning module MagicLeapIdentity (326)
[2022.10.05-08.02.45:318][880]LogModuleManager: Shutting down and abandoning module MagicLeapHandTracking (324)
[2022.10.05-08.02.45:319][880]LogModuleManager: Shutting down and abandoning module MagicLeapEyeTracker (322)
[2022.10.05-08.02.45:320][880]LogModuleManager: Shutting down and abandoning module MagicLeapController (320)
[2022.10.05-08.02.45:321][880]LogModuleManager: Shutting down and abandoning module MagicLeapARPinImpl (318)
[2022.10.05-08.02.45:321][880]LogModuleManager: Shutting down and abandoning module MagicLeapAR (316)
[2022.10.05-08.02.45:322][880]LogModuleManager: Shutting down and abandoning module PythonScriptPlugin (314)
[2022.10.05-08.02.45:322][880]LogModuleManager: Shutting down and abandoning module NiagaraAnimNotifies (312)
[2022.10.05-08.02.45:323][880]LogModuleManager: Shutting down and abandoning module Niagara (310)
[2022.10.05-08.02.45:324][880]LogModuleManager: Shutting down and abandoning module SignalProcessing (309)
[2022.10.05-08.02.45:324][880]LogModuleManager: Shutting down and abandoning module NiagaraEditor (307)
[2022.10.05-08.02.45:325][880]LogModuleManager: Shutting down and abandoning module ContentBrowser (306)
[2022.10.05-08.02.45:325][880]LogModuleManager: Shutting down and abandoning module CollectionManager (305)
[2022.10.05-08.02.45:326][880]LogModuleManager: Shutting down and abandoning module DirectoryWatcher (304)
[2022.10.05-08.02.45:326][880]LogModuleManager: Shutting down and abandoning module ContentBrowserData (301)
[2022.10.05-08.02.45:327][880]LogModuleManager: Shutting down and abandoning module NiagaraCore (296)
[2022.10.05-08.02.45:328][880]LogModuleManager: Shutting down and abandoning module EnvironmentQueryEditor (294)
[2022.10.05-08.02.45:328][880]LogModuleManager: Shutting down and abandoning module GameplayTagsEditor (292)
[2022.10.05-08.02.45:329][880]LogModuleManager: Shutting down and abandoning module FacialAnimation (290)
[2022.10.05-08.02.45:329][880]LogModuleManager: Shutting down and abandoning module AssetManagerEditor (288)
[2022.10.05-08.02.45:330][880]LogModuleManager: Shutting down and abandoning module TreeMap (287)
[2022.10.05-08.02.45:330][880]LogModuleManager: Shutting down and abandoning module PropertyAccessNode (284)
[2022.10.05-08.02.45:331][880]LogModuleManager: Shutting down and abandoning module LightPropagationVolumeRuntime (282)
[2022.10.05-08.02.45:333][880]LogModuleManager: Shutting down and abandoning module AnimationSharing (280)
[2022.10.05-08.02.45:334][880]LogModuleManager: Shutting down and abandoning module GameplayCameras (278)
[2022.10.05-08.02.45:334][880]LogModuleManager: Shutting down and abandoning module Paper2D (276)
[2022.10.05-08.02.45:335][880]LogModuleManager: Shutting down and abandoning module WindowsMoviePlayer (274)
[2022.10.05-08.02.45:336][880]LogModuleManager: Shutting down and abandoning module WebMMoviePlayer (272)
[2022.10.05-08.02.45:336][880]LogModuleManager: Shutting down and abandoning module NetworkReplayStreaming (270)
[2022.10.05-08.02.45:336][880]LogModuleManager: Shutting down and abandoning module PacketHandler (268)
[2022.10.05-08.02.45:337][880]LogModuleManager: Shutting down and abandoning module ClothingSystemEditor (266)
[2022.10.05-08.02.45:338][880]LogModuleManager: Shutting down and abandoning module ClothingSystemRuntimeNv (264)
[2022.10.05-08.02.45:338][880]LogModuleManager: Shutting down and abandoning module MediaAssets (262)
[2022.10.05-08.02.45:339][880]LogModuleManager: Shutting down and abandoning module Overlay (260)
[2022.10.05-08.02.45:339][880]LogModuleManager: Shutting down and abandoning module OverlayEditor (259)
[2022.10.05-08.02.45:340][880]LogModuleManager: Shutting down and abandoning module VREditor (256)
[2022.10.05-08.02.45:340][880]LogModuleManager: Shutting down and abandoning module StringTableEditor (254)
[2022.10.05-08.02.45:341][880]LogModuleManager: Shutting down and abandoning module GameplayTasksEditor (252)
[2022.10.05-08.02.45:342][880]LogModuleManager: Shutting down and abandoning module BehaviorTreeEditor (250)
[2022.10.05-08.02.45:342][880]LogModuleManager: Shutting down and abandoning module FunctionalTesting (248)
[2022.10.05-08.02.45:343][880]LogModuleManager: Shutting down and abandoning module CollisionAnalyzer (246)
[2022.10.05-08.02.45:343][880]LogModuleManager: Shutting down and abandoning module WorkspaceMenuStructure (245)
[2022.10.05-08.02.45:344][880]LogModuleManager: Shutting down and abandoning module UMG (242)
[2022.10.05-08.02.45:344][880]LogModuleManager: Shutting down and abandoning module UMGEditor (241)
[2022.10.05-08.02.45:345][880]LogModuleManager: Shutting down and abandoning module Sequencer (240)
[2022.10.05-08.02.45:346][880]LogModuleManager: Shutting down and abandoning module MessageLog (237)
[2022.10.05-08.02.45:348][880]LogModuleManager: Shutting down and abandoning module SlateReflector (232)
[2022.10.05-08.02.45:348][880]LogModuleManager: Shutting down and abandoning module Slate (230)
[2022.10.05-08.02.45:349][880]LogModuleManager: Shutting down and abandoning module SlateCore (228)
[2022.10.05-08.02.45:350][880]LogModuleManager: Shutting down and abandoning module LandscapeEditorUtilities (226)
[2022.10.05-08.02.45:350][880]LogModuleManager: Shutting down and abandoning module UnrealEd (224)
[2022.10.05-08.02.45:351][880]LogModuleManager: Shutting down and abandoning module MRMesh (222)
[2022.10.05-08.02.45:351][880]LogModuleManager: Shutting down and abandoning module Messaging (220)
[2022.10.05-08.02.45:353][880]LogModuleManager: Shutting down and abandoning module SourceCodeAccess (218)
[2022.10.05-08.02.45:353][880]LogModuleManager: Shutting down and abandoning module HeadMountedDisplay (216)
[2022.10.05-08.02.45:355][880]LogModuleManager: Shutting down and abandoning module XAudio2 (214)
[2022.10.05-08.02.45:357][880]LogModuleManager: Shutting down and abandoning module Networking (212)
[2022.10.05-08.02.45:358][880]LogModuleManager: Shutting down and abandoning module Core (210)
[2022.10.05-08.02.45:358][880]LogModuleManager: Shutting down and abandoning module MaterialEditor (208)
[2022.10.05-08.02.45:359][880]LogModuleManager: Shutting down and abandoning module MovieSceneTools (206)
[2022.10.05-08.02.45:360][880]LogModuleManager: Shutting down and abandoning module EditorStyle (205)
[2022.10.05-08.02.45:361][880]LogModuleManager: Shutting down and abandoning module KismetCompiler (202)
[2022.10.05-08.02.45:362][880]LogModuleManager: Shutting down and abandoning module MeshBuilder (200)
[2022.10.05-08.02.45:363][880]LogModuleManager: Shutting down and abandoning module MeshUtilities (198)
[2022.10.05-08.02.45:363][880]LogModuleManager: Shutting down and abandoning module MeshMergeUtilities (197)
[2022.10.05-08.02.45:364][880]LogModuleManager: Shutting down and abandoning module MeshReductionInterface (196)
[2022.10.05-08.02.45:364][880]LogModuleManager: Shutting down and abandoning module MeshBoneReduction (195)
[2022.10.05-08.02.45:365][880]LogModuleManager: Shutting down and abandoning module SkeletalMeshReduction (193)
[2022.10.05-08.02.45:366][880]LogModuleManager: Shutting down and abandoning module ProxyLODMeshReduction (191)
[2022.10.05-08.02.45:366][880]LogModuleManager: Shutting down and abandoning module QuadricMeshReduction (189)
[2022.10.05-08.02.45:367][880]LogModuleManager: Shutting down and abandoning module MaterialBaking (185)
[2022.10.05-08.02.45:367][880]LogModuleManager: Shutting down and abandoning module NullInstallBundleManager (180)
[2022.10.05-08.02.45:368][880]LogModuleManager: Shutting down and abandoning module PIEPreviewDeviceProfileSelector (178)
[2022.10.05-08.02.45:369][880]LogModuleManager: Shutting down and abandoning module DerivedDataCache (176)
[2022.10.05-08.02.45:369][880]LogModuleManager: Shutting down and abandoning module TargetPlatform (174)
[2022.10.05-08.02.45:370][880]LogModuleManager: Shutting down and abandoning module VulkanShaderFormat (173)
[2022.10.05-08.02.45:371][880]LogModuleManager: Shutting down and abandoning module ShaderFormatVectorVM (171)
[2022.10.05-08.02.45:372][880]LogModuleManager: Shutting down and abandoning module ShaderFormatOpenGL (169)
[2022.10.05-08.02.45:372][880]LogModuleManager: Shutting down and abandoning module ShaderFormatD3D (167)
[2022.10.05-08.02.45:373][880]LogModuleManager: Shutting down and abandoning module MetalShaderFormat (165)
[2022.10.05-08.02.45:374][880]LogModuleManager: Shutting down and abandoning module TextureFormatOodle (163)
[2022.10.05-08.02.45:374][880]LogModuleManager: Shutting down and abandoning module TextureFormatUncompressed (161)
[2022.10.05-08.02.45:375][880]LogModuleManager: Shutting down and abandoning module TextureFormatPVR (159)
[2022.10.05-08.02.45:375][880]LogModuleManager: Shutting down and abandoning module TextureFormatETC2 (157)
[2022.10.05-08.02.45:376][880]LogModuleManager: Shutting down and abandoning module TextureFormatDXT (155)
[2022.10.05-08.02.45:378][880]LogModuleManager: Shutting down and abandoning module TextureFormatIntelISPCTexComp (153)
[2022.10.05-08.02.45:379][880]LogModuleManager: Shutting down and abandoning module TextureFormatASTC (151)
[2022.10.05-08.02.45:379][880]LogModuleManager: Shutting down and abandoning module ImageWrapper (150)
[2022.10.05-08.02.45:380][880]LogModuleManager: Shutting down and abandoning module AudioFormatOpus (147)
[2022.10.05-08.02.45:381][880]LogModuleManager: Shutting down and abandoning module AudioFormatOgg (145)
[2022.10.05-08.02.45:381][880]LogModuleManager: Shutting down and abandoning module AudioFormatADPCM (143)
[2022.10.05-08.02.45:382][880]LogModuleManager: Shutting down and abandoning module WindowsServerTargetPlatform (141)
[2022.10.05-08.02.45:383][880]LogModuleManager: Shutting down and abandoning module WindowsClientTargetPlatform (139)
[2022.10.05-08.02.45:383][880]LogModuleManager: Shutting down and abandoning module WindowsTargetPlatform (137)
[2022.10.05-08.02.45:384][880]LogModuleManager: Shutting down and abandoning module WindowsNoEditorTargetPlatform (135)
[2022.10.05-08.02.45:384][880]LogModuleManager: Shutting down and abandoning module D3D11RHI (132)
[2022.10.05-08.02.45:385][880]LogModuleManager: Shutting down and abandoning module InputCore (130)
[2022.10.05-08.02.45:386][880]LogModuleManager: Shutting down and abandoning module Settings (128)
[2022.10.05-08.02.45:386][880]LogModuleManager: Shutting down and abandoning module PhysXCooking (126)
[2022.10.05-08.02.45:387][880]LogModuleManager: Shutting down and abandoning module Chaos (124)
[2022.10.05-08.02.45:387][880]LogModuleManager: Shutting down and abandoning module WindowsPlatformFeatures (122)
[2022.10.05-08.02.45:388][880]LogModuleManager: Shutting down and abandoning module GameplayMediaEncoder (121)
[2022.10.05-08.02.45:388][880]LogModuleManager: Shutting down and abandoning module AVEncoder (120)
[2022.10.05-08.02.45:389][880]LogModuleManager: Shutting down and abandoning module SteamVRInputDevice (116)
[2022.10.05-08.02.45:390][880]LogModuleManager: Shutting down and abandoning module SteamVRInput (114)
[2022.10.05-08.02.45:391][880]LogModuleManager: Shutting down and abandoning module SteamVR (112)
[2022.10.05-08.02.45:391][880]LogHMD: Freeing OpenVRDLLHandle.
[2022.10.05-08.02.45:393][880]LogModuleManager: Shutting down and abandoning module OculusHMD (110)
[2022.10.05-08.02.45:394][880]LogModuleManager: Shutting down and abandoning module OpenXRHandTracking (108)
[2022.10.05-08.02.45:394][880]LogSlate: Slate User Destroyed.  User Index 0, Is Virtual User: 0
[2022.10.05-08.02.45:395][880]LogModuleManager: Shutting down and abandoning module OpenXREyeTracker (106)
[2022.10.05-08.02.45:395][880]LogModuleManager: Shutting down and abandoning module OpenXRAR (104)
[2022.10.05-08.02.45:396][880]LogModuleManager: Shutting down and abandoning module AugmentedReality (103)
[2022.10.05-08.02.45:396][880]LogModuleManager: Shutting down and abandoning module OpenXRHMD (100)
[2022.10.05-08.02.45:398][880]LogModuleManager: Shutting down and abandoning module ExampleDeviceProfileSelector (98)
[2022.10.05-08.02.45:398][880]LogModuleManager: Shutting down and abandoning module ChunkDownloader (96)
[2022.10.05-08.02.45:399][880]LogModuleManager: Shutting down and abandoning module LauncherChunkInstaller (94)
[2022.10.05-08.02.45:399][880]LogModuleManager: Shutting down and abandoning module OnlineBlueprintSupport (92)
[2022.10.05-08.02.45:400][880]LogModuleManager: Shutting down and abandoning module OnlineSubsystem (88)
[2022.10.05-08.02.45:401][880]LogModuleManager: Shutting down and abandoning module XMPP (83)
[2022.10.05-08.02.45:401][880]LogModuleManager: Shutting down and abandoning module WebSockets (82)
[2022.10.05-08.02.45:426][880]LogModuleManager: Shutting down and abandoning module HTTP (79)
[2022.10.05-08.02.45:426][880]LogHttp: Display: cleaning up 0 outstanding Http requests.
[2022.10.05-08.02.45:457][880]LogModuleManager: Shutting down and abandoning module SSL (78)
[2022.10.05-08.02.45:458][880]LogModuleManager: Shutting down and abandoning module ExrReaderGpu (74)
[2022.10.05-08.02.45:459][880]LogModuleManager: Shutting down and abandoning module WmfMedia (72)
[2022.10.05-08.02.45:461][880]LogModuleManager: Shutting down and abandoning module Media (71)
[2022.10.05-08.02.45:462][880]LogModuleManager: Shutting down and abandoning module MediaInfo (70)
[2022.10.05-08.02.45:462][880]LogModuleManager: Shutting down and abandoning module MLSDK (66)
[2022.10.05-08.02.45:462][880]LogModuleManager: Shutting down and abandoning module MagicLeap (64)
[2022.10.05-08.02.45:463][880]LogModuleManager: Shutting down and abandoning module ChaosCloth (62)
[2022.10.05-08.02.45:463][880]LogModuleManager: Shutting down and abandoning module NiagaraVertexFactories (60)
[2022.10.05-08.02.45:464][880]LogModuleManager: Shutting down and abandoning module NiagaraShader (58)
[2022.10.05-08.02.45:465][880]LogModuleManager: Shutting down and abandoning module AISupportModule (56)
[2022.10.05-08.02.45:465][880]LogModuleManager: Shutting down and abandoning module VariantManagerContent (54)
[2022.10.05-08.02.45:466][880]LogModuleManager: Shutting down and abandoning module DatasmithContent (52)
[2022.10.05-08.02.45:467][880]LogModuleManager: Shutting down and abandoning module PixWinPlugin (50)
[2022.10.05-08.02.45:467][880]LogModuleManager: Shutting down and abandoning module DesktopPlatform (48)
[2022.10.05-08.02.45:468][880]LogModuleManager: Shutting down and abandoning module PythonScriptPluginPreload (46)
[2022.10.05-08.02.45:469][880]LogModuleManager: Shutting down and abandoning module PlatformCryptoOpenSSL (44)
[2022.10.05-08.02.45:469][880]LogModuleManager: Shutting down and abandoning module PlatformCryptoTypes (42)
[2022.10.05-08.02.45:470][880]LogModuleManager: Shutting down and abandoning module PlatformCrypto (40)
[2022.10.05-08.02.45:470][880]LogModuleManager: Shutting down and abandoning module OodleDataCompressionFormat (38)
[2022.10.05-08.02.45:471][880]LogModuleManager: Shutting down and abandoning module XGEController (36)
[2022.10.05-08.02.45:471][880]LogXGEController: Cleaning working directory: C:/Users/User/AppData/Local/Temp/UnrealXGEWorkingDir/
[2022.10.05-08.02.45:472][880]LogModuleManager: Shutting down and abandoning module AnimationModifiers (34)
[2022.10.05-08.02.45:473][880]LogModuleManager: Shutting down and abandoning module AudioEditor (32)
[2022.10.05-08.02.45:473][880]LogModuleManager: Shutting down and abandoning module PropertyEditor (31)
[2022.10.05-08.02.45:474][880]LogModuleManager: Shutting down and abandoning module TextureCompressor (28)
[2022.10.05-08.02.45:475][880]LogModuleManager: Shutting down and abandoning module RenderCore (26)
[2022.10.05-08.02.45:475][880]LogModuleManager: Shutting down and abandoning module Landscape (24)
[2022.10.05-08.02.45:475][880]LogModuleManager: Shutting down and abandoning module SlateRHIRenderer (22)
[2022.10.05-08.02.45:475][880]LogModuleManager: Shutting down and abandoning module AnimGraphRuntime (20)
[2022.10.05-08.02.45:475][880]LogModuleManager: Shutting down and abandoning module Renderer (18)
[2022.10.05-08.02.45:475][880]LogModuleManager: Shutting down and abandoning module Engine (16)
[2022.10.05-08.02.45:475][880]LogModuleManager: Shutting down and abandoning module CoreUObject (14)
[2022.10.05-08.02.45:475][880]LogModuleManager: Shutting down and abandoning module NetworkFile (12)
[2022.10.05-08.02.45:475][880]LogModuleManager: Shutting down and abandoning module CookedIterativeFile (10)
[2022.10.05-08.02.45:475][880]LogModuleManager: Shutting down and abandoning module StreamingFile (8)
[2022.10.05-08.02.45:476][880]LogModuleManager: Shutting down and abandoning module SandboxFile (6)
[2022.10.05-08.02.45:476][880]LogModuleManager: Shutting down and abandoning module PakFile (4)
[2022.10.05-08.02.45:476][880]LogModuleManager: Shutting down and abandoning module RSA (3)
[2022.10.05-08.02.45:476][880]LogContentStreaming: Display: There are 1 unreleased StreamingManagers
[2022.10.05-08.02.45:484][880]LogD3D11RHI: Shutdown
[2022.10.05-08.02.45:485][880]LogD3D11RHI: CleanupD3DDevice
[2022.10.05-08.02.45:486][880]LogExit: Exiting.
[2022.10.05-08.02.45:490][880]Log file closed, 10/05/22 17:02:45
