Log file open, 10/05/22 17:02:58
LogWindows: Failed to load 'aqProf.dll' (GetLastError=126)
LogWindows: File 'aqProf.dll' does not exist
LogWindows: Failed to load 'VtuneApi.dll' (GetLastError=126)
LogWindows: File 'VtuneApi.dll' does not exist
LogWindows: Failed to load 'VtuneApi32e.dll' (GetLastError=126)
LogWindows: File 'VtuneApi32e.dll' does not exist
LogConsoleResponse: Display: Failed to find resolution value strings in scalability ini. Falling back to default.
LogConsoleResponse: Display: Failed to find resolution value strings in scalability ini. Falling back to default.
LogInit: Display: Running engine for game: MetaMeta
LogPlatformFile: Not using cached read wrapper
LogTaskGraph: Started task graph with 5 named threads and 20 total threads with 3 sets of task threads.
LogStats: Stats thread started at 0.255768
LogICUInternationalization: ICU TimeZone Detection - Raw Offset: +9:00, Platform Override: ''
LogInit: Display: Loading text-based GConfig....
LogPluginManager: Mounting plugin MeshPainting
LogPluginManager: Mounting plugin XGEController
LogPluginManager: Mounting plugin Paper2D
LogPluginManager: Mounting plugin AISupport
LogPluginManager: Mounting plugin EnvironmentQueryEditor
LogPluginManager: Mounting plugin LightPropagationVolume
LogPluginManager: Mounting plugin LiveLink
LogPluginManager: Mounting plugin OodleData
LogPluginManager: Mounting plugin OodleNetwork
LogPluginManager: Mounting plugin AssetManagerEditor
LogPluginManager: Mounting plugin CurveEditorTools
LogPluginManager: Mounting plugin DataValidation
LogPluginManager: Mounting plugin FacialAnimation
LogPluginManager: Mounting plugin GameplayTagsEditor
LogPluginManager: Mounting plugin GeometryMode
LogPluginManager: Mounting plugin MacGraphicsSwitching
LogPluginManager: Mounting plugin CryptoKeys
LogPluginManager: Mounting plugin MobileLauncherProfileWizard
LogPluginManager: Mounting plugin PluginBrowser
LogPluginManager: Mounting plugin MaterialAnalyzer
LogPluginManager: Mounting plugin SpeedTreeImporter
LogPluginManager: Mounting plugin AnimationSharing
LogPluginManager: Mounting plugin CLionSourceCodeAccess
LogPluginManager: Mounting plugin CodeLiteSourceCodeAccess
LogPluginManager: Mounting plugin GitSourceControl
LogPluginManager: Mounting plugin NullSourceCodeAccess
LogPluginManager: Mounting plugin KDevelopSourceCodeAccess
LogPluginManager: Mounting plugin PixWinPlugin
LogPluginManager: Mounting plugin PlasticSourceControl
LogPluginManager: Mounting plugin PluginUtils
LogPluginManager: Mounting plugin PropertyAccessNode
LogPluginManager: Mounting plugin RiderSourceCodeAccess
LogPluginManager: Mounting plugin SubversionSourceControl
LogPluginManager: Mounting plugin TextureFormatOodle
LogPluginManager: Mounting plugin UObjectPlugin
LogPluginManager: Mounting plugin VisualStudioCodeSourceCodeAccess
LogPluginManager: Mounting plugin VisualStudioSourceCodeAccess
LogPluginManager: Mounting plugin PerforceSourceControl
LogPluginManager: Mounting plugin DatasmithContent
LogPluginManager: Mounting plugin XCodeSourceCodeAccess
LogPluginManager: Mounting plugin VariantManagerContent
LogPluginManager: Mounting plugin Niagara
LogPluginManager: Mounting plugin CameraShakePreviewer
LogPluginManager: Mounting plugin GameplayCameras
LogPluginManager: Mounting plugin LuminPlatformFeatures
LogPluginManager: Mounting plugin MagicLeap
LogPluginManager: Mounting plugin MagicLeapLightEstimation
LogPluginManager: Mounting plugin MagicLeapMedia
LogPluginManager: Mounting plugin MagicLeapPassableWorld
LogPluginManager: Mounting plugin MLSDK
LogPluginManager: Mounting plugin AndroidMedia
LogPluginManager: Mounting plugin AvfMedia
LogPluginManager: Mounting plugin ImgMedia
LogPluginManager: Mounting plugin MediaCompositing
LogPluginManager: Mounting plugin MediaPlayerEditor
LogPluginManager: Mounting plugin WebMMedia
LogPluginManager: Mounting plugin WmfMedia
LogPluginManager: Mounting plugin TcpMessaging
LogPluginManager: Mounting plugin UdpMessaging
LogPluginManager: Mounting plugin OnlineSubsystem
LogPluginManager: Mounting plugin OnlineSubsystemNull
LogPluginManager: Mounting plugin OnlineSubsystemUtils
LogPluginManager: Mounting plugin ActorSequence
LogPluginManager: Mounting plugin LevelSequenceEditor
LogPluginManager: Mounting plugin MatineeToLevelSequence
LogPluginManager: Mounting plugin TemplateSequence
LogPluginManager: Mounting plugin AlembicImporter
LogPluginManager: Mounting plugin AutomationUtils
LogPluginManager: Mounting plugin BackChannel
LogPluginManager: Mounting plugin ChaosCloth
LogPluginManager: Mounting plugin ChaosClothEditor
LogPluginManager: Mounting plugin ChaosEditor
LogPluginManager: Mounting plugin ChaosNiagara
LogPluginManager: Mounting plugin ChaosSolverPlugin
LogPluginManager: Mounting plugin CharacterAI
LogPluginManager: Mounting plugin GeometryCache
LogPluginManager: Mounting plugin GeometryCollectionPlugin
LogPluginManager: Mounting plugin GeometryProcessing
LogPluginManager: Mounting plugin MotoSynth
LogPluginManager: Mounting plugin OpenImageDenoise
LogPluginManager: Mounting plugin PlatformCrypto
LogPluginManager: Mounting plugin ProxyLODPlugin
LogPluginManager: Mounting plugin PlanarCut
LogPluginManager: Mounting plugin PythonScriptPlugin
LogPluginManager: Mounting plugin LauncherChunkInstaller
LogPluginManager: Mounting plugin SkeletalReduction
LogPluginManager: Mounting plugin ActorLayerUtilities
LogPluginManager: Mounting plugin AndroidPermission
LogPluginManager: Mounting plugin AndroidMoviePlayer
LogPluginManager: Mounting plugin AppleMoviePlayer
LogPluginManager: Mounting plugin AssetTags
LogPluginManager: Mounting plugin ArchVisCharacter
LogPluginManager: Mounting plugin AppleImageUtils
LogPluginManager: Mounting plugin AudioCapture
LogPluginManager: Mounting plugin AudioSynesthesia
LogPluginManager: Mounting plugin CableComponent
LogPluginManager: Mounting plugin AndroidDeviceProfileSelector
LogPluginManager: Mounting plugin CustomMeshComponent
LogPluginManager: Mounting plugin EditableMesh
LogPluginManager: Mounting plugin ExampleDeviceProfileSelector
LogPluginManager: Mounting plugin GoogleCloudMessaging
LogPluginManager: Mounting plugin GooglePAD
LogPluginManager: Mounting plugin IOSDeviceProfileSelector
LogPluginManager: Mounting plugin LinuxDeviceProfileSelector
LogPluginManager: Mounting plugin LocationServicesBPLibrary
LogPluginManager: Mounting plugin MobilePatchingUtils
LogPluginManager: Mounting plugin OpenXR
LogPluginManager: Mounting plugin OpenXREyeTracker
LogPluginManager: Mounting plugin OpenXRHandTracking
LogPluginManager: Mounting plugin ScreenshotTools
LogPluginManager: Mounting plugin PhysXVehicles
LogPluginManager: Mounting plugin PostSplashScreen
LogPluginManager: Mounting plugin ChunkDownloader
LogPluginManager: Mounting plugin PropertyAccessEditor
LogPluginManager: Mounting plugin RuntimePhysXCooking
LogPluginManager: Mounting plugin SoundFields
LogPluginManager: Mounting plugin SignificanceManager
LogPluginManager: Mounting plugin Synthesis
LogPluginManager: Mounting plugin WebMMoviePlayer
LogPluginManager: Mounting plugin WindowsMoviePlayer
LogPluginManager: Mounting plugin ProceduralMeshComponent
LogPluginManager: Mounting plugin Takes
LogPluginManager: Mounting plugin ContentBrowserClassDataSource
LogPluginManager: Mounting plugin ContentBrowserFileDataSource
LogPluginManager: Mounting plugin ContentBrowserAssetDataSource
LogPluginManager: Mounting plugin OnlineSubsystemGooglePlay
LogPluginManager: Mounting plugin OnlineSubsystemIOS
LogPluginManager: Mounting plugin OculusVR
LogPluginManager: Mounting plugin SteamVR
PixWinPlugin: PIX capture plugin failed to initialize! Check that the process is launched from PIX.
LogInit: Using libcurl 7.55.1-DEV
LogInit:  - built for x86_64-pc-win32
LogInit:  - supports SSL with OpenSSL/1.1.1
LogInit:  - supports HTTP deflate (compression) using libz 1.2.8
LogInit:  - other features:
LogInit:      CURL_VERSION_SSL
LogInit:      CURL_VERSION_LIBZ
LogInit:      CURL_VERSION_IPV6
LogInit:      CURL_VERSION_ASYNCHDNS
LogInit:      CURL_VERSION_LARGEFILE
LogInit:      CURL_VERSION_IDN
LogInit:  CurlRequestOptions (configurable via config and command line):
LogInit:  - bVerifyPeer = true  - Libcurl will verify peer certificate
LogInit:  - bUseHttpProxy = false  - Libcurl will NOT use HTTP proxy
LogInit:  - bDontReuseConnections = false  - Libcurl will reuse connections
LogInit:  - MaxHostConnections = 16  - Libcurl will limit the number of connections to a host
LogInit:  - LocalHostAddr = Default
LogInit:  - BufferSize = 65536
LogOnline: OSS: Creating online subsystem instance for: NULL
LogInit: WinSock: version 1.1 (2.2), MaxSocks=32767, MaxUdp=65467
LogOnline: OSS: TryLoadSubsystemAndSetDefault: Loaded subsystem for module [NULL]
LogOculusPluginWrapper: OculusPlugin initialized successfully
LogHMD: Failed initializing OVRPlugin 1.59.0
LogInit: Build: ++UE4+Release-4.27-CL-18319896
LogInit: Engine Version: 4.27.2-18319896+++UE4+Release-4.27
LogInit: Compatible Engine Version: 4.27.0-17155196+++UE4+Release-4.27
LogInit: Net CL: 17155196
LogInit: OS: Windows 10 (Release 2009) (), CPU: AMD Ryzen 5 3500 6-Core Processor              , GPU: NVIDIA GeForce GTX 1660 SUPER
LogInit: Compiled (64-bit): Nov 30 2021 07:12:08
LogInit: Compiled with Visual C++: 19.24.28315.00
LogInit: Build Configuration: Development
LogInit: Branch Name: ++UE4+Release-4.27
LogInit: Command Line:  25.13.8.211 -game -log
LogInit: Base Directory: C:/Program Files/Epic Games/UE_4.27/Engine/Binaries/Win64/
LogInit: Allocator: TBB
LogInit: Installed Engine Build: 1
LogDevObjectVersion: Number of dev versions registered: 29
LogDevObjectVersion:   Dev-Blueprints (B0D832E4-1F89-4F0D-ACCF-7EB736FD4AA2): 10
LogDevObjectVersion:   Dev-Build (E1C64328-A22C-4D53-A36C-8E866417BD8C): 0
LogDevObjectVersion:   Dev-Core (375EC13C-06E4-48FB-B500-84F0262A717E): 4
LogDevObjectVersion:   Dev-Editor (E4B068ED-F494-42E9-A231-DA0B2E46BB41): 40
LogDevObjectVersion:   Dev-Framework (CFFC743F-43B0-4480-9391-14DF171D2073): 37
LogDevObjectVersion:   Dev-Mobile (B02B49B5-BB20-44E9-A304-32B752E40360): 3
LogDevObjectVersion:   Dev-Networking (A4E4105C-59A1-49B5-A7C5-40C4547EDFEE): 0
LogDevObjectVersion:   Dev-Online (39C831C9-5AE6-47DC-9A44-9C173E1C8E7C): 0
LogDevObjectVersion:   Dev-Physics (78F01B33-EBEA-4F98-B9B4-84EACCB95AA2): 14
LogDevObjectVersion:   Dev-Platform (6631380F-2D4D-43E0-8009-CF276956A95A): 0
LogDevObjectVersion:   Dev-Rendering (12F88B9F-8875-4AFC-A67C-D90C383ABD29): 45
LogDevObjectVersion:   Dev-Sequencer (7B5AE74C-D270-4C10-A958-57980B212A5A): 13
LogDevObjectVersion:   Dev-VR (D7296918-1DD6-4BDD-9DE2-64A83CC13884): 3
LogDevObjectVersion:   Dev-LoadTimes (C2A15278-BFE7-4AFE-6C17-90FF531DF755): 1
LogDevObjectVersion:   Private-Geometry (6EACA3D4-40EC-4CC1-B786-8BED09428FC5): 3
LogDevObjectVersion:   Dev-AnimPhys (29E575DD-E0A3-4627-9D10-D276232CDCEA): 17
LogDevObjectVersion:   Dev-Anim (AF43A65D-7FD3-4947-9873-3E8ED9C1BB05): 15
LogDevObjectVersion:   Dev-ReflectionCapture (6B266CEC-1EC7-4B8F-A30B-E4D90942FC07): 1
LogDevObjectVersion:   Dev-Automation (0DF73D61-A23F-47EA-B727-89E90C41499A): 1
LogDevObjectVersion:   FortniteMain (601D1886-AC64-4F84-AA16-D3DE0DEAC7D6): 47
LogDevObjectVersion:   FortniteRelease (E7086368-6B23-4C58-8439-1B7016265E91): 1
LogDevObjectVersion:   Dev-Enterprise (9DFFBCD6-494F-0158-E221-12823C92A888): 10
LogDevObjectVersion:   Dev-Niagara (F2AED0AC-9AFE-416F-8664-AA7FFA26D6FC): 1
LogDevObjectVersion:   Dev-Destruction (174F1F0B-B4C6-45A5-B13F-2EE8D0FB917D): 10
LogDevObjectVersion:   Dev-Physics-Ext (35F94A83-E258-406C-A318-09F59610247C): 41
LogDevObjectVersion:   Dev-PhysicsMaterial-Chaos (B68FC16E-8B1B-42E2-B453-215C058844FE): 1
LogDevObjectVersion:   Dev-CineCamera (B2E18506-4273-CFC2-A54E-F4BB758BBA07): 1
LogDevObjectVersion:   Dev-VirtualProduction (64F58936-FD1B-42BA-BA96-7289D5D0FA4E): 1
LogDevObjectVersion:   Dev-MediaFramework (6F0ED827-A609-4895-9C91-998D90180EA4): 2
LogInit: Presizing for max 25165824 objects, including 0 objects not considered by GC, pre-allocating 0 bytes for permanent pool.
LogConfig: Applying CVar settings from Section [/Script/Engine.StreamingSettings] File [C:/Users/User/Documents/GitHub/RGB_FinalProject/MetaMeta/Saved/Config/Windows/Engine.ini]
LogConfig: Setting CVar [[s.MinBulkDataSizeForAsyncLoading:131072]]
LogConfig: Setting CVar [[s.AsyncLoadingThreadEnabled:0]]
LogConfig: Setting CVar [[s.EventDrivenLoaderEnabled:1]]
LogConfig: Setting CVar [[s.WarnIfTimeLimitExceeded:0]]
LogConfig: Setting CVar [[s.TimeLimitExceededMultiplier:1.5]]
LogConfig: Setting CVar [[s.TimeLimitExceededMinTime:0.005]]
LogConfig: Setting CVar [[s.UseBackgroundLevelStreaming:1]]
LogConfig: Setting CVar [[s.PriorityAsyncLoadingExtraTime:15.0]]
LogConfig: Setting CVar [[s.LevelStreamingActorsUpdateTimeLimit:5.0]]
LogConfig: Setting CVar [[s.PriorityLevelStreamingActorsUpdateExtraTime:5.0]]
LogConfig: Setting CVar [[s.LevelStreamingComponentsRegistrationGranularity:10]]
LogConfig: Setting CVar [[s.UnregisterComponentsTimeLimit:1.0]]
LogConfig: Setting CVar [[s.LevelStreamingComponentsUnregistrationGranularity:5]]
LogConfig: Setting CVar [[s.FlushStreamingOnExit:1]]
LogInit: Object subsystem initialized
LogConfig: Setting CVar [[con.DebugEarlyDefault:1]]
LogConfig: Setting CVar [[r.setres:1280x720]]
[2022.10.05-08.02.59:516][  0]LogConfig: Setting CVar [[con.DebugEarlyDefault:1]]
[2022.10.05-08.02.59:516][  0]LogConfig: Setting CVar [[r.setres:1280x720]]
[2022.10.05-08.02.59:517][  0]LogConfig: Applying CVar settings from Section [/Script/Engine.RendererSettings] File [C:/Users/User/Documents/GitHub/RGB_FinalProject/MetaMeta/Saved/Config/Windows/Engine.ini]
[2022.10.05-08.02.59:517][  0]LogConfig: Setting CVar [[r.GPUCrashDebugging:0]]
[2022.10.05-08.02.59:518][  0]LogConfig: Applying CVar settings from Section [/Script/Engine.RendererOverrideSettings] File [C:/Users/User/Documents/GitHub/RGB_FinalProject/MetaMeta/Saved/Config/Windows/Engine.ini]
[2022.10.05-08.02.59:518][  0]LogConfig: Applying CVar settings from Section [/Script/Engine.StreamingSettings] File [C:/Users/User/Documents/GitHub/RGB_FinalProject/MetaMeta/Saved/Config/Windows/Engine.ini]
[2022.10.05-08.02.59:519][  0]LogConfig: Setting CVar [[s.MinBulkDataSizeForAsyncLoading:131072]]
[2022.10.05-08.02.59:519][  0]LogConfig: Setting CVar [[s.AsyncLoadingThreadEnabled:0]]
[2022.10.05-08.02.59:521][  0]LogConfig: Setting CVar [[s.EventDrivenLoaderEnabled:1]]
[2022.10.05-08.02.59:522][  0]LogConfig: Setting CVar [[s.WarnIfTimeLimitExceeded:0]]
[2022.10.05-08.02.59:523][  0]LogConfig: Setting CVar [[s.TimeLimitExceededMultiplier:1.5]]
[2022.10.05-08.02.59:524][  0]LogConfig: Setting CVar [[s.TimeLimitExceededMinTime:0.005]]
[2022.10.05-08.02.59:525][  0]LogConfig: Setting CVar [[s.UseBackgroundLevelStreaming:1]]
[2022.10.05-08.02.59:526][  0]LogConfig: Setting CVar [[s.PriorityAsyncLoadingExtraTime:15.0]]
[2022.10.05-08.02.59:526][  0]LogConfig: Setting CVar [[s.LevelStreamingActorsUpdateTimeLimit:5.0]]
[2022.10.05-08.02.59:526][  0]LogConfig: Setting CVar [[s.PriorityLevelStreamingActorsUpdateExtraTime:5.0]]
[2022.10.05-08.02.59:527][  0]LogConfig: Setting CVar [[s.LevelStreamingComponentsRegistrationGranularity:10]]
[2022.10.05-08.02.59:527][  0]LogConfig: Setting CVar [[s.UnregisterComponentsTimeLimit:1.0]]
[2022.10.05-08.02.59:527][  0]LogConfig: Setting CVar [[s.LevelStreamingComponentsUnregistrationGranularity:5]]
[2022.10.05-08.02.59:528][  0]LogConfig: Setting CVar [[s.FlushStreamingOnExit:1]]
[2022.10.05-08.02.59:528][  0]LogConfig: Applying CVar settings from Section [/Script/Engine.GarbageCollectionSettings] File [C:/Users/User/Documents/GitHub/RGB_FinalProject/MetaMeta/Saved/Config/Windows/Engine.ini]
[2022.10.05-08.02.59:529][  0]LogConfig: Setting CVar [[gc.MaxObjectsNotConsideredByGC:1]]
[2022.10.05-08.02.59:529][  0]LogConfig: Setting CVar [[gc.SizeOfPermanentObjectPool:0]]
[2022.10.05-08.02.59:530][  0]LogConfig: Setting CVar [[gc.FlushStreamingOnGC:0]]
[2022.10.05-08.02.59:530][  0]LogConfig: Setting CVar [[gc.NumRetriesBeforeForcingGC:10]]
[2022.10.05-08.02.59:531][  0]LogConfig: Setting CVar [[gc.AllowParallelGC:1]]
[2022.10.05-08.02.59:531][  0]LogConfig: Setting CVar [[gc.TimeBetweenPurgingPendingKillObjects:61.1]]
[2022.10.05-08.02.59:532][  0]LogConfig: Setting CVar [[gc.MaxObjectsInEditor:25165824]]
[2022.10.05-08.02.59:533][  0]LogConfig: Setting CVar [[gc.IncrementalBeginDestroyEnabled:1]]
[2022.10.05-08.02.59:533][  0]LogConfig: Setting CVar [[gc.CreateGCClusters:1]]
[2022.10.05-08.02.59:534][  0]LogConfig: Setting CVar [[gc.MinGCClusterSize:5]]
[2022.10.05-08.02.59:534][  0]LogConfig: Setting CVar [[gc.ActorClusteringEnabled:0]]
[2022.10.05-08.02.59:535][  0]LogConfig: Setting CVar [[gc.BlueprintClusteringEnabled:0]]
[2022.10.05-08.02.59:535][  0]LogConfig: Setting CVar [[gc.UseDisregardForGCOnDedicatedServers:0]]
[2022.10.05-08.02.59:536][  0]LogConfig: Setting CVar [[gc.MultithreadedDestructionEnabled:1]]
[2022.10.05-08.02.59:536][  0]LogConfig: Applying CVar settings from Section [/Script/Engine.NetworkSettings] File [C:/Users/User/Documents/GitHub/RGB_FinalProject/MetaMeta/Saved/Config/Windows/Engine.ini]
[2022.10.05-08.02.59:537][  0]LogConfig: Applying CVar settings from Section [/Script/UnrealEd.CookerSettings] File [C:/Users/User/Documents/GitHub/RGB_FinalProject/MetaMeta/Saved/Config/Windows/Engine.ini]
[2022.10.05-08.02.59:561][  0]LogConfig: Applying CVar settings from Section [ViewDistanceQuality@3] File [C:/Users/User/Documents/GitHub/RGB_FinalProject/MetaMeta/Saved/Config/Windows/Scalability.ini]
[2022.10.05-08.02.59:561][  0]LogConfig: Setting CVar [[r.SkeletalMeshLODBias:0]]
[2022.10.05-08.02.59:562][  0]LogConfig: Setting CVar [[r.ViewDistanceScale:1.0]]
[2022.10.05-08.02.59:563][  0]LogConfig: Applying CVar settings from Section [AntiAliasingQuality@3] File [C:/Users/User/Documents/GitHub/RGB_FinalProject/MetaMeta/Saved/Config/Windows/Scalability.ini]
[2022.10.05-08.02.59:564][  0]LogConfig: Setting CVar [[r.PostProcessAAQuality:4]]
[2022.10.05-08.02.59:565][  0]LogConfig: Applying CVar settings from Section [ShadowQuality@3] File [C:/Users/User/Documents/GitHub/RGB_FinalProject/MetaMeta/Saved/Config/Windows/Scalability.ini]
[2022.10.05-08.02.59:566][  0]LogConfig: Setting CVar [[r.LightFunctionQuality:1]]
[2022.10.05-08.02.59:566][  0]LogConfig: Setting CVar [[r.ShadowQuality:5]]
[2022.10.05-08.02.59:567][  0]LogConfig: Setting CVar [[r.Shadow.CSM.MaxCascades:10]]
[2022.10.05-08.02.59:567][  0]LogConfig: Setting CVar [[r.Shadow.MaxResolution:2048]]
[2022.10.05-08.02.59:568][  0]LogConfig: Setting CVar [[r.Shadow.MaxCSMResolution:2048]]
[2022.10.05-08.02.59:569][  0]LogConfig: Setting CVar [[r.Shadow.RadiusThreshold:0.01]]
[2022.10.05-08.02.59:570][  0]LogConfig: Setting CVar [[r.Shadow.DistanceScale:1.0]]
[2022.10.05-08.02.59:570][  0]LogConfig: Setting CVar [[r.Shadow.CSM.TransitionScale:1.0]]
[2022.10.05-08.02.59:571][  0]LogConfig: Setting CVar [[r.Shadow.PreShadowResolutionFactor:1.0]]
[2022.10.05-08.02.59:572][  0]LogConfig: Setting CVar [[r.DistanceFieldShadowing:1]]
[2022.10.05-08.02.59:572][  0]LogConfig: Setting CVar [[r.DistanceFieldAO:1]]
[2022.10.05-08.02.59:573][  0]LogConfig: Setting CVar [[r.AOQuality:2]]
[2022.10.05-08.02.59:573][  0]LogConfig: Setting CVar [[r.VolumetricFog:1]]
[2022.10.05-08.02.59:574][  0]LogConfig: Setting CVar [[r.VolumetricFog.GridPixelSize:8]]
[2022.10.05-08.02.59:574][  0]LogConfig: Setting CVar [[r.VolumetricFog.GridSizeZ:128]]
[2022.10.05-08.02.59:575][  0]LogConfig: Setting CVar [[r.VolumetricFog.HistoryMissSupersampleCount:4]]
[2022.10.05-08.02.59:575][  0]LogConfig: Setting CVar [[r.LightMaxDrawDistanceScale:1]]
[2022.10.05-08.02.59:576][  0]LogConfig: Setting CVar [[r.CapsuleShadows:1]]
[2022.10.05-08.02.59:576][  0]LogConfig: Applying CVar settings from Section [PostProcessQuality@3] File [C:/Users/User/Documents/GitHub/RGB_FinalProject/MetaMeta/Saved/Config/Windows/Scalability.ini]
[2022.10.05-08.02.59:577][  0]LogConfig: Setting CVar [[r.MotionBlurQuality:4]]
[2022.10.05-08.02.59:578][  0]LogConfig: Setting CVar [[r.AmbientOcclusionMipLevelFactor:0.4]]
[2022.10.05-08.02.59:578][  0]LogConfig: Setting CVar [[r.AmbientOcclusionMaxQuality:100]]
[2022.10.05-08.02.59:579][  0]LogConfig: Setting CVar [[r.AmbientOcclusionLevels:-1]]
[2022.10.05-08.02.59:579][  0]LogConfig: Setting CVar [[r.AmbientOcclusionRadiusScale:1.0]]
[2022.10.05-08.02.59:580][  0]LogConfig: Setting CVar [[r.DepthOfFieldQuality:2]]
[2022.10.05-08.02.59:580][  0]LogConfig: Setting CVar [[r.RenderTargetPoolMin:400]]
[2022.10.05-08.02.59:581][  0]LogConfig: Setting CVar [[r.LensFlareQuality:2]]
[2022.10.05-08.02.59:581][  0]LogConfig: Setting CVar [[r.SceneColorFringeQuality:1]]
[2022.10.05-08.02.59:582][  0]LogConfig: Setting CVar [[r.EyeAdaptationQuality:2]]
[2022.10.05-08.02.59:582][  0]LogConfig: Setting CVar [[r.BloomQuality:5]]
[2022.10.05-08.02.59:583][  0]LogConfig: Setting CVar [[r.FastBlurThreshold:100]]
[2022.10.05-08.02.59:585][  0]LogConfig: Setting CVar [[r.Upscale.Quality:3]]
[2022.10.05-08.02.59:586][  0]LogConfig: Setting CVar [[r.Tonemapper.GrainQuantization:1]]
[2022.10.05-08.02.59:586][  0]LogConfig: Setting CVar [[r.LightShaftQuality:1]]
[2022.10.05-08.02.59:587][  0]LogConfig: Setting CVar [[r.Filter.SizeScale:1]]
[2022.10.05-08.02.59:587][  0]LogConfig: Setting CVar [[r.Tonemapper.Quality:5]]
[2022.10.05-08.02.59:588][  0]LogConfig: Setting CVar [[r.DOF.Gather.AccumulatorQuality:1        ; higher gathering accumulator quality]]
[2022.10.05-08.02.59:588][  0]LogConfig: Setting CVar [[r.DOF.Gather.PostfilterMethod:1          ; Median3x3 postfilering method]]
[2022.10.05-08.02.59:589][  0]LogConfig: Setting CVar [[r.DOF.Gather.EnableBokehSettings:0       ; no bokeh simulation when gathering]]
[2022.10.05-08.02.59:589][  0]LogConfig: Setting CVar [[r.DOF.Gather.RingCount:4                 ; medium number of samples when gathering]]
[2022.10.05-08.02.59:590][  0]LogConfig: Setting CVar [[r.DOF.Scatter.ForegroundCompositing:1    ; additive foreground scattering]]
[2022.10.05-08.02.59:591][  0]LogConfig: Setting CVar [[r.DOF.Scatter.BackgroundCompositing:2    ; additive background scattering]]
[2022.10.05-08.02.59:591][  0]LogConfig: Setting CVar [[r.DOF.Scatter.EnableBokehSettings:1      ; bokeh simulation when scattering]]
[2022.10.05-08.02.59:592][  0]LogConfig: Setting CVar [[r.DOF.Scatter.MaxSpriteRatio:0.1         ; only a maximum of 10% of scattered bokeh]]
[2022.10.05-08.02.59:593][  0]LogConfig: Setting CVar [[r.DOF.Recombine.Quality:1                ; cheap slight out of focus]]
[2022.10.05-08.02.59:593][  0]LogConfig: Setting CVar [[r.DOF.Recombine.EnableBokehSettings:0    ; no bokeh simulation on slight out of focus]]
[2022.10.05-08.02.59:594][  0]LogConfig: Setting CVar [[r.DOF.TemporalAAQuality:1                ; more stable temporal accumulation]]
[2022.10.05-08.02.59:594][  0]LogConfig: Setting CVar [[r.DOF.Kernel.MaxForegroundRadius:0.025]]
[2022.10.05-08.02.59:595][  0]LogConfig: Setting CVar [[r.DOF.Kernel.MaxBackgroundRadius:0.025]]
[2022.10.05-08.02.59:595][  0]LogConfig: Applying CVar settings from Section [TextureQuality@3] File [C:/Users/User/Documents/GitHub/RGB_FinalProject/MetaMeta/Saved/Config/Windows/Scalability.ini]
[2022.10.05-08.02.59:596][  0]LogConfig: Setting CVar [[r.Streaming.MipBias:0]]
[2022.10.05-08.02.59:596][  0]LogConfig: Setting CVar [[r.Streaming.AmortizeCPUToGPUCopy:0]]
[2022.10.05-08.02.59:597][  0]LogConfig: Setting CVar [[r.Streaming.MaxNumTexturesToStreamPerFrame:0]]
[2022.10.05-08.02.59:598][  0]LogConfig: Setting CVar [[r.Streaming.Boost:1]]
[2022.10.05-08.02.59:600][  0]LogConfig: Setting CVar [[r.MaxAnisotropy:8]]
[2022.10.05-08.02.59:600][  0]LogConfig: Setting CVar [[r.VT.MaxAnisotropy:8]]
[2022.10.05-08.02.59:601][  0]LogConfig: Setting CVar [[r.Streaming.LimitPoolSizeToVRAM:0]]
[2022.10.05-08.02.59:601][  0]LogConfig: Setting CVar [[r.Streaming.PoolSize:1000]]
[2022.10.05-08.02.59:602][  0]LogConfig: Setting CVar [[r.Streaming.MaxEffectiveScreenSize:0]]
[2022.10.05-08.02.59:603][  0]LogConfig: Applying CVar settings from Section [EffectsQuality@3] File [C:/Users/User/Documents/GitHub/RGB_FinalProject/MetaMeta/Saved/Config/Windows/Scalability.ini]
[2022.10.05-08.02.59:603][  0]LogConfig: Setting CVar [[r.TranslucencyLightingVolumeDim:64]]
[2022.10.05-08.02.59:604][  0]LogConfig: Setting CVar [[r.RefractionQuality:2]]
[2022.10.05-08.02.59:604][  0]LogConfig: Setting CVar [[r.SSR.Quality:3]]
[2022.10.05-08.02.59:605][  0]LogConfig: Setting CVar [[r.SSR.HalfResSceneColor:0]]
[2022.10.05-08.02.59:606][  0]LogConfig: Setting CVar [[r.SceneColorFormat:4]]
[2022.10.05-08.02.59:606][  0]LogConfig: Setting CVar [[r.DetailMode:2]]
[2022.10.05-08.02.59:607][  0]LogConfig: Setting CVar [[r.TranslucencyVolumeBlur:1]]
[2022.10.05-08.02.59:607][  0]LogConfig: Setting CVar [[r.MaterialQualityLevel:1 ; High quality]]
[2022.10.05-08.02.59:608][  0]LogConfig: Setting CVar [[r.AnisotropicMaterials:1]]
[2022.10.05-08.02.59:608][  0]LogConfig: Setting CVar [[r.SSS.Scale:1]]
[2022.10.05-08.02.59:609][  0]LogConfig: Setting CVar [[r.SSS.SampleSet:2]]
[2022.10.05-08.02.59:609][  0]LogConfig: Setting CVar [[r.SSS.Quality:1]]
[2022.10.05-08.02.59:610][  0]LogConfig: Setting CVar [[r.SSS.HalfRes:0]]
[2022.10.05-08.02.59:610][  0]LogConfig: Setting CVar [[r.SSGI.Quality:3]]
[2022.10.05-08.02.59:611][  0]LogConfig: Setting CVar [[r.EmitterSpawnRateScale:1.0]]
[2022.10.05-08.02.59:611][  0]LogConfig: Setting CVar [[r.ParticleLightQuality:2]]
[2022.10.05-08.02.59:612][  0]LogConfig: Setting CVar [[r.SkyAtmosphere.AerialPerspectiveLUT.FastApplyOnOpaque:1 ; Always have FastSkyLUT 1 in this case to avoid wrong sky]]
[2022.10.05-08.02.59:613][  0]LogConfig: Setting CVar [[r.SkyAtmosphere.AerialPerspectiveLUT.SampleCountMaxPerSlice:4]]
[2022.10.05-08.02.59:615][  0]LogConfig: Setting CVar [[r.SkyAtmosphere.AerialPerspectiveLUT.DepthResolution:16.0]]
[2022.10.05-08.02.59:615][  0]LogConfig: Setting CVar [[r.SkyAtmosphere.FastSkyLUT:1]]
[2022.10.05-08.02.59:616][  0]LogConfig: Setting CVar [[r.SkyAtmosphere.FastSkyLUT.SampleCountMin:4.0]]
[2022.10.05-08.02.59:616][  0]LogConfig: Setting CVar [[r.SkyAtmosphere.FastSkyLUT.SampleCountMax:128.0]]
[2022.10.05-08.02.59:617][  0]LogConfig: Setting CVar [[r.SkyAtmosphere.SampleCountMin:4.0]]
[2022.10.05-08.02.59:618][  0]LogConfig: Setting CVar [[r.SkyAtmosphere.SampleCountMax:128.0]]
[2022.10.05-08.02.59:618][  0]LogConfig: Setting CVar [[r.SkyAtmosphere.TransmittanceLUT.UseSmallFormat:0]]
[2022.10.05-08.02.59:619][  0]LogConfig: Setting CVar [[r.SkyAtmosphere.TransmittanceLUT.SampleCount:10.0]]
[2022.10.05-08.02.59:620][  0]LogConfig: Setting CVar [[r.SkyAtmosphere.MultiScatteringLUT.SampleCount:15.0]]
[2022.10.05-08.02.59:620][  0]LogConfig: Setting CVar [[r.SkyLight.RealTimeReflectionCapture:1]]
[2022.10.05-08.02.59:621][  0]LogConfig: Applying CVar settings from Section [FoliageQuality@3] File [C:/Users/User/Documents/GitHub/RGB_FinalProject/MetaMeta/Saved/Config/Windows/Scalability.ini]
[2022.10.05-08.02.59:621][  0]LogConfig: Setting CVar [[foliage.DensityScale:1.0]]
[2022.10.05-08.02.59:622][  0]LogConfig: Setting CVar [[grass.DensityScale:1.0]]
[2022.10.05-08.02.59:622][  0]LogConfig: Applying CVar settings from Section [ShadingQuality@3] File [C:/Users/User/Documents/GitHub/RGB_FinalProject/MetaMeta/Saved/Config/Windows/Scalability.ini]
[2022.10.05-08.02.59:623][  0]LogConfig: Setting CVar [[r.HairStrands.SkyLighting.IntegrationType:2]]
[2022.10.05-08.02.59:624][  0]LogConfig: Setting CVar [[r.HairStrands.SkyAO.SampleCount:4]]
[2022.10.05-08.02.59:624][  0]LogConfig: Setting CVar [[r.HairStrands.Visibility.MSAA.SamplePerPixel:4]]
[2022.10.05-08.02.59:625][  0]LogInit: Selected Device Profile: [Windows]
[2022.10.05-08.02.59:625][  0]LogInit: Applying CVar settings loaded from the selected device profile: [Windows]
[2022.10.05-08.02.59:626][  0]LogHAL: Display: Platform has ~ 16 GB [17110814720 / 17179869184 / 16], which maps to Larger [LargestMinGB=32, LargerMinGB=12, DefaultMinGB=8, SmallerMinGB=6, SmallestMinGB=0)
[2022.10.05-08.02.59:626][  0]LogInit: Going up to parent DeviceProfile []
[2022.10.05-08.02.59:627][  0]LogConfig: Applying CVar settings from Section [ViewDistanceQuality@3] File [C:/Users/User/Documents/GitHub/RGB_FinalProject/MetaMeta/Saved/Config/Windows/Scalability.ini]
[2022.10.05-08.02.59:628][  0]LogConfig: Setting CVar [[r.SkeletalMeshLODBias:0]]
[2022.10.05-08.02.59:630][  0]LogConfig: Setting CVar [[r.ViewDistanceScale:1.0]]
[2022.10.05-08.02.59:631][  0]LogConfig: Applying CVar settings from Section [AntiAliasingQuality@3] File [C:/Users/User/Documents/GitHub/RGB_FinalProject/MetaMeta/Saved/Config/Windows/Scalability.ini]
[2022.10.05-08.02.59:632][  0]LogConfig: Setting CVar [[r.PostProcessAAQuality:4]]
[2022.10.05-08.02.59:632][  0]LogConfig: Applying CVar settings from Section [ShadowQuality@3] File [C:/Users/User/Documents/GitHub/RGB_FinalProject/MetaMeta/Saved/Config/Windows/Scalability.ini]
[2022.10.05-08.02.59:633][  0]LogConfig: Setting CVar [[r.LightFunctionQuality:1]]
[2022.10.05-08.02.59:633][  0]LogConfig: Setting CVar [[r.ShadowQuality:5]]
[2022.10.05-08.02.59:634][  0]LogConfig: Setting CVar [[r.Shadow.CSM.MaxCascades:10]]
[2022.10.05-08.02.59:635][  0]LogConfig: Setting CVar [[r.Shadow.MaxResolution:2048]]
[2022.10.05-08.02.59:635][  0]LogConfig: Setting CVar [[r.Shadow.MaxCSMResolution:2048]]
[2022.10.05-08.02.59:636][  0]LogConfig: Setting CVar [[r.Shadow.RadiusThreshold:0.01]]
[2022.10.05-08.02.59:636][  0]LogConfig: Setting CVar [[r.Shadow.DistanceScale:1.0]]
[2022.10.05-08.02.59:637][  0]LogConfig: Setting CVar [[r.Shadow.CSM.TransitionScale:1.0]]
[2022.10.05-08.02.59:637][  0]LogConfig: Setting CVar [[r.Shadow.PreShadowResolutionFactor:1.0]]
[2022.10.05-08.02.59:638][  0]LogConfig: Setting CVar [[r.DistanceFieldShadowing:1]]
[2022.10.05-08.02.59:638][  0]LogConfig: Setting CVar [[r.DistanceFieldAO:1]]
[2022.10.05-08.02.59:639][  0]LogConfig: Setting CVar [[r.AOQuality:2]]
[2022.10.05-08.02.59:639][  0]LogConfig: Setting CVar [[r.VolumetricFog:1]]
[2022.10.05-08.02.59:640][  0]LogConfig: Setting CVar [[r.VolumetricFog.GridPixelSize:8]]
[2022.10.05-08.02.59:640][  0]LogConfig: Setting CVar [[r.VolumetricFog.GridSizeZ:128]]
[2022.10.05-08.02.59:641][  0]LogConfig: Setting CVar [[r.VolumetricFog.HistoryMissSupersampleCount:4]]
[2022.10.05-08.02.59:641][  0]LogConfig: Setting CVar [[r.LightMaxDrawDistanceScale:1]]
[2022.10.05-08.02.59:642][  0]LogConfig: Setting CVar [[r.CapsuleShadows:1]]
[2022.10.05-08.02.59:642][  0]LogConfig: Applying CVar settings from Section [PostProcessQuality@3] File [C:/Users/User/Documents/GitHub/RGB_FinalProject/MetaMeta/Saved/Config/Windows/Scalability.ini]
[2022.10.05-08.02.59:643][  0]LogConfig: Setting CVar [[r.MotionBlurQuality:4]]
[2022.10.05-08.02.59:645][  0]LogConfig: Setting CVar [[r.AmbientOcclusionMipLevelFactor:0.4]]
[2022.10.05-08.02.59:646][  0]LogConfig: Setting CVar [[r.AmbientOcclusionMaxQuality:100]]
[2022.10.05-08.02.59:646][  0]LogConfig: Setting CVar [[r.AmbientOcclusionLevels:-1]]
[2022.10.05-08.02.59:646][  0]LogConfig: Setting CVar [[r.AmbientOcclusionRadiusScale:1.0]]
[2022.10.05-08.02.59:646][  0]LogConfig: Setting CVar [[r.DepthOfFieldQuality:2]]
[2022.10.05-08.02.59:646][  0]LogConfig: Setting CVar [[r.RenderTargetPoolMin:400]]
[2022.10.05-08.02.59:646][  0]LogConfig: Setting CVar [[r.LensFlareQuality:2]]
[2022.10.05-08.02.59:647][  0]LogConfig: Setting CVar [[r.SceneColorFringeQuality:1]]
[2022.10.05-08.02.59:647][  0]LogConfig: Setting CVar [[r.EyeAdaptationQuality:2]]
[2022.10.05-08.02.59:647][  0]LogConfig: Setting CVar [[r.BloomQuality:5]]
[2022.10.05-08.02.59:648][  0]LogConfig: Setting CVar [[r.FastBlurThreshold:100]]
[2022.10.05-08.02.59:648][  0]LogConfig: Setting CVar [[r.Upscale.Quality:3]]
[2022.10.05-08.02.59:648][  0]LogConfig: Setting CVar [[r.Tonemapper.GrainQuantization:1]]
[2022.10.05-08.02.59:648][  0]LogConfig: Setting CVar [[r.LightShaftQuality:1]]
[2022.10.05-08.02.59:649][  0]LogConfig: Setting CVar [[r.Filter.SizeScale:1]]
[2022.10.05-08.02.59:649][  0]LogConfig: Setting CVar [[r.Tonemapper.Quality:5]]
[2022.10.05-08.02.59:650][  0]LogConfig: Setting CVar [[r.DOF.Gather.AccumulatorQuality:1        ; higher gathering accumulator quality]]
[2022.10.05-08.02.59:650][  0]LogConfig: Setting CVar [[r.DOF.Gather.PostfilterMethod:1          ; Median3x3 postfilering method]]
[2022.10.05-08.02.59:651][  0]LogConfig: Setting CVar [[r.DOF.Gather.EnableBokehSettings:0       ; no bokeh simulation when gathering]]
[2022.10.05-08.02.59:651][  0]LogConfig: Setting CVar [[r.DOF.Gather.RingCount:4                 ; medium number of samples when gathering]]
[2022.10.05-08.02.59:652][  0]LogConfig: Setting CVar [[r.DOF.Scatter.ForegroundCompositing:1    ; additive foreground scattering]]
[2022.10.05-08.02.59:653][  0]LogConfig: Setting CVar [[r.DOF.Scatter.BackgroundCompositing:2    ; additive background scattering]]
[2022.10.05-08.02.59:653][  0]LogConfig: Setting CVar [[r.DOF.Scatter.EnableBokehSettings:1      ; bokeh simulation when scattering]]
[2022.10.05-08.02.59:654][  0]LogConfig: Setting CVar [[r.DOF.Scatter.MaxSpriteRatio:0.1         ; only a maximum of 10% of scattered bokeh]]
[2022.10.05-08.02.59:654][  0]LogConfig: Setting CVar [[r.DOF.Recombine.Quality:1                ; cheap slight out of focus]]
[2022.10.05-08.02.59:655][  0]LogConfig: Setting CVar [[r.DOF.Recombine.EnableBokehSettings:0    ; no bokeh simulation on slight out of focus]]
[2022.10.05-08.02.59:655][  0]LogConfig: Setting CVar [[r.DOF.TemporalAAQuality:1                ; more stable temporal accumulation]]
[2022.10.05-08.02.59:656][  0]LogConfig: Setting CVar [[r.DOF.Kernel.MaxForegroundRadius:0.025]]
[2022.10.05-08.02.59:656][  0]LogConfig: Setting CVar [[r.DOF.Kernel.MaxBackgroundRadius:0.025]]
[2022.10.05-08.02.59:657][  0]LogConfig: Applying CVar settings from Section [TextureQuality@3] File [C:/Users/User/Documents/GitHub/RGB_FinalProject/MetaMeta/Saved/Config/Windows/Scalability.ini]
[2022.10.05-08.02.59:658][  0]LogConfig: Setting CVar [[r.Streaming.MipBias:0]]
[2022.10.05-08.02.59:660][  0]LogConfig: Setting CVar [[r.Streaming.AmortizeCPUToGPUCopy:0]]
[2022.10.05-08.02.59:661][  0]LogConfig: Setting CVar [[r.Streaming.MaxNumTexturesToStreamPerFrame:0]]
[2022.10.05-08.02.59:661][  0]LogConfig: Setting CVar [[r.Streaming.Boost:1]]
[2022.10.05-08.02.59:662][  0]LogConfig: Setting CVar [[r.MaxAnisotropy:8]]
[2022.10.05-08.02.59:662][  0]LogConfig: Setting CVar [[r.VT.MaxAnisotropy:8]]
[2022.10.05-08.02.59:663][  0]LogConfig: Setting CVar [[r.Streaming.LimitPoolSizeToVRAM:0]]
[2022.10.05-08.02.59:663][  0]LogConfig: Setting CVar [[r.Streaming.PoolSize:1000]]
[2022.10.05-08.02.59:664][  0]LogConfig: Setting CVar [[r.Streaming.MaxEffectiveScreenSize:0]]
[2022.10.05-08.02.59:664][  0]LogConfig: Applying CVar settings from Section [EffectsQuality@3] File [C:/Users/User/Documents/GitHub/RGB_FinalProject/MetaMeta/Saved/Config/Windows/Scalability.ini]
[2022.10.05-08.02.59:665][  0]LogConfig: Setting CVar [[r.TranslucencyLightingVolumeDim:64]]
[2022.10.05-08.02.59:666][  0]LogConfig: Setting CVar [[r.RefractionQuality:2]]
[2022.10.05-08.02.59:666][  0]LogConfig: Setting CVar [[r.SSR.Quality:3]]
[2022.10.05-08.02.59:667][  0]LogConfig: Setting CVar [[r.SSR.HalfResSceneColor:0]]
[2022.10.05-08.02.59:667][  0]LogConfig: Setting CVar [[r.SceneColorFormat:4]]
[2022.10.05-08.02.59:668][  0]LogConfig: Setting CVar [[r.DetailMode:2]]
[2022.10.05-08.02.59:668][  0]LogConfig: Setting CVar [[r.TranslucencyVolumeBlur:1]]
[2022.10.05-08.02.59:669][  0]LogConfig: Setting CVar [[r.MaterialQualityLevel:1 ; High quality]]
[2022.10.05-08.02.59:669][  0]LogConfig: Setting CVar [[r.AnisotropicMaterials:1]]
[2022.10.05-08.02.59:670][  0]LogConfig: Setting CVar [[r.SSS.Scale:1]]
[2022.10.05-08.02.59:671][  0]LogConfig: Setting CVar [[r.SSS.SampleSet:2]]
[2022.10.05-08.02.59:671][  0]LogConfig: Setting CVar [[r.SSS.Quality:1]]
[2022.10.05-08.02.59:672][  0]LogConfig: Setting CVar [[r.SSS.HalfRes:0]]
[2022.10.05-08.02.59:672][  0]LogConfig: Setting CVar [[r.SSGI.Quality:3]]
[2022.10.05-08.02.59:673][  0]LogConfig: Setting CVar [[r.EmitterSpawnRateScale:1.0]]
[2022.10.05-08.02.59:675][  0]LogConfig: Setting CVar [[r.ParticleLightQuality:2]]
[2022.10.05-08.02.59:676][  0]LogConfig: Setting CVar [[r.SkyAtmosphere.AerialPerspectiveLUT.FastApplyOnOpaque:1 ; Always have FastSkyLUT 1 in this case to avoid wrong sky]]
[2022.10.05-08.02.59:676][  0]LogConfig: Setting CVar [[r.SkyAtmosphere.AerialPerspectiveLUT.SampleCountMaxPerSlice:4]]
[2022.10.05-08.02.59:677][  0]LogConfig: Setting CVar [[r.SkyAtmosphere.AerialPerspectiveLUT.DepthResolution:16.0]]
[2022.10.05-08.02.59:677][  0]LogConfig: Setting CVar [[r.SkyAtmosphere.FastSkyLUT:1]]
[2022.10.05-08.02.59:678][  0]LogConfig: Setting CVar [[r.SkyAtmosphere.FastSkyLUT.SampleCountMin:4.0]]
[2022.10.05-08.02.59:678][  0]LogConfig: Setting CVar [[r.SkyAtmosphere.FastSkyLUT.SampleCountMax:128.0]]
[2022.10.05-08.02.59:679][  0]LogConfig: Setting CVar [[r.SkyAtmosphere.SampleCountMin:4.0]]
[2022.10.05-08.02.59:679][  0]LogConfig: Setting CVar [[r.SkyAtmosphere.SampleCountMax:128.0]]
[2022.10.05-08.02.59:680][  0]LogConfig: Setting CVar [[r.SkyAtmosphere.TransmittanceLUT.UseSmallFormat:0]]
[2022.10.05-08.02.59:680][  0]LogConfig: Setting CVar [[r.SkyAtmosphere.TransmittanceLUT.SampleCount:10.0]]
[2022.10.05-08.02.59:681][  0]LogConfig: Setting CVar [[r.SkyAtmosphere.MultiScatteringLUT.SampleCount:15.0]]
[2022.10.05-08.02.59:681][  0]LogConfig: Setting CVar [[r.SkyLight.RealTimeReflectionCapture:1]]
[2022.10.05-08.02.59:682][  0]LogConfig: Applying CVar settings from Section [FoliageQuality@3] File [C:/Users/User/Documents/GitHub/RGB_FinalProject/MetaMeta/Saved/Config/Windows/Scalability.ini]
[2022.10.05-08.02.59:683][  0]LogConfig: Setting CVar [[foliage.DensityScale:1.0]]
[2022.10.05-08.02.59:683][  0]LogConfig: Setting CVar [[grass.DensityScale:1.0]]
[2022.10.05-08.02.59:684][  0]LogConfig: Applying CVar settings from Section [ShadingQuality@3] File [C:/Users/User/Documents/GitHub/RGB_FinalProject/MetaMeta/Saved/Config/Windows/Scalability.ini]
[2022.10.05-08.02.59:684][  0]LogConfig: Setting CVar [[r.HairStrands.SkyLighting.IntegrationType:2]]
[2022.10.05-08.02.59:685][  0]LogConfig: Setting CVar [[r.HairStrands.SkyAO.SampleCount:4]]
[2022.10.05-08.02.59:685][  0]LogConfig: Setting CVar [[r.HairStrands.Visibility.MSAA.SamplePerPixel:4]]
[2022.10.05-08.02.59:686][  0]LogConfig: Applying CVar settings from Section [Startup] File [../../../Engine/Config/ConsoleVariables.ini]
[2022.10.05-08.02.59:687][  0]LogConfig: Setting CVar [[net.UseAdaptiveNetUpdateFrequency:0]]
[2022.10.05-08.02.59:687][  0]LogConfig: Setting CVar [[p.chaos.AllowCreatePhysxBodies:1]]
[2022.10.05-08.02.59:688][  0]LogConfig: Setting CVar [[fx.SkipVectorVMBackendOptimizations:1]]
[2022.10.05-08.02.59:690][  0]LogConfig: Applying CVar settings from Section [ConsoleVariables] File [C:/Users/User/Documents/GitHub/RGB_FinalProject/MetaMeta/Saved/Config/Windows/Engine.ini]
[2022.10.05-08.02.59:691][  0]LogConfig: Applying CVar settings from Section [ConsoleVariables] File [C:/Users/User/Documents/GitHub/RGB_FinalProject/MetaMeta/Saved/Config/Windows/Editor.ini]
[2022.10.05-08.02.59:692][  0]LogInit: Computer: DESKTOP-2NOSHEQ
[2022.10.05-08.02.59:692][  0]LogInit: User: User
[2022.10.05-08.02.59:693][  0]LogInit: CPU Page size=4096, Cores=6
[2022.10.05-08.02.59:694][  0]LogInit: High frequency timer resolution =10.000000 MHz
[2022.10.05-08.02.59:694][  0]LogMemory: Memory total: Physical=15.9GB (16GB approx)
[2022.10.05-08.02.59:695][  0]LogMemory: Platform Memory Stats for Windows
[2022.10.05-08.02.59:695][  0]LogMemory: Process Physical Memory: 142.43 MB used, 142.43 MB peak
[2022.10.05-08.02.59:696][  0]LogMemory: Process Virtual Memory: 119.53 MB used, 119.53 MB peak
[2022.10.05-08.02.59:696][  0]LogMemory: Physical Memory: 7908.91 MB used,  8409.24 MB free, 16318.14 MB total
[2022.10.05-08.02.59:697][  0]LogMemory: Virtual Memory: 134167728.00 MB used,  50000.33 MB free, 134217728.00 MB total
[2022.10.05-08.02.59:709][  0]LogWindows: WindowsPlatformFeatures enabled
[2022.10.05-08.02.59:820][  0]LogInit: Physics initialised using underlying interface: PhysX
[2022.10.05-08.02.59:821][  0]LogInit: Using OS detected language (ko-KR).
[2022.10.05-08.02.59:822][  0]LogInit: Using OS detected locale (ko-KR).
[2022.10.05-08.02.59:827][  0]LogTextLocalizationManager: No specific localization for 'ko-KR' exists, so the 'ko' localization will be used.
[2022.10.05-08.02.59:983][  0]LogWindowsTextInputMethodSystem: Display: IME system deactivated.
[2022.10.05-08.03.00:032][  0]LogSlate: New Slate User Created.  User Index 0, Is Virtual User: 0
[2022.10.05-08.03.00:033][  0]LogSlate: Slate User Registered.  User Index 0, Is Virtual User: 0
[2022.10.05-08.03.00:073][  0]LogD3D11RHI: Loaded GFSDK_Aftermath_Lib.x64.dll
[2022.10.05-08.03.00:078][  0]LogHMD: Failed to initialize OpenVR with code 110
[2022.10.05-08.03.00:079][  0]LogD3D11RHI: D3D11 min allowed feature level: 11_0
[2022.10.05-08.03.00:080][  0]LogD3D11RHI: D3D11 max allowed feature level: 11_0
[2022.10.05-08.03.00:081][  0]LogD3D11RHI: D3D11 adapters:
[2022.10.05-08.03.00:265][  0]LogD3D11RHI:    0. 'NVIDIA GeForce GTX 1660 SUPER' (Feature Level 11_0)
[2022.10.05-08.03.00:265][  0]LogD3D11RHI:       5991/0/8159 MB DedicatedVideo/DedicatedSystem/SharedSystem, Outputs:1, VendorId:0x10de
[2022.10.05-08.03.00:269][  0]LogD3D11RHI:    1. 'Microsoft Basic Render Driver' (Feature Level 11_0)
[2022.10.05-08.03.00:269][  0]LogD3D11RHI:       0/0/8159 MB DedicatedVideo/DedicatedSystem/SharedSystem, Outputs:0, VendorId:0x1414
[2022.10.05-08.03.00:270][  0]LogD3D11RHI: Chosen D3D11 Adapter:
[2022.10.05-08.03.00:271][  0]LogD3D11RHI:     Description : NVIDIA GeForce GTX 1660 SUPER
[2022.10.05-08.03.00:271][  0]LogD3D11RHI:     VendorId    : 10de
[2022.10.05-08.03.00:272][  0]LogD3D11RHI:     DeviceId    : 21c4
[2022.10.05-08.03.00:272][  0]LogD3D11RHI:     SubSysId    : 13d310de
[2022.10.05-08.03.00:273][  0]LogD3D11RHI:     Revision    : 00a1
[2022.10.05-08.03.00:273][  0]LogD3D11RHI:     DedicatedVideoMemory : 6282018816 bytes
[2022.10.05-08.03.00:274][  0]LogD3D11RHI:     DedicatedSystemMemory : 0 bytes
[2022.10.05-08.03.00:275][  0]LogD3D11RHI:     SharedSystemMemory : 8555407360 bytes
[2022.10.05-08.03.00:275][  0]LogD3D11RHI:     AdapterLuid : 0 38432
[2022.10.05-08.03.00:290][  0]LogD3D11RHI: Creating new Direct3DDevice
[2022.10.05-08.03.00:290][  0]LogD3D11RHI:     GPU DeviceId: 0x21c4 (for the marketing name, search the web for "GPU Device Id")
[2022.10.05-08.03.00:291][  0]LogWindows: EnumDisplayDevices:
[2022.10.05-08.03.00:292][  0]LogWindows:    0. 'NVIDIA GeForce GTX 1660 SUPER' (P:1 D:1)
[2022.10.05-08.03.00:293][  0]LogWindows:    1. 'NVIDIA GeForce GTX 1660 SUPER' (P:0 D:0)
[2022.10.05-08.03.00:294][  0]LogWindows:    2. 'NVIDIA GeForce GTX 1660 SUPER' (P:0 D:0)
[2022.10.05-08.03.00:295][  0]LogWindows:    3. 'NVIDIA GeForce GTX 1660 SUPER' (P:0 D:0)
[2022.10.05-08.03.00:296][  0]LogWindows: DebugString: FoundDriverCount:4 
[2022.10.05-08.03.00:296][  0]LogD3D11RHI:     Adapter Name: NVIDIA GeForce GTX 1660 SUPER
[2022.10.05-08.03.00:296][  0]LogD3D11RHI:   Driver Version: 512.15 (internal:30.0.15.1215, unified:512.15)
[2022.10.05-08.03.00:297][  0]LogD3D11RHI:      Driver Date: 3-17-2022
[2022.10.05-08.03.00:297][  0]LogRHI: Texture pool is 4193 MB (70% of 5991 MB)
[2022.10.05-08.03.00:298][  0]LogD3D11RHI: Creating D3DDevice using adapter:
[2022.10.05-08.03.00:298][  0]LogD3D11RHI:     Description : NVIDIA GeForce GTX 1660 SUPER
[2022.10.05-08.03.00:299][  0]LogD3D11RHI:     VendorId    : 10de
[2022.10.05-08.03.00:299][  0]LogD3D11RHI:     DeviceId    : 21c4
[2022.10.05-08.03.00:300][  0]LogD3D11RHI:     SubSysId    : 13d310de
[2022.10.05-08.03.00:301][  0]LogD3D11RHI:     Revision    : 00a1
[2022.10.05-08.03.00:301][  0]LogD3D11RHI:     DedicatedVideoMemory : 6282018816 bytes
[2022.10.05-08.03.00:302][  0]LogD3D11RHI:     DedicatedSystemMemory : 0 bytes
[2022.10.05-08.03.00:302][  0]LogD3D11RHI:     SharedSystemMemory : 8555407360 bytes
[2022.10.05-08.03.00:303][  0]LogD3D11RHI:     AdapterLuid : 0 38432
[2022.10.05-08.03.00:368][  0]LogD3D11RHI: RHI has support for 64 bit atomics
[2022.10.05-08.03.00:368][  0]LogD3D11RHI: Async texture creation enabled
[2022.10.05-08.03.00:369][  0]LogD3D11RHI: Array index from any shader is supported
[2022.10.05-08.03.00:392][  0]LogD3D11RHI: GPU Timing Frequency: 1000.000000 (Debug: 2 1)
[2022.10.05-08.03.00:475][  0]LogRHI: GeForceNow SDK initialized: 1
[2022.10.05-08.03.00:836][  0]LogTargetPlatformManager: Display: Loaded TargetPlatform 'WindowsNoEditor'
[2022.10.05-08.03.00:844][  0]LogTargetPlatformManager: Display: Loaded TargetPlatform 'Windows'
[2022.10.05-08.03.00:852][  0]LogTargetPlatformManager: Display: Loaded TargetPlatform 'WindowsClient'
[2022.10.05-08.03.00:859][  0]LogTargetPlatformManager: Display: Loaded TargetPlatform 'WindowsServer'
[2022.10.05-08.03.00:860][  0]LogTargetPlatformManager: Display: Building Assets For Windows
[2022.10.05-08.03.00:874][  0]LogAudioDebug: Display: Lib vorbis DLL was dynamically loaded.
[2022.10.05-08.03.00:936][  0]LogTextureFormatOodle: Display: Oodle Texture 2.9.0 init RDO Off
[2022.10.05-08.03.00:994][  0]LogRendererCore: Ray tracing is disabled. Reason: r.RayTracing=0.
[2022.10.05-08.03.00:995][  0]LogShaderCompilers: Guid format shader working directory is -27 characters bigger than the processId version (../../../../../../Users/User/Documents/GitHub/RGB_FinalProject/MetaMeta/Intermediate/Shaders/WorkingDirectory/54416/).
[2022.10.05-08.03.00:996][  0]LogShaderCompilers: Cleaned the shader compiler working directory 'C:/Users/User/AppData/Local/Temp/UnrealShaderWorkingDir/FDBC4C274BE1880286AD4C9868797807/'.
[2022.10.05-08.03.00:997][  0]LogXGEController: Cannot use XGE Controller as Incredibuild is not installed on this machine.
[2022.10.05-08.03.00:997][  0]LogShaderCompilers: Cannot use XGE Shader Compiler as Incredibuild is not installed on this machine.
[2022.10.05-08.03.00:998][  0]LogShaderCompilers: Display: Using Local Shader Compiler.
[2022.10.05-08.03.01:733][  0]LogDerivedDataCache: Display: Max Cache Size: 512 MB
[2022.10.05-08.03.01:784][  0]LogDerivedDataCache: Loaded boot cache 0.05s 95MB C:/Users/User/AppData/Local/UnrealEngine/4.27/DerivedDataCache/Boot.ddc.
[2022.10.05-08.03.01:784][  0]LogDerivedDataCache: Display: Loaded Boot cache: C:/Users/User/AppData/Local/UnrealEngine/4.27/DerivedDataCache/Boot.ddc
[2022.10.05-08.03.01:785][  0]LogDerivedDataCache: FDerivedDataBackendGraph:  Pak pak cache file ../../../../../../Users/User/Documents/GitHub/RGB_FinalProject/MetaMeta/DerivedDataCache/DDC.ddp not found, will not use a pak cache.
[2022.10.05-08.03.01:786][  0]LogDerivedDataCache: Unable to find inner node Pak for hierarchical cache Hierarchy.
[2022.10.05-08.03.01:786][  0]LogDerivedDataCache: FDerivedDataBackendGraph:  CompressedPak pak cache file ../../../../../../Users/User/Documents/GitHub/RGB_FinalProject/MetaMeta/DerivedDataCache/Compressed.ddp not found, will not use a pak cache.
[2022.10.05-08.03.01:787][  0]LogDerivedDataCache: Unable to find inner node CompressedPak for hierarchical cache Hierarchy.
[2022.10.05-08.03.01:806][  0]LogDerivedDataCache: Display: Pak cache opened for reading ../../../Engine/DerivedDataCache/Compressed.ddp.
[2022.10.05-08.03.01:806][  0]LogDerivedDataCache: FDerivedDataBackendGraph:  EnterprisePak pak cache file ../../../Enterprise/DerivedDataCache/Compressed.ddp not found, will not use a pak cache.
[2022.10.05-08.03.01:807][  0]LogDerivedDataCache: Unable to find inner node EnterprisePak for hierarchical cache Hierarchy.
[2022.10.05-08.03.01:821][  0]LogDerivedDataCache: Speed tests for C:/Users/User/AppData/Local/UnrealEngine/Common/DerivedDataCache took 0.01 seconds
[2022.10.05-08.03.01:821][  0]LogDerivedDataCache: Display: Performance to C:/Users/User/AppData/Local/UnrealEngine/Common/DerivedDataCache: Latency=0.05ms. RandomReadSpeed=284.08MBs, RandomWriteSpeed=97.19MBs. Assigned SpeedClass 'Local'
[2022.10.05-08.03.01:823][  0]LogDerivedDataCache: Using Local data cache path C:/Users/User/AppData/Local/UnrealEngine/Common/DerivedDataCache: Writable
[2022.10.05-08.03.01:823][  0]LogDerivedDataCache: Shared data cache path not found in *engine.ini, will not use an Shared cache.
[2022.10.05-08.03.01:823][  0]LogDerivedDataCache: Unable to find inner node Shared for hierarchical cache Hierarchy.
[2022.10.05-08.03.01:859][  0]LogSlate: Using FreeType 2.10.0
[2022.10.05-08.03.01:860][  0]LogSlate: SlateFontServices - WITH_FREETYPE: 1, WITH_HARFBUZZ: 1
[2022.10.05-08.03.01:939][  0]LogInit: Using OS detected language (ko-KR).
[2022.10.05-08.03.01:941][  0]LogInit: Using OS detected locale (ko-KR).
[2022.10.05-08.03.01:944][  0]LogTextLocalizationManager: No localization for 'ko-KR' exists, so 'en' will be used for the language.
[2022.10.05-08.03.01:944][  0]LogTextLocalizationManager: No localization for 'ko-KR' exists, so 'en' will be used for the locale.
[2022.10.05-08.03.01:946][  0]LogSlate: FontCache flush requested. Reason: Culture for localization was changed
[2022.10.05-08.03.01:946][  0]LogSlate: FontCache flush requested. Reason: Culture for localization was changed
[2022.10.05-08.03.01:951][  0]LogAssetRegistry: FAssetRegistry took 0.0025 seconds to start up
[2022.10.05-08.03.02:155][  0]LogTextLocalizationManager: Compacting localization data took   0.01ms
[2022.10.05-08.03.02:155][  0]LogPackageLocalizationCache: Processed 27 localized package path(s) for 1 prioritized culture(s) in 0.044703 seconds
[2022.10.05-08.03.02:238][  0]LogInit: Selected Device Profile: [Windows]
[2022.10.05-08.03.02:238][  0]LogInit: Active device profile: [000002CAE0775D00][000002CAD67B1200 49] Windows
[2022.10.05-08.03.02:239][  0]LogInit: Profiles: [000002CAE0775D00][000002CAD67B1200 49] Windows, [000002CAE0781A00][000002CAD6BB1380 49] WindowsNoEditor, [000002CAE0777C00][000002CAD6BB5500 49] WindowsServer, [000002CAE0780700][000002CAD6BB9680 49] WindowsClient, [000002CAE0774800][000002CAD6BAD7C0 49] IOS, [000002CAE0782900][000002CAD6BBD900 49] iPadAir, [000002CAE0776E00][000002CAD6BC1A40 49] iPadAir2, [000002CAE071DA00][000002CAD6632180 49] IPadPro, [000002CAE071DB00][000002CAD662E1C0 49] iPadAir3, [000002CAE0775400][000002CAD6636340 49] iPadAir4, [000002CAE071F200][000002CAD663A4C0 49] iPadMini2, [000002CAE0777700][000002CAD663E640 49] iPadMini3, [000002CAE071D800][000002CAD66427C0 49] iPadMini4, [000002CAE0774C00][000002CAD6646940 49] iPadMini5, [000002CAE0745300][000002CAD664EC00 49] iPhone6, [000002CAE0745400][000002CAD664AC40 49] iPodTouch6, [000002CAE0782700][000002CAD6656F00 49] iPhone7, [000002CAE0782600][000002CAD6652F40 49] iPodTouch7, [000002CAE071EC00][000002CAD665B0C0 49] iPhone5S, [000002CAE0783800][000002CAD665F240 49] iPhone6Plus, [000002CAE071FC00][000002CAD66633C0 49] iPhone6S, [000002CAE0782B00][000002CAD6667540 49] iPhone6SPlus, [000002CAE0744100][000002CAD666B6C0 49] iPhone7Plus, [000002CAE071F900][000002CAD666F840 49] iPhoneSE, [000002CAE0747300][000002CAD662B980 49] iPhone8, [000002CAE071FF00][000002CAD6673AC0 49] iPhone8Plus, [000002CAE0744800][000002CAD8FF7C00 49] iPhoneX, [000002CAE071C900][000002CAD8FFA1C0 49] iPhoneXS, [000002CAE0783F00][000002CAD9002340 49] iPhoneXSMax, [000002CAE071EA00][000002CAD90064C0 49] iPhoneXR, [000002CAE0783300][000002CAD900A640 49] iPhone11, [000002CAE071D700][000002CAD900E7C0 49] iPhone11Pro, [000002CAE0780200][000002CAD9012940 49] iPhone11ProMax, [000002CAE071E400][000002CAD9016AC0 49] iPhoneSE2, [000002CAE0783600][000002CAD901AC40 49] iPhone12Mini, [000002CAE071F100][000002CAD901EDC0 49] iPhone12, [000002CAE0781200][000002CAD9022F40 49] iPhone12Pro, [000002CAE071D200][000002CAD90270C0 49] iPhone12ProMax, [000002CAE0780900][000002CAD902B240 49] iPadPro105, [000002CAE071C400][000002CAD902F3C0 49] iPadPro129, [000002CAE0780A00][000002CAD9033540 49] iPadPro97, [000002CAE071F600][000002CAD90376C0 49] iPadPro2_129, [000002CAE0781700][000002CAD903B840 49] iPad5, [000002CAE071F000][000002CAD903F9C0 49] iPad6, [000002CAE0780F00][000002CAD8FFFB00 49] iPad7, [000002CAE071C800][000002CAD8DF00C0 49] iPad8, [000002CAE0782500][000002CAD8DF4200 49] iPadPro11, [000002CAE071F700][000002CAD8DF8340 49] iPadPro2_11, [000002CAE0783D00][000002CAD8E004C0 49] iPadPro3_129, [000002CAE071ED00][000002CAD8E04640 49] iPadPro4_129, [000002CAE0782000][000002CAD8E087C0 49] AppleTV, [000002CAE071E300][000002CAD8E0C940 49] AppleTV4K, [000002CAE0782C00][000002CAD8E10AC0 49] TVOS, [000002CAE071D500][000002CAD8E14C40 49] Mac, [000002CAE0780500][000002CAD8E18DC0 49] MacClient, [000002CAE071D900][000002CAD8E1CF40 49] MacNoEditor, [000002CAE0780C00][000002CAD8E210C0 49] MacServer, [000002CAE071D000][000002CAD8E25240 49] Linux, [000002CAE0780300][000002CAD8E293C0 49] LinuxAArch64, [000002CAE071EE00][000002CAD8E2D540 49] LinuxNoEditor, [000002CAE0781F00][000002CAD8E316C0 49] LinuxAArch64NoEditor, [000002CAE071CF00][000002CAD8E35840 49] LinuxClient, [000002CAE0782100][000002CAD8E399C0 49] LinuxAArch64Client, [000002CAE071E000][000002CAD8E3DB40 49] LinuxServer, [000002CAE0780100][000002CAD6FC2140 49] LinuxAArch64Server, [000002CAE071CD00][000002CAD8DFC280 49] Android, [000002CAE0783A00][000002CAD6FC63C0 49] Android_Low, [000002CAE071D600][000002CAD6FCA500 49] Android_Mid, [000002CAE0782A00][000002CAD6FD2680 49] Android_High, [000002CAE071CB00][000002CAD6FD6800 49] Android_Default, [000002CAE0783B00][000002CAD6FDA980 49] Android_Adreno4xx, [000002CAE071F400][000002CAD6FDEB00 49] Android_Adreno5xx_Low, [000002CAE0780E00][000002CAD6FE2C80 49] Android_Adreno5xx, [000002CAE071EF00][000002CAD6FE6E00 49] Android_Adreno6xx, [000002CAE0781C00][000002CAD6FEAF80 49] Android_Adreno6xx_Vulkan, [000002CAE071FD00][000002CAD6FEF100 49] Android_Mali_T6xx, [000002CAE0776000][000002CAD6FF3280 49] Android_Mali_T7xx, [000002CAE0746500][000002CAD6FF7400 49] Android_Mali_T8xx, [000002CAE0777A00][000002CAD6FFB580 49] Android_Mali_G71, [000002CAE0745C00][000002CAD6FFF700 49] Android_Mali_G72, [000002CAE0777900][000002CAD7003880 49] Android_Mali_G72_Vulkan, [000002CAE0747B00][000002CAD7007A00 49] Android_Mali_G76, [000002CAE0776500][000002CAD700BB80 49] Android_Mali_G76_Vulkan, [000002CAE0746000][000002CAD700E180 49] Android_Mali_G77, [000002CAE0775B00][000002CAD7012300 49] Android_Mali_G77_Vulkan, [000002CAE0744900][000002CAD6FCE440 49] Android_Mali_G78, [000002CAE0776900][000002CAD7016580 49] Android_Mali_G78_Vulkan, [000002CAE0744F00][000002CAD701A6C0 49] Android_Mali_G710, [000002CAE0777300][000002CAD7022840 49] Android_Mali_G710_Vulkan, [000002CAE0746C00][000002CAD70269C0 49] Android_Vulkan_SM5, [000002CAE0777200][000002CAD702AB40 49] Android_PowerVR_G6xxx, [000002CAE0747200][000002CAD702ECC0 49] Android_PowerVR_GT7xxx, [000002CAE0776A00][000002CAD7032E40 49] Android_PowerVR_GE8xxx, [000002CAE0745D00][000002CAD7036FC0 49] Android_PowerVR_GM9xxx, [000002CAE0776300][000002CAD703B140 49] Android_PowerVR_GM9xxx_Vulkan, [000002CAE0745800][000002CAD703F2C0 49] Android_TegraK1, [000002CAE0774E00][000002CAD7043440 49] Android_Unknown_Vulkan, [000002CAE0747E00][000002CAD70475C0 49] Lumin, [000002CAE0777400][000002CAD704B740 49] Lumin_Desktop, [000002CAE0744E00][000002CAD67238C0 49] HoloLens, 
[2022.10.05-08.03.02:306][  0]LogMeshReduction: Using QuadricMeshReduction for automatic static mesh reduction
[2022.10.05-08.03.02:306][  0]LogMeshReduction: Using SimplygonMeshReduction for automatic skeletal mesh reduction
[2022.10.05-08.03.02:307][  0]LogMeshReduction: Using ProxyLODMeshReduction for automatic mesh merging
[2022.10.05-08.03.02:308][  0]LogMeshReduction: No distributed automatic mesh merging module available
[2022.10.05-08.03.02:308][  0]LogMeshMerging: No distributed automatic mesh merging module available
[2022.10.05-08.03.02:423][  0]LogNetVersion: MetaMeta 1.0.0, NetCL: 17155196, EngineNetVer: 17, GameNetVer: 0 (Checksum: 3291849621)
[2022.10.05-08.03.02:688][  0]LogTexture: Default maximum texture size for cubemaps generated from long-lat sources has been changed from 512 to unlimited. In order to preserve old behaiour for '/Engine/MapTemplates/Sky/DaylightAmbientCubemap.DaylightAmbientCubemap', its maximum texture size has been explicitly set to 512.
[2022.10.05-08.03.02:740][  0]LogHMD: PokeAHoleMaterial loaded successfully
[2022.10.05-08.03.02:923][  0]LogMoviePlayer: Initializing movie player
[2022.10.05-08.03.03:065][  0]LogNiagaraDebuggerClient: Niagara Debugger Client Initialized | Session: 0F49B092442E0570BEE783B759D1D952 | Instance: FAA90D1049BAE28042509A9BAE2CFA56 (DESKTOP-2NOSHEQ-54416).
[2022.10.05-08.03.03:095][  0]LogCollectionManager: Loaded 0 collections in 0.001882 seconds
[2022.10.05-08.03.03:100][  0]LogFileCache: Scanning file cache for directory 'C:/Users/User/Documents/GitHub/RGB_FinalProject/MetaMeta/Saved/Collections/' took 0.00s
[2022.10.05-08.03.03:100][  0]LogFileCache: Scanning file cache for directory 'C:/Users/User/Documents/GitHub/RGB_FinalProject/MetaMeta/Content/Developers/User/Collections/' took 0.00s
[2022.10.05-08.03.03:101][  0]LogFileCache: Scanning file cache for directory 'C:/Users/User/Documents/GitHub/RGB_FinalProject/MetaMeta/Content/Collections/' took 0.00s
[2022.10.05-08.03.03:102][  0]LogCollectionManager: Fixed up redirectors for 0 collections in 0.000002 seconds (updated 0 objects)
[2022.10.05-08.03.03:292][  0]LogPython: Using Python 3.7.7
[2022.10.05-08.03.03:889][  0]SourceControl: Source control is disabled
[2022.10.05-08.03.03:891][  0]SourceControl: Source control is disabled
[2022.10.05-08.03.03:903][  0]LogUProjectInfo: Found projects:
[2022.10.05-08.03.03:929][  0]SourceControl: Source control is disabled
[2022.10.05-08.03.04:094][  0]LogOpenImageDenoise: OIDN starting up
[2022.10.05-08.03.04:105][  0]LogAndroidPermission: UAndroidPermissionCallbackProxy::GetInstance
[2022.10.05-08.03.04:140][  0]LogAudioCaptureCore: Display: No Audio Capture implementations found. Audio input will be silent.
[2022.10.05-08.03.04:141][  0]LogAudioCaptureCore: Display: No Audio Capture implementations found. Audio input will be silent.
[2022.10.05-08.03.04:233][  0]LogOcInput: OculusInput pre-init called
[2022.10.05-08.03.04:242][  0]LogUObjectArray: 22440 objects as part of root set at end of initial load.
[2022.10.05-08.03.04:242][  0]LogUObjectAllocator: 6158032 out of 0 bytes used by permanent object pool.
[2022.10.05-08.03.04:243][  0]LogUObjectArray: CloseDisregardForGC: 0/0 objects in disregard for GC pool
[2022.10.05-08.03.04:305][  0]LogEngine: Initializing Engine...
[2022.10.05-08.03.04:309][  0]LogHMD: Failed to enumerate extensions. Please check that you have a valid OpenXR runtime installed.
[2022.10.05-08.03.04:310][  0]LogHMD: Failed to initialize OpenVR with code 110
[2022.10.05-08.03.04:310][  0]LogMagicLeap: Warning: VR disabled because ZI is not enabled.  To enable, in the editor, Edit -> Project Settings -> Plugins -> Magic Leap Plugin -> Enable Zero Iteration
[2022.10.05-08.03.04:314][  0]LogStats: UGameplayTagsManager::InitializeManager -  0.000 s
[2022.10.05-08.03.04:409][  0]LogInit: Initializing FReadOnlyCVARCache
[2022.10.05-08.03.04:409][  0]LogAudio: Display: Initializing Audio Device Manager...
[2022.10.05-08.03.04:417][  0]LogAudio: Display: Loading Default Audio Settings Objects...
[2022.10.05-08.03.04:418][  0]LogAudio: Display: No default SoundConcurrencyObject specified (or failed to load).
[2022.10.05-08.03.04:418][  0]LogAudio: Display: Audio Device Manager Initialized
[2022.10.05-08.03.04:419][  0]LogAudio: Display: Creating Audio Device:                 Id: 1, Scope: Shared, Realtime: True
[2022.10.05-08.03.04:420][  0]LogAudioMixer: Display: Audio Mixer Platform Settings:
[2022.10.05-08.03.04:421][  0]LogAudioMixer: Display: 	Sample Rate:						  48000
[2022.10.05-08.03.04:422][  0]LogAudioMixer: Display: 	Callback Buffer Frame Size Requested: 1024
[2022.10.05-08.03.04:422][  0]LogAudioMixer: Display: 	Callback Buffer Frame Size To Use:	  1024
[2022.10.05-08.03.04:423][  0]LogAudioMixer: Display: 	Number of buffers to queue:			  2
[2022.10.05-08.03.04:423][  0]LogAudioMixer: Display: 	Max Channels (voices):				  32
[2022.10.05-08.03.04:424][  0]LogAudioMixer: Display: 	Number of Async Source Workers:		  0
[2022.10.05-08.03.04:424][  0]LogAudio: Display: AudioDevice MaxSources: 32
[2022.10.05-08.03.04:425][  0]LogAudio: Display: Audio Spatialization Plugin: None (built-in).
[2022.10.05-08.03.04:425][  0]LogAudio: Display: Audio Reverb Plugin: None (built-in).
[2022.10.05-08.03.04:426][  0]LogAudio: Display: Audio Occlusion Plugin: None (built-in).
[2022.10.05-08.03.04:427][  0]LogAudioMixer: Display: Initializing audio mixer.
[2022.10.05-08.03.04:453][  0]LogAudioMixer: Display: 0: FrontLeft
[2022.10.05-08.03.04:453][  0]LogAudioMixer: Display: 1: FrontRight
[2022.10.05-08.03.04:492][  0]LogAudioMixer: Display: Using Audio Device 스피커(Razer Barracuda X)
[2022.10.05-08.03.04:498][  0]LogAudioMixer: Display: Initializing Sound Submixes...
[2022.10.05-08.03.04:501][  0]LogAudioMixer: Display: Creating Master Submix 'MasterSubmixDefault'
[2022.10.05-08.03.04:501][  0]LogAudioMixer: Display: Creating Master Submix 'MasterReverbSubmixDefault'
[2022.10.05-08.03.04:503][  0]LogAudioMixer: Display: Creating Master Submix 'MasterEQSubmixDefault'
[2022.10.05-08.03.04:503][  0]LogAudioMixer: FMixerPlatformXAudio2::StartAudioStream() called
[2022.10.05-08.03.04:504][  0]LogAudioMixer: Display: Output buffers initialized: Frames=1024, Channels=2, Samples=2048
[2022.10.05-08.03.04:505][  0]LogAudioMixer: Display: Starting AudioMixerPlatformInterface::RunInternal()
[2022.10.05-08.03.04:505][  0]LogAudioMixer: Display: FMixerPlatformXAudio2::SubmitBuffer() called for the first time
[2022.10.05-08.03.04:506][  0]LogInit: FAudioDevice initialized.
[2022.10.05-08.03.04:508][  0]LogNetVersion: Set ProjectVersion to 1.0.0.0. Version Checksum will be recalculated on next use.
[2022.10.05-08.03.04:587][  0]LogDerivedDataCache: Saved boot cache 0.08s 78MB C:/Users/User/AppData/Local/UnrealEngine/4.27/DerivedDataCache/Boot.ddc.
[2022.10.05-08.03.04:588][  0]LogInit: Texture streaming: Enabled
[2022.10.05-08.03.04:673][  0]LogAudio: Display: Audio Device (ID: 1) registered with world 'Untitled'.
[2022.10.05-08.03.04:674][  0]LogSlate: Updating window title bar state: overlay mode, drag disabled, window buttons hidden, title bar hidden
[2022.10.05-08.03.04:675][  0]LogInit: Display: Game Engine Initialized.
[2022.10.05-08.03.04:675][  0]LogNiagaraEditor: GEditor isn't valid! Particle reset commands will not work for Niagara components!
[2022.10.05-08.03.04:845][  0]LogInit: Display: Starting Game.
[2022.10.05-08.03.04:845][  0]LogNet: Browse: 25.13.8.211/Game/ThirdPersonCPP/Maps/ThirdPersonExampleMap?Name=Player
[2022.10.05-08.03.04:847][  0]LogInit: WinSock: Socket queue. Rx: 32768 (config 32768) Tx: 32768 (config 32768)
[2022.10.05-08.03.04:848][  0]LogNet: Created socket for bind address: 0.0.0.0 on port 0
[2022.10.05-08.03.04:849][  0]PacketHandlerLog: Loaded PacketHandler component: Engine.EngineHandlerComponentFactory (StatelessConnectHandlerComponent)
[2022.10.05-08.03.04:850][  0]LogNet: Game client on port 7777, rate 100000
[2022.10.05-08.03.05:034][  0]LogInit: Display: Engine is initialized. Leaving FEngineLoop::Init()
[2022.10.05-08.03.05:034][  0]LogLoad: (Engine Initialization) Total time: 7.37 seconds
[2022.10.05-08.03.05:036][  0]LogLoad: (Engine Initialization) Total Blueprint compile time: 0.00 seconds
[2022.10.05-08.03.05:043][  0]LogContentStreaming: Texture pool size now 1000 MB
[2022.10.05-08.03.05:045][  0]LogSlate: InvalidateAllWidgets triggered.  All widgets were invalidated
[2022.10.05-08.03.25:044][299]LogNet: Warning: UNetConnection::Tick: Connection TIMED OUT. Closing connection.. Elapsed: 20.01, Real: 20.00, Good: 20.00, DriverTime: 20.01, Threshold: 20.00, [UNetConnection] RemoteAddr: 25.13.8.211:7777, Name: IpConnection_0, Driver: PendingNetDriver IpNetDriver_0, IsServer: NO, PC: NULL, Owner: NULL, UniqueId: INVALID
[2022.10.05-08.03.25:046][299]LogNet: Error: UEngine::BroadcastNetworkFailure: FailureType = ConnectionTimeout, ErrorString = UNetConnection::Tick: Connection TIMED OUT. Closing connection.. Elapsed: 20.01, Real: 20.00, Good: 20.00, DriverTime: 20.01, Threshold: 20.00, [UNetConnection] RemoteAddr: 25.13.8.211:7777, Name: IpConnection_0, Driver: PendingNetDriver IpNetDriver_0, IsServer: NO, PC: NULL, Owner: NULL, UniqueId: INVALID, Driver = PendingNetDriver IpNetDriver_0
[2022.10.05-08.03.25:047][299]LogNet: Warning: Network Failure: PendingNetDriver[ConnectionTimeout]: UNetConnection::Tick: Connection TIMED OUT. Closing connection.. Elapsed: 20.01, Real: 20.00, Good: 20.00, DriverTime: 20.01, Threshold: 20.00, [UNetConnection] RemoteAddr: 25.13.8.211:7777, Name: IpConnection_0, Driver: PendingNetDriver IpNetDriver_0, IsServer: NO, PC: NULL, Owner: NULL, UniqueId: INVALID
[2022.10.05-08.03.25:048][299]LogNet: NetworkFailure: ConnectionTimeout, Error: 'UNetConnection::Tick: Connection TIMED OUT. Closing connection.. Elapsed: 20.01, Real: 20.00, Good: 20.00, DriverTime: 20.01, Threshold: 20.00, [UNetConnection] RemoteAddr: 25.13.8.211:7777, Name: IpConnection_0, Driver: PendingNetDriver IpNetDriver_0, IsServer: NO, PC: NULL, Owner: NULL, UniqueId: INVALID'
[2022.10.05-08.03.25:048][299]LogNet: UNetConnection::Close: [UNetConnection] RemoteAddr: 25.13.8.211:7777, Name: IpConnection_0, Driver: PendingNetDriver IpNetDriver_0, IsServer: NO, PC: NULL, Owner: NULL, UniqueId: INVALID, Channels: 2, Time: 2022.10.05-08.03.25
[2022.10.05-08.03.25:049][299]LogNet: UChannel::Close: Sending CloseBunch. ChIndex == 0. Name: [UChannel] ChIndex: 0, Closing: 0 [UNetConnection] RemoteAddr: 25.13.8.211:7777, Name: IpConnection_0, Driver: PendingNetDriver IpNetDriver_0, IsServer: NO, PC: NULL, Owner: NULL, UniqueId: INVALID
[2022.10.05-08.03.25:049][299]LogNet: DestroyNamedNetDriver IpNetDriver_0 [PendingNetDriver]
[2022.10.05-08.03.25:050][299]LogExit: PendingNetDriver IpNetDriver_0 shut down
[2022.10.05-08.03.25:052][300]LogNet: Browse: /Game/ThirdPersonCPP/Maps/ThirdPersonExampleMap?closed
[2022.10.05-08.03.25:052][300]LogNet: Connection failed; returning to Entry
[2022.10.05-08.03.25:053][300]LogLoad: LoadMap: /Game/ThirdPersonCPP/Maps/ThirdPersonExampleMap?closed
[2022.10.05-08.03.25:054][300]LogWorld: BeginTearingDown for /Temp/Untitled_0
[2022.10.05-08.03.25:054][300]LogWorld: UWorld::CleanupWorld for Untitled, bSessionEnded=true, bCleanupResources=true
[2022.10.05-08.03.25:055][300]LogSlate: InvalidateAllWidgets triggered.  All widgets were invalidated
[2022.10.05-08.03.25:060][300]LogAudio: Display: Audio Device unregistered from world 'None'.
[2022.10.05-08.03.25:061][300]LogNet: UChannel::CleanUp: ChIndex == 0. Closing connection. [UChannel] ChIndex: 0, Closing: 0 [UNetConnection] RemoteAddr: 25.13.8.211:7777, Name: None, Driver: PendingNetDriver None, IsServer: NO, PC: NULL, Owner: NULL, UniqueId: INVALID
[2022.10.05-08.03.25:063][300]LogNet: UNetConnection::PendingConnectionLost. [UNetConnection] RemoteAddr: 25.13.8.211:7777, Name: None, Driver: PendingNetDriver None, IsServer: YES, PC: NULL, Owner: NULL, UniqueId: INVALID bPendingDestroy=0 
[2022.10.05-08.03.25:064][300]LogUObjectHash: Compacting FUObjectHashTables data took   0.86ms
[2022.10.05-08.03.25:147][300]LogAudio: Display: Audio Device (ID: 1) registered with world 'ThirdPersonExampleMap'.
[2022.10.05-08.03.25:157][300]LogAIModule: Creating AISystem for world ThirdPersonExampleMap
[2022.10.05-08.03.25:158][300]LogLoad: Game class is 'MetaMetaGameMode'
[2022.10.05-08.03.25:161][300]LogWorld: Bringing World /Game/ThirdPersonCPP/Maps/ThirdPersonExampleMap.ThirdPersonExampleMap up for play (max tick rate 0) at 2022.10.05-17.03.25
[2022.10.05-08.03.25:161][300]LogWorld: Bringing up level for play took: 0.002045
[2022.10.05-08.03.25:166][300]LogSlate: Took 0.000459 seconds to synchronously load lazily loaded font '../../../Engine/Content/Slate/Fonts/Roboto-Regular.ttf' (155K)
[2022.10.05-08.03.25:166][300]LogRenderer: Reallocating scene render targets to support 1920x1080 Format 10 NumSamples 1 (Frame:1).
[2022.10.05-08.03.25:167][300]LogLoad: Took 0.113149 seconds to LoadMap(/Game/ThirdPersonCPP/Maps/ThirdPersonExampleMap)
[2022.10.05-08.03.25:189][300]LogUObjectHash: Compacting FUObjectHashTables data took   0.98ms
[2022.10.05-08.03.25:196][302]LogRenderer: Reallocating scene render targets to support 128x128 Format 10 NumSamples 1 (Frame:1).
[2022.10.05-08.03.25:242][302]LogRenderer: Reallocating scene render targets to support 1920x1080 Format 10 NumSamples 1 (Frame:2).
[2022.10.05-08.03.33:486][859]LogWindowsDesktop: Alt-F4 pressed!
[2022.10.05-08.03.33:495][859]LogSlate: Window 'MetaMeta (64-bit Development PCD3D_SM5) ' being destroyed
[2022.10.05-08.03.33:498][859]LogWindowsTextInputMethodSystem: Display: IME system activated using TSF (Microsoft 입력기).
[2022.10.05-08.03.33:504][859]LogSlate: Updating window title bar state: overlay mode, drag disabled, window buttons hidden, title bar hidden
[2022.10.05-08.03.33:505][859]LogEngine: All Windows Closed
[2022.10.05-08.03.33:505][859]LogWindows: FPlatformMisc::RequestExit(0)
[2022.10.05-08.03.33:505][859]LogWindows: FPlatformMisc::RequestExitWithStatus(0, 0)
[2022.10.05-08.03.33:505][859]LogCore: Engine exit requested (reason: Win RequestExit)
[2022.10.05-08.03.33:506][860]LogCore: Engine exit requested (reason: EngineExit() was called; note: exit was already requested)
[2022.10.05-08.03.33:506][860]LogInit: Display: PreExit Game.
[2022.10.05-08.03.33:522][860]LogWorld: BeginTearingDown for /Game/ThirdPersonCPP/Maps/ThirdPersonExampleMap
[2022.10.05-08.03.33:523][860]LogWorld: UWorld::CleanupWorld for ThirdPersonExampleMap, bSessionEnded=true, bCleanupResources=true
[2022.10.05-08.03.33:524][860]LogSlate: InvalidateAllWidgets triggered.  All widgets were invalidated
[2022.10.05-08.03.34:323][860]LogAudio: Display: Beginning Audio Device Manager Shutdown (Module: AudioMixerXAudio2)...
[2022.10.05-08.03.34:323][860]LogAudio: Display: Destroying 1 Remaining Audio Device(s)...
[2022.10.05-08.03.34:324][860]LogAudio: Display: Audio Device unregistered from world 'ThirdPersonExampleMap'.
[2022.10.05-08.03.34:353][860]LogAudioMixer: FMixerPlatformXAudio2::StopAudioStream() called
[2022.10.05-08.03.34:354][860]LogAudioMixer: FMixerPlatformXAudio2::StopAudioStream() called
[2022.10.05-08.03.34:357][860]LogAudio: Display: Audio Device Manager Shutdown
[2022.10.05-08.03.34:361][860]LogExit: Preparing to exit.
[2022.10.05-08.03.34:366][860]LogSlate: Updating window title bar state: overlay mode, drag disabled, window buttons hidden, title bar hidden
[2022.10.05-08.03.34:367][860]LogUObjectHash: Compacting FUObjectHashTables data took   0.67ms
[2022.10.05-08.03.34:388][860]LogMoviePlayer: Shutting down movie player
[2022.10.05-08.03.34:412][860]LogDemo: Cleaned up 0 splitscreen connections with owner deletion
[2022.10.05-08.03.34:417][860]LogExit: Game engine shut down
[2022.10.05-08.03.34:457][860]LogExit: Object subsystem successfully closed.
[2022.10.05-08.03.34:466][860]LogShaderCompilers: Display: === FShaderJobCache stats ===
[2022.10.05-08.03.34:466][860]LogShaderCompilers: Display: Total job queries 0, among them cache hits 0 (0.00%)
[2022.10.05-08.03.34:467][860]LogShaderCompilers: Display: Tracking 0 distinct input hashes that result in 0 distinct outputs (0.00%)
[2022.10.05-08.03.34:468][860]LogShaderCompilers: Display: RAM used: 0.00 MB (0.00 GB) of 819.20 MB (0.80 GB) budget. Usage: 0.00%
[2022.10.05-08.03.34:468][860]LogShaderCompilers: Display: ================================================
[2022.10.05-08.03.34:473][860]LogShaderCompilers: Display: Shaders left to compile 0
[2022.10.05-08.03.34:504][860]LogModuleManager: Shutting down and abandoning module Voice (564)
[2022.10.05-08.03.34:504][860]LogModuleManager: Shutting down and abandoning module AIModule (562)
[2022.10.05-08.03.34:505][860]LogModuleManager: Shutting down and abandoning module GameplayDebugger (561)
[2022.10.05-08.03.34:506][860]LogModuleManager: Shutting down and abandoning module AITestSuite (559)
[2022.10.05-08.03.34:506][860]LogModuleManager: Shutting down and abandoning module NavigationSystem (557)
[2022.10.05-08.03.34:507][860]LogModuleManager: Shutting down and abandoning module SequenceRecorderSections (552)
[2022.10.05-08.03.34:507][860]LogModuleManager: Shutting down and abandoning module SequenceRecorder (550)
[2022.10.05-08.03.34:508][860]LogModuleManager: Shutting down and abandoning module AutomationController (548)
[2022.10.05-08.03.34:509][860]LogModuleManager: Shutting down and abandoning module AutomationWorker (546)
[2022.10.05-08.03.34:509][860]LogModuleManager: Shutting down and abandoning module SteamVREditor (544)
[2022.10.05-08.03.34:510][860]LogModuleManager: Shutting down and abandoning module ToolMenus (543)
[2022.10.05-08.03.34:510][860]LogModuleManager: Shutting down and abandoning module OculusMR (540)
[2022.10.05-08.03.34:511][860]LogModuleManager: Shutting down and abandoning module TakeRecorderSources (538)
[2022.10.05-08.03.34:511][860]LogModuleManager: Shutting down and abandoning module TakeRecorder (537)
[2022.10.05-08.03.34:512][860]LogModuleManager: Shutting down and abandoning module TakeTrackRecorders (534)
[2022.10.05-08.03.34:512][860]LogModuleManager: Shutting down and abandoning module TakesCore (532)
[2022.10.05-08.03.34:512][860]LogModuleManager: Shutting down and abandoning module OpenXRInput (530)
[2022.10.05-08.03.34:513][860]LogModuleManager: Shutting down and abandoning module PlanarCut (528)
[2022.10.05-08.03.34:513][860]LogModuleManager: Shutting down and abandoning module CharacterAI (526)
[2022.10.05-08.03.34:514][860]LogModuleManager: Shutting down and abandoning module WmfMediaFactory (524)
[2022.10.05-08.03.34:514][860]LogModuleManager: Shutting down and abandoning module WebMMediaFactory (522)
[2022.10.05-08.03.34:514][860]LogModuleManager: Shutting down and abandoning module WebMMedia (520)
[2022.10.05-08.03.34:515][860]LogModuleManager: Shutting down and abandoning module OpenExrWrapper (518)
[2022.10.05-08.03.34:515][860]LogModuleManager: Shutting down and abandoning module ImgMediaFactory (516)
[2022.10.05-08.03.34:516][860]LogModuleManager: Shutting down and abandoning module AvfMediaFactory (514)
[2022.10.05-08.03.34:516][860]LogModuleManager: Shutting down and abandoning module MagicLeapMediaCodecFactory (512)
[2022.10.05-08.03.34:517][860]LogModuleManager: Shutting down and abandoning module MagicLeapMediaFactory (510)
[2022.10.05-08.03.34:517][860]LogModuleManager: Shutting down and abandoning module SessionServices (508)
[2022.10.05-08.03.34:518][860]LogModuleManager: Shutting down and abandoning module MovieSceneCapture (506)
[2022.10.05-08.03.34:520][860]LogModuleManager: Shutting down and abandoning module LiveCoding (504)
[2022.10.05-08.03.34:521][860]LogModuleManager: Shutting down and abandoning module LevelSequence (502)
[2022.10.05-08.03.34:521][860]LogModuleManager: Shutting down and abandoning module MovieSceneTracks (500)
[2022.10.05-08.03.34:522][860]LogModuleManager: Shutting down and abandoning module MovieScene (498)
[2022.10.05-08.03.34:522][860]LogModuleManager: Shutting down and abandoning module StreamingPauseRendering (496)
[2022.10.05-08.03.34:523][860]LogModuleManager: Shutting down and abandoning module PortalServices (494)
[2022.10.05-08.03.34:523][860]LogModuleManager: Shutting down and abandoning module PortalRpc (492)
[2022.10.05-08.03.34:523][860]LogModuleManager: Shutting down and abandoning module MessagingRpc (490)
[2022.10.05-08.03.34:524][860]LogModuleManager: Shutting down and abandoning module AudioMixerXAudio2 (488)
[2022.10.05-08.03.34:524][860]LogModuleManager: Shutting down and abandoning module AudioMixerCore (487)
[2022.10.05-08.03.34:525][860]LogModuleManager: Shutting down and abandoning module ImageWriteQueue (484)
[2022.10.05-08.03.34:528][860]LogModuleManager: Shutting down and abandoning module ProfilerService (482)
[2022.10.05-08.03.34:778][860]LogModuleManager: Shutting down and abandoning module TaskGraph (480)
[2022.10.05-08.03.34:779][860]LogModuleManager: Shutting down and abandoning module OculusInput (478)
[2022.10.05-08.03.34:780][860]LogModuleManager: Shutting down and abandoning module TakeMovieScene (476)
[2022.10.05-08.03.34:780][860]LogModuleManager: Shutting down and abandoning module ProceduralMeshComponent (474)
[2022.10.05-08.03.34:781][860]LogModuleManager: Shutting down and abandoning module Synthesis (472)
[2022.10.05-08.03.34:781][860]LogModuleManager: Shutting down and abandoning module MobilePatchingUtils (470)
[2022.10.05-08.03.34:782][860]LogModuleManager: Shutting down and abandoning module GooglePAD (468)
[2022.10.05-08.03.34:783][860]LogModuleManager: Shutting down and abandoning module EditableMesh (466)
[2022.10.05-08.03.34:783][860]LogModuleManager: Shutting down and abandoning module CustomMeshComponent (464)
[2022.10.05-08.03.34:784][860]LogModuleManager: Shutting down and abandoning module CableComponent (462)
[2022.10.05-08.03.34:784][860]LogModuleManager: Shutting down and abandoning module AudioCapture (460)
[2022.10.05-08.03.34:785][860]LogModuleManager: Shutting down and abandoning module AudioCaptureRtAudio (459)
[2022.10.05-08.03.34:785][860]LogModuleManager: Shutting down and abandoning module AppleImageUtilsBlueprintSupport (456)
[2022.10.05-08.03.34:786][860]LogModuleManager: Shutting down and abandoning module AppleImageUtils (454)
[2022.10.05-08.03.34:787][860]LogModuleManager: Shutting down and abandoning module ArchVisCharacter (452)
[2022.10.05-08.03.34:787][860]LogModuleManager: Shutting down and abandoning module AssetTags (450)
[2022.10.05-08.03.34:788][860]LogModuleManager: Shutting down and abandoning module AndroidPermission (448)
[2022.10.05-08.03.34:789][860]LogModuleManager: Shutting down and abandoning module ActorLayerUtilities (446)
[2022.10.05-08.03.34:789][860]LogModuleManager: Shutting down and abandoning module OpenImageDenoise (444)
[2022.10.05-08.03.34:790][860]LogOpenImageDenoise: OIDN shutting down
[2022.10.05-08.03.34:790][860]LogModuleManager: Shutting down and abandoning module MotoSynth (442)
[2022.10.05-08.03.34:791][860]LogModuleManager: Shutting down and abandoning module MeshConversion (440)
[2022.10.05-08.03.34:792][860]LogModuleManager: Shutting down and abandoning module DynamicMesh (438)
[2022.10.05-08.03.34:792][860]LogModuleManager: Shutting down and abandoning module GeometryAlgorithms (436)
[2022.10.05-08.03.34:793][860]LogModuleManager: Shutting down and abandoning module GeometricObjects (434)
[2022.10.05-08.03.34:793][860]LogModuleManager: Shutting down and abandoning module GeometryCollectionTracks (432)
[2022.10.05-08.03.34:794][860]LogModuleManager: Shutting down and abandoning module GeometryCollectionSequencer (431)
[2022.10.05-08.03.34:795][860]LogModuleManager: Shutting down and abandoning module GeometryCacheTracks (428)
[2022.10.05-08.03.34:795][860]LogModuleManager: Shutting down and abandoning module GeometryCacheSequencer (427)
[2022.10.05-08.03.34:796][860]LogModuleManager: Shutting down and abandoning module GeometryCache (424)
[2022.10.05-08.03.34:796][860]LogModuleManager: Shutting down and abandoning module GeometryCacheEd (423)
[2022.10.05-08.03.34:797][860]LogModuleManager: Shutting down and abandoning module ChaosNiagara (420)
[2022.10.05-08.03.34:798][860]LogModuleManager: Shutting down and abandoning module FieldSystemEngine (419)
[2022.10.05-08.03.34:798][860]LogModuleManager: Shutting down and abandoning module BackChannel (416)
[2022.10.05-08.03.34:798][860]LogModuleManager: Shutting down and abandoning module AutomationUtils (414)
[2022.10.05-08.03.34:799][860]LogModuleManager: Shutting down and abandoning module TemplateSequence (412)
[2022.10.05-08.03.34:799][860]LogModuleManager: Shutting down and abandoning module MediaCompositing (410)
[2022.10.05-08.03.34:800][860]LogModuleManager: Shutting down and abandoning module ImgMedia (408)
[2022.10.05-08.03.34:801][860]LogModuleManager: Shutting down and abandoning module MagicLeapSharedWorld (406)
[2022.10.05-08.03.34:801][860]LogModuleManager: Shutting down and abandoning module MagicLeapLightEstimation (404)
[2022.10.05-08.03.34:802][860]LogModuleManager: Shutting down and abandoning module MagicLeapHelperVulkan (402)
[2022.10.05-08.03.34:802][860]LogModuleManager: Shutting down and abandoning module MagicLeapHelperOpenGL (400)
[2022.10.05-08.03.34:803][860]LogModuleManager: Shutting down and abandoning module MagicLeapAudio (398)
[2022.10.05-08.03.34:805][860]LogModuleManager: Shutting down and abandoning module PerforceSourceControl (396)
[2022.10.05-08.03.34:806][860]LogModuleManager: Shutting down and abandoning module VisualStudioSourceCodeAccess (394)
[2022.10.05-08.03.34:806][860]LogModuleManager: Shutting down and abandoning module HotReload (393)
[2022.10.05-08.03.34:807][860]LogModuleManager: Shutting down and abandoning module VisualStudioCodeSourceCodeAccess (390)
[2022.10.05-08.03.34:807][860]LogModuleManager: Shutting down and abandoning module UObjectPlugin (388)
[2022.10.05-08.03.34:808][860]LogModuleManager: Shutting down and abandoning module SubversionSourceControl (386)
[2022.10.05-08.03.34:808][860]LogModuleManager: Shutting down and abandoning module SourceControl (385)
[2022.10.05-08.03.34:809][860]LogModuleManager: Shutting down and abandoning module CLionSourceCodeAccess (382)
[2022.10.05-08.03.34:809][860]LogModuleManager: Shutting down and abandoning module OodleNetworkHandlerComponent (380)
[2022.10.05-08.03.34:810][860]LogModuleManager: Shutting down and abandoning module LiveLinkSequencer (378)
[2022.10.05-08.03.34:811][860]LogModuleManager: Shutting down and abandoning module LiveLinkMovieScene (376)
[2022.10.05-08.03.34:811][860]LogModuleManager: Shutting down and abandoning module LiveLinkGraphNode (374)
[2022.10.05-08.03.34:812][860]LogModuleManager: Shutting down and abandoning module LiveLinkComponents (372)
[2022.10.05-08.03.34:812][860]LogModuleManager: Shutting down and abandoning module LiveLink (370)
