Log file open, 11/02/22 18:03:41
LogWindows: Failed to load 'aqProf.dll' (GetLastError=126)
LogWindows: File 'aqProf.dll' does not exist
LogWindows: Failed to load 'VtuneApi.dll' (GetLastError=126)
LogWindows: File 'VtuneApi.dll' does not exist
LogWindows: Failed to load 'VtuneApi32e.dll' (GetLastError=126)
LogWindows: File 'VtuneApi32e.dll' does not exist
LogConsoleResponse: Display: Failed to find resolution value strings in scalability ini. Falling back to default.
LogConsoleResponse: Display: Failed to find resolution value strings in scalability ini. Falling back to default.
LogInit: Display: Running engine for game: MetaMeta
LogPlatformFile: Not using cached read wrapper
LogTaskGraph: Started task graph with 5 named threads and 71 total threads with 3 sets of task threads.
LogStats: Stats thread started at 0.264824
LogICUInternationalization: ICU TimeZone Detection - Raw Offset: +9:00, Platform Override: ''
LogInit: Display: Loading text-based GConfig....
LogPluginManager: Mounting plugin MegascansPlugin
LogPluginManager: Mounting plugin MeshPainting
LogPluginManager: Mounting plugin XGEController
LogPluginManager: Mounting plugin AISupport
LogPluginManager: Mounting plugin LightPropagationVolume
LogPluginManager: Mounting plugin Paper2D
LogPluginManager: Mounting plugin EnvironmentQueryEditor
LogPluginManager: Mounting plugin LiveLink
LogPluginManager: Mounting plugin OodleData
LogPluginManager: Mounting plugin OodleNetwork
LogPluginManager: Mounting plugin AssetManagerEditor
LogPluginManager: Mounting plugin FacialAnimation
LogPluginManager: Mounting plugin GameplayTagsEditor
LogPluginManager: Mounting plugin EditorScriptingUtilities
LogPluginManager: Mounting plugin CryptoKeys
LogPluginManager: Mounting plugin GeometryMode
LogPluginManager: Mounting plugin MaterialAnalyzer
LogPluginManager: Mounting plugin PluginBrowser
LogPluginManager: Mounting plugin MobileLauncherProfileWizard
LogPluginManager: Mounting plugin CurveEditorTools
LogPluginManager: Mounting plugin SpeedTreeImporter
LogPluginManager: Mounting plugin MacGraphicsSwitching
LogPluginManager: Mounting plugin DatasmithContent
LogPluginManager: Mounting plugin DataValidation
LogPluginManager: Mounting plugin VariantManagerContent
LogPluginManager: Mounting plugin CameraShakePreviewer
LogPluginManager: Mounting plugin Niagara
LogPluginManager: Mounting plugin GameplayCameras
LogPluginManager: Mounting plugin AlembicImporter
LogPluginManager: Mounting plugin BackChannel
LogPluginManager: Mounting plugin AutomationUtils
LogPluginManager: Mounting plugin ChaosClothEditor
LogPluginManager: Mounting plugin ChaosNiagara
LogPluginManager: Mounting plugin ChaosSolverPlugin
LogPluginManager: Mounting plugin ChaosEditor
LogPluginManager: Mounting plugin ChaosCloth
LogPluginManager: Mounting plugin CharacterAI
LogPluginManager: Mounting plugin GeometryCache
LogPluginManager: Mounting plugin GeometryCollectionPlugin
LogPluginManager: Mounting plugin AnimationSharing
LogPluginManager: Mounting plugin LuminPlatformFeatures
LogPluginManager: Mounting plugin CodeLiteSourceCodeAccess
LogPluginManager: Mounting plugin GitSourceControl
LogPluginManager: Mounting plugin MagicLeap
LogPluginManager: Mounting plugin CLionSourceCodeAccess
LogPluginManager: Mounting plugin KDevelopSourceCodeAccess
LogPluginManager: Mounting plugin NullSourceCodeAccess
LogPluginManager: Mounting plugin PlasticSourceControl
LogPluginManager: Mounting plugin PixWinPlugin
LogPluginManager: Mounting plugin PerforceSourceControl
LogPluginManager: Mounting plugin PluginUtils
LogPluginManager: Mounting plugin GeometryProcessing
LogPluginManager: Mounting plugin PropertyAccessNode
LogPluginManager: Mounting plugin RiderSourceCodeAccess
LogPluginManager: Mounting plugin SubversionSourceControl
LogPluginManager: Mounting plugin TextureFormatOodle
LogPluginManager: Mounting plugin ActorSequence
LogPluginManager: Mounting plugin LevelSequenceEditor
LogPluginManager: Mounting plugin MagicLeapLightEstimation
LogPluginManager: Mounting plugin MagicLeapMedia
LogPluginManager: Mounting plugin MatineeToLevelSequence
LogPluginManager: Mounting plugin MotoSynth
LogPluginManager: Mounting plugin OpenImageDenoise
LogPluginManager: Mounting plugin PlanarCut
LogPluginManager: Mounting plugin UObjectPlugin
LogPluginManager: Mounting plugin TemplateSequence
LogPluginManager: Mounting plugin PlatformCrypto
LogPluginManager: Mounting plugin ProxyLODPlugin
LogPluginManager: Mounting plugin PythonScriptPlugin
LogPluginManager: Mounting plugin MagicLeapPassableWorld
LogPluginManager: Mounting plugin VisualStudioCodeSourceCodeAccess
LogPluginManager: Mounting plugin VisualStudioSourceCodeAccess
LogPluginManager: Mounting plugin TcpMessaging
LogPluginManager: Mounting plugin UdpMessaging
LogPluginManager: Mounting plugin XCodeSourceCodeAccess
LogPluginManager: Mounting plugin AndroidMedia
LogPluginManager: Mounting plugin AvfMedia
LogPluginManager: Mounting plugin SkeletalReduction
LogPluginManager: Mounting plugin ImgMedia
LogPluginManager: Mounting plugin MediaCompositing
LogPluginManager: Mounting plugin MLSDK
LogPluginManager: Mounting plugin MediaPlayerEditor
LogPluginManager: Mounting plugin WmfMedia
LogPluginManager: Mounting plugin WebMMedia
LogPluginManager: Mounting plugin LauncherChunkInstaller
LogPluginManager: Mounting plugin OnlineSubsystem
LogPluginManager: Mounting plugin ActorLayerUtilities
LogPluginManager: Mounting plugin AndroidDeviceProfileSelector
LogPluginManager: Mounting plugin AndroidMoviePlayer
LogPluginManager: Mounting plugin AndroidPermission
LogPluginManager: Mounting plugin AppleMoviePlayer
LogPluginManager: Mounting plugin AppleImageUtils
LogPluginManager: Mounting plugin ArchVisCharacter
LogPluginManager: Mounting plugin AssetTags
LogPluginManager: Mounting plugin AudioCapture
LogPluginManager: Mounting plugin AudioSynesthesia
LogPluginManager: Mounting plugin CableComponent
LogPluginManager: Mounting plugin ChunkDownloader
LogPluginManager: Mounting plugin CustomMeshComponent
LogPluginManager: Mounting plugin OnlineSubsystemNull
LogPluginManager: Mounting plugin EditableMesh
LogPluginManager: Mounting plugin ExampleDeviceProfileSelector
LogPluginManager: Mounting plugin OnlineSubsystemUtils
LogPluginManager: Mounting plugin GoogleCloudMessaging
LogPluginManager: Mounting plugin GooglePAD
LogPluginManager: Mounting plugin LinuxDeviceProfileSelector
LogPluginManager: Mounting plugin IOSDeviceProfileSelector
LogPluginManager: Mounting plugin MobilePatchingUtils
LogPluginManager: Mounting plugin LocationServicesBPLibrary
LogPluginManager: Mounting plugin OpenXREyeTracker
LogPluginManager: Mounting plugin OpenXR
LogPluginManager: Mounting plugin OpenXRHandTracking
LogPluginManager: Mounting plugin PhysXVehicles
LogPluginManager: Mounting plugin ScreenshotTools
LogPluginManager: Mounting plugin Takes
LogPluginManager: Mounting plugin PostSplashScreen
LogPluginManager: Mounting plugin PropertyAccessEditor
LogPluginManager: Mounting plugin ProceduralMeshComponent
LogPluginManager: Mounting plugin SignificanceManager
LogPluginManager: Mounting plugin RuntimePhysXCooking
LogPluginManager: Mounting plugin SoundFields
LogPluginManager: Mounting plugin WebMMoviePlayer
LogPluginManager: Mounting plugin Synthesis
LogPluginManager: Mounting plugin WindowsMoviePlayer
LogPluginManager: Mounting plugin ContentBrowserAssetDataSource
LogPluginManager: Mounting plugin ContentBrowserFileDataSource
LogPluginManager: Mounting plugin ContentBrowserClassDataSource
LogPluginManager: Mounting plugin OnlineSubsystemIOS
LogPluginManager: Mounting plugin OnlineSubsystemGooglePlay
LogPluginManager: Mounting plugin DatabaseSupport
LogPluginManager: Mounting plugin SQLiteSupport
LogPluginManager: Mounting plugin SQLiteCore
LogPluginManager: Mounting plugin OculusVR
LogPluginManager: Mounting plugin SteamVR
LogInit: Warning: Incompatible or missing module: MetaMeta
Running C:/Program Files/Epic Games/UE_4.27/Engine/Binaries/DotNET/UnrealBuildTool.exe Development Win64 -Project="C:/Users/sioni/Documents/GitHub/RGB_FinalProject/MetaMeta/MetaMeta.uproject" -TargetType=Editor -Progress -NoEngineChanges -NoHotReloadFromIDE
Using 'git status' to determine working set for adaptive non-unity build (C:\Users\sioni\Documents\GitHub\RGB_FinalProject).
Creating makefile for MetaMetaEditor (.uproject file is newer)
@progress push 5%
Parsing headers for MetaMetaEditor
  Running UnrealHeaderTool "C:\Users\sioni\Documents\GitHub\RGB_FinalProject\MetaMeta\MetaMeta.uproject" "C:\Users\sioni\Documents\GitHub\RGB_FinalProject\MetaMeta\Intermediate\Build\Win64\MetaMetaEditor\Development\MetaMetaEditor.uhtmanifest" -LogCmds="loginit warning, logexit warning, logdatabase error" -Unattended -WarningsAsErrors -abslog="C:\Users\sioni\AppData\Local\UnrealBuildTool\Log_UHT.txt" -installed
LogInit: Display: Loading text-based GConfig....
Reflection code generated for MetaMetaEditor in 8.6611632 seconds
@progress pop
Building MetaMetaEditor...
Using Visual Studio 2019 14.29.30133 toolchain (C:\Program Files (x86)\Microsoft Visual Studio\2019\Community\VC\Tools\MSVC\14.29.30133) and Windows 10.0.18362.0 SDK (C:\Program Files (x86)\Windows Kits\10).
Building 16 actions with 24 processes...
  @progress 'Compiling C++ source code...' 0%
  @progress 'Compiling C++ source code...' 6%
  [1/16] SharedPCH.Engine.ShadowErrors.cpp
  @progress 'Compiling C++ source code...' 12%
  [2/16] MyActor.cpp
  @progress 'Compiling C++ source code...' 19%
  [3/16] MetaMeta.init.gen.cpp
  @progress 'Compiling C++ source code...' 25%
  [4/16] MetaMeta.cpp
  @progress 'Compiling C++ source code...' 31%
  [5/16] MovingPlatform.cpp
  @progress 'Compiling C++ source code...' 38%
  [6/16] MetaMetaGameMode.cpp
  @progress 'Compiling C++ source code...' 44%
  [7/16] MyActor.gen.cpp
  @progress 'Compiling C++ source code...' 50%
  [8/16] MetaMetaGameMode.gen.cpp
  @progress 'Compiling C++ source code...' 56%
  [9/16] MovingPlatform.gen.cpp
  @progress 'Compiling C++ source code...' 62%
  [10/16] MetaMetaCharacter.gen.cpp
  @progress 'Compiling C++ source code...' 69%
  [11/16] MetangCharacterCPP.gen.cpp
  @progress 'Compiling C++ source code...' 75%
  [12/16] MetangCharacterCPP.cpp
  @progress 'Compiling C++ source code...' 81%
  [13/16] MetaMetaCharacter.cpp
  @progress 'Compiling C++ source code...' 88%
  [14/16] UE4Editor-MetaMeta.lib
     C:\Users\sioni\Documents\GitHub\RGB_FinalProject\MetaMeta\Intermediate\Build\Win64\UE4Editor\Development\MetaMeta\UE4Editor-MetaMeta.lib ???̺귯?? ?? C:\Users\sioni\Documents\GitHub\RGB_FinalProject\MetaMeta\Intermediate\Build\Win64\UE4Editor\Development\MetaMeta\UE4Editor-MetaMeta.exp ??ü?? ?????ϰ? ?ֽ??ϴ?.
  @progress 'Compiling C++ source code...' 94%
  [15/16] UE4Editor-MetaMeta.dll
     C:\Users\sioni\Documents\GitHub\RGB_FinalProject\MetaMeta\Intermediate\Build\Win64\UE4Editor\Development\MetaMeta\UE4Editor-MetaMeta.suppressed.lib ???̺귯?? ?? C:\Users\sioni\Documents\GitHub\RGB_FinalProject\MetaMeta\Intermediate\Build\Win64\UE4Editor\Development\MetaMeta\UE4Editor-MetaMeta.suppressed.exp ??ü?? ?????ϰ? ?ֽ??ϴ?.
  @progress 'Compiling C++ source code...' 100%
  [16/16] MetaMetaEditor.target
Total time in Parallel executor: 21.39 seconds
Total execution time: 32.78 seconds
PixWinPlugin: PIX capture plugin failed to initialize! Check that the process is launched from PIX.
LogInit: Using libcurl 7.55.1-DEV
LogInit:  - built for x86_64-pc-win32
LogInit:  - supports SSL with OpenSSL/1.1.1
LogInit:  - supports HTTP deflate (compression) using libz 1.2.8
LogInit:  - other features:
LogInit:      CURL_VERSION_SSL
LogInit:      CURL_VERSION_LIBZ
LogInit:      CURL_VERSION_IPV6
LogInit:      CURL_VERSION_ASYNCHDNS
LogInit:      CURL_VERSION_LARGEFILE
LogInit:      CURL_VERSION_IDN
LogInit:  CurlRequestOptions (configurable via config and command line):
LogInit:  - bVerifyPeer = true  - Libcurl will verify peer certificate
LogInit:  - bUseHttpProxy = false  - Libcurl will NOT use HTTP proxy
LogInit:  - bDontReuseConnections = false  - Libcurl will reuse connections
LogInit:  - MaxHostConnections = 16  - Libcurl will limit the number of connections to a host
LogInit:  - LocalHostAddr = Default
LogInit:  - BufferSize = 65536
LogOnline: OSS: Creating online subsystem instance for: NULL
LogInit: WinSock: version 1.1 (2.2), MaxSocks=32767, MaxUdp=65467
LogOnline: OSS: TryLoadSubsystemAndSetDefault: Loaded subsystem for module [NULL]
LogOculusPluginWrapper: OculusPlugin initialized successfully
LogHMD: Failed initializing OVRPlugin 1.59.0
LogInit: Build: ++UE4+Release-4.27-CL-18319896
LogInit: Engine Version: 4.27.2-18319896+++UE4+Release-4.27
LogInit: Compatible Engine Version: 4.27.0-17155196+++UE4+Release-4.27
LogInit: Net CL: 17155196
LogInit: OS: Windows 10 (Release 2009) (), CPU: AMD Ryzen 9 3900X 12-Core Processor            , GPU: NVIDIA GeForce RTX 2080 SUPER
LogInit: Compiled (64-bit): Nov 30 2021 07:12:08
LogInit: Compiled with Visual C++: 19.24.28315.00
LogInit: Build Configuration: Development
LogInit: Branch Name: ++UE4+Release-4.27
LogInit: Command Line:  25.12.95.58 -game -log
LogInit: Base Directory: C:/Program Files/Epic Games/UE_4.27/Engine/Binaries/Win64/
LogInit: Allocator: TBB
LogInit: Installed Engine Build: 1
LogDevObjectVersion: Number of dev versions registered: 29
LogDevObjectVersion:   Dev-Blueprints (B0D832E4-1F89-4F0D-ACCF-7EB736FD4AA2): 10
LogDevObjectVersion:   Dev-Build (E1C64328-A22C-4D53-A36C-8E866417BD8C): 0
LogDevObjectVersion:   Dev-Core (375EC13C-06E4-48FB-B500-84F0262A717E): 4
LogDevObjectVersion:   Dev-Editor (E4B068ED-F494-42E9-A231-DA0B2E46BB41): 40
LogDevObjectVersion:   Dev-Framework (CFFC743F-43B0-4480-9391-14DF171D2073): 37
LogDevObjectVersion:   Dev-Mobile (B02B49B5-BB20-44E9-A304-32B752E40360): 3
LogDevObjectVersion:   Dev-Networking (A4E4105C-59A1-49B5-A7C5-40C4547EDFEE): 0
LogDevObjectVersion:   Dev-Online (39C831C9-5AE6-47DC-9A44-9C173E1C8E7C): 0
LogDevObjectVersion:   Dev-Physics (78F01B33-EBEA-4F98-B9B4-84EACCB95AA2): 14
LogDevObjectVersion:   Dev-Platform (6631380F-2D4D-43E0-8009-CF276956A95A): 0
LogDevObjectVersion:   Dev-Rendering (12F88B9F-8875-4AFC-A67C-D90C383ABD29): 45
LogDevObjectVersion:   Dev-Sequencer (7B5AE74C-D270-4C10-A958-57980B212A5A): 13
LogDevObjectVersion:   Dev-VR (D7296918-1DD6-4BDD-9DE2-64A83CC13884): 3
LogDevObjectVersion:   Dev-LoadTimes (C2A15278-BFE7-4AFE-6C17-90FF531DF755): 1
LogDevObjectVersion:   Private-Geometry (6EACA3D4-40EC-4CC1-B786-8BED09428FC5): 3
LogDevObjectVersion:   Dev-AnimPhys (29E575DD-E0A3-4627-9D10-D276232CDCEA): 17
LogDevObjectVersion:   Dev-Anim (AF43A65D-7FD3-4947-9873-3E8ED9C1BB05): 15
LogDevObjectVersion:   Dev-ReflectionCapture (6B266CEC-1EC7-4B8F-A30B-E4D90942FC07): 1
LogDevObjectVersion:   Dev-Automation (0DF73D61-A23F-47EA-B727-89E90C41499A): 1
LogDevObjectVersion:   FortniteMain (601D1886-AC64-4F84-AA16-D3DE0DEAC7D6): 47
LogDevObjectVersion:   FortniteRelease (E7086368-6B23-4C58-8439-1B7016265E91): 1
LogDevObjectVersion:   Dev-Enterprise (9DFFBCD6-494F-0158-E221-12823C92A888): 10
LogDevObjectVersion:   Dev-Niagara (F2AED0AC-9AFE-416F-8664-AA7FFA26D6FC): 1
LogDevObjectVersion:   Dev-Destruction (174F1F0B-B4C6-45A5-B13F-2EE8D0FB917D): 10
LogDevObjectVersion:   Dev-Physics-Ext (35F94A83-E258-406C-A318-09F59610247C): 41
LogDevObjectVersion:   Dev-PhysicsMaterial-Chaos (B68FC16E-8B1B-42E2-B453-215C058844FE): 1
LogDevObjectVersion:   Dev-CineCamera (B2E18506-4273-CFC2-A54E-F4BB758BBA07): 1
LogDevObjectVersion:   Dev-VirtualProduction (64F58936-FD1B-42BA-BA96-7289D5D0FA4E): 1
LogDevObjectVersion:   Dev-MediaFramework (6F0ED827-A609-4895-9C91-998D90180EA4): 2
LogInit: Presizing for max 25165824 objects, including 0 objects not considered by GC, pre-allocating 0 bytes for permanent pool.
LogConfig: Applying CVar settings from Section [/Script/Engine.StreamingSettings] File [C:/Users/sioni/Documents/GitHub/RGB_FinalProject/MetaMeta/Saved/Config/Windows/Engine.ini]
LogConfig: Setting CVar [[s.MinBulkDataSizeForAsyncLoading:131072]]
LogConfig: Setting CVar [[s.AsyncLoadingThreadEnabled:0]]
LogConfig: Setting CVar [[s.EventDrivenLoaderEnabled:1]]
LogConfig: Setting CVar [[s.WarnIfTimeLimitExceeded:0]]
LogConfig: Setting CVar [[s.TimeLimitExceededMultiplier:1.5]]
LogConfig: Setting CVar [[s.TimeLimitExceededMinTime:0.005]]
LogConfig: Setting CVar [[s.UseBackgroundLevelStreaming:1]]
LogConfig: Setting CVar [[s.PriorityAsyncLoadingExtraTime:15.0]]
LogConfig: Setting CVar [[s.LevelStreamingActorsUpdateTimeLimit:5.0]]
LogConfig: Setting CVar [[s.PriorityLevelStreamingActorsUpdateExtraTime:5.0]]
LogConfig: Setting CVar [[s.LevelStreamingComponentsRegistrationGranularity:10]]
LogConfig: Setting CVar [[s.UnregisterComponentsTimeLimit:1.0]]
LogConfig: Setting CVar [[s.LevelStreamingComponentsUnregistrationGranularity:5]]
LogConfig: Setting CVar [[s.FlushStreamingOnExit:1]]
LogInit: Object subsystem initialized
LogConfig: Setting CVar [[con.DebugEarlyDefault:1]]
LogConfig: Setting CVar [[r.setres:1280x720]]
[2022.11.02-09.04.18:052][  0]LogConfig: Setting CVar [[con.DebugEarlyDefault:1]]
[2022.11.02-09.04.18:053][  0]LogConfig: Setting CVar [[r.setres:1280x720]]
[2022.11.02-09.04.18:054][  0]LogConfig: Applying CVar settings from Section [/Script/Engine.RendererSettings] File [C:/Users/sioni/Documents/GitHub/RGB_FinalProject/MetaMeta/Saved/Config/Windows/Engine.ini]
[2022.11.02-09.04.18:054][  0]LogConfig: Setting CVar [[r.GPUCrashDebugging:0]]
[2022.11.02-09.04.18:055][  0]LogConfig: Applying CVar settings from Section [/Script/Engine.RendererOverrideSettings] File [C:/Users/sioni/Documents/GitHub/RGB_FinalProject/MetaMeta/Saved/Config/Windows/Engine.ini]
[2022.11.02-09.04.18:055][  0]LogConfig: Applying CVar settings from Section [/Script/Engine.StreamingSettings] File [C:/Users/sioni/Documents/GitHub/RGB_FinalProject/MetaMeta/Saved/Config/Windows/Engine.ini]
[2022.11.02-09.04.18:056][  0]LogConfig: Setting CVar [[s.MinBulkDataSizeForAsyncLoading:131072]]
[2022.11.02-09.04.18:056][  0]LogConfig: Setting CVar [[s.AsyncLoadingThreadEnabled:0]]
[2022.11.02-09.04.18:057][  0]LogConfig: Setting CVar [[s.EventDrivenLoaderEnabled:1]]
[2022.11.02-09.04.18:057][  0]LogConfig: Setting CVar [[s.WarnIfTimeLimitExceeded:0]]
[2022.11.02-09.04.18:058][  0]LogConfig: Setting CVar [[s.TimeLimitExceededMultiplier:1.5]]
[2022.11.02-09.04.18:058][  0]LogConfig: Setting CVar [[s.TimeLimitExceededMinTime:0.005]]
[2022.11.02-09.04.18:059][  0]LogConfig: Setting CVar [[s.UseBackgroundLevelStreaming:1]]
[2022.11.02-09.04.18:060][  0]LogConfig: Setting CVar [[s.PriorityAsyncLoadingExtraTime:15.0]]
[2022.11.02-09.04.18:060][  0]LogConfig: Setting CVar [[s.LevelStreamingActorsUpdateTimeLimit:5.0]]
[2022.11.02-09.04.18:060][  0]LogConfig: Setting CVar [[s.PriorityLevelStreamingActorsUpdateExtraTime:5.0]]
[2022.11.02-09.04.18:061][  0]LogConfig: Setting CVar [[s.LevelStreamingComponentsRegistrationGranularity:10]]
[2022.11.02-09.04.18:062][  0]LogConfig: Setting CVar [[s.UnregisterComponentsTimeLimit:1.0]]
[2022.11.02-09.04.18:062][  0]LogConfig: Setting CVar [[s.LevelStreamingComponentsUnregistrationGranularity:5]]
[2022.11.02-09.04.18:063][  0]LogConfig: Setting CVar [[s.FlushStreamingOnExit:1]]
[2022.11.02-09.04.18:063][  0]LogConfig: Applying CVar settings from Section [/Script/Engine.GarbageCollectionSettings] File [C:/Users/sioni/Documents/GitHub/RGB_FinalProject/MetaMeta/Saved/Config/Windows/Engine.ini]
[2022.11.02-09.04.18:064][  0]LogConfig: Setting CVar [[gc.MaxObjectsNotConsideredByGC:1]]
[2022.11.02-09.04.18:064][  0]LogConfig: Setting CVar [[gc.SizeOfPermanentObjectPool:0]]
[2022.11.02-09.04.18:065][  0]LogConfig: Setting CVar [[gc.FlushStreamingOnGC:0]]
[2022.11.02-09.04.18:065][  0]LogConfig: Setting CVar [[gc.NumRetriesBeforeForcingGC:10]]
[2022.11.02-09.04.18:066][  0]LogConfig: Setting CVar [[gc.AllowParallelGC:1]]
[2022.11.02-09.04.18:066][  0]LogConfig: Setting CVar [[gc.TimeBetweenPurgingPendingKillObjects:61.1]]
[2022.11.02-09.04.18:067][  0]LogConfig: Setting CVar [[gc.MaxObjectsInEditor:25165824]]
[2022.11.02-09.04.18:068][  0]LogConfig: Setting CVar [[gc.IncrementalBeginDestroyEnabled:1]]
[2022.11.02-09.04.18:069][  0]LogConfig: Setting CVar [[gc.CreateGCClusters:1]]
[2022.11.02-09.04.18:069][  0]LogConfig: Setting CVar [[gc.MinGCClusterSize:5]]
[2022.11.02-09.04.18:070][  0]LogConfig: Setting CVar [[gc.ActorClusteringEnabled:0]]
[2022.11.02-09.04.18:070][  0]LogConfig: Setting CVar [[gc.BlueprintClusteringEnabled:0]]
[2022.11.02-09.04.18:071][  0]LogConfig: Setting CVar [[gc.UseDisregardForGCOnDedicatedServers:0]]
[2022.11.02-09.04.18:071][  0]LogConfig: Setting CVar [[gc.MultithreadedDestructionEnabled:1]]
[2022.11.02-09.04.18:071][  0]LogConfig: Applying CVar settings from Section [/Script/Engine.NetworkSettings] File [C:/Users/sioni/Documents/GitHub/RGB_FinalProject/MetaMeta/Saved/Config/Windows/Engine.ini]
[2022.11.02-09.04.18:072][  0]LogConfig: Applying CVar settings from Section [/Script/UnrealEd.CookerSettings] File [C:/Users/sioni/Documents/GitHub/RGB_FinalProject/MetaMeta/Saved/Config/Windows/Engine.ini]
[2022.11.02-09.04.18:235][  0]LogConfig: Applying CVar settings from Section [ViewDistanceQuality@3] File [C:/Users/sioni/Documents/GitHub/RGB_FinalProject/MetaMeta/Saved/Config/Windows/Scalability.ini]
[2022.11.02-09.04.18:235][  0]LogConfig: Setting CVar [[r.SkeletalMeshLODBias:0]]
[2022.11.02-09.04.18:236][  0]LogConfig: Setting CVar [[r.ViewDistanceScale:1.0]]
[2022.11.02-09.04.18:237][  0]LogConfig: Applying CVar settings from Section [AntiAliasingQuality@3] File [C:/Users/sioni/Documents/GitHub/RGB_FinalProject/MetaMeta/Saved/Config/Windows/Scalability.ini]
[2022.11.02-09.04.18:237][  0]LogConfig: Setting CVar [[r.PostProcessAAQuality:4]]
[2022.11.02-09.04.18:238][  0]LogConfig: Applying CVar settings from Section [ShadowQuality@3] File [C:/Users/sioni/Documents/GitHub/RGB_FinalProject/MetaMeta/Saved/Config/Windows/Scalability.ini]
[2022.11.02-09.04.18:238][  0]LogConfig: Setting CVar [[r.LightFunctionQuality:1]]
[2022.11.02-09.04.18:239][  0]LogConfig: Setting CVar [[r.ShadowQuality:5]]
[2022.11.02-09.04.18:239][  0]LogConfig: Setting CVar [[r.Shadow.CSM.MaxCascades:10]]
[2022.11.02-09.04.18:240][  0]LogConfig: Setting CVar [[r.Shadow.MaxResolution:2048]]
[2022.11.02-09.04.18:240][  0]LogConfig: Setting CVar [[r.Shadow.MaxCSMResolution:2048]]
[2022.11.02-09.04.18:241][  0]LogConfig: Setting CVar [[r.Shadow.RadiusThreshold:0.01]]
[2022.11.02-09.04.18:241][  0]LogConfig: Setting CVar [[r.Shadow.DistanceScale:1.0]]
[2022.11.02-09.04.18:242][  0]LogConfig: Setting CVar [[r.Shadow.CSM.TransitionScale:1.0]]
[2022.11.02-09.04.18:242][  0]LogConfig: Setting CVar [[r.Shadow.PreShadowResolutionFactor:1.0]]
[2022.11.02-09.04.18:242][  0]LogConfig: Setting CVar [[r.DistanceFieldShadowing:1]]
[2022.11.02-09.04.18:243][  0]LogConfig: Setting CVar [[r.DistanceFieldAO:1]]
[2022.11.02-09.04.18:243][  0]LogConfig: Setting CVar [[r.AOQuality:2]]
[2022.11.02-09.04.18:244][  0]LogConfig: Setting CVar [[r.VolumetricFog:1]]
[2022.11.02-09.04.18:245][  0]LogConfig: Setting CVar [[r.VolumetricFog.GridPixelSize:8]]
[2022.11.02-09.04.18:245][  0]LogConfig: Setting CVar [[r.VolumetricFog.GridSizeZ:128]]
[2022.11.02-09.04.18:246][  0]LogConfig: Setting CVar [[r.VolumetricFog.HistoryMissSupersampleCount:4]]
[2022.11.02-09.04.18:246][  0]LogConfig: Setting CVar [[r.LightMaxDrawDistanceScale:1]]
[2022.11.02-09.04.18:247][  0]LogConfig: Setting CVar [[r.CapsuleShadows:1]]
[2022.11.02-09.04.18:247][  0]LogConfig: Applying CVar settings from Section [PostProcessQuality@3] File [C:/Users/sioni/Documents/GitHub/RGB_FinalProject/MetaMeta/Saved/Config/Windows/Scalability.ini]
[2022.11.02-09.04.18:247][  0]LogConfig: Setting CVar [[r.MotionBlurQuality:4]]
[2022.11.02-09.04.18:248][  0]LogConfig: Setting CVar [[r.AmbientOcclusionMipLevelFactor:0.4]]
[2022.11.02-09.04.18:250][  0]LogConfig: Setting CVar [[r.AmbientOcclusionMaxQuality:100]]
[2022.11.02-09.04.18:250][  0]LogConfig: Setting CVar [[r.AmbientOcclusionLevels:-1]]
[2022.11.02-09.04.18:251][  0]LogConfig: Setting CVar [[r.AmbientOcclusionRadiusScale:1.0]]
[2022.11.02-09.04.18:251][  0]LogConfig: Setting CVar [[r.DepthOfFieldQuality:2]]
[2022.11.02-09.04.18:252][  0]LogConfig: Setting CVar [[r.RenderTargetPoolMin:400]]
[2022.11.02-09.04.18:252][  0]LogConfig: Setting CVar [[r.LensFlareQuality:2]]
[2022.11.02-09.04.18:253][  0]LogConfig: Setting CVar [[r.SceneColorFringeQuality:1]]
[2022.11.02-09.04.18:253][  0]LogConfig: Setting CVar [[r.EyeAdaptationQuality:2]]
[2022.11.02-09.04.18:253][  0]LogConfig: Setting CVar [[r.BloomQuality:5]]
[2022.11.02-09.04.18:254][  0]LogConfig: Setting CVar [[r.FastBlurThreshold:100]]
[2022.11.02-09.04.18:255][  0]LogConfig: Setting CVar [[r.Upscale.Quality:3]]
[2022.11.02-09.04.18:255][  0]LogConfig: Setting CVar [[r.Tonemapper.GrainQuantization:1]]
[2022.11.02-09.04.18:256][  0]LogConfig: Setting CVar [[r.LightShaftQuality:1]]
[2022.11.02-09.04.18:256][  0]LogConfig: Setting CVar [[r.Filter.SizeScale:1]]
[2022.11.02-09.04.18:257][  0]LogConfig: Setting CVar [[r.Tonemapper.Quality:5]]
[2022.11.02-09.04.18:257][  0]LogConfig: Setting CVar [[r.DOF.Gather.AccumulatorQuality:1        ; higher gathering accumulator quality]]
[2022.11.02-09.04.18:257][  0]LogConfig: Setting CVar [[r.DOF.Gather.PostfilterMethod:1          ; Median3x3 postfilering method]]
[2022.11.02-09.04.18:258][  0]LogConfig: Setting CVar [[r.DOF.Gather.EnableBokehSettings:0       ; no bokeh simulation when gathering]]
[2022.11.02-09.04.18:258][  0]LogConfig: Setting CVar [[r.DOF.Gather.RingCount:4                 ; medium number of samples when gathering]]
[2022.11.02-09.04.18:259][  0]LogConfig: Setting CVar [[r.DOF.Scatter.ForegroundCompositing:1    ; additive foreground scattering]]
[2022.11.02-09.04.18:259][  0]LogConfig: Setting CVar [[r.DOF.Scatter.BackgroundCompositing:2    ; additive background scattering]]
[2022.11.02-09.04.18:260][  0]LogConfig: Setting CVar [[r.DOF.Scatter.EnableBokehSettings:1      ; bokeh simulation when scattering]]
[2022.11.02-09.04.18:260][  0]LogConfig: Setting CVar [[r.DOF.Scatter.MaxSpriteRatio:0.1         ; only a maximum of 10% of scattered bokeh]]
[2022.11.02-09.04.18:261][  0]LogConfig: Setting CVar [[r.DOF.Recombine.Quality:1                ; cheap slight out of focus]]
[2022.11.02-09.04.18:261][  0]LogConfig: Setting CVar [[r.DOF.Recombine.EnableBokehSettings:0    ; no bokeh simulation on slight out of focus]]
[2022.11.02-09.04.18:262][  0]LogConfig: Setting CVar [[r.DOF.TemporalAAQuality:1                ; more stable temporal accumulation]]
[2022.11.02-09.04.18:262][  0]LogConfig: Setting CVar [[r.DOF.Kernel.MaxForegroundRadius:0.025]]
[2022.11.02-09.04.18:263][  0]LogConfig: Setting CVar [[r.DOF.Kernel.MaxBackgroundRadius:0.025]]
[2022.11.02-09.04.18:265][  0]LogConfig: Applying CVar settings from Section [TextureQuality@3] File [C:/Users/sioni/Documents/GitHub/RGB_FinalProject/MetaMeta/Saved/Config/Windows/Scalability.ini]
[2022.11.02-09.04.18:265][  0]LogConfig: Setting CVar [[r.Streaming.MipBias:0]]
[2022.11.02-09.04.18:266][  0]LogConfig: Setting CVar [[r.Streaming.AmortizeCPUToGPUCopy:0]]
[2022.11.02-09.04.18:266][  0]LogConfig: Setting CVar [[r.Streaming.MaxNumTexturesToStreamPerFrame:0]]
[2022.11.02-09.04.18:267][  0]LogConfig: Setting CVar [[r.Streaming.Boost:1]]
[2022.11.02-09.04.18:267][  0]LogConfig: Setting CVar [[r.MaxAnisotropy:8]]
[2022.11.02-09.04.18:268][  0]LogConfig: Setting CVar [[r.VT.MaxAnisotropy:8]]
[2022.11.02-09.04.18:268][  0]LogConfig: Setting CVar [[r.Streaming.LimitPoolSizeToVRAM:0]]
[2022.11.02-09.04.18:269][  0]LogConfig: Setting CVar [[r.Streaming.PoolSize:1000]]
[2022.11.02-09.04.18:269][  0]LogConfig: Setting CVar [[r.Streaming.MaxEffectiveScreenSize:0]]
[2022.11.02-09.04.18:270][  0]LogConfig: Applying CVar settings from Section [EffectsQuality@3] File [C:/Users/sioni/Documents/GitHub/RGB_FinalProject/MetaMeta/Saved/Config/Windows/Scalability.ini]
[2022.11.02-09.04.18:270][  0]LogConfig: Setting CVar [[r.TranslucencyLightingVolumeDim:64]]
[2022.11.02-09.04.18:271][  0]LogConfig: Setting CVar [[r.RefractionQuality:2]]
[2022.11.02-09.04.18:271][  0]LogConfig: Setting CVar [[r.SSR.Quality:3]]
[2022.11.02-09.04.18:272][  0]LogConfig: Setting CVar [[r.SSR.HalfResSceneColor:0]]
[2022.11.02-09.04.18:272][  0]LogConfig: Setting CVar [[r.SceneColorFormat:4]]
[2022.11.02-09.04.18:273][  0]LogConfig: Setting CVar [[r.DetailMode:2]]
[2022.11.02-09.04.18:273][  0]LogConfig: Setting CVar [[r.TranslucencyVolumeBlur:1]]
[2022.11.02-09.04.18:274][  0]LogConfig: Setting CVar [[r.MaterialQualityLevel:1 ; High quality]]
[2022.11.02-09.04.18:274][  0]LogConfig: Setting CVar [[r.AnisotropicMaterials:1]]
[2022.11.02-09.04.18:274][  0]LogConfig: Setting CVar [[r.SSS.Scale:1]]
[2022.11.02-09.04.18:275][  0]LogConfig: Setting CVar [[r.SSS.SampleSet:2]]
[2022.11.02-09.04.18:275][  0]LogConfig: Setting CVar [[r.SSS.Quality:1]]
[2022.11.02-09.04.18:276][  0]LogConfig: Setting CVar [[r.SSS.HalfRes:0]]
[2022.11.02-09.04.18:276][  0]LogConfig: Setting CVar [[r.SSGI.Quality:3]]
[2022.11.02-09.04.18:277][  0]LogConfig: Setting CVar [[r.EmitterSpawnRateScale:1.0]]
[2022.11.02-09.04.18:279][  0]LogConfig: Setting CVar [[r.ParticleLightQuality:2]]
[2022.11.02-09.04.18:280][  0]LogConfig: Setting CVar [[r.SkyAtmosphere.AerialPerspectiveLUT.FastApplyOnOpaque:1 ; Always have FastSkyLUT 1 in this case to avoid wrong sky]]
[2022.11.02-09.04.18:280][  0]LogConfig: Setting CVar [[r.SkyAtmosphere.AerialPerspectiveLUT.SampleCountMaxPerSlice:4]]
[2022.11.02-09.04.18:281][  0]LogConfig: Setting CVar [[r.SkyAtmosphere.AerialPerspectiveLUT.DepthResolution:16.0]]
[2022.11.02-09.04.18:281][  0]LogConfig: Setting CVar [[r.SkyAtmosphere.FastSkyLUT:1]]
[2022.11.02-09.04.18:282][  0]LogConfig: Setting CVar [[r.SkyAtmosphere.FastSkyLUT.SampleCountMin:4.0]]
[2022.11.02-09.04.18:282][  0]LogConfig: Setting CVar [[r.SkyAtmosphere.FastSkyLUT.SampleCountMax:128.0]]
[2022.11.02-09.04.18:283][  0]LogConfig: Setting CVar [[r.SkyAtmosphere.SampleCountMin:4.0]]
[2022.11.02-09.04.18:283][  0]LogConfig: Setting CVar [[r.SkyAtmosphere.SampleCountMax:128.0]]
[2022.11.02-09.04.18:284][  0]LogConfig: Setting CVar [[r.SkyAtmosphere.TransmittanceLUT.UseSmallFormat:0]]
[2022.11.02-09.04.18:285][  0]LogConfig: Setting CVar [[r.SkyAtmosphere.TransmittanceLUT.SampleCount:10.0]]
[2022.11.02-09.04.18:285][  0]LogConfig: Setting CVar [[r.SkyAtmosphere.MultiScatteringLUT.SampleCount:15.0]]
[2022.11.02-09.04.18:286][  0]LogConfig: Setting CVar [[r.SkyLight.RealTimeReflectionCapture:1]]
[2022.11.02-09.04.18:286][  0]LogConfig: Applying CVar settings from Section [FoliageQuality@3] File [C:/Users/sioni/Documents/GitHub/RGB_FinalProject/MetaMeta/Saved/Config/Windows/Scalability.ini]
[2022.11.02-09.04.18:287][  0]LogConfig: Setting CVar [[foliage.DensityScale:1.0]]
[2022.11.02-09.04.18:287][  0]LogConfig: Setting CVar [[grass.DensityScale:1.0]]
[2022.11.02-09.04.18:287][  0]LogConfig: Applying CVar settings from Section [ShadingQuality@3] File [C:/Users/sioni/Documents/GitHub/RGB_FinalProject/MetaMeta/Saved/Config/Windows/Scalability.ini]
[2022.11.02-09.04.18:288][  0]LogConfig: Setting CVar [[r.HairStrands.SkyLighting.IntegrationType:2]]
[2022.11.02-09.04.18:289][  0]LogConfig: Setting CVar [[r.HairStrands.SkyAO.SampleCount:4]]
[2022.11.02-09.04.18:289][  0]LogConfig: Setting CVar [[r.HairStrands.Visibility.MSAA.SamplePerPixel:4]]
[2022.11.02-09.04.18:290][  0]LogInit: Selected Device Profile: [Windows]
[2022.11.02-09.04.18:290][  0]LogInit: Applying CVar settings loaded from the selected device profile: [Windows]
[2022.11.02-09.04.18:291][  0]LogHAL: Display: Platform has ~ 32 GB [34285031424 / 34359738368 / 32], which maps to Largest [LargestMinGB=32, LargerMinGB=12, DefaultMinGB=8, SmallerMinGB=6, SmallestMinGB=0)
[2022.11.02-09.04.18:291][  0]LogInit: Going up to parent DeviceProfile []
[2022.11.02-09.04.18:292][  0]LogConfig: Applying CVar settings from Section [ViewDistanceQuality@3] File [C:/Users/sioni/Documents/GitHub/RGB_FinalProject/MetaMeta/Saved/Config/Windows/Scalability.ini]
[2022.11.02-09.04.18:292][  0]LogConfig: Setting CVar [[r.SkeletalMeshLODBias:0]]
[2022.11.02-09.04.18:293][  0]LogConfig: Setting CVar [[r.ViewDistanceScale:1.0]]
[2022.11.02-09.04.18:295][  0]LogConfig: Applying CVar settings from Section [AntiAliasingQuality@3] File [C:/Users/sioni/Documents/GitHub/RGB_FinalProject/MetaMeta/Saved/Config/Windows/Scalability.ini]
[2022.11.02-09.04.18:295][  0]LogConfig: Setting CVar [[r.PostProcessAAQuality:4]]
[2022.11.02-09.04.18:296][  0]LogConfig: Applying CVar settings from Section [ShadowQuality@3] File [C:/Users/sioni/Documents/GitHub/RGB_FinalProject/MetaMeta/Saved/Config/Windows/Scalability.ini]
[2022.11.02-09.04.18:296][  0]LogConfig: Setting CVar [[r.LightFunctionQuality:1]]
[2022.11.02-09.04.18:297][  0]LogConfig: Setting CVar [[r.ShadowQuality:5]]
[2022.11.02-09.04.18:297][  0]LogConfig: Setting CVar [[r.Shadow.CSM.MaxCascades:10]]
[2022.11.02-09.04.18:298][  0]LogConfig: Setting CVar [[r.Shadow.MaxResolution:2048]]
[2022.11.02-09.04.18:298][  0]LogConfig: Setting CVar [[r.Shadow.MaxCSMResolution:2048]]
[2022.11.02-09.04.18:299][  0]LogConfig: Setting CVar [[r.Shadow.RadiusThreshold:0.01]]
[2022.11.02-09.04.18:299][  0]LogConfig: Setting CVar [[r.Shadow.DistanceScale:1.0]]
[2022.11.02-09.04.18:300][  0]LogConfig: Setting CVar [[r.Shadow.CSM.TransitionScale:1.0]]
[2022.11.02-09.04.18:300][  0]LogConfig: Setting CVar [[r.Shadow.PreShadowResolutionFactor:1.0]]
[2022.11.02-09.04.18:301][  0]LogConfig: Setting CVar [[r.DistanceFieldShadowing:1]]
[2022.11.02-09.04.18:301][  0]LogConfig: Setting CVar [[r.DistanceFieldAO:1]]
[2022.11.02-09.04.18:302][  0]LogConfig: Setting CVar [[r.AOQuality:2]]
[2022.11.02-09.04.18:302][  0]LogConfig: Setting CVar [[r.VolumetricFog:1]]
[2022.11.02-09.04.18:302][  0]LogConfig: Setting CVar [[r.VolumetricFog.GridPixelSize:8]]
[2022.11.02-09.04.18:303][  0]LogConfig: Setting CVar [[r.VolumetricFog.GridSizeZ:128]]
[2022.11.02-09.04.18:303][  0]LogConfig: Setting CVar [[r.VolumetricFog.HistoryMissSupersampleCount:4]]
[2022.11.02-09.04.18:304][  0]LogConfig: Setting CVar [[r.LightMaxDrawDistanceScale:1]]
[2022.11.02-09.04.18:304][  0]LogConfig: Setting CVar [[r.CapsuleShadows:1]]
[2022.11.02-09.04.18:305][  0]LogConfig: Applying CVar settings from Section [PostProcessQuality@3] File [C:/Users/sioni/Documents/GitHub/RGB_FinalProject/MetaMeta/Saved/Config/Windows/Scalability.ini]
[2022.11.02-09.04.18:305][  0]LogConfig: Setting CVar [[r.MotionBlurQuality:4]]
[2022.11.02-09.04.18:306][  0]LogConfig: Setting CVar [[r.AmbientOcclusionMipLevelFactor:0.4]]
[2022.11.02-09.04.18:306][  0]LogConfig: Setting CVar [[r.AmbientOcclusionMaxQuality:100]]
[2022.11.02-09.04.18:307][  0]LogConfig: Setting CVar [[r.AmbientOcclusionLevels:-1]]
[2022.11.02-09.04.18:307][  0]LogConfig: Setting CVar [[r.AmbientOcclusionRadiusScale:1.0]]
[2022.11.02-09.04.18:308][  0]LogConfig: Setting CVar [[r.DepthOfFieldQuality:2]]
[2022.11.02-09.04.18:309][  0]LogConfig: Setting CVar [[r.RenderTargetPoolMin:400]]
[2022.11.02-09.04.18:310][  0]LogConfig: Setting CVar [[r.LensFlareQuality:2]]
[2022.11.02-09.04.18:310][  0]LogConfig: Setting CVar [[r.SceneColorFringeQuality:1]]
[2022.11.02-09.04.18:311][  0]LogConfig: Setting CVar [[r.EyeAdaptationQuality:2]]
[2022.11.02-09.04.18:311][  0]LogConfig: Setting CVar [[r.BloomQuality:5]]
[2022.11.02-09.04.18:312][  0]LogConfig: Setting CVar [[r.FastBlurThreshold:100]]
[2022.11.02-09.04.18:312][  0]LogConfig: Setting CVar [[r.Upscale.Quality:3]]
[2022.11.02-09.04.18:313][  0]LogConfig: Setting CVar [[r.Tonemapper.GrainQuantization:1]]
[2022.11.02-09.04.18:313][  0]LogConfig: Setting CVar [[r.LightShaftQuality:1]]
[2022.11.02-09.04.18:314][  0]LogConfig: Setting CVar [[r.Filter.SizeScale:1]]
[2022.11.02-09.04.18:314][  0]LogConfig: Setting CVar [[r.Tonemapper.Quality:5]]
[2022.11.02-09.04.18:314][  0]LogConfig: Setting CVar [[r.DOF.Gather.AccumulatorQuality:1        ; higher gathering accumulator quality]]
[2022.11.02-09.04.18:315][  0]LogConfig: Setting CVar [[r.DOF.Gather.PostfilterMethod:1          ; Median3x3 postfilering method]]
[2022.11.02-09.04.18:315][  0]LogConfig: Setting CVar [[r.DOF.Gather.EnableBokehSettings:0       ; no bokeh simulation when gathering]]
[2022.11.02-09.04.18:316][  0]LogConfig: Setting CVar [[r.DOF.Gather.RingCount:4                 ; medium number of samples when gathering]]
[2022.11.02-09.04.18:316][  0]LogConfig: Setting CVar [[r.DOF.Scatter.ForegroundCompositing:1    ; additive foreground scattering]]
[2022.11.02-09.04.18:317][  0]LogConfig: Setting CVar [[r.DOF.Scatter.BackgroundCompositing:2    ; additive background scattering]]
[2022.11.02-09.04.18:317][  0]LogConfig: Setting CVar [[r.DOF.Scatter.EnableBokehSettings:1      ; bokeh simulation when scattering]]
[2022.11.02-09.04.18:317][  0]LogConfig: Setting CVar [[r.DOF.Scatter.MaxSpriteRatio:0.1         ; only a maximum of 10% of scattered bokeh]]
[2022.11.02-09.04.18:318][  0]LogConfig: Setting CVar [[r.DOF.Recombine.Quality:1                ; cheap slight out of focus]]
[2022.11.02-09.04.18:318][  0]LogConfig: Setting CVar [[r.DOF.Recombine.EnableBokehSettings:0    ; no bokeh simulation on slight out of focus]]
[2022.11.02-09.04.18:319][  0]LogConfig: Setting CVar [[r.DOF.TemporalAAQuality:1                ; more stable temporal accumulation]]
[2022.11.02-09.04.18:319][  0]LogConfig: Setting CVar [[r.DOF.Kernel.MaxForegroundRadius:0.025]]
[2022.11.02-09.04.18:320][  0]LogConfig: Setting CVar [[r.DOF.Kernel.MaxBackgroundRadius:0.025]]
[2022.11.02-09.04.18:320][  0]LogConfig: Applying CVar settings from Section [TextureQuality@3] File [C:/Users/sioni/Documents/GitHub/RGB_FinalProject/MetaMeta/Saved/Config/Windows/Scalability.ini]
[2022.11.02-09.04.18:321][  0]LogConfig: Setting CVar [[r.Streaming.MipBias:0]]
[2022.11.02-09.04.18:322][  0]LogConfig: Setting CVar [[r.Streaming.AmortizeCPUToGPUCopy:0]]
[2022.11.02-09.04.18:322][  0]LogConfig: Setting CVar [[r.Streaming.MaxNumTexturesToStreamPerFrame:0]]
[2022.11.02-09.04.18:322][  0]LogConfig: Setting CVar [[r.Streaming.Boost:1]]
[2022.11.02-09.04.18:323][  0]LogConfig: Setting CVar [[r.MaxAnisotropy:8]]
[2022.11.02-09.04.18:325][  0]LogConfig: Setting CVar [[r.VT.MaxAnisotropy:8]]
[2022.11.02-09.04.18:325][  0]LogConfig: Setting CVar [[r.Streaming.LimitPoolSizeToVRAM:0]]
[2022.11.02-09.04.18:326][  0]LogConfig: Setting CVar [[r.Streaming.PoolSize:1000]]
[2022.11.02-09.04.18:327][  0]LogConfig: Setting CVar [[r.Streaming.MaxEffectiveScreenSize:0]]
[2022.11.02-09.04.18:327][  0]LogConfig: Applying CVar settings from Section [EffectsQuality@3] File [C:/Users/sioni/Documents/GitHub/RGB_FinalProject/MetaMeta/Saved/Config/Windows/Scalability.ini]
[2022.11.02-09.04.18:328][  0]LogConfig: Setting CVar [[r.TranslucencyLightingVolumeDim:64]]
[2022.11.02-09.04.18:328][  0]LogConfig: Setting CVar [[r.RefractionQuality:2]]
[2022.11.02-09.04.18:329][  0]LogConfig: Setting CVar [[r.SSR.Quality:3]]
[2022.11.02-09.04.18:329][  0]LogConfig: Setting CVar [[r.SSR.HalfResSceneColor:0]]
[2022.11.02-09.04.18:330][  0]LogConfig: Setting CVar [[r.SceneColorFormat:4]]
[2022.11.02-09.04.18:330][  0]LogConfig: Setting CVar [[r.DetailMode:2]]
[2022.11.02-09.04.18:330][  0]LogConfig: Setting CVar [[r.TranslucencyVolumeBlur:1]]
[2022.11.02-09.04.18:331][  0]LogConfig: Setting CVar [[r.MaterialQualityLevel:1 ; High quality]]
[2022.11.02-09.04.18:331][  0]LogConfig: Setting CVar [[r.AnisotropicMaterials:1]]
[2022.11.02-09.04.18:332][  0]LogConfig: Setting CVar [[r.SSS.Scale:1]]
[2022.11.02-09.04.18:332][  0]LogConfig: Setting CVar [[r.SSS.SampleSet:2]]
[2022.11.02-09.04.18:332][  0]LogConfig: Setting CVar [[r.SSS.Quality:1]]
[2022.11.02-09.04.18:333][  0]LogConfig: Setting CVar [[r.SSS.HalfRes:0]]
[2022.11.02-09.04.18:333][  0]LogConfig: Setting CVar [[r.SSGI.Quality:3]]
[2022.11.02-09.04.18:334][  0]LogConfig: Setting CVar [[r.EmitterSpawnRateScale:1.0]]
[2022.11.02-09.04.18:334][  0]LogConfig: Setting CVar [[r.ParticleLightQuality:2]]
[2022.11.02-09.04.18:334][  0]LogConfig: Setting CVar [[r.SkyAtmosphere.AerialPerspectiveLUT.FastApplyOnOpaque:1 ; Always have FastSkyLUT 1 in this case to avoid wrong sky]]
[2022.11.02-09.04.18:335][  0]LogConfig: Setting CVar [[r.SkyAtmosphere.AerialPerspectiveLUT.SampleCountMaxPerSlice:4]]
[2022.11.02-09.04.18:336][  0]LogConfig: Setting CVar [[r.SkyAtmosphere.AerialPerspectiveLUT.DepthResolution:16.0]]
[2022.11.02-09.04.18:336][  0]LogConfig: Setting CVar [[r.SkyAtmosphere.FastSkyLUT:1]]
[2022.11.02-09.04.18:337][  0]LogConfig: Setting CVar [[r.SkyAtmosphere.FastSkyLUT.SampleCountMin:4.0]]
[2022.11.02-09.04.18:337][  0]LogConfig: Setting CVar [[r.SkyAtmosphere.FastSkyLUT.SampleCountMax:128.0]]
[2022.11.02-09.04.18:337][  0]LogConfig: Setting CVar [[r.SkyAtmosphere.SampleCountMin:4.0]]
[2022.11.02-09.04.18:338][  0]LogConfig: Setting CVar [[r.SkyAtmosphere.SampleCountMax:128.0]]
[2022.11.02-09.04.18:340][  0]LogConfig: Setting CVar [[r.SkyAtmosphere.TransmittanceLUT.UseSmallFormat:0]]
[2022.11.02-09.04.18:340][  0]LogConfig: Setting CVar [[r.SkyAtmosphere.TransmittanceLUT.SampleCount:10.0]]
[2022.11.02-09.04.18:341][  0]LogConfig: Setting CVar [[r.SkyAtmosphere.MultiScatteringLUT.SampleCount:15.0]]
[2022.11.02-09.04.18:341][  0]LogConfig: Setting CVar [[r.SkyLight.RealTimeReflectionCapture:1]]
[2022.11.02-09.04.18:342][  0]LogConfig: Applying CVar settings from Section [FoliageQuality@3] File [C:/Users/sioni/Documents/GitHub/RGB_FinalProject/MetaMeta/Saved/Config/Windows/Scalability.ini]
[2022.11.02-09.04.18:342][  0]LogConfig: Setting CVar [[foliage.DensityScale:1.0]]
[2022.11.02-09.04.18:343][  0]LogConfig: Setting CVar [[grass.DensityScale:1.0]]
[2022.11.02-09.04.18:343][  0]LogConfig: Applying CVar settings from Section [ShadingQuality@3] File [C:/Users/sioni/Documents/GitHub/RGB_FinalProject/MetaMeta/Saved/Config/Windows/Scalability.ini]
[2022.11.02-09.04.18:344][  0]LogConfig: Setting CVar [[r.HairStrands.SkyLighting.IntegrationType:2]]
[2022.11.02-09.04.18:344][  0]LogConfig: Setting CVar [[r.HairStrands.SkyAO.SampleCount:4]]
[2022.11.02-09.04.18:345][  0]LogConfig: Setting CVar [[r.HairStrands.Visibility.MSAA.SamplePerPixel:4]]
[2022.11.02-09.04.18:345][  0]LogConfig: Applying CVar settings from Section [Startup] File [../../../Engine/Config/ConsoleVariables.ini]
[2022.11.02-09.04.18:347][  0]LogConfig: Setting CVar [[net.UseAdaptiveNetUpdateFrequency:0]]
[2022.11.02-09.04.18:347][  0]LogConfig: Setting CVar [[p.chaos.AllowCreatePhysxBodies:1]]
[2022.11.02-09.04.18:347][  0]LogConfig: Setting CVar [[fx.SkipVectorVMBackendOptimizations:1]]
[2022.11.02-09.04.18:348][  0]LogConfig: Applying CVar settings from Section [ConsoleVariables] File [C:/Users/sioni/Documents/GitHub/RGB_FinalProject/MetaMeta/Saved/Config/Windows/Engine.ini]
[2022.11.02-09.04.18:348][  0]LogConfig: Applying CVar settings from Section [ConsoleVariables] File [C:/Users/sioni/Documents/GitHub/RGB_FinalProject/MetaMeta/Saved/Config/Windows/Editor.ini]
[2022.11.02-09.04.18:349][  0]LogInit: Computer: DESKTOP-OQE3C1A
[2022.11.02-09.04.18:349][  0]LogInit: User: sioni
[2022.11.02-09.04.18:350][  0]LogInit: CPU Page size=4096, Cores=12
[2022.11.02-09.04.18:350][  0]LogInit: High frequency timer resolution =10.000000 MHz
[2022.11.02-09.04.18:351][  0]LogMemory: Memory total: Physical=31.9GB (32GB approx)
[2022.11.02-09.04.18:351][  0]LogMemory: Platform Memory Stats for Windows
[2022.11.02-09.04.18:351][  0]LogMemory: Process Physical Memory: 158.85 MB used, 158.86 MB peak
[2022.11.02-09.04.18:352][  0]LogMemory: Process Virtual Memory: 133.30 MB used, 133.30 MB peak
[2022.11.02-09.04.18:352][  0]LogMemory: Physical Memory: 9481.98 MB used,  23214.78 MB free, 32696.75 MB total
[2022.11.02-09.04.18:353][  0]LogMemory: Virtual Memory: 134194528.00 MB used,  23198.11 MB free, 134217728.00 MB total
[2022.11.02-09.04.18:364][  0]LogWindows: WindowsPlatformFeatures enabled
[2022.11.02-09.04.18:733][  0]LogInit: Physics initialised using underlying interface: PhysX
[2022.11.02-09.04.18:739][  0]LogInit: Using OS detected language (ko-KR).
[2022.11.02-09.04.18:739][  0]LogInit: Using OS detected locale (ko-KR).
[2022.11.02-09.04.18:747][  0]LogTextLocalizationManager: No specific localization for 'ko-KR' exists, so the 'ko' localization will be used.
[2022.11.02-09.04.18:910][  0]LogWindowsTextInputMethodSystem: Display: IME system deactivated.
[2022.11.02-09.04.19:153][  0]LogSlate: New Slate User Created.  User Index 0, Is Virtual User: 0
[2022.11.02-09.04.19:153][  0]LogSlate: Slate User Registered.  User Index 0, Is Virtual User: 0
[2022.11.02-09.04.19:341][  0]LogD3D11RHI: Loaded GFSDK_Aftermath_Lib.x64.dll
[2022.11.02-09.04.19:348][  0]LogHMD: Failed to initialize OpenVR with code 110
[2022.11.02-09.04.19:348][  0]LogD3D11RHI: D3D11 min allowed feature level: 11_0
[2022.11.02-09.04.19:349][  0]LogD3D11RHI: D3D11 max allowed feature level: 11_0
[2022.11.02-09.04.19:349][  0]LogD3D11RHI: D3D11 adapters:
[2022.11.02-09.04.19:503][  0]LogD3D11RHI:    0. 'NVIDIA GeForce RTX 2080 SUPER' (Feature Level 11_0)
[2022.11.02-09.04.19:503][  0]LogD3D11RHI:       8010/0/16348 MB DedicatedVideo/DedicatedSystem/SharedSystem, Outputs:2, VendorId:0x10de
[2022.11.02-09.04.19:507][  0]LogD3D11RHI:    1. 'Microsoft Basic Render Driver' (Feature Level 11_0)
[2022.11.02-09.04.19:507][  0]LogD3D11RHI:       0/0/16348 MB DedicatedVideo/DedicatedSystem/SharedSystem, Outputs:0, VendorId:0x1414
[2022.11.02-09.04.19:508][  0]LogD3D11RHI: Chosen D3D11 Adapter:
[2022.11.02-09.04.19:508][  0]LogD3D11RHI:     Description : NVIDIA GeForce RTX 2080 SUPER
[2022.11.02-09.04.19:509][  0]LogD3D11RHI:     VendorId    : 10de
[2022.11.02-09.04.19:510][  0]LogD3D11RHI:     DeviceId    : 1e81
[2022.11.02-09.04.19:510][  0]LogD3D11RHI:     SubSysId    : 13a110de
[2022.11.02-09.04.19:510][  0]LogD3D11RHI:     Revision    : 00a1
[2022.11.02-09.04.19:511][  0]LogD3D11RHI:     DedicatedVideoMemory : 8399093760 bytes
[2022.11.02-09.04.19:511][  0]LogD3D11RHI:     DedicatedSystemMemory : 0 bytes
[2022.11.02-09.04.19:512][  0]LogD3D11RHI:     SharedSystemMemory : 17142515712 bytes
[2022.11.02-09.04.19:512][  0]LogD3D11RHI:     AdapterLuid : 0 64138
[2022.11.02-09.04.19:519][  0]LogD3D11RHI: Creating new Direct3DDevice
[2022.11.02-09.04.19:519][  0]LogD3D11RHI:     GPU DeviceId: 0x1e81 (for the marketing name, search the web for "GPU Device Id")
[2022.11.02-09.04.19:519][  0]LogWindows: EnumDisplayDevices:
[2022.11.02-09.04.19:520][  0]LogWindows:    0. 'NVIDIA GeForce RTX 2080 SUPER' (P:1 D:1)
[2022.11.02-09.04.19:521][  0]LogWindows:    1. 'NVIDIA GeForce RTX 2080 SUPER' (P:0 D:1)
[2022.11.02-09.04.19:522][  0]LogWindows:    2. 'NVIDIA GeForce RTX 2080 SUPER' (P:0 D:0)
[2022.11.02-09.04.19:523][  0]LogWindows:    3. 'NVIDIA GeForce RTX 2080 SUPER' (P:0 D:0)
[2022.11.02-09.04.19:524][  0]LogWindows: DebugString: FoundDriverCount:4 
[2022.11.02-09.04.19:525][  0]LogD3D11RHI:     Adapter Name: NVIDIA GeForce RTX 2080 SUPER
[2022.11.02-09.04.19:525][  0]LogD3D11RHI:   Driver Version: 522.25 (internal:31.0.15.2225, unified:522.25)
[2022.11.02-09.04.19:526][  0]LogD3D11RHI:      Driver Date: 10-6-2022
[2022.11.02-09.04.19:526][  0]LogRHI: Texture pool is 5607 MB (70% of 8010 MB)
[2022.11.02-09.04.19:527][  0]LogD3D11RHI: Creating D3DDevice using adapter:
[2022.11.02-09.04.19:527][  0]LogD3D11RHI:     Description : NVIDIA GeForce RTX 2080 SUPER
[2022.11.02-09.04.19:528][  0]LogD3D11RHI:     VendorId    : 10de
[2022.11.02-09.04.19:528][  0]LogD3D11RHI:     DeviceId    : 1e81
[2022.11.02-09.04.19:528][  0]LogD3D11RHI:     SubSysId    : 13a110de
[2022.11.02-09.04.19:529][  0]LogD3D11RHI:     Revision    : 00a1
[2022.11.02-09.04.19:530][  0]LogD3D11RHI:     DedicatedVideoMemory : 8399093760 bytes
[2022.11.02-09.04.19:530][  0]LogD3D11RHI:     DedicatedSystemMemory : 0 bytes
[2022.11.02-09.04.19:530][  0]LogD3D11RHI:     SharedSystemMemory : 17142515712 bytes
[2022.11.02-09.04.19:531][  0]LogD3D11RHI:     AdapterLuid : 0 64138
[2022.11.02-09.04.19:593][  0]LogD3D11RHI: RHI has support for 64 bit atomics
[2022.11.02-09.04.19:594][  0]LogD3D11RHI: Async texture creation enabled
[2022.11.02-09.04.19:594][  0]LogD3D11RHI: Array index from any shader is supported
[2022.11.02-09.04.19:630][  0]LogD3D11RHI: GPU Timing Frequency: 1000.000000 (Debug: 2 2)
[2022.11.02-09.04.19:707][  0]LogRHI: GeForceNow SDK initialized: 1
[2022.11.02-09.04.20:013][  0]LogTargetPlatformManager: Display: Loaded TargetPlatform 'WindowsNoEditor'
[2022.11.02-09.04.20:020][  0]LogTargetPlatformManager: Display: Loaded TargetPlatform 'Windows'
[2022.11.02-09.04.20:026][  0]LogTargetPlatformManager: Display: Loaded TargetPlatform 'WindowsClient'
[2022.11.02-09.04.20:033][  0]LogTargetPlatformManager: Display: Loaded TargetPlatform 'WindowsServer'
[2022.11.02-09.04.20:033][  0]LogTargetPlatformManager: Display: Building Assets For Windows
[2022.11.02-09.04.20:075][  0]LogAudioDebug: Display: Lib vorbis DLL was dynamically loaded.
[2022.11.02-09.04.20:159][  0]LogTextureFormatOodle: Display: Oodle Texture 2.9.0 init RDO Off
[2022.11.02-09.04.20:242][  0]LogRendererCore: Ray tracing is disabled. Reason: r.RayTracing=0.
[2022.11.02-09.04.20:242][  0]LogShaderCompilers: Guid format shader working directory is -26 characters bigger than the processId version (../../../../../../Users/sioni/Documents/GitHub/RGB_FinalProject/MetaMeta/Intermediate/Shaders/WorkingDirectory/8680/).
[2022.11.02-09.04.20:243][  0]LogShaderCompilers: Cleaned the shader compiler working directory 'C:/Users/sioni/AppData/Local/Temp/UnrealShaderWorkingDir/A487C372487BB452884382B4BFB9DDE0/'.
[2022.11.02-09.04.20:244][  0]LogXGEController: Cannot use XGE Controller as Incredibuild is not installed on this machine.
[2022.11.02-09.04.20:244][  0]LogShaderCompilers: Cannot use XGE Shader Compiler as Incredibuild is not installed on this machine.
[2022.11.02-09.04.20:245][  0]LogShaderCompilers: Display: Using Local Shader Compiler.
[2022.11.02-09.04.22:384][  0]LogDerivedDataCache: Display: Max Cache Size: 512 MB
[2022.11.02-09.04.22:431][  0]LogDerivedDataCache: Loaded boot cache 0.05s 95MB C:/Users/sioni/AppData/Local/UnrealEngine/4.27/DerivedDataCache/Boot.ddc.
[2022.11.02-09.04.22:432][  0]LogDerivedDataCache: Display: Loaded Boot cache: C:/Users/sioni/AppData/Local/UnrealEngine/4.27/DerivedDataCache/Boot.ddc
[2022.11.02-09.04.22:433][  0]LogDerivedDataCache: FDerivedDataBackendGraph:  Pak pak cache file ../../../../../../Users/sioni/Documents/GitHub/RGB_FinalProject/MetaMeta/DerivedDataCache/DDC.ddp not found, will not use a pak cache.
[2022.11.02-09.04.22:433][  0]LogDerivedDataCache: Unable to find inner node Pak for hierarchical cache Hierarchy.
[2022.11.02-09.04.22:434][  0]LogDerivedDataCache: FDerivedDataBackendGraph:  CompressedPak pak cache file ../../../../../../Users/sioni/Documents/GitHub/RGB_FinalProject/MetaMeta/DerivedDataCache/Compressed.ddp not found, will not use a pak cache.
[2022.11.02-09.04.22:434][  0]LogDerivedDataCache: Unable to find inner node CompressedPak for hierarchical cache Hierarchy.
[2022.11.02-09.04.22:458][  0]LogDerivedDataCache: Display: Pak cache opened for reading ../../../Engine/DerivedDataCache/Compressed.ddp.
[2022.11.02-09.04.22:458][  0]LogDerivedDataCache: FDerivedDataBackendGraph:  EnterprisePak pak cache file ../../../Enterprise/DerivedDataCache/Compressed.ddp not found, will not use a pak cache.
[2022.11.02-09.04.22:458][  0]LogDerivedDataCache: Unable to find inner node EnterprisePak for hierarchical cache Hierarchy.
[2022.11.02-09.04.22:472][  0]LogDerivedDataCache: Speed tests for C:/Users/sioni/AppData/Local/UnrealEngine/Common/DerivedDataCache took 0.01 seconds
[2022.11.02-09.04.22:472][  0]LogDerivedDataCache: Display: Performance to C:/Users/sioni/AppData/Local/UnrealEngine/Common/DerivedDataCache: Latency=0.06ms. RandomReadSpeed=253.83MBs, RandomWriteSpeed=115.71MBs. Assigned SpeedClass 'Local'
[2022.11.02-09.04.22:473][  0]LogDerivedDataCache: Using Local data cache path C:/Users/sioni/AppData/Local/UnrealEngine/Common/DerivedDataCache: Writable
[2022.11.02-09.04.22:473][  0]LogDerivedDataCache: Shared data cache path not found in *engine.ini, will not use an Shared cache.
[2022.11.02-09.04.22:474][  0]LogDerivedDataCache: Unable to find inner node Shared for hierarchical cache Hierarchy.
[2022.11.02-09.04.22:505][  0]LogSlate: Using FreeType 2.10.0
[2022.11.02-09.04.22:512][  0]LogSlate: SlateFontServices - WITH_FREETYPE: 1, WITH_HARFBUZZ: 1
[2022.11.02-09.04.22:594][  0]LogInit: Using OS detected language (ko-KR).
[2022.11.02-09.04.22:594][  0]LogInit: Using OS detected locale (ko-KR).
[2022.11.02-09.04.22:594][  0]LogTextLocalizationManager: No localization for 'ko-KR' exists, so 'en' will be used for the language.
[2022.11.02-09.04.22:595][  0]LogTextLocalizationManager: No localization for 'ko-KR' exists, so 'en' will be used for the locale.
[2022.11.02-09.04.22:596][  0]LogSlate: FontCache flush requested. Reason: Culture for localization was changed
[2022.11.02-09.04.22:596][  0]LogSlate: FontCache flush requested. Reason: Culture for localization was changed
[2022.11.02-09.04.22:600][  0]LogAssetRegistry: FAssetRegistry took 0.0020 seconds to start up
[2022.11.02-09.04.22:777][  0]LogTextLocalizationManager: Compacting localization data took   0.00ms
[2022.11.02-09.04.22:777][  0]LogPackageLocalizationCache: Processed 28 localized package path(s) for 1 prioritized culture(s) in 0.036094 seconds
[2022.11.02-09.04.22:855][  0]LogInit: Selected Device Profile: [Windows]
[2022.11.02-09.04.22:855][  0]LogInit: Active device profile: [0000020E5E5FBF00][0000020E57B3A5C0 49] Windows
[2022.11.02-09.04.22:856][  0]LogInit: Profiles: [0000020E5E5FBF00][0000020E57B3A5C0 49] Windows, [0000020E5E60BF00][0000020E57B42740 49] WindowsNoEditor, [0000020E5E5F8200][0000020E57B468C0 49] WindowsServer, [0000020E5E60A300][0000020E57B4AA40 49] WindowsClient, [0000020E5E5F9C00][0000020E57B4EBC0 49] IOS, [0000020E5E60B300][0000020E57B52D40 49] iPadAir, [0000020E5E5FA000][0000020E57B56EC0 49] iPadAir2, [0000020E5E5B0500][0000020E57B5F180 49] IPadPro, [0000020E5E5B0600][0000020E57B5B1C0 49] iPadAir3, [0000020E5E5FB900][0000020E57B63340 49] iPadAir4, [0000020E5E5B3C00][0000020E57B674C0 49] iPadMini2, [0000020E5E5F8600][0000020E56E71640 49] iPadMini3, [0000020E5E5B1400][0000020E57B3F780 49] iPadMini4, [0000020E5E5FB100][0000020E56E758C0 49] iPadMini5, [0000020E5E59FD00][0000020E56E7DB00 49] iPhone6, [0000020E5E59FE00][0000020E56E79B40 49] iPodTouch6, [0000020E5E5B3400][0000020E56E88280 49] iPhone7, [0000020E5E5B3500][0000020E56E842C0 49] iPodTouch7, [0000020E5E59C700][0000020E56E8C440 49] iPhone5S, [0000020E5E5B2300][0000020E56E905C0 49] iPhone6Plus, [0000020E5E59F100][0000020E56E94740 49] iPhone6S, [0000020E5E5B0200][0000020E56E988C0 49] iPhone6SPlus, [0000020E5E59D000][0000020E56E9CA40 49] iPhone7Plus, [0000020E5E5B0C00][0000020E56EA0BC0 49] iPhoneSE, [0000020E5E59E800][0000020E56EA4D40 49] iPhone8, [0000020E5E5B1D00][0000020E56EA8EC0 49] iPhone8Plus, [0000020E5E59D900][0000020E56EAD040 49] iPhoneX, [0000020E5E5B1300][0000020E56EB11C0 49] iPhoneXS, [0000020E5E59C800][0000020E56EB5340 49] iPhoneXSMax, [0000020E5E5B2B00][0000020E56EB94C0 49] iPhoneXR, [0000020E5E59EF00][0000020E57681640 49] iPhone11, [0000020E5E5B1900][0000020E576857C0 49] iPhone11Pro, [0000020E5E59D200][0000020E56E81900 49] iPhone11ProMax, [0000020E5E5B2A00][0000020E57689A40 49] iPhoneSE2, [0000020E5E59FF00][0000020E5768DB80 49] iPhone12Mini, [0000020E5E5B3800][0000020E57690140 49] iPhone12, [0000020E5E59DF00][0000020E576982C0 49] iPhone12Pro, [0000020E5E5B1A00][0000020E5769C440 49] iPhone12ProMax, [0000020E5E59DB00][0000020E576A05C0 49] iPadPro105, [0000020E5E5B2700][0000020E576A4740 49] iPadPro129, [0000020E5E59D700][0000020E576A88C0 49] iPadPro97, [0000020E5E5B1600][0000020E576ACA40 49] iPadPro2_129, [0000020E5E59E400][0000020E576B0BC0 49] iPad5, [0000020E5E5B0D00][0000020E576B4D40 49] iPad6, [0000020E5E59ED00][0000020E576B8EC0 49] iPad7, [0000020E5E5B3000][0000020E576BD040 49] iPad8, [0000020E5E59F500][0000020E576C11C0 49] iPadPro11, [0000020E5E5B3E00][0000020E576C5340 49] iPadPro2_11, [0000020E5E59C500][0000020E576C94C0 49] iPadPro3_129, [0000020E5E5B3900][0000020E576CD640 49] iPadPro4_129, [0000020E5E59D100][0000020E576D17C0 49] AppleTV, [0000020E5E5B3A00][0000020E576D5940 49] AppleTV4K, [0000020E5E59CF00][0000020E576D9AC0 49] TVOS, [0000020E5E5B2C00][0000020E57695C00 49] Mac, [0000020E5E59C900][0000020E576DC1C0 49] MacClient, [0000020E5E5B3300][0000020E576E0300 49] MacNoEditor, [0000020E5E59E500][0000020E576E8480 49] MacServer, [0000020E5E5B0700][0000020E576EC600 49] Linux, [0000020E5E59C200][0000020E576F0780 49] LinuxAArch64, [0000020E5E5B2600][0000020E576F4900 49] LinuxNoEditor, [0000020E5E59EB00][0000020E576F8A80 49] LinuxAArch64NoEditor, [0000020E5E5B0F00][0000020E576FCC00 49] LinuxClient, [0000020E5E59E900][0000020E57700D80 49] LinuxAArch64Client, [0000020E5E5B0400][0000020E57704F00 49] LinuxServer, [0000020E5E59E300][0000020E57709080 49] LinuxAArch64Server, [0000020E5E670100][0000020E5770D200 49] Android, [0000020E5E609200][0000020E57711380 49] Android_Low, [0000020E5E670D00][0000020E533D3500 49] Android_Mid, [0000020E5E60A200][0000020E533D7680 49] Android_High, [0000020E5E670A00][0000020E533DB800 49] Android_Default, [0000020E5E609400][0000020E533DF980 49] Android_Adreno4xx, [0000020E5E672C00][0000020E533E3B00 49] Android_Adreno5xx_Low, [0000020E5E60A500][0000020E533E6100 49] Android_Adreno5xx, [0000020E5E671600][0000020E576E4240 49] Android_Adreno6xx, [0000020E5E60BB00][0000020E533EA380 49] Android_Adreno6xx_Vulkan, [0000020E5E671F00][0000020E533EE4C0 49] Android_Mali_T6xx, [0000020E5E608C00][0000020E57714640 49] Android_Mali_T7xx, [0000020E5E671800][0000020E577187C0 49] Android_Mali_T8xx, [0000020E5E60A800][0000020E5771C940 49] Android_Mali_G71, [0000020E5E671000][0000020E57720AC0 49] Android_Mali_G72, [0000020E5E60B000][0000020E57724C40 49] Android_Mali_G72_Vulkan, [0000020E5E670200][0000020E57728DC0 49] Android_Mali_G76, [0000020E5E608A00][0000020E5772CF40 49] Android_Mali_G76_Vulkan, [0000020E5E672600][0000020E577310C0 49] Android_Mali_G77, [0000020E5E609900][0000020E57735240 49] Android_Mali_G77_Vulkan, [0000020E5E672400][0000020E577393C0 49] Android_Mali_G78, [0000020E5E60A100][0000020E5773D540 49] Android_Mali_G78_Vulkan, [0000020E5E671500][0000020E577416C0 49] Android_Mali_G710, [0000020E5E608900][0000020E57745840 49] Android_Mali_G710_Vulkan, [0000020E5E672F00][0000020E577499C0 49] Android_Vulkan_SM5, [0000020E5E609600][0000020E5774DB40 49] Android_PowerVR_G6xxx, [0000020E5E672A00][0000020E57750140 49] Android_PowerVR_GT7xxx, [0000020E5E608400][0000020E577542C0 49] Android_PowerVR_GE8xxx, [0000020E5E673100][0000020E533F2400 49] Android_PowerVR_GM9xxx, [0000020E5E5B3F00][0000020E57758540 49] Android_PowerVR_GM9xxx_Vulkan, [0000020E5E670800][0000020E5775C680 49] Android_TegraK1, [0000020E5E5B2E00][0000020E577607C0 49] Android_Unknown_Vulkan, [0000020E5E670500][0000020E57768940 49] Lumin, [0000020E5E5B2900][0000020E5776CAC0 49] Lumin_Desktop, [0000020E5E670E00][0000020E53752C40 49] HoloLens, 
[2022.11.02-09.04.22:971][  0]LogMeshReduction: Using QuadricMeshReduction for automatic static mesh reduction
[2022.11.02-09.04.22:971][  0]LogMeshReduction: Using SimplygonMeshReduction for automatic skeletal mesh reduction
[2022.11.02-09.04.22:972][  0]LogMeshReduction: Using ProxyLODMeshReduction for automatic mesh merging
[2022.11.02-09.04.22:973][  0]LogMeshReduction: No distributed automatic mesh merging module available
[2022.11.02-09.04.22:973][  0]LogMeshMerging: No distributed automatic mesh merging module available
[2022.11.02-09.04.23:244][  0]LogNetVersion: MetaMeta 1.0.0, NetCL: 17155196, EngineNetVer: 17, GameNetVer: 0 (Checksum: 3291849621)
[2022.11.02-09.04.25:040][  0]LogTexture: Default maximum texture size for cubemaps generated from long-lat sources has been changed from 512 to unlimited. In order to preserve old behaiour for '/Engine/MapTemplates/Sky/DaylightAmbientCubemap.DaylightAmbientCubemap', its maximum texture size has been explicitly set to 512.
[2022.11.02-09.04.25:123][  0]LogHMD: PokeAHoleMaterial loaded successfully
[2022.11.02-09.04.25:320][  0]LogMoviePlayer: Initializing movie player
[2022.11.02-09.04.25:442][  0]LogNiagaraDebuggerClient: Niagara Debugger Client Initialized | Session: D79EDF2B440EAE97EFB488837561C160 | Instance: 754D7C164C163E4AE2B234982041924A (DESKTOP-OQE3C1A-8680).
[2022.11.02-09.04.25:470][  0]LogCollectionManager: Loaded 0 collections in 0.001787 seconds
[2022.11.02-09.04.25:473][  0]LogFileCache: Scanning file cache for directory 'C:/Users/sioni/Documents/GitHub/RGB_FinalProject/MetaMeta/Saved/Collections/' took 0.00s
[2022.11.02-09.04.25:474][  0]LogFileCache: Scanning file cache for directory 'C:/Users/sioni/Documents/GitHub/RGB_FinalProject/MetaMeta/Content/Developers/sioni/Collections/' took 0.00s
[2022.11.02-09.04.25:474][  0]LogCollectionManager: Fixed up redirectors for 0 collections in 0.000002 seconds (updated 0 objects)
[2022.11.02-09.04.25:654][  0]LogFileCache: Scanning file cache for directory 'C:/Users/sioni/Documents/GitHub/RGB_FinalProject/MetaMeta/Content/Collections/' took 0.00s
[2022.11.02-09.04.25:654][  0]LogPython: Using Python 3.7.7
[2022.11.02-09.04.26:899][  0]LogAnimationCompression: Building Anim DDC data for AnimSequence /Game/Character/Animations/Jumping_Up.Jumping_Up
[2022.11.02-09.04.26:899][  0]LogAnimationCompression: Building Anim DDC data for AnimSequence /Game/Character/Animations/Jumping_Down.Jumping_Down
[2022.11.02-09.04.26:900][  0]SourceControl: Source control is disabled
[2022.11.02-09.04.26:901][  0]SourceControl: Source control is disabled
[2022.11.02-09.04.26:924][  0]SourceControl: Source control is disabled
[2022.11.02-09.04.26:936][  0]LogOpenImageDenoise: OIDN starting up
[2022.11.02-09.04.26:953][  0]LogUProjectInfo: Found projects:
[2022.11.02-09.04.27:005][  0]LogAndroidPermission: UAndroidPermissionCallbackProxy::GetInstance
[2022.11.02-09.04.27:036][  0]LogAudioCaptureCore: Display: No Audio Capture implementations found. Audio input will be silent.
[2022.11.02-09.04.27:036][  0]LogAudioCaptureCore: Display: No Audio Capture implementations found. Audio input will be silent.
[2022.11.02-09.04.27:139][  0]LogOcInput: OculusInput pre-init called
[2022.11.02-09.04.27:147][  0]LogUObjectArray: 22498 objects as part of root set at end of initial load.
[2022.11.02-09.04.27:147][  0]LogUObjectAllocator: 6213056 out of 0 bytes used by permanent object pool.
[2022.11.02-09.04.27:148][  0]LogUObjectArray: CloseDisregardForGC: 0/0 objects in disregard for GC pool
[2022.11.02-09.04.27:218][  0]LogEngine: Initializing Engine...
[2022.11.02-09.04.27:258][  0]LogHMD: Failed to enumerate extensions. Please check that you have a valid OpenXR runtime installed.
[2022.11.02-09.04.27:258][  0]LogHMD: Failed to initialize OpenVR with code 110
[2022.11.02-09.04.27:259][  0]LogMagicLeap: Warning: VR disabled because ZI is not enabled.  To enable, in the editor, Edit -> Project Settings -> Plugins -> Magic Leap Plugin -> Enable Zero Iteration
[2022.11.02-09.04.27:261][  0]LogStats: UGameplayTagsManager::InitializeManager -  0.000 s
[2022.11.02-09.04.27:431][  0]LogInit: Initializing FReadOnlyCVARCache
[2022.11.02-09.04.27:431][  0]LogAudio: Display: Initializing Audio Device Manager...
[2022.11.02-09.04.27:438][  0]LogAudio: Display: Loading Default Audio Settings Objects...
[2022.11.02-09.04.27:441][  0]LogAudio: Display: No default SoundConcurrencyObject specified (or failed to load).
[2022.11.02-09.04.27:442][  0]LogAudio: Display: Audio Device Manager Initialized
[2022.11.02-09.04.27:442][  0]LogAudio: Display: Creating Audio Device:                 Id: 1, Scope: Shared, Realtime: True
[2022.11.02-09.04.27:442][  0]LogAudioMixer: Display: Audio Mixer Platform Settings:
[2022.11.02-09.04.27:443][  0]LogAudioMixer: Display: 	Sample Rate:						  48000
[2022.11.02-09.04.27:443][  0]LogAudioMixer: Display: 	Callback Buffer Frame Size Requested: 1024
[2022.11.02-09.04.27:444][  0]LogAudioMixer: Display: 	Callback Buffer Frame Size To Use:	  1024
[2022.11.02-09.04.27:444][  0]LogAudioMixer: Display: 	Number of buffers to queue:			  2
[2022.11.02-09.04.27:445][  0]LogAudioMixer: Display: 	Max Channels (voices):				  32
[2022.11.02-09.04.27:445][  0]LogAudioMixer: Display: 	Number of Async Source Workers:		  0
[2022.11.02-09.04.27:446][  0]LogAudio: Display: AudioDevice MaxSources: 32
[2022.11.02-09.04.27:446][  0]LogAudio: Display: Audio Spatialization Plugin: None (built-in).
[2022.11.02-09.04.27:446][  0]LogAudio: Display: Audio Reverb Plugin: None (built-in).
[2022.11.02-09.04.27:447][  0]LogAudio: Display: Audio Occlusion Plugin: None (built-in).
[2022.11.02-09.04.27:447][  0]LogAudioMixer: Display: Initializing audio mixer.
[2022.11.02-09.04.27:477][  0]LogAudioMixer: Display: 0: FrontLeft
[2022.11.02-09.04.27:477][  0]LogAudioMixer: Display: 1: FrontRight
[2022.11.02-09.04.27:478][  0]LogAudioMixer: Display: 2: FrontCenter
[2022.11.02-09.04.27:478][  0]LogAudioMixer: Display: 3: LowFrequency
[2022.11.02-09.04.27:478][  0]LogAudioMixer: Display: 4: BackLeft
[2022.11.02-09.04.27:479][  0]LogAudioMixer: Display: 5: BackRight
[2022.11.02-09.04.27:479][  0]LogAudioMixer: Display: 6: SideLeft
[2022.11.02-09.04.27:480][  0]LogAudioMixer: Display: 7: SideRight
[2022.11.02-09.04.27:745][  0]LogAudioMixer: Display: Using Audio Device 헤드셋 이어폰(CORSAIR VOID PRO Wireless Gaming Headset)
[2022.11.02-09.04.27:746][  0]LogAudioMixer: Display: Initializing Sound Submixes...
[2022.11.02-09.04.27:763][  0]LogAudioMixer: Display: Creating Master Submix 'MasterSubmixDefault'
[2022.11.02-09.04.27:763][  0]LogAudioMixer: Display: Creating Master Submix 'MasterReverbSubmixDefault'
[2022.11.02-09.04.27:764][  0]LogAudioMixer: Display: Creating Master Submix 'MasterEQSubmixDefault'
[2022.11.02-09.04.27:765][  0]LogAudioMixer: FMixerPlatformXAudio2::StartAudioStream() called
[2022.11.02-09.04.27:765][  0]LogAudioMixer: Display: Output buffers initialized: Frames=1024, Channels=8, Samples=8192
[2022.11.02-09.04.27:766][  0]LogAudioMixer: Display: Starting AudioMixerPlatformInterface::RunInternal()
[2022.11.02-09.04.27:766][  0]LogAudioMixer: Display: FMixerPlatformXAudio2::SubmitBuffer() called for the first time
[2022.11.02-09.04.27:767][  0]LogInit: FAudioDevice initialized.
[2022.11.02-09.04.27:769][  0]LogNetVersion: Set ProjectVersion to 1.0.0.0. Version Checksum will be recalculated on next use.
[2022.11.02-09.04.27:823][  0]LogDerivedDataCache: Saved boot cache 0.05s 95MB C:/Users/sioni/AppData/Local/UnrealEngine/4.27/DerivedDataCache/Boot.ddc.
[2022.11.02-09.04.27:827][  0]LogInit: Texture streaming: Enabled
[2022.11.02-09.04.28:003][  0]LogAudio: Display: Audio Device (ID: 1) registered with world 'Untitled'.
[2022.11.02-09.04.28:004][  0]LogSlate: Updating window title bar state: overlay mode, drag disabled, window buttons hidden, title bar hidden
[2022.11.02-09.04.28:005][  0]LogInit: Display: Game Engine Initialized.
[2022.11.02-09.04.28:005][  0]LogNiagaraEditor: GEditor isn't valid! Particle reset commands will not work for Niagara components!
[2022.11.02-09.04.28:132][  0]LogInit: Display: Starting Game.
[2022.11.02-09.04.28:133][  0]LogNet: Browse: 25.12.95.58/Game/ThirdPersonCPP/Maps/ThirdPersonExampleMap?Name=Player
[2022.11.02-09.04.28:135][  0]LogInit: WinSock: Socket queue. Rx: 32768 (config 32768) Tx: 32768 (config 32768)
[2022.11.02-09.04.28:135][  0]LogNet: Created socket for bind address: 0.0.0.0 on port 0
[2022.11.02-09.04.28:135][  0]PacketHandlerLog: Loaded PacketHandler component: Engine.EngineHandlerComponentFactory (StatelessConnectHandlerComponent)
[2022.11.02-09.04.28:136][  0]LogNet: Game client on port 7777, rate 100000
[2022.11.02-09.04.29:294][  0]LogInit: Display: Engine is initialized. Leaving FEngineLoop::Init()
[2022.11.02-09.04.29:294][  0]LogLoad: (Engine Initialization) Total time: 48.52 seconds
[2022.11.02-09.04.29:295][  0]LogLoad: (Engine Initialization) Total Blueprint compile time: 0.00 seconds
[2022.11.02-09.04.29:302][  0]LogContentStreaming: Texture pool size now 1000 MB
[2022.11.02-09.04.29:304][  0]LogSlate: InvalidateAllWidgets triggered.  All widgets were invalidated
[2022.11.02-09.04.29:578][  5]LogHandshake: SendChallengeResponse. Timestamp: 258.728262, Cookie: 107247098168031051166206018003092136128090007236255141101026
[2022.11.02-09.04.29:604][110]LogNetVersion: MetaMeta 1.0.0.0, NetCL: 17155196, EngineNetVer: 17, GameNetVer: 0 (Checksum: 2129945923)
[2022.11.02-09.04.29:604][110]LogNet: UPendingNetGame::SendInitialJoin: Sending hello. [UNetConnection] RemoteAddr: 25.12.95.58:7777, Name: IpConnection_0, Driver: PendingNetDriver IpNetDriver_0, IsServer: NO, PC: NULL, Owner: NULL, UniqueId: INVALID
[2022.11.02-09.04.29:669][380]LogNet: Welcomed by server (Level: /Game/ThirdPersonCPP/Maps/ThirdPersonExampleMap, Game: /Game/Character/MetaMetaGameModeBP.MetaMetaGameModeBP_C)
[2022.11.02-09.04.29:670][380]LogLoad: LoadMap: 25.12.95.58/Game/ThirdPersonCPP/Maps/ThirdPersonExampleMap?Name=Player?game=/Game/Character/MetaMetaGameModeBP.MetaMetaGameModeBP_C
[2022.11.02-09.04.29:670][380]LogWorld: BeginTearingDown for /Temp/Untitled_0
[2022.11.02-09.04.29:671][380]LogWorld: UWorld::CleanupWorld for Untitled, bSessionEnded=true, bCleanupResources=true
[2022.11.02-09.04.29:671][380]LogSlate: InvalidateAllWidgets triggered.  All widgets were invalidated
[2022.11.02-09.04.29:690][380]LogAudio: Display: Audio Device unregistered from world 'None'.
[2022.11.02-09.04.29:692][380]LogUObjectHash: Compacting FUObjectHashTables data took   0.76ms
[2022.11.02-09.04.29:947][380]LogAudio: Display: Audio Device (ID: 1) registered with world 'ThirdPersonExampleMap'.
[2022.11.02-09.04.29:950][380]LogWorld: Bringing World /Game/ThirdPersonCPP/Maps/ThirdPersonExampleMap.ThirdPersonExampleMap up for play (max tick rate 0) at 2022.11.02-18.04.29
[2022.11.02-09.04.29:950][380]LogWorld: Bringing up level for play took: 0.001563
[2022.11.02-09.04.29:956][380]LogRenderer: Reallocating scene render targets to support 1920x1080 Format 10 NumSamples 1 (Frame:1).
[2022.11.02-09.04.29:956][380]LogSlate: Took 0.004435 seconds to synchronously load lazily loaded font '../../../Engine/Content/Slate/Fonts/Roboto-Regular.ttf' (155K)
[2022.11.02-09.04.29:959][380]LogLoad: Took 0.289054 seconds to LoadMap(/Game/ThirdPersonCPP/Maps/ThirdPersonExampleMap)
[2022.11.02-09.04.29:960][380]LogNavigation: Warning: NavData RegistrationFailed_DataPendingKill.
[2022.11.02-09.04.30:011][384]LogOnlineSession: Warning: OSS: No game present to join for session (GameSession)
[2022.11.02-09.04.30:307][484]LogOnlineSession: Warning: OSS: No game present to join for session (GameSession)
[2022.11.02-09.05.58:143][527]LogCharacterMovement: MetangCharacterBP_C_0 is stuck and failed to move! Velocity: X=-33.45 Y=-64.61 Z=0.00 Location: X=-702.48 Y=522.45 Z=220.42 Normal: X=1.00 Y=-0.05 Z=0.00 PenetrationDepth:0.000 Actor:MovingPlatform_6 Component:StaticMeshComponent0 BoneName:None (0 other events since notify)
[2022.11.02-09.08.32:557][257]LogOnlineSession: Warning: OSS: No game present to leave for session (GameSession)
[2022.11.02-09.09.07:176][373]LogOnlineSession: Warning: OSS: No game present to join for session (GameSession)
[2022.11.02-09.12.06:115][530]LogCharacterMovement: MetangCharacterBP_C_2 is stuck and failed to move! Velocity: X=-176.00 Y=1.00 Z=0.00 Location: X=-585.83 Y=653.02 Z=220.42 Normal: X=0.78 Y=0.63 Z=0.00 PenetrationDepth:0.000 Actor:MovingPlatform_6 Component:StaticMeshComponent0 BoneName:None (0 other events since notify)
[2022.11.02-09.12.28:611][ 61]LogCharacterMovement: MetangCharacterBP_C_2 is stuck and failed to move! Velocity: X=-498.00 Y=-207.00 Z=0.00 Location: X=-742.29 Y=526.13 Z=220.42 Normal: X=1.00 Y=0.00 Z=0.00 PenetrationDepth:0.000 Actor:MovingPlatform_6 Component:StaticMeshComponent0 BoneName:None (0 other events since notify)
[2022.11.02-09.12.29:952][435]LogCharacterMovement: MetangCharacterBP_C_2 is stuck and failed to move! Velocity: X=-580.00 Y=153.00 Z=0.00 Location: X=-719.56 Y=647.74 Z=220.41 Normal: X=0.93 Y=0.37 Z=0.00 PenetrationDepth:0.000 Actor:MovingPlatform_6 Component:StaticMeshComponent0 BoneName:None (0 other events since notify)
